Running tests
Before activation python =  /mnt/storage/software/languages/miniconda/miniconda3.11.3-CompressAI-Vision0.1.3/bin/python
After activation python = /user/home/ib20120/.conda/envs/LL_env/bin/python
Intel(R) Parallel Studio XE 2020 Update 4 for Linux*
Copyright 2009-2020 Intel Corporation.
7 rank
10 rank
11 rank
14 rank
15 rank
6 rank
17 rank
19 rank
4 rank
5 rank
8 rank
9 rank
12 rank
13 rank
16 rank
18 rank
1 rank
2 rank
3 rank
0 rank
MPI_Vec_LL.py: Size: 100, Steps: 50, T*: 0.500: Order: 0.264, Time: 8.373432 s
MPI_Vec_Jit_LL.py: Size: 100, Steps: 50, T*: 0.500: Order: 0.276, Time: 0.962649 s
#=====================================================
# MPI Monte Carlo
# Num Procs:           20
# File created:        Tue-07-Nov-2023-at-07-37-25PM
# Size of lattice:     100x100
# Number of MC steps:  50
# Reduced temperature: 0.500
#=====================================================
# Run time (s):        0.962649
   00000    0.500000   -9877.3010  0.2541 
   00001    0.723500  -10201.4484  0.2555 
   00002    0.713300  -10514.6251  0.2563 
   00003    0.703600  -10807.1958  0.2567 
   00004    0.702400  -11054.9366  0.2550 
   00005    0.697800  -11287.7201  0.2573 
   00006    0.699000  -11550.0607  0.2587 
   00007    0.693300  -11800.8805  0.2594 
   00008    0.686300  -12050.6835  0.2592 
   00009    0.677500  -12275.6815  0.2577 
   00010    0.685400  -12527.6683  0.2580 
   00011    0.678100  -12818.7850  0.2580 
   00012    0.671600  -13072.1843  0.2577 
   00013    0.676000  -13273.7961  0.2580 
   00014    0.668800  -13497.9467  0.2590 
   00015    0.659900  -13739.5525  0.2597 
   00016    0.654400  -13982.6866  0.2599 
   00017    0.657200  -14252.2167  0.2601 
   00018    0.648400  -14457.0555  0.2613 
   00019    0.647800  -14655.2001  0.2627 
   00020    0.643700  -14854.1758  0.2635 
   00021    0.643100  -15048.1056  0.2630 
   00022    0.639100  -15240.9873  0.2644 
   00023    0.644900  -15431.3053  0.2638 
   00024    0.646100  -15634.5488  0.2642 
   00025    0.639400  -15800.2039  0.2642 
   00026    0.631400  -15986.6235  0.2659 
   00027    0.629200  -16159.7891  0.2659 
   00028    0.628900  -16351.7702  0.2664 
   00029    0.632000  -16533.3607  0.2666 
   00030    0.623800  -16653.5000  0.2687 
   00031    0.626600  -16821.9056  0.2695 
   00032    0.625600  -16983.7121  0.2707 
   00033    0.620800  -17143.0618  0.2715 
   00034    0.609200  -17252.6584  0.2727 
   00035    0.614200  -17491.9683  0.2734 
   00036    0.614000  -17616.9403  0.2749 
   00037    0.606900  -17717.6717  0.2748 
   00038    0.603100  -17857.7273  0.2747 
   00039    0.606800  -17959.2741  0.2751 
   00040    0.614400  -18092.6633  0.2748 
   00041    0.616500  -18237.6297  0.2760 
   00042    0.607600  -18368.4323  0.2767 
   00043    0.594000  -18464.0980  0.2777 
   00044    0.598800  -18639.6824  0.2780 
   00045    0.588000  -18722.6399  0.2766 
   00046    0.592000  -18853.1056  0.2753 
   00047    0.588500  -18993.0292  0.2739 
   00048    0.591200  -19089.6914  0.2743 
   00049    0.583200  -19239.5172  0.2760 
   00050    0.595900  -19349.5971  0.2769 
