Running tests
Before activation python =  /mnt/storage/software/languages/miniconda/miniconda3.11.3-CompressAI-Vision0.1.3/bin/python
After activation python = /user/home/ib20120/.conda/envs/LL_env/bin/python
Intel(R) Parallel Studio XE 2020 Update 4 for Linux*
Copyright 2009-2020 Intel Corporation.
7 rank
5 rank
6 rank
4 rank
1 rank
2 rank
9 rank
3 rank
10 rank
11 rank
8 rank
0 rank
MPI_Vec_LL.py: Size: 500, Steps: 50, T*: 0.500: Order: 0.251, Time: 213.491723 s
MPI_Vec_Jit_LL.py: Size: 500, Steps: 50, T*: 0.500: Order: 0.252, Time: 9.986320 s
#=====================================================
# MPI Monte Carlo
# Num Procs:           12
# File created:        Tue-07-Nov-2023-at-06-53-03PM
# Size of lattice:     500x500
# Number of MC steps:  50
# Reduced temperature: 0.500
#=====================================================
# Run time (s):        9.986320
   00000    0.500000 -249717.3451  0.2507 
   00001    0.715764 -262246.8623  0.2505 
   00002    0.706208 -273991.6206  0.2507 
   00003    0.700604 -285792.6959  0.2506 
   00004    0.693888 -296484.7915  0.2506 
   00005    0.687620 -307265.2694  0.2508 
   00006    0.682700 -317662.9311  0.2503 
   00007    0.676448 -327281.9489  0.2506 
   00008    0.668612 -336436.5109  0.2509 
   00009    0.662164 -345141.8251  0.2511 
   00010    0.659684 -353825.9498  0.2511 
   00011    0.655436 -362286.7635  0.2512 
   00012    0.650240 -370177.5140  0.2511 
   00013    0.646888 -377813.8005  0.2510 
   00014    0.642588 -385326.4709  0.2511 
   00015    0.636524 -392537.5008  0.2513 
   00016    0.630672 -399332.9653  0.2514 
   00017    0.628900 -406020.2791  0.2515 
   00018    0.625720 -412521.5343  0.2514 
   00019    0.622044 -418568.5582  0.2514 
   00020    0.617888 -424853.1607  0.2510 
   00021    0.613228 -430667.6029  0.2507 
   00022    0.612196 -436499.4838  0.2508 
   00023    0.606964 -442121.5294  0.2508 
   00024    0.603036 -447757.4520  0.2504 
   00025    0.598580 -453104.3443  0.2503 
   00026    0.599356 -458229.0826  0.2505 
   00027    0.590712 -463563.9119  0.2506 
   00028    0.588948 -468347.0373  0.2508 
   00029    0.588780 -473454.7154  0.2510 
   00030    0.584608 -478264.1096  0.2509 
   00031    0.583988 -482684.2696  0.2509 
   00032    0.581052 -487131.6468  0.2508 
   00033    0.578076 -491511.1806  0.2509 
   00034    0.575792 -495656.7455  0.2509 
   00035    0.572876 -500051.2107  0.2506 
   00036    0.572292 -504091.0713  0.2500 
   00037    0.569088 -508086.3683  0.2503 
   00038    0.567232 -511982.3887  0.2503 
   00039    0.563436 -515940.5769  0.2505 
   00040    0.560592 -519697.9327  0.2506 
   00041    0.559600 -523484.6841  0.2508 
   00042    0.557176 -526965.2867  0.2507 
   00043    0.555728 -530392.6213  0.2509 
   00044    0.553424 -533877.6787  0.2508 
   00045    0.552996 -537297.5985  0.2509 
   00046    0.554668 -540694.8377  0.2512 
   00047    0.546788 -544115.3385  0.2515 
   00048    0.546252 -547411.6181  0.2518 
   00049    0.548092 -550615.8040  0.2516 
   00050    0.544044 -553622.0259  0.2514 
