Running tests
Before activation python =  /mnt/storage/software/languages/miniconda/miniconda3.11.3-CompressAI-Vision0.1.3/bin/python
After activation python = /user/home/ib20120/.conda/envs/LL_env/bin/python
Intel(R) Parallel Studio XE 2020 Update 4 for Linux*
Copyright 2009-2020 Intel Corporation.
1 rank
2 rank
3 rank
0 rank
MPI_Vec_LL.py: Size: 700, Steps: 50, T*: 0.500: Order: 0.255, Time: 457.564232 s
MPI_Vec_Jit_LL.py: Size: 700, Steps: 50, T*: 0.500: Order: 0.251, Time: 46.789067 s
#=====================================================
# MPI Monte Carlo
# Num Procs:           4
# File created:        Tue-07-Nov-2023-at-06-14-28PM
# Size of lattice:     700x700
# Number of MC steps:  50
# Reduced temperature: 0.500
#=====================================================
# Run time (s):        46.789067
   00000    0.500000 -489972.8540  0.2512 
   00001    0.707127 -560179.3542  0.2514 
   00002    0.688237 -622362.1318  0.2519 
   00003    0.670465 -677072.2069  0.2520 
   00004    0.653963 -726494.7235  0.2520 
   00005    0.641143 -770443.1976  0.2517 
   00006    0.629353 -810575.5355  0.2517 
   00007    0.616263 -847751.3172  0.2515 
   00008    0.606480 -881944.7571  0.2515 
   00009    0.596543 -913294.0474  0.2514 
   00010    0.587076 -940904.4504  0.2515 
   00011    0.580433 -967337.2711  0.2517 
   00012    0.572178 -992916.4009  0.2514 
   00013    0.565473 -1015407.5287  0.2514 
   00014    0.559276 -1037626.8840  0.2511 
   00015    0.553904 -1057787.7921  0.2513 
   00016    0.549110 -1077605.9481  0.2511 
   00017    0.544039 -1096011.5988  0.2511 
   00018    0.540078 -1112606.2345  0.2511 
   00019    0.534190 -1128585.2946  0.2511 
   00020    0.529812 -1144139.2407  0.2511 
   00021    0.525878 -1158771.6667  0.2509 
   00022    0.522408 -1172957.0997  0.2507 
   00023    0.520573 -1186404.4561  0.2508 
   00024    0.515576 -1199305.6679  0.2511 
   00025    0.513147 -1211372.4820  0.2509 
   00026    0.510416 -1222409.5305  0.2508 
   00027    0.508265 -1233491.5731  0.2511 
   00028    0.504104 -1244203.1711  0.2511 
   00029    0.503298 -1254648.3591  0.2511 
   00030    0.500388 -1264427.2420  0.2510 
   00031    0.497182 -1273565.1158  0.2507 
   00032    0.495400 -1282530.3746  0.2507 
   00033    0.492422 -1291057.9736  0.2509 
   00034    0.490373 -1299177.5684  0.2505 
   00035    0.488639 -1307534.7839  0.2507 
   00036    0.486729 -1315568.2296  0.2509 
   00037    0.486304 -1322877.1539  0.2509 
   00038    0.483502 -1329999.6674  0.2508 
   00039    0.481735 -1336900.7279  0.2507 
   00040    0.479745 -1343310.0200  0.2506 
   00041    0.479673 -1349590.1140  0.2509 
   00042    0.478324 -1355812.0733  0.2509 
   00043    0.475688 -1361510.2832  0.2507 
   00044    0.475071 -1366886.3737  0.2508 
   00045    0.474314 -1372668.7228  0.2508 
   00046    0.470947 -1378282.6700  0.2508 
   00047    0.471439 -1383663.6474  0.2510 
   00048    0.468967 -1388762.4419  0.2510 
   00049    0.468576 -1393450.9813  0.2510 
   00050    0.468820 -1398183.4938  0.2511 
