Running tests
Before activation python =  /mnt/storage/software/languages/miniconda/miniconda3.11.3-CompressAI-Vision0.1.3/bin/python
After activation python = /user/home/ib20120/.conda/envs/LL_env/bin/python
Intel(R) Parallel Studio XE 2020 Update 4 for Linux*
Copyright 2009-2020 Intel Corporation.
5 rank
4 rank
1 rank
3 rank
2 rank
0 rank
MPI_Vec_LL.py: Size: 1000, Steps: 50, T*: 0.500: Order: 0.252, Time: 898.861705 s
MPI_Vec_Jit_LL.py: Size: 1000, Steps: 50, T*: 0.500: Order: 0.254, Time: 66.513181 s
#=====================================================
# MPI Monte Carlo
# Num Procs:           6
# File created:        Tue-07-Nov-2023-at-06-25-40PM
# Size of lattice:     1000x1000
# Number of MC steps:  50
# Reduced temperature: 0.500
#=====================================================
# Run time (s):        66.513181
   00000    0.500000 -1000641.2378  0.2505 
   00001    0.711058 -1098448.9293  0.2506 
   00002    0.697536 -1188778.5614  0.2508 
   00003    0.684641 -1271823.3524  0.2510 
   00004    0.673295 -1347717.8046  0.2511 
   00005    0.662084 -1418677.1070  0.2510 
   00006    0.651746 -1484960.0735  0.2508 
   00007    0.642073 -1546082.4285  0.2508 
   00008    0.634254 -1603721.3358  0.2509 
   00009    0.625071 -1657093.4495  0.2511 
   00010    0.617832 -1708029.0074  0.2511 
   00011    0.611527 -1755001.1385  0.2510 
   00012    0.605334 -1799652.7124  0.2508 
   00013    0.598575 -1842011.3673  0.2508 
   00014    0.592180 -1882247.7793  0.2507 
   00015    0.586395 -1920427.2540  0.2509 
   00016    0.581002 -1957584.3300  0.2511 
   00017    0.576791 -1993053.2321  0.2510 
   00018    0.572316 -2025938.6327  0.2510 
   00019    0.568789 -2058264.0679  0.2510 
   00020    0.563321 -2087686.0659  0.2509 
   00021    0.559021 -2117289.8777  0.2510 
   00022    0.555395 -2145026.9114  0.2512 
   00023    0.551018 -2172244.1422  0.2514 
   00024    0.548727 -2197802.5749  0.2515 
   00025    0.544338 -2223027.0494  0.2517 
   00026    0.541815 -2247105.5592  0.2518 
   00027    0.538527 -2270292.1371  0.2521 
   00028    0.535398 -2292768.1805  0.2523 
   00029    0.532777 -2314946.4485  0.2524 
   00030    0.530094 -2335845.5576  0.2525 
   00031    0.528054 -2356321.8549  0.2526 
   00032    0.525837 -2375295.7809  0.2527 
   00033    0.521531 -2394360.2191  0.2529 
   00034    0.520871 -2412531.2487  0.2529 
   00035    0.518035 -2429954.2975  0.2531 
   00036    0.515429 -2446970.5751  0.2531 
   00037    0.512814 -2462756.4946  0.2532 
   00038    0.510495 -2479138.7571  0.2532 
   00039    0.509889 -2494677.2347  0.2533 
   00040    0.506956 -2509551.2794  0.2533 
   00041    0.506162 -2523379.6452  0.2530 
   00042    0.503803 -2537586.7683  0.2530 
   00043    0.502716 -2551074.9057  0.2531 
   00044    0.500607 -2564757.8259  0.2532 
   00045    0.499437 -2578063.9384  0.2532 
   00046    0.498086 -2591028.6922  0.2532 
   00047    0.495171 -2603472.8568  0.2533 
   00048    0.493971 -2615877.5410  0.2535 
   00049    0.492337 -2627775.8641  0.2535 
   00050    0.491618 -2640055.6848  0.2537 
