Running tests
Before activation python =  /mnt/storage/software/languages/miniconda/miniconda3.11.3-CompressAI-Vision0.1.3/bin/python
After activation python = /user/home/ib20120/.conda/envs/LL_env/bin/python
Intel(R) Parallel Studio XE 2020 Update 4 for Linux*
Copyright 2009-2020 Intel Corporation.
7 rank
3 rank
10 rank
11 rank
2 rank
6 rank
1 rank
4 rank
5 rank
12 rank
8 rank
9 rank
13 rank
0 rank
MPI_Vec_LL.py: Size: 800, Steps: 50, T*: 0.500: Order: 0.250, Time: 522.857454 s
MPI_Vec_Jit_LL.py: Size: 800, Steps: 50, T*: 0.500: Order: 0.252, Time: 22.499698 s
#=====================================================
# MPI Monte Carlo
# Num Procs:           14
# File created:        Tue-07-Nov-2023-at-07-18-32PM
# Size of lattice:     800x800
# Number of MC steps:  50
# Reduced temperature: 0.500
#=====================================================
# Run time (s):        22.499698
   00000    0.500000 -638414.9632  0.2505 
   00001    0.714778 -666259.2863  0.2507 
   00002    0.708714 -692946.0676  0.2508 
   00003    0.703178 -719373.2319  0.2509 
   00004    0.696706 -743871.1665  0.2505 
   00005    0.692588 -768019.7731  0.2506 
   00006    0.685797 -790369.1770  0.2508 
   00007    0.680570 -812659.9351  0.2509 
   00008    0.676027 -834520.4498  0.2510 
   00009    0.672005 -855824.3609  0.2510 
   00010    0.667047 -875883.7332  0.2509 
   00011    0.662105 -895332.6626  0.2508 
   00012    0.656086 -914270.9366  0.2506 
   00013    0.653548 -932701.2226  0.2505 
   00014    0.648214 -950473.8211  0.2504 
   00015    0.644286 -967933.2017  0.2507 
   00016    0.640406 -984166.9364  0.2508 
   00017    0.637520 -1000364.8613  0.2509 
   00018    0.634498 -1015781.3848  0.2510 
   00019    0.628302 -1030733.2959  0.2511 
   00020    0.626545 -1045747.6062  0.2511 
   00021    0.623255 -1060528.1603  0.2511 
   00022    0.621680 -1074586.1928  0.2513 
   00023    0.617569 -1088449.6924  0.2513 
   00024    0.613634 -1101748.0740  0.2511 
   00025    0.611673 -1114713.8989  0.2513 
   00026    0.609328 -1127325.9367  0.2514 
   00027    0.606298 -1139767.3138  0.2515 
   00028    0.603097 -1151731.5217  0.2517 
   00029    0.599994 -1163407.2595  0.2516 
   00030    0.598384 -1174678.9532  0.2515 
   00031    0.595923 -1186202.2424  0.2517 
   00032    0.593087 -1197280.2341  0.2516 
   00033    0.589770 -1208385.8055  0.2515 
   00034    0.586997 -1219213.0264  0.2514 
   00035    0.585231 -1229503.2986  0.2514 
   00036    0.581555 -1239669.4916  0.2514 
   00037    0.580202 -1249961.0731  0.2514 
   00038    0.578381 -1259689.9584  0.2515 
   00039    0.576509 -1269317.0386  0.2516 
   00040    0.574911 -1278906.5359  0.2516 
   00041    0.573211 -1288150.2913  0.2517 
   00042    0.572016 -1297093.3200  0.2518 
   00043    0.568755 -1305893.7983  0.2518 
   00044    0.566527 -1314397.8810  0.2519 
   00045    0.564061 -1322647.3571  0.2519 
   00046    0.562294 -1331076.6400  0.2519 
   00047    0.562120 -1339428.4721  0.2517 
   00048    0.560442 -1347731.6562  0.2519 
   00049    0.560523 -1355809.9412  0.2519 
   00050    0.555614 -1363832.4847  0.2519 
