Running tests
Before activation python =  /mnt/storage/software/languages/miniconda/miniconda3.11.3-CompressAI-Vision0.1.3/bin/python
After activation python = /user/home/ib20120/.conda/envs/LL_env/bin/python
Intel(R) Parallel Studio XE 2020 Update 4 for Linux*
Copyright 2009-2020 Intel Corporation.
3 rank
5 rank
1 rank
2 rank
4 rank
0 rank
MPI_Vec_LL.py: Size: 900, Steps: 50, T*: 0.500: Order: 0.251, Time: 1185.187629 s
MPI_Vec_Jit_LL.py: Size: 900, Steps: 50, T*: 0.500: Order: 0.251, Time: 91.861448 s
#=====================================================
# MPI Monte Carlo
# Num Procs:           6
# File created:        Tue-07-Nov-2023-at-06-30-58PM
# Size of lattice:     900x900
# Number of MC steps:  50
# Reduced temperature: 0.500
#=====================================================
# Run time (s):        91.861448
   00000    0.500000 -810286.1350  0.2508 
   00001    0.710826 -890020.9779  0.2507 
   00002    0.697875 -964382.6759  0.2510 
   00003    0.685663 -1031602.4991  0.2510 
   00004    0.672325 -1094103.3807  0.2509 
   00005    0.661564 -1151405.7770  0.2508 
   00006    0.652106 -1205009.7245  0.2510 
   00007    0.642315 -1254905.6719  0.2512 
   00008    0.633844 -1301260.0286  0.2510 
   00009    0.625300 -1344894.6104  0.2510 
   00010    0.618389 -1385984.4324  0.2508 
   00011    0.610875 -1424648.1426  0.2509 
   00012    0.604604 -1460922.7262  0.2510 
   00013    0.598899 -1495291.0120  0.2510 
   00014    0.592940 -1528240.9299  0.2512 
   00015    0.586973 -1559083.0610  0.2513 
   00016    0.582464 -1588506.0930  0.2514 
   00017    0.578010 -1616940.5927  0.2514 
   00018    0.571035 -1643816.2723  0.2515 
   00019    0.566485 -1669656.3654  0.2514 
   00020    0.563489 -1694005.3770  0.2513 
   00021    0.559090 -1717434.8113  0.2514 
   00022    0.555141 -1739720.2872  0.2514 
   00023    0.551217 -1761288.9857  0.2513 
   00024    0.547219 -1782103.1583  0.2513 
   00025    0.544942 -1802492.9385  0.2514 
   00026    0.540316 -1822089.7100  0.2515 
   00027    0.538690 -1840981.5988  0.2514 
   00028    0.535728 -1858951.1569  0.2513 
   00029    0.533075 -1876278.1338  0.2512 
   00030    0.530377 -1892825.3690  0.2511 
   00031    0.527807 -1909174.2664  0.2512 
   00032    0.524678 -1925374.2949  0.2512 
   00033    0.522327 -1941287.5761  0.2512 
   00034    0.519874 -1955966.8152  0.2512 
   00035    0.518088 -1970183.2816  0.2512 
   00036    0.515919 -1984189.2056  0.2514 
   00037    0.513089 -1997204.8430  0.2513 
   00038    0.511138 -2010306.2658  0.2515 
   00039    0.508952 -2023025.8401  0.2514 
   00040    0.508243 -2035766.3310  0.2513 
   00041    0.506323 -2047685.8571  0.2514 
   00042    0.504038 -2059620.9395  0.2514 
   00043    0.500757 -2070721.3303  0.2512 
   00044    0.500004 -2081403.7897  0.2512 
   00045    0.499135 -2092047.2127  0.2513 
   00046    0.497522 -2102302.5917  0.2514 
   00047    0.496138 -2112254.3485  0.2513 
   00048    0.494537 -2121865.2781  0.2513 
   00049    0.493563 -2131822.2661  0.2514 
   00050    0.491777 -2140559.7240  0.2516 
