Running tests
Before activation python =  /mnt/storage/software/languages/miniconda/miniconda3.11.3-CompressAI-Vision0.1.3/bin/python
After activation python = /user/home/ib20120/.conda/envs/LL_env/bin/python
Intel(R) Parallel Studio XE 2020 Update 4 for Linux*
Copyright 2009-2020 Intel Corporation.
1 rank
2 rank
3 rank
0 rank
MPI_Vec_LL.py: Size: 1000, Steps: 50, T*: 0.500: Order: 0.253, Time: 923.064495 s
MPI_Vec_Jit_LL.py: Size: 1000, Steps: 50, T*: 0.500: Order: 0.251, Time: 90.620592 s
#=====================================================
# MPI Monte Carlo
# Num Procs:           4
# File created:        Tue-07-Nov-2023-at-06-23-06PM
# Size of lattice:     1000x1000
# Number of MC steps:  50
# Reduced temperature: 0.500
#=====================================================
# Run time (s):        90.620592
   00000    0.500000 -999731.2166  0.2510 
   00001    0.707506 -1145264.4369  0.2512 
   00002    0.688322 -1273109.9992  0.2512 
   00003    0.670996 -1386579.9937  0.2513 
   00004    0.654545 -1487339.2361  0.2514 
   00005    0.640331 -1578032.7596  0.2511 
   00006    0.627360 -1659765.2950  0.2508 
   00007    0.616491 -1735545.7182  0.2512 
   00008    0.606692 -1803999.5377  0.2515 
   00009    0.597490 -1867957.4869  0.2512 
   00010    0.588111 -1925775.1351  0.2511 
   00011    0.580785 -1979036.7305  0.2509 
   00012    0.573553 -2029500.1011  0.2510 
   00013    0.566228 -2076998.2542  0.2507 
   00014    0.560868 -2121525.7400  0.2508 
   00015    0.555154 -2163664.3671  0.2508 
   00016    0.548926 -2202530.7563  0.2506 
   00017    0.544302 -2239811.0341  0.2506 
   00018    0.539023 -2275226.6783  0.2503 
   00019    0.535234 -2308241.6419  0.2504 
   00020    0.530525 -2339409.2324  0.2506 
   00021    0.525833 -2369113.9596  0.2507 
   00022    0.523689 -2397539.4486  0.2510 
   00023    0.519790 -2425018.6109  0.2512 
   00024    0.517500 -2450291.0539  0.2509 
   00025    0.513472 -2475109.5560  0.2508 
   00026    0.509964 -2499100.9349  0.2508 
   00027    0.506194 -2521415.3354  0.2509 
   00028    0.504399 -2542899.9077  0.2509 
   00029    0.502035 -2563468.7452  0.2505 
   00030    0.499527 -2583334.9989  0.2505 
   00031    0.497633 -2602335.1274  0.2505 
   00032    0.495372 -2620478.1023  0.2503 
   00033    0.492736 -2637874.9522  0.2505 
   00034    0.491487 -2654886.6404  0.2506 
   00035    0.489004 -2671092.8433  0.2508 
   00036    0.486644 -2686345.7965  0.2509 
   00037    0.486193 -2701218.9702  0.2508 
   00038    0.482649 -2715632.5804  0.2507 
   00039    0.481033 -2729416.5206  0.2506 
   00040    0.479454 -2742655.6343  0.2506 
   00041    0.478764 -2755772.9689  0.2506 
   00042    0.477348 -2768503.0100  0.2504 
   00043    0.475430 -2780219.0792  0.2505 
   00044    0.474534 -2791661.6484  0.2504 
   00045    0.473696 -2802811.9873  0.2503 
   00046    0.472014 -2813754.1789  0.2504 
   00047    0.470020 -2824032.3065  0.2505 
   00048    0.469625 -2833960.5294  0.2506 
   00049    0.468784 -2843757.6172  0.2508 
   00050    0.467014 -2853087.9171  0.2509 
