Running tests
Before activation python =  /mnt/storage/software/languages/miniconda/miniconda3.11.3-CompressAI-Vision0.1.3/bin/python
After activation python = /user/home/ib20120/.conda/envs/LL_env/bin/python
Intel(R) Parallel Studio XE 2020 Update 4 for Linux*
Copyright 2009-2020 Intel Corporation.
6 rank
7 rank
9 rank
11 rank
10 rank
8 rank
3 rank
2 rank
4 rank
5 rank
1 rank
0 rank
MPI_Vec_LL.py: Size: 600, Steps: 50, T*: 0.500: Order: 0.252, Time: 324.243889 s
MPI_Vec_Jit_LL.py: Size: 600, Steps: 50, T*: 0.500: Order: 0.252, Time: 15.917241 s
#=====================================================
# MPI Monte Carlo
# Num Procs:           12
# File created:        Tue-07-Nov-2023-at-06-55-05PM
# Size of lattice:     600x600
# Number of MC steps:  50
# Reduced temperature: 0.500
#=====================================================
# Run time (s):        15.917241
   00000    0.500000 -359382.9753  0.2512 
   00001    0.712289 -377845.8330  0.2510 
   00002    0.705175 -395289.8354  0.2515 
   00003    0.699983 -412148.2121  0.2518 
   00004    0.693119 -428057.5110  0.2514 
   00005    0.687586 -443269.4131  0.2514 
   00006    0.680386 -457836.9719  0.2513 
   00007    0.676394 -472020.3964  0.2513 
   00008    0.670353 -485716.3649  0.2512 
   00009    0.665592 -498651.4904  0.2513 
   00010    0.659569 -511442.2203  0.2514 
   00011    0.653131 -523238.7928  0.2513 
   00012    0.648828 -534954.9083  0.2510 
   00013    0.644331 -546318.2384  0.2511 
   00014    0.639461 -557147.4540  0.2511 
   00015    0.635731 -567680.4488  0.2506 
   00016    0.631608 -577705.6036  0.2506 
   00017    0.628772 -587531.3469  0.2509 
   00018    0.624381 -596868.0641  0.2508 
   00019    0.620419 -605803.5275  0.2512 
   00020    0.618361 -614935.0181  0.2511 
   00021    0.611947 -623369.9019  0.2512 
   00022    0.608894 -631963.6587  0.2512 
   00023    0.606525 -640131.4908  0.2514 
   00024    0.604931 -648410.7569  0.2516 
   00025    0.599025 -656191.4869  0.2514 
   00026    0.596522 -663617.5125  0.2514 
   00027    0.594297 -670684.1089  0.2516 
   00028    0.592481 -677855.6766  0.2517 
   00029    0.587386 -685253.4406  0.2514 
   00030    0.584044 -691916.7524  0.2513 
   00031    0.582389 -698650.4073  0.2512 
   00032    0.579858 -705379.3020  0.2515 
   00033    0.574903 -711806.2297  0.2516 
   00034    0.577103 -717976.9215  0.2517 
   00035    0.572803 -724189.2647  0.2514 
   00036    0.569522 -730343.6759  0.2513 
   00037    0.569472 -735941.3321  0.2514 
   00038    0.568289 -741374.5620  0.2512 
   00039    0.564400 -746996.4983  0.2516 
   00040    0.562031 -752382.7026  0.2515 
   00041    0.561522 -757565.6179  0.2516 
   00042    0.558411 -762486.2173  0.2515 
   00043    0.554383 -767341.8330  0.2516 
   00044    0.554342 -772344.8763  0.2515 
   00045    0.551914 -777331.9093  0.2517 
   00046    0.550956 -782050.8533  0.2516 
   00047    0.550550 -786841.4256  0.2518 
   00048    0.546617 -791495.3931  0.2521 
   00049    0.546308 -795816.7225  0.2521 
   00050    0.544061 -800082.5588  0.2521 
