Running tests
Before activation python =  /mnt/storage/software/languages/miniconda/miniconda3.11.3-CompressAI-Vision0.1.3/bin/python
After activation python = /user/home/ib20120/.conda/envs/LL_env/bin/python
Intel(R) Parallel Studio XE 2020 Update 4 for Linux*
Copyright 2009-2020 Intel Corporation.
1 rank
0 rank
MPI_Vec_LL.py: Size: 700, Steps: 50, T*: 0.500: Order: 0.256, Time: 509.540965 s
MPI_Vec_Jit_LL.py: Size: 700, Steps: 50, T*: 0.500: Order: 0.254, Time: 80.899011 s
#=====================================================
# MPI Monte Carlo
# Num Procs:           2
# File created:        Tue-07-Nov-2023-at-06-15-13PM
# Size of lattice:     700x700
# Number of MC steps:  50
# Reduced temperature: 0.500
#=====================================================
# Run time (s):        80.899011
   00000    0.500000 -487808.9034  0.2504 
   00001    0.698461 -621600.1260  0.2506 
   00002    0.662216 -727407.7135  0.2509 
   00003    0.632351 -810128.6022  0.2511 
   00004    0.612155 -880834.7212  0.2510 
   00005    0.591657 -940005.9143  0.2512 
   00006    0.576541 -992051.8031  0.2511 
   00007    0.564147 -1036657.3067  0.2518 
   00008    0.552757 -1076860.8008  0.2520 
   00009    0.541518 -1112820.2704  0.2522 
   00010    0.532418 -1145089.6700  0.2516 
   00011    0.523580 -1174518.5628  0.2524 
   00012    0.518165 -1200215.6387  0.2528 
   00013    0.511935 -1223778.7938  0.2534 
   00014    0.504886 -1245210.4563  0.2536 
   00015    0.500784 -1265281.3188  0.2535 
   00016    0.495816 -1283838.0915  0.2539 
   00017    0.492688 -1300790.7750  0.2539 
   00018    0.486292 -1315659.2037  0.2538 
   00019    0.484512 -1330224.3373  0.2542 
   00020    0.481549 -1343732.5896  0.2539 
   00021    0.476102 -1356841.6965  0.2541 
   00022    0.474316 -1368605.4074  0.2544 
   00023    0.472806 -1380231.7197  0.2543 
   00024    0.469900 -1390322.2245  0.2544 
   00025    0.466912 -1399800.9020  0.2546 
   00026    0.466061 -1408645.8265  0.2545 
   00027    0.463349 -1416642.2094  0.2546 
   00028    0.461908 -1424662.3594  0.2546 
   00029    0.459455 -1431898.3393  0.2546 
   00030    0.458520 -1438629.8393  0.2542 
   00031    0.457153 -1445238.9360  0.2544 
   00032    0.454633 -1451262.2644  0.2543 
   00033    0.455453 -1456493.2175  0.2545 
   00034    0.453071 -1462465.9105  0.2547 
   00035    0.452394 -1467383.8287  0.2545 
   00036    0.450631 -1472137.5532  0.2548 
   00037    0.448980 -1477058.1882  0.2546 
   00038    0.448486 -1481870.6041  0.2547 
   00039    0.447429 -1486458.0652  0.2545 
   00040    0.448231 -1490491.5310  0.2544 
   00041    0.446469 -1494482.0405  0.2548 
   00042    0.446631 -1498640.7634  0.2551 
   00043    0.444561 -1501629.9195  0.2553 
   00044    0.443537 -1505552.7594  0.2553 
   00045    0.443943 -1509448.3367  0.2551 
   00046    0.442273 -1512937.5242  0.2550 
   00047    0.441380 -1516028.1152  0.2549 
   00048    0.440753 -1518168.7614  0.2546 
   00049    0.440880 -1520829.0966  0.2543 
   00050    0.441700 -1523745.8664  0.2543 
