Running tests
Before activation python =  /mnt/storage/software/languages/miniconda/miniconda3.11.3-CompressAI-Vision0.1.3/bin/python
After activation python = /user/home/ib20120/.conda/envs/LL_env/bin/python
Intel(R) Parallel Studio XE 2020 Update 4 for Linux*
Copyright 2009-2020 Intel Corporation.
17 rank
18 rank
19 rank
16 rank
2 rank
3 rank
5 rank
6 rank
7 rank
8 rank
10 rank
12 rank
13 rank
1 rank
9 rank
11 rank
14 rank
15 rank
4 rank
0 rank
MPI_Vec_LL.py: Size: 300, Steps: 50, T*: 0.500: Order: 0.255, Time: 75.005022 s
MPI_Vec_Jit_LL.py: Size: 300, Steps: 50, T*: 0.500: Order: 0.253, Time: 3.264182 s
#=====================================================
# MPI Monte Carlo
# Num Procs:           20
# File created:        Tue-07-Nov-2023-at-07-42-22PM
# Size of lattice:     300x300
# Number of MC steps:  50
# Reduced temperature: 0.500
#=====================================================
# Run time (s):        3.264182
   00000    0.500000  -89724.3471  0.2525 
   00001    0.718978  -92453.9986  0.2526 
   00002    0.709867  -95186.2426  0.2528 
   00003    0.703267  -97956.9010  0.2535 
   00004    0.698389 -100320.3661  0.2539 
   00005    0.695100 -102705.5118  0.2538 
   00006    0.700133 -105216.2937  0.2539 
   00007    0.693222 -107646.6680  0.2541 
   00008    0.685733 -109928.0113  0.2539 
   00009    0.682111 -112104.0023  0.2540 
   00010    0.677867 -114210.0460  0.2537 
   00011    0.676789 -116440.2711  0.2534 
   00012    0.671144 -118667.9299  0.2535 
   00013    0.670611 -120834.3892  0.2540 
   00014    0.665967 -122869.0461  0.2537 
   00015    0.664256 -124683.0138  0.2535 
   00016    0.659911 -126696.5453  0.2536 
   00017    0.655567 -128540.7224  0.2536 
   00018    0.654478 -130295.8082  0.2536 
   00019    0.648722 -131900.4166  0.2538 
   00020    0.648222 -133659.9408  0.2536 
   00021    0.643889 -135303.5068  0.2537 
   00022    0.645222 -136993.9525  0.2533 
   00023    0.641744 -138627.5548  0.2538 
   00024    0.633022 -140327.7370  0.2540 
   00025    0.635444 -141831.5739  0.2538 
   00026    0.629778 -143317.8405  0.2538 
   00027    0.628522 -144794.7056  0.2536 
   00028    0.627233 -146292.2775  0.2539 
   00029    0.624467 -147756.2002  0.2541 
   00030    0.621444 -149233.9700  0.2539 
   00031    0.617678 -150682.0788  0.2538 
   00032    0.618944 -152004.4693  0.2534 
   00033    0.616244 -153460.7713  0.2534 
   00034    0.613311 -154812.4697  0.2534 
   00035    0.610767 -156040.2226  0.2542 
   00036    0.609211 -157188.9149  0.2542 
   00037    0.610156 -158493.8185  0.2541 
   00038    0.603856 -159725.8897  0.2540 
   00039    0.601256 -160906.0628  0.2538 
   00040    0.596489 -162126.0986  0.2533 
   00041    0.599911 -163251.3453  0.2535 
   00042    0.599211 -164481.3754  0.2537 
   00043    0.594544 -165751.5747  0.2539 
   00044    0.595189 -166828.8203  0.2541 
   00045    0.594656 -167956.7245  0.2536 
   00046    0.588667 -169034.7007  0.2534 
   00047    0.589811 -169996.4692  0.2537 
   00048    0.590433 -170976.2497  0.2534 
   00049    0.584744 -172094.4425  0.2533 
   00050    0.583833 -173095.4395  0.2533 
