Running tests
Before activation python =  /mnt/storage/software/languages/miniconda/miniconda3.11.3-CompressAI-Vision0.1.3/bin/python
After activation python = /user/home/ib20120/.conda/envs/LL_env/bin/python
Intel(R) Parallel Studio XE 2020 Update 4 for Linux*
Copyright 2009-2020 Intel Corporation.
5 rank
4 rank
2 rank
3 rank
1 rank
0 rank
MPI_Vec_LL.py: Size: 300, Steps: 50, T*: 0.500: Order: 0.256, Time: 78.408321 s
MPI_Vec_Jit_LL.py: Size: 300, Steps: 50, T*: 0.500: Order: 0.252, Time: 8.546608 s
#=====================================================
# MPI Monte Carlo
# Num Procs:           6
# File created:        Tue-07-Nov-2023-at-06-07-18PM
# Size of lattice:     300x300
# Number of MC steps:  50
# Reduced temperature: 0.500
#=====================================================
# Run time (s):        8.546608
   00000    0.500000  -89816.8132  0.2541 
   00001    0.713400  -98544.0804  0.2554 
   00002    0.697244 -106728.3978  0.2556 
   00003    0.686500 -113925.2557  0.2546 
   00004    0.670533 -120560.8065  0.2548 
   00005    0.659667 -127042.7128  0.2548 
   00006    0.652344 -133280.4063  0.2545 
   00007    0.643633 -138671.7367  0.2554 
   00008    0.633567 -143976.2182  0.2545 
   00009    0.625367 -148883.6556  0.2546 
   00010    0.619433 -153465.2408  0.2541 
   00011    0.612678 -157940.5884  0.2532 
   00012    0.604844 -161809.5751  0.2536 
   00013    0.599656 -165730.8877  0.2545 
   00014    0.593922 -169430.5463  0.2547 
   00015    0.588178 -172880.9981  0.2549 
   00016    0.582622 -176161.5238  0.2545 
   00017    0.579267 -179208.4007  0.2550 
   00018    0.568411 -182105.1600  0.2545 
   00019    0.567456 -184898.3267  0.2543 
   00020    0.563167 -187812.8651  0.2541 
   00021    0.561533 -190306.4696  0.2537 
   00022    0.558100 -192837.5229  0.2550 
   00023    0.553122 -195475.5844  0.2553 
   00024    0.545589 -197983.3757  0.2548 
   00025    0.546167 -200315.8622  0.2550 
   00026    0.542433 -202528.3322  0.2542 
   00027    0.539022 -204534.4500  0.2543 
   00028    0.534289 -206343.3944  0.2549 
   00029    0.536267 -208436.4941  0.2544 
   00030    0.529411 -210373.0597  0.2544 
   00031    0.526333 -212295.9335  0.2540 
   00032    0.524811 -214148.0799  0.2542 
   00033    0.525422 -215894.2729  0.2529 
   00034    0.522600 -217465.4835  0.2524 
   00035    0.519233 -219156.5015  0.2522 
   00036    0.514178 -220797.0561  0.2520 
   00037    0.516478 -222423.3607  0.2520 
   00038    0.512011 -223842.9694  0.2521 
   00039    0.507422 -225234.1047  0.2513 
   00040    0.506367 -226480.7391  0.2513 
   00041    0.506744 -227782.9727  0.2512 
   00042    0.505633 -228988.4784  0.2518 
   00043    0.506467 -230212.6637  0.2521 
   00044    0.501478 -231393.4468  0.2517 
   00045    0.498567 -232464.8006  0.2518 
   00046    0.502056 -233505.2321  0.2522 
   00047    0.496611 -234633.3557  0.2525 
   00048    0.495433 -235705.1626  0.2519 
   00049    0.492711 -236677.9924  0.2521 
   00050    0.493822 -237618.1706  0.2523 
