Running tests
Before activation python =  /mnt/storage/software/languages/miniconda/miniconda3.11.3-CompressAI-Vision0.1.3/bin/python
After activation python = /user/home/ib20120/.conda/envs/LL_env/bin/python
Intel(R) Parallel Studio XE 2020 Update 4 for Linux*
Copyright 2009-2020 Intel Corporation.
10 rank
11 rank
8 rank
9 rank
5 rank
7 rank
3 rank
1 rank
2 rank
4 rank
6 rank
0 rank
MPI_Vec_LL.py: Size: 400, Steps: 50, T*: 0.500: Order: 0.257, Time: 142.576035 s
MPI_Vec_Jit_LL.py: Size: 400, Steps: 50, T*: 0.500: Order: 0.255, Time: 6.186439 s
#=====================================================
# MPI Monte Carlo
# Num Procs:           12
# File created:        Tue-07-Nov-2023-at-06-49-52PM
# Size of lattice:     400x400
# Number of MC steps:  50
# Reduced temperature: 0.500
#=====================================================
# Run time (s):        6.186439
   00000    0.500000 -158592.9126  0.2519 
   00001    0.713231 -166720.7993  0.2521 
   00002    0.708981 -174527.4361  0.2522 
   00003    0.699006 -182073.0962  0.2523 
   00004    0.696019 -189025.0251  0.2524 
   00005    0.688100 -195861.9876  0.2530 
   00006    0.681113 -202289.1473  0.2533 
   00007    0.674800 -208643.3259  0.2527 
   00008    0.669644 -214841.2206  0.2525 
   00009    0.665544 -220589.7842  0.2522 
   00010    0.658794 -226153.6246  0.2521 
   00011    0.653950 -231636.6430  0.2525 
   00012    0.647487 -236580.1657  0.2528 
   00013    0.644869 -241533.4186  0.2530 
   00014    0.641169 -246358.5005  0.2528 
   00015    0.635813 -251071.3360  0.2528 
   00016    0.633056 -255707.2031  0.2527 
   00017    0.626038 -260143.7462  0.2530 
   00018    0.621419 -264260.8036  0.2533 
   00019    0.618175 -268330.9171  0.2535 
   00020    0.617375 -272378.8313  0.2541 
   00021    0.611575 -276418.3473  0.2547 
   00022    0.610838 -280280.8929  0.2547 
   00023    0.605375 -284062.3851  0.2548 
   00024    0.603919 -287483.5504  0.2547 
   00025    0.599881 -290878.2971  0.2544 
   00026    0.596387 -294116.0733  0.2543 
   00027    0.592875 -297324.6847  0.2540 
   00028    0.591569 -300447.9144  0.2538 
   00029    0.584906 -303637.8665  0.2540 
   00030    0.586950 -306627.5697  0.2539 
   00031    0.581031 -309547.5267  0.2541 
   00032    0.579225 -312265.6236  0.2543 
   00033    0.579656 -315241.4059  0.2542 
   00034    0.575756 -317956.0249  0.2543 
   00035    0.572894 -320619.6198  0.2541 
   00036    0.569025 -323221.1141  0.2540 
   00037    0.569013 -325874.1642  0.2540 
   00038    0.563037 -328648.8675  0.2545 
   00039    0.565600 -331250.2432  0.2547 
   00040    0.560887 -333466.3713  0.2547 
   00041    0.559994 -335861.9996  0.2547 
   00042    0.557644 -338278.8467  0.2546 
   00043    0.555806 -340589.2288  0.2545 
   00044    0.553869 -342774.7606  0.2543 
   00045    0.554300 -344894.5659  0.2545 
   00046    0.550575 -346940.2020  0.2545 
   00047    0.548562 -349186.6032  0.2547 
   00048    0.545238 -351189.3128  0.2545 
   00049    0.544619 -353207.6419  0.2546 
   00050    0.545925 -355058.7108  0.2547 
