Running tests
Before activation python =  /mnt/storage/software/languages/miniconda/miniconda3.11.3-CompressAI-Vision0.1.3/bin/python
After activation python = /user/home/ib20120/.conda/envs/LL_env/bin/python
Intel(R) Parallel Studio XE 2020 Update 4 for Linux*
Copyright 2009-2020 Intel Corporation.
1 rank
0 rank
MPI_Vec_LL.py: Size: 300, Steps: 50, T*: 0.500: Order: 0.262, Time: 159.822680 s
MPI_Vec_Jit_LL.py: Size: 300, Steps: 50, T*: 0.500: Order: 0.251, Time: 25.933024 s
#=====================================================
# MPI Monte Carlo
# Num Procs:           2
# File created:        Tue-07-Nov-2023-at-06-08-28PM
# Size of lattice:     300x300
# Number of MC steps:  50
# Reduced temperature: 0.500
#=====================================================
# Run time (s):        25.933024
   00000    0.500000  -89713.8002  0.2513 
   00001    0.698700 -114163.4085  0.2511 
   00002    0.661456 -133340.5171  0.2508 
   00003    0.634100 -148862.5351  0.2512 
   00004    0.611433 -161991.8948  0.2521 
   00005    0.593544 -172893.3928  0.2535 
   00006    0.579411 -182444.3987  0.2548 
   00007    0.564267 -190544.9825  0.2543 
   00008    0.553844 -197889.3507  0.2544 
   00009    0.542256 -204722.3063  0.2544 
   00010    0.532511 -210240.1478  0.2542 
   00011    0.524256 -215609.7657  0.2531 
   00012    0.517067 -220630.7346  0.2544 
   00013    0.510533 -225412.0071  0.2539 
   00014    0.506833 -229438.5555  0.2539 
   00015    0.500233 -233046.1351  0.2544 
   00016    0.495700 -236395.2431  0.2548 
   00017    0.489678 -239580.5197  0.2548 
   00018    0.488322 -242217.6754  0.2546 
   00019    0.483800 -244938.9240  0.2548 
   00020    0.480122 -247510.6885  0.2541 
   00021    0.477578 -249783.8034  0.2535 
   00022    0.477333 -251912.2906  0.2534 
   00023    0.471689 -253789.9578  0.2525 
   00024    0.470922 -255628.6464  0.2525 
   00025    0.466844 -257470.5939  0.2525 
   00026    0.463322 -259018.9663  0.2520 
   00027    0.460589 -260554.3400  0.2516 
   00028    0.460244 -262379.9209  0.2506 
   00029    0.462244 -263640.2017  0.2510 
   00030    0.458178 -265051.0184  0.2508 
   00031    0.457311 -266231.2898  0.2505 
   00032    0.454244 -267123.4749  0.2508 
   00033    0.454311 -268057.3695  0.2512 
   00034    0.454811 -269095.9877  0.2508 
   00035    0.450300 -269978.3584  0.2506 
   00036    0.449478 -270958.0271  0.2502 
   00037    0.447056 -271994.8879  0.2505 
   00038    0.448611 -272603.9218  0.2504 
   00039    0.446833 -273568.7435  0.2514 
   00040    0.448511 -274297.9059  0.2519 
   00041    0.446167 -275012.4813  0.2505 
   00042    0.443789 -275687.1486  0.2508 
   00043    0.442389 -276404.1673  0.2515 
   00044    0.445022 -276966.7842  0.2512 
   00045    0.441856 -277438.2155  0.2504 
   00046    0.441133 -278114.6428  0.2507 
   00047    0.446289 -278837.6068  0.2505 
   00048    0.439100 -279448.3013  0.2510 
   00049    0.439967 -279828.3244  0.2507 
   00050    0.436644 -280430.6792  0.2510 
