Running tests
Before activation python =  /mnt/storage/software/languages/miniconda/miniconda3.11.3-CompressAI-Vision0.1.3/bin/python
After activation python = /user/home/ib20120/.conda/envs/LL_env/bin/python
Intel(R) Parallel Studio XE 2020 Update 4 for Linux*
Copyright 2009-2020 Intel Corporation.
13 rank
15 rank
9 rank
11 rank
10 rank
12 rank
14 rank
8 rank
1 rank
2 rank
3 rank
4 rank
5 rank
6 rank
7 rank
16 rank
17 rank
18 rank
19 rank
20 rank
21 rank
22 rank
23 rank
0 rank
MPI_Vec_LL.py: Size: 1000, Steps: 50, T*: 0.500: Order: 0.251, Time: 825.109308 s
MPI_Vec_Jit_LL.py: Size: 1000, Steps: 50, T*: 0.500: Order: 0.251, Time: 26.345541 s
#=====================================================
# MPI Monte Carlo
# Num Procs:           24
# File created:        Tue-07-Nov-2023-at-09-15-43PM
# Size of lattice:     1000x1000
# Number of MC steps:  50
# Reduced temperature: 0.500
#=====================================================
# Run time (s):        26.345541
   00000    0.500000 -999191.2183  0.2505 
   00001    0.716602 -1024141.5612  0.2505 
   00002    0.712853 -1049047.0303  0.2505 
   00003    0.709758 -1073305.3514  0.2507 
   00004    0.704978 -1096657.9759  0.2507 
   00005    0.703442 -1120156.3412  0.2506 
   00006    0.699439 -1142714.6191  0.2505 
   00007    0.695107 -1164415.6798  0.2504 
   00008    0.693000 -1186115.2699  0.2504 
   00009    0.688925 -1206966.0378  0.2504 
   00010    0.685989 -1228022.7406  0.2504 
   00011    0.683855 -1248309.5548  0.2504 
   00012    0.680091 -1268309.3023  0.2503 
   00013    0.677468 -1287981.2202  0.2503 
   00014    0.673902 -1307034.1571  0.2504 
   00015    0.671587 -1326018.3153  0.2505 
   00016    0.667720 -1344662.6316  0.2504 
   00017    0.665677 -1363017.0341  0.2505 
   00018    0.663112 -1380644.3572  0.2506 
   00019    0.660928 -1398600.9810  0.2506 
   00020    0.656833 -1415627.8550  0.2505 
   00021    0.654811 -1432805.7153  0.2505 
   00022    0.652597 -1449432.9614  0.2506 
   00023    0.651615 -1465555.7290  0.2507 
   00024    0.649402 -1481115.7863  0.2506 
   00025    0.646035 -1496711.4458  0.2506 
   00026    0.643055 -1512159.5978  0.2508 
   00027    0.641997 -1527639.3579  0.2509 
   00028    0.639881 -1542237.5492  0.2510 
   00029    0.635943 -1556889.1035  0.2510 
   00030    0.634720 -1571386.1996  0.2510 
   00031    0.633060 -1585342.9772  0.2511 
   00032    0.629782 -1599279.0509  0.2510 
   00033    0.628587 -1612797.1010  0.2511 
   00034    0.626336 -1626271.1811  0.2512 
   00035    0.625076 -1639644.4061  0.2512 
   00036    0.622408 -1652693.0540  0.2513 
   00037    0.619754 -1665408.4095  0.2512 
   00038    0.619103 -1677577.0150  0.2513 
   00039    0.617030 -1690038.1467  0.2514 
   00040    0.615916 -1702080.4839  0.2513 
   00041    0.612720 -1713919.6939  0.2513 
   00042    0.612570 -1725897.7591  0.2513 
   00043    0.610002 -1737544.8066  0.2513 
   00044    0.606625 -1749346.5663  0.2514 
   00045    0.606677 -1761100.4438  0.2513 
   00046    0.606027 -1772205.7075  0.2514 
   00047    0.603724 -1783420.7783  0.2512 
   00048    0.602383 -1794716.6649  0.2511 
   00049    0.601183 -1805648.1996  0.2511 
   00050    0.599710 -1816091.6632  0.2511 
