Running tests
Before activation python =  /mnt/storage/software/languages/miniconda/miniconda3.11.3-CompressAI-Vision0.1.3/bin/python
After activation python = /user/home/ib20120/.conda/envs/LL_env/bin/python
Intel(R) Parallel Studio XE 2020 Update 4 for Linux*
Copyright 2009-2020 Intel Corporation.
2 rank
3 rank
1 rank
0 rank
MPI_Vec_LL.py: Size: 400, Steps: 50, T*: 0.500: Order: 0.257, Time: 145.459882 s
MPI_Vec_Jit_LL.py: Size: 400, Steps: 50, T*: 0.500: Order: 0.254, Time: 14.392941 s
#=====================================================
# MPI Monte Carlo
# Num Procs:           4
# File created:        Tue-07-Nov-2023-at-06-08-38PM
# Size of lattice:     400x400
# Number of MC steps:  50
# Reduced temperature: 0.500
#=====================================================
# Run time (s):        14.392941
   00000    0.500000 -159017.1497  0.2514 
   00001    0.706788 -182125.0270  0.2520 
   00002    0.687431 -202843.8594  0.2528 
   00003    0.670212 -221110.9648  0.2524 
   00004    0.655531 -237287.9941  0.2525 
   00005    0.641787 -251924.1231  0.2515 
   00006    0.627281 -264716.7474  0.2525 
   00007    0.615162 -276674.7868  0.2524 
   00008    0.608675 -287553.3605  0.2523 
   00009    0.599275 -297294.4044  0.2525 
   00010    0.588444 -306765.8659  0.2532 
   00011    0.580888 -315562.3690  0.2532 
   00012    0.573231 -323412.8710  0.2529 
   00013    0.565881 -331176.5333  0.2528 
   00014    0.562406 -338077.7717  0.2528 
   00015    0.557400 -344884.0447  0.2529 
   00016    0.548638 -351381.3688  0.2529 
   00017    0.542919 -357301.8040  0.2532 
   00018    0.539200 -363021.7995  0.2527 
   00019    0.534312 -368254.2268  0.2524 
   00020    0.532125 -373418.1818  0.2524 
   00021    0.528794 -378226.9721  0.2520 
   00022    0.524406 -383044.6151  0.2529 
   00023    0.522494 -387654.3991  0.2528 
   00024    0.516725 -391511.6908  0.2523 
   00025    0.513456 -395439.3308  0.2526 
   00026    0.509162 -399225.9403  0.2533 
   00027    0.505487 -402825.7407  0.2535 
   00028    0.502556 -406207.0723  0.2538 
   00029    0.500206 -409430.7194  0.2538 
   00030    0.500075 -412662.5380  0.2541 
   00031    0.495638 -415685.0001  0.2545 
   00032    0.496606 -418641.4818  0.2544 
   00033    0.494250 -421405.1994  0.2545 
   00034    0.488488 -424033.5077  0.2538 
   00035    0.489988 -426444.9752  0.2537 
   00036    0.487969 -428922.6362  0.2538 
   00037    0.484244 -431474.4020  0.2540 
   00038    0.483287 -433709.4265  0.2543 
   00039    0.481281 -436021.4273  0.2546 
   00040    0.481119 -438073.7647  0.2545 
   00041    0.481344 -440015.9991  0.2540 
   00042    0.475838 -442015.0454  0.2540 
   00043    0.478469 -444186.3380  0.2537 
   00044    0.474375 -445983.0681  0.2537 
   00045    0.474656 -447849.9737  0.2535 
   00046    0.473075 -449635.2305  0.2536 
   00047    0.471075 -451425.9379  0.2531 
   00048    0.467550 -453246.2496  0.2535 
   00049    0.468844 -454841.1296  0.2539 
   00050    0.467769 -456384.6303  0.2539 
