Running tests
Before activation python =  /mnt/storage/software/languages/miniconda/miniconda3.11.3-CompressAI-Vision0.1.3/bin/python
After activation python = /user/home/ib20120/.conda/envs/LL_env/bin/python
Intel(R) Parallel Studio XE 2020 Update 4 for Linux*
Copyright 2009-2020 Intel Corporation.
1 rank
2 rank
3 rank
4 rank
5 rank
6 rank
7 rank
9 rank
10 rank
11 rank
12 rank
13 rank
14 rank
15 rank
8 rank
0 rank
MPI_Vec_LL.py: Size: 600, Steps: 50, T*: 0.500: Order: 0.257, Time: 298.107101 s
MPI_Vec_Jit_LL.py: Size: 600, Steps: 50, T*: 0.500: Order: 0.251, Time: 13.490425 s
#=====================================================
# MPI Monte Carlo
# Num Procs:           16
# File created:        Tue-07-Nov-2023-at-07-28-36PM
# Size of lattice:     600x600
# Number of MC steps:  50
# Reduced temperature: 0.500
#=====================================================
# Run time (s):        13.490425
   00000    0.500000 -361308.5507  0.2507 
   00001    0.711753 -374862.9616  0.2505 
   00002    0.708708 -388130.5445  0.2508 
   00003    0.703383 -401084.1156  0.2506 
   00004    0.699500 -413162.9652  0.2505 
   00005    0.693475 -424895.6036  0.2508 
   00006    0.693100 -436229.0100  0.2506 
   00007    0.685283 -447123.8285  0.2505 
   00008    0.681739 -457810.5146  0.2505 
   00009    0.676861 -468199.1377  0.2506 
   00010    0.673083 -478154.3441  0.2507 
   00011    0.665797 -487771.2630  0.2509 
   00012    0.662953 -497615.6311  0.2509 
   00013    0.660189 -506952.3255  0.2511 
   00014    0.657500 -515829.7813  0.2513 
   00015    0.653900 -524375.0070  0.2512 
   00016    0.647392 -532949.9413  0.2514 
   00017    0.647042 -541549.6852  0.2512 
   00018    0.641131 -549534.8336  0.2513 
   00019    0.639431 -557449.5544  0.2512 
   00020    0.634700 -565213.3429  0.2514 
   00021    0.630639 -573103.7207  0.2512 
   00022    0.628750 -580304.7668  0.2512 
   00023    0.626361 -587351.8596  0.2512 
   00024    0.623783 -594608.1713  0.2513 
   00025    0.621419 -601323.3683  0.2512 
   00026    0.618136 -608195.3148  0.2511 
   00027    0.615475 -615106.6905  0.2512 
   00028    0.612764 -621640.7034  0.2511 
   00029    0.608864 -628014.9378  0.2512 
   00030    0.608053 -634169.9050  0.2509 
   00031    0.604708 -640373.9480  0.2512 
   00032    0.602758 -646319.2995  0.2509 
   00033    0.599681 -652254.6025  0.2508 
   00034    0.599472 -658123.3306  0.2509 
   00035    0.594281 -663745.1068  0.2509 
   00036    0.592583 -669181.8159  0.2510 
   00037    0.590931 -674482.0633  0.2509 
   00038    0.590081 -679874.3841  0.2510 
   00039    0.585706 -685048.9666  0.2509 
   00040    0.583722 -690159.7956  0.2510 
   00041    0.582808 -695254.4329  0.2508 
   00042    0.581203 -700134.8658  0.2510 
   00043    0.578972 -704776.7060  0.2510 
   00044    0.576983 -709507.6592  0.2512 
   00045    0.575103 -714136.1148  0.2512 
   00046    0.573864 -718778.1529  0.2513 
   00047    0.571483 -723097.7993  0.2511 
   00048    0.569542 -727822.7581  0.2512 
   00049    0.568361 -732183.5801  0.2513 
   00050    0.566364 -736589.4483  0.2513 
