Running tests
Before activation python =  /mnt/storage/software/languages/miniconda/miniconda3.11.3-CompressAI-Vision0.1.3/bin/python
After activation python = /user/home/ib20120/.conda/envs/LL_env/bin/python
Intel(R) Parallel Studio XE 2020 Update 4 for Linux*
Copyright 2009-2020 Intel Corporation.
7 rank
6 rank
3 rank
2 rank
4 rank
5 rank
1 rank
0 rank
MPI_Vec_LL.py: Size: 1000, Steps: 50, T*: 0.500: Order: 0.251, Time: 865.222436 s
MPI_Vec_Jit_LL.py: Size: 1000, Steps: 50, T*: 0.500: Order: 0.253, Time: 53.526707 s
#=====================================================
# MPI Monte Carlo
# Num Procs:           8
# File created:        Tue-07-Nov-2023-at-06-40-55PM
# Size of lattice:     1000x1000
# Number of MC steps:  50
# Reduced temperature: 0.500
#=====================================================
# Run time (s):        53.526707
   00000    0.500000 -999233.0399  0.2505 
   00001    0.713292 -1074806.6242  0.2506 
   00002    0.701518 -1145031.8351  0.2504 
   00003    0.692464 -1210947.2347  0.2507 
   00004    0.683600 -1272897.0801  0.2504 
   00005    0.674089 -1331684.5579  0.2504 
   00006    0.666011 -1386362.0013  0.2505 
   00007    0.657970 -1437929.2937  0.2505 
   00008    0.650381 -1486873.5037  0.2506 
   00009    0.644837 -1533159.4236  0.2509 
   00010    0.638192 -1577067.1891  0.2509 
   00011    0.630926 -1619092.4246  0.2511 
   00012    0.624741 -1658937.8796  0.2510 
   00013    0.618810 -1697656.1314  0.2511 
   00014    0.613688 -1733942.0991  0.2510 
   00015    0.609084 -1768558.7259  0.2510 
   00016    0.605092 -1802279.2948  0.2509 
   00017    0.600049 -1834712.5991  0.2510 
   00018    0.595822 -1865585.8129  0.2511 
   00019    0.590435 -1895276.0572  0.2511 
   00020    0.586923 -1923922.1667  0.2512 
   00021    0.583041 -1951956.9574  0.2515 
   00022    0.578106 -1978810.1529  0.2516 
   00023    0.575112 -2004238.4906  0.2517 
   00024    0.571596 -2029336.1483  0.2516 
   00025    0.567341 -2053885.3013  0.2517 
   00026    0.565396 -2076956.4141  0.2516 
   00027    0.561726 -2099935.9838  0.2517 
   00028    0.558192 -2121349.4400  0.2518 
   00029    0.555790 -2142400.4158  0.2520 
   00030    0.553517 -2163532.5037  0.2523 
   00031    0.549791 -2183717.8398  0.2523 
   00032    0.548350 -2202879.6511  0.2523 
   00033    0.545200 -2221687.9900  0.2523 
   00034    0.543795 -2239763.1921  0.2524 
   00035    0.540486 -2257577.3493  0.2525 
   00036    0.538023 -2275379.0903  0.2527 
   00037    0.536655 -2292253.5759  0.2528 
   00038    0.533953 -2308450.6890  0.2529 
   00039    0.531315 -2324889.8137  0.2529 
   00040    0.529892 -2340427.8073  0.2529 
   00041    0.527383 -2355574.8695  0.2529 
   00042    0.525551 -2370638.0749  0.2529 
   00043    0.523744 -2384938.9112  0.2529 
   00044    0.522316 -2399097.2555  0.2531 
   00045    0.519413 -2413109.9002  0.2531 
   00046    0.518951 -2426522.2635  0.2532 
   00047    0.518195 -2439424.1764  0.2533 
   00048    0.515260 -2452150.4476  0.2532 
   00049    0.514078 -2464580.7436  0.2533 
   00050    0.512004 -2477277.9523  0.2533 
