Running tests
Before activation python =  /mnt/storage/software/languages/miniconda/miniconda3.11.3-CompressAI-Vision0.1.3/bin/python
After activation python = /user/home/ib20120/.conda/envs/LL_env/bin/python
Intel(R) Parallel Studio XE 2020 Update 4 for Linux*
Copyright 2009-2020 Intel Corporation.
11 rank
15 rank
9 rank
13 rank
12 rank
14 rank
10 rank
8 rank
1 rank
2 rank
3 rank
4 rank
5 rank
6 rank
7 rank
16 rank
17 rank
18 rank
19 rank
20 rank
21 rank
22 rank
23 rank
0 rank
MPI_Vec_LL.py: Size: 800, Steps: 50, T*: 0.500: Order: 0.252, Time: 515.322618 s
MPI_Vec_Jit_LL.py: Size: 800, Steps: 50, T*: 0.500: Order: 0.252, Time: 17.342285 s
#=====================================================
# MPI Monte Carlo
# Num Procs:           24
# File created:        Tue-07-Nov-2023-at-08-48-19PM
# Size of lattice:     800x800
# Number of MC steps:  50
# Reduced temperature: 0.500
#=====================================================
# Run time (s):        17.342285
   00000    0.500000 -638469.1285  0.2510 
   00001    0.717236 -654715.6764  0.2510 
   00002    0.712559 -670429.8591  0.2510 
   00003    0.708389 -686140.3716  0.2512 
   00004    0.704769 -701276.6515  0.2513 
   00005    0.702336 -716207.6870  0.2513 
   00006    0.699863 -730565.9618  0.2512 
   00007    0.695308 -744659.4558  0.2512 
   00008    0.692409 -758768.3278  0.2513 
   00009    0.688992 -772377.5769  0.2513 
   00010    0.686852 -785913.6541  0.2513 
   00011    0.682069 -799485.0647  0.2515 
   00012    0.680131 -812588.0609  0.2516 
   00013    0.675675 -825393.5187  0.2518 
   00014    0.674159 -837698.6616  0.2517 
   00015    0.670619 -849925.7690  0.2515 
   00016    0.669048 -861819.7361  0.2514 
   00017    0.665736 -873486.1548  0.2514 
   00018    0.663497 -885373.3229  0.2517 
   00019    0.661347 -896574.2166  0.2516 
   00020    0.657514 -907429.7244  0.2516 
   00021    0.654378 -918249.9420  0.2518 
   00022    0.652569 -929017.0469  0.2517 
   00023    0.650584 -939308.4008  0.2517 
   00024    0.648909 -949370.9814  0.2517 
   00025    0.645419 -959542.6468  0.2517 
   00026    0.643328 -969249.8684  0.2518 
   00027    0.641414 -978668.0690  0.2518 
   00028    0.640283 -987813.0598  0.2517 
   00029    0.638078 -997338.2841  0.2517 
   00030    0.634609 -1006440.1776  0.2518 
   00031    0.632578 -1015664.6891  0.2519 
   00032    0.630430 -1024567.5414  0.2519 
   00033    0.629205 -1033632.8852  0.2518 
   00034    0.627192 -1041859.8780  0.2518 
   00035    0.624991 -1050414.1382  0.2517 
   00036    0.624844 -1059045.4393  0.2516 
   00037    0.621164 -1066989.9337  0.2516 
   00038    0.619016 -1075137.2021  0.2516 
   00039    0.616959 -1083099.0454  0.2516 
   00040    0.615956 -1091093.2834  0.2517 
   00041    0.613566 -1098731.7937  0.2517 
   00042    0.612197 -1106638.7131  0.2516 
   00043    0.611838 -1114091.8237  0.2517 
   00044    0.608650 -1121566.2249  0.2516 
   00045    0.606766 -1129170.8491  0.2516 
   00046    0.605487 -1136275.0754  0.2517 
   00047    0.604047 -1143285.4510  0.2517 
   00048    0.602348 -1150411.6155  0.2516 
   00049    0.601433 -1157142.1863  0.2515 
   00050    0.599739 -1163991.3269  0.2514 
