Running tests
Before activation python =  /mnt/storage/software/languages/miniconda/miniconda3.11.3-CompressAI-Vision0.1.3/bin/python
After activation python = /user/home/ib20120/.conda/envs/LL_env/bin/python
Intel(R) Parallel Studio XE 2020 Update 4 for Linux*
Copyright 2009-2020 Intel Corporation.
9 rank
11 rank
13 rank
15 rank
10 rank
14 rank
8 rank
12 rank
2 rank
3 rank
6 rank
7 rank
16 rank
17 rank
18 rank
19 rank
20 rank
21 rank
22 rank
23 rank
1 rank
4 rank
5 rank
0 rank
MPI_Vec_LL.py: Size: 100, Steps: 50, T*: 0.500: Order: 0.264, Time: 8.225645 s
MPI_Vec_Jit_LL.py: Size: 100, Steps: 50, T*: 0.500: Order: 0.265, Time: 0.739551 s
#=====================================================
# MPI Monte Carlo
# Num Procs:           24
# File created:        Tue-07-Nov-2023-at-08-01-12PM
# Size of lattice:     100x100
# Number of MC steps:  50
# Reduced temperature: 0.500
#=====================================================
# Run time (s):        0.739551
   00000    0.500000  -10036.2200  0.2597 
   00001    0.719400  -10287.0319  0.2595 
   00002    0.706300  -10499.2056  0.2595 
   00003    0.706000  -10673.2735  0.2590 
   00004    0.700500  -10880.7445  0.2577 
   00005    0.691900  -11142.5704  0.2586 
   00006    0.702800  -11320.9280  0.2592 
   00007    0.689400  -11561.2638  0.2593 
   00008    0.689000  -11769.2543  0.2594 
   00009    0.687000  -11993.0546  0.2603 
   00010    0.694400  -12199.7398  0.2607 
   00011    0.677100  -12401.9182  0.2606 
   00012    0.677900  -12561.5067  0.2602 
   00013    0.675800  -12729.3354  0.2597 
   00014    0.679600  -12917.6335  0.2598 
   00015    0.674600  -13102.0768  0.2597 
   00016    0.657500  -13249.8690  0.2590 
   00017    0.662100  -13394.8658  0.2590 
   00018    0.668600  -13551.7064  0.2596 
   00019    0.665400  -13710.1786  0.2622 
   00020    0.649400  -13863.8368  0.2628 
   00021    0.651200  -14030.5126  0.2638 
   00022    0.646700  -14234.3071  0.2652 
   00023    0.644800  -14377.7855  0.2658 
   00024    0.647100  -14561.7929  0.2668 
   00025    0.648400  -14726.0945  0.2675 
   00026    0.642700  -14845.3702  0.2670 
   00027    0.647200  -15005.1852  0.2688 
   00028    0.639500  -15166.5520  0.2690 
   00029    0.630100  -15317.4636  0.2682 
   00030    0.642000  -15435.4604  0.2670 
   00031    0.635700  -15555.1275  0.2665 
   00032    0.632000  -15663.8540  0.2664 
   00033    0.620800  -15823.3407  0.2664 
   00034    0.626600  -16000.3286  0.2670 
   00035    0.623600  -16100.8711  0.2694 
   00036    0.614100  -16210.5003  0.2685 
   00037    0.631000  -16361.7184  0.2673 
   00038    0.617700  -16528.2373  0.2670 
   00039    0.618700  -16650.7877  0.2672 
   00040    0.615700  -16740.8887  0.2672 
   00041    0.603400  -16887.4647  0.2655 
   00042    0.617500  -17002.1636  0.2663 
   00043    0.603500  -17117.3001  0.2660 
   00044    0.608800  -17230.0075  0.2661 
   00045    0.604100  -17332.1748  0.2664 
   00046    0.610300  -17454.4241  0.2662 
   00047    0.615400  -17566.6064  0.2666 
   00048    0.594100  -17696.8092  0.2662 
   00049    0.600500  -17816.1852  0.2649 
   00050    0.596300  -17929.5821  0.2652 
