Running tests
Before activation python =  /mnt/storage/software/languages/miniconda/miniconda3.11.3-CompressAI-Vision0.1.3/bin/python
After activation python = /user/home/ib20120/.conda/envs/LL_env/bin/python
Intel(R) Parallel Studio XE 2020 Update 4 for Linux*
Copyright 2009-2020 Intel Corporation.
5 rank
6 rank
7 rank
4 rank
3 rank
2 rank
1 rank
9 rank
8 rank
0 rank
MPI_Vec_LL.py: Size: 400, Steps: 50, T*: 0.500: Order: 0.251, Time: 135.443386 s
MPI_Vec_Jit_LL.py: Size: 400, Steps: 50, T*: 0.500: Order: 0.255, Time: 9.254484 s
#=====================================================
# MPI Monte Carlo
# Num Procs:           10
# File created:        Tue-07-Nov-2023-at-06-33-20PM
# Size of lattice:     400x400
# Number of MC steps:  50
# Reduced temperature: 0.500
#=====================================================
# Run time (s):        9.254484
   00000    0.500000 -160267.0512  0.2517 
   00001    0.714013 -169898.7901  0.2522 
   00002    0.705013 -179195.5623  0.2522 
   00003    0.696562 -187889.8683  0.2523 
   00004    0.689556 -196110.6923  0.2532 
   00005    0.682412 -204012.3795  0.2539 
   00006    0.674450 -211107.9460  0.2541 
   00007    0.667794 -218378.8765  0.2545 
   00008    0.663550 -225451.4416  0.2544 
   00009    0.657763 -231933.7599  0.2543 
   00010    0.649975 -238053.0795  0.2541 
   00011    0.645206 -244043.3135  0.2540 
   00012    0.638969 -249915.1808  0.2543 
   00013    0.635681 -255521.5441  0.2544 
   00014    0.629544 -260816.2818  0.2546 
   00015    0.623581 -265761.4401  0.2549 
   00016    0.621894 -270908.1819  0.2548 
   00017    0.615200 -275769.0872  0.2559 
   00018    0.612550 -280461.8563  0.2554 
   00019    0.608819 -284867.8599  0.2553 
   00020    0.603950 -289257.0728  0.2549 
   00021    0.594956 -293609.4838  0.2552 
   00022    0.597187 -297615.1898  0.2553 
   00023    0.591775 -301468.6140  0.2553 
   00024    0.587431 -305186.1810  0.2550 
   00025    0.587588 -308774.7597  0.2549 
   00026    0.582237 -312271.5051  0.2548 
   00027    0.580063 -315800.1340  0.2550 
   00028    0.577000 -319216.8510  0.2553 
   00029    0.574087 -322369.3834  0.2555 
   00030    0.571325 -325522.4465  0.2559 
   00031    0.568825 -328505.1019  0.2559 
   00032    0.566956 -331627.3422  0.2559 
   00033    0.564081 -334638.7498  0.2562 
   00034    0.561963 -337281.3705  0.2560 
   00035    0.559325 -339887.0979  0.2559 
   00036    0.557975 -342479.2032  0.2559 
   00037    0.557019 -345099.7031  0.2563 
   00038    0.551488 -347711.0944  0.2563 
   00039    0.547425 -350369.0620  0.2566 
   00040    0.545837 -352932.0952  0.2564 
   00041    0.544987 -355219.0191  0.2561 
   00042    0.543100 -357655.4204  0.2558 
   00043    0.540212 -359900.7447  0.2561 
   00044    0.539806 -361972.0804  0.2558 
   00045    0.537587 -364048.0025  0.2556 
   00046    0.535288 -366124.1441  0.2556 
   00047    0.539319 -368045.5897  0.2555 
   00048    0.534750 -370177.3962  0.2553 
   00049    0.529019 -372286.2378  0.2552 
   00050    0.526044 -374211.5222  0.2554 
