Running tests
Before activation python =  /mnt/storage/software/languages/miniconda/miniconda3.11.3-CompressAI-Vision0.1.3/bin/python
After activation python = /user/home/ib20120/.conda/envs/LL_env/bin/python
Intel(R) Parallel Studio XE 2020 Update 4 for Linux*
Copyright 2009-2020 Intel Corporation.
10 rank
11 rank
14 rank
15 rank
9 rank
13 rank
8 rank
12 rank
4 rank
5 rank
6 rank
7 rank
17 rank
18 rank
19 rank
20 rank
21 rank
22 rank
23 rank
16 rank
1 rank
3 rank
2 rank
0 rank
MPI_Vec_LL.py: Size: 700, Steps: 50, T*: 0.500: Order: 0.252, Time: 392.342932 s
MPI_Vec_Jit_LL.py: Size: 700, Steps: 50, T*: 0.500: Order: 0.251, Time: 13.373610 s
#=====================================================
# MPI Monte Carlo
# Num Procs:           24
# File created:        Tue-07-Nov-2023-at-08-38-02PM
# Size of lattice:     700x700
# Number of MC steps:  50
# Reduced temperature: 0.500
#=====================================================
# Run time (s):        13.373610
   00000    0.500000 -489665.2733  0.2506 
   00001    0.715088 -502144.5325  0.2507 
   00002    0.712861 -514238.8913  0.2507 
   00003    0.710402 -526296.8258  0.2509 
   00004    0.706873 -537913.4581  0.2510 
   00005    0.703208 -549654.9276  0.2508 
   00006    0.700878 -561176.0287  0.2505 
   00007    0.695792 -571963.1852  0.2503 
   00008    0.692937 -582313.9266  0.2505 
   00009    0.689212 -592566.3545  0.2505 
   00010    0.686084 -602761.0501  0.2507 
   00011    0.683712 -613001.8975  0.2508 
   00012    0.680010 -622533.5367  0.2508 
   00013    0.676961 -632376.4862  0.2507 
   00014    0.674339 -641855.9684  0.2509 
   00015    0.671545 -651451.6921  0.2511 
   00016    0.668676 -660526.8021  0.2510 
   00017    0.666984 -669356.2611  0.2510 
   00018    0.663314 -677940.2946  0.2511 
   00019    0.660937 -686736.6579  0.2511 
   00020    0.657147 -695207.9235  0.2512 
   00021    0.655414 -703728.0782  0.2511 
   00022    0.653949 -711764.5168  0.2512 
   00023    0.649739 -719865.6462  0.2511 
   00024    0.648857 -727815.9153  0.2512 
   00025    0.644978 -735369.8104  0.2512 
   00026    0.644388 -742791.4966  0.2512 
   00027    0.640961 -750107.7463  0.2510 
   00028    0.638765 -757685.6554  0.2510 
   00029    0.636537 -764690.3877  0.2512 
   00030    0.635914 -771609.6446  0.2511 
   00031    0.634129 -778324.5494  0.2512 
   00032    0.631649 -785181.8256  0.2512 
   00033    0.628720 -791767.5570  0.2511 
   00034    0.626151 -798244.6465  0.2508 
   00035    0.624165 -804559.7267  0.2509 
   00036    0.621578 -811142.7709  0.2508 
   00037    0.622567 -817386.2767  0.2508 
   00038    0.620220 -823596.3116  0.2509 
   00039    0.617476 -829564.3748  0.2509 
   00040    0.615963 -835658.7449  0.2509 
   00041    0.614545 -841511.3921  0.2508 
   00042    0.612653 -847291.9040  0.2510 
   00043    0.609847 -853421.0826  0.2512 
   00044    0.609502 -859126.4382  0.2514 
   00045    0.606435 -864592.5198  0.2516 
   00046    0.605122 -870346.7748  0.2517 
   00047    0.605845 -875768.5852  0.2516 
   00048    0.602355 -881367.3338  0.2515 
   00049    0.599498 -886943.7659  0.2514 
   00050    0.600447 -892353.0845  0.2513 
