Running tests
Before activation python =  /mnt/storage/software/languages/miniconda/miniconda3.11.3-CompressAI-Vision0.1.3/bin/python
After activation python = /user/home/ib20120/.conda/envs/LL_env/bin/python
Intel(R) Parallel Studio XE 2020 Update 4 for Linux*
Copyright 2009-2020 Intel Corporation.
15 rank
11 rank
9 rank
13 rank
8 rank
10 rank
14 rank
12 rank
1 rank
2 rank
3 rank
4 rank
5 rank
6 rank
7 rank
16 rank
18 rank
19 rank
21 rank
23 rank
20 rank
22 rank
17 rank
0 rank
MPI_Vec_LL.py: Size: 400, Steps: 50, T*: 0.500: Order: 0.251, Time: 132.546221 s
MPI_Vec_Jit_LL.py: Size: 400, Steps: 50, T*: 0.500: Order: 0.253, Time: 4.577569 s
#=====================================================
# MPI Monte Carlo
# Num Procs:           24
# File created:        Tue-07-Nov-2023-at-08-09-37PM
# Size of lattice:     400x400
# Number of MC steps:  50
# Reduced temperature: 0.500
#=====================================================
# Run time (s):        4.577569
   00000    0.500000 -159239.5029  0.2518 
   00001    0.715644 -163154.2501  0.2516 
   00002    0.712806 -166959.4716  0.2517 
   00003    0.708306 -170710.1137  0.2511 
   00004    0.705831 -174306.4213  0.2510 
   00005    0.702619 -177991.6925  0.2508 
   00006    0.695562 -181502.7299  0.2510 
   00007    0.694656 -185099.7585  0.2512 
   00008    0.693338 -188343.5062  0.2513 
   00009    0.689319 -191713.0017  0.2516 
   00010    0.682344 -195099.0569  0.2522 
   00011    0.682006 -198274.7174  0.2520 
   00012    0.677937 -201464.9244  0.2523 
   00013    0.675444 -204578.9235  0.2528 
   00014    0.671438 -207593.8276  0.2528 
   00015    0.671500 -210637.6492  0.2528 
   00016    0.664681 -213536.2302  0.2527 
   00017    0.664781 -216645.6133  0.2526 
   00018    0.661056 -219501.3723  0.2527 
   00019    0.657050 -222299.1289  0.2526 
   00020    0.654769 -224945.9711  0.2526 
   00021    0.656919 -227626.7085  0.2526 
   00022    0.652925 -230341.7132  0.2528 
   00023    0.649094 -232852.9542  0.2531 
   00024    0.648744 -235384.7958  0.2533 
   00025    0.643806 -237830.3105  0.2532 
   00026    0.639212 -240217.7764  0.2530 
   00027    0.641044 -242472.6209  0.2530 
   00028    0.639269 -244844.2051  0.2529 
   00029    0.635138 -247125.0478  0.2531 
   00030    0.631706 -249335.3373  0.2531 
   00031    0.631319 -251482.2580  0.2531 
   00032    0.630906 -253791.0202  0.2530 
   00033    0.626313 -256039.6461  0.2529 
   00034    0.626056 -258233.4244  0.2528 
   00035    0.623144 -260215.0011  0.2529 
   00036    0.620275 -262287.9619  0.2533 
   00037    0.619112 -264189.6423  0.2533 
   00038    0.617600 -266206.3859  0.2535 
   00039    0.616663 -268180.3423  0.2535 
   00040    0.616006 -270070.6640  0.2536 
   00041    0.613237 -271965.6961  0.2538 
   00042    0.610156 -273904.7325  0.2537 
   00043    0.609369 -275827.5529  0.2537 
   00044    0.607606 -277689.2426  0.2538 
   00045    0.608194 -279624.6666  0.2536 
   00046    0.606756 -281340.1493  0.2535 
   00047    0.602144 -283172.7968  0.2531 
   00048    0.600775 -284997.7517  0.2532 
   00049    0.598944 -286811.1166  0.2529 
   00050    0.596437 -288623.7844  0.2528 
