Running tests
Before activation python =  /mnt/storage/software/languages/miniconda/miniconda3.11.3-CompressAI-Vision0.1.3/bin/python
After activation python = /user/home/ib20120/.conda/envs/LL_env/bin/python
Intel(R) Parallel Studio XE 2020 Update 4 for Linux*
Copyright 2009-2020 Intel Corporation.
7 rank
5 rank
9 rank
3 rank
8 rank
4 rank
6 rank
1 rank
2 rank
0 rank
MPI_Vec_LL.py: Size: 700, Steps: 50, T*: 0.500: Order: 0.251, Time: 405.337225 s
MPI_Vec_Jit_LL.py: Size: 700, Steps: 50, T*: 0.500: Order: 0.253, Time: 27.326111 s
#=====================================================
# MPI Monte Carlo
# Num Procs:           10
# File created:        Tue-07-Nov-2023-at-06-42-39PM
# Size of lattice:     700x700
# Number of MC steps:  50
# Reduced temperature: 0.500
#=====================================================
# Run time (s):        27.326111
   00000    0.500000 -488300.7214  0.2521 
   00001    0.713557 -518463.2761  0.2521 
   00002    0.704973 -546815.4753  0.2518 
   00003    0.696839 -573353.3618  0.2518 
   00004    0.689157 -598385.1065  0.2515 
   00005    0.681273 -622091.7966  0.2513 
   00006    0.675496 -645146.2195  0.2512 
   00007    0.668900 -667234.2093  0.2513 
   00008    0.660718 -688518.5290  0.2515 
   00009    0.654829 -709028.8970  0.2516 
   00010    0.651367 -727964.1994  0.2516 
   00011    0.645190 -746416.7322  0.2519 
   00012    0.638208 -764334.5474  0.2518 
   00013    0.634216 -781263.4051  0.2520 
   00014    0.628910 -797316.6057  0.2522 
   00015    0.624708 -812941.3253  0.2518 
   00016    0.619484 -827561.6200  0.2517 
   00017    0.614702 -842511.2186  0.2517 
   00018    0.612665 -856384.9008  0.2520 
   00019    0.607543 -869897.3113  0.2522 
   00020    0.603259 -882916.8275  0.2523 
   00021    0.600529 -895633.5770  0.2522 
   00022    0.595635 -907658.1271  0.2522 
   00023    0.591690 -919542.4595  0.2523 
   00024    0.588988 -930763.2516  0.2524 
   00025    0.587124 -942191.3219  0.2525 
   00026    0.581859 -953305.3672  0.2529 
   00027    0.580431 -964373.3659  0.2528 
   00028    0.576604 -974842.4295  0.2528 
   00029    0.574606 -984978.9968  0.2530 
   00030    0.571929 -994969.9612  0.2530 
   00031    0.568641 -1004183.0432  0.2531 
   00032    0.565612 -1013533.3984  0.2532 
   00033    0.561190 -1022555.4598  0.2533 
   00034    0.561008 -1030878.7424  0.2530 
   00035    0.558355 -1039108.0364  0.2530 
   00036    0.556014 -1047348.4477  0.2530 
   00037    0.553859 -1055645.9255  0.2530 
   00038    0.551727 -1063762.0564  0.2534 
   00039    0.550996 -1071307.5609  0.2534 
   00040    0.547461 -1078809.9579  0.2533 
   00041    0.546673 -1086082.6849  0.2533 
   00042    0.543882 -1093375.1963  0.2534 
   00043    0.539910 -1100383.9614  0.2537 
   00044    0.538773 -1107224.0624  0.2535 
   00045    0.537749 -1114221.7743  0.2535 
   00046    0.535871 -1120975.4681  0.2534 
   00047    0.534061 -1127031.9770  0.2533 
   00048    0.532257 -1133174.8399  0.2531 
   00049    0.531667 -1139411.3109  0.2530 
   00050    0.530182 -1145397.8821  0.2530 
