Running tests
Before activation python =  /mnt/storage/software/languages/miniconda/miniconda3.11.3-CompressAI-Vision0.1.3/bin/python
After activation python = /user/home/ib20120/.conda/envs/LL_env/bin/python
Intel(R) Parallel Studio XE 2020 Update 4 for Linux*
Copyright 2009-2020 Intel Corporation.
18 rank
19 rank
17 rank
15 rank
11 rank
14 rank
7 rank
3 rank
16 rank
6 rank
2 rank
10 rank
9 rank
13 rank
1 rank
5 rank
4 rank
12 rank
8 rank
0 rank
MPI_Vec_LL.py: Size: 500, Steps: 50, T*: 0.500: Order: 0.251, Time: 199.568116 s
MPI_Vec_Jit_LL.py: Size: 500, Steps: 50, T*: 0.500: Order: 0.252, Time: 7.462302 s
#=====================================================
# MPI Monte Carlo
# Num Procs:           20
# File created:        Tue-07-Nov-2023-at-07-46-49PM
# Size of lattice:     500x500
# Number of MC steps:  50
# Reduced temperature: 0.500
#=====================================================
# Run time (s):        7.462302
   00000    0.500000 -251051.8114  0.2506 
   00001    0.717100 -258933.2575  0.2509 
   00002    0.711296 -266455.4548  0.2507 
   00003    0.708908 -273571.7563  0.2506 
   00004    0.702548 -280403.8338  0.2506 
   00005    0.698124 -286932.4004  0.2503 
   00006    0.697628 -293872.4658  0.2507 
   00007    0.691060 -300336.2805  0.2503 
   00008    0.688092 -306674.9986  0.2503 
   00009    0.682660 -312642.4787  0.2505 
   00010    0.680800 -318739.4989  0.2504 
   00011    0.673616 -324767.4948  0.2505 
   00012    0.673644 -330762.6567  0.2505 
   00013    0.672500 -336353.8648  0.2506 
   00014    0.667328 -341804.4441  0.2505 
   00015    0.663068 -347138.1867  0.2506 
   00016    0.658688 -352249.8628  0.2505 
   00017    0.655584 -357494.7703  0.2505 
   00018    0.655288 -362589.6295  0.2505 
   00019    0.650616 -367594.3546  0.2505 
   00020    0.648412 -372453.7642  0.2504 
   00021    0.647044 -377122.4936  0.2505 
   00022    0.644664 -381643.9934  0.2509 
   00023    0.638876 -385949.0012  0.2509 
   00024    0.636164 -390353.4946  0.2509 
   00025    0.632996 -394687.9106  0.2512 
   00026    0.632720 -398896.6331  0.2512 
   00027    0.631656 -403081.1533  0.2512 
   00028    0.626844 -407171.9815  0.2511 
   00029    0.625688 -411178.3644  0.2509 
   00030    0.623908 -415171.5969  0.2510 
   00031    0.622656 -419061.0947  0.2511 
   00032    0.617140 -422927.8929  0.2510 
   00033    0.616092 -426851.2157  0.2513 
   00034    0.613604 -430512.0519  0.2512 
   00035    0.610372 -434265.9665  0.2512 
   00036    0.608036 -437674.9657  0.2511 
   00037    0.607824 -441177.6217  0.2511 
   00038    0.606268 -444615.0614  0.2511 
   00039    0.602108 -448049.0100  0.2511 
   00040    0.601372 -451392.4351  0.2513 
   00041    0.600128 -454644.1965  0.2516 
   00042    0.599412 -458082.9115  0.2515 
   00043    0.597932 -461189.2565  0.2514 
   00044    0.592664 -464345.0363  0.2515 
   00045    0.596096 -467551.1262  0.2516 
   00046    0.593904 -470672.7128  0.2516 
   00047    0.588164 -473419.1848  0.2515 
   00048    0.588408 -476502.4809  0.2515 
   00049    0.589904 -479572.4919  0.2516 
   00050    0.585816 -482476.9725  0.2514 
