Running tests
Before activation python =  /mnt/storage/software/languages/miniconda/miniconda3.11.3-CompressAI-Vision0.1.3/bin/python
After activation python = /user/home/ib20120/.conda/envs/LL_env/bin/python
Intel(R) Parallel Studio XE 2020 Update 4 for Linux*
Copyright 2009-2020 Intel Corporation.
11 rank
15 rank
14 rank
9 rank
12 rank
13 rank
4 rank
5 rank
6 rank
7 rank
1 rank
3 rank
10 rank
2 rank
8 rank
0 rank
MPI_Vec_LL.py: Size: 400, Steps: 50, T*: 0.500: Order: 0.251, Time: 130.040781 s
MPI_Vec_Jit_LL.py: Size: 400, Steps: 50, T*: 0.500: Order: 0.256, Time: 7.757172 s
#=====================================================
# MPI Monte Carlo
# Num Procs:           16
# File created:        Tue-07-Nov-2023-at-07-21-37PM
# Size of lattice:     400x400
# Number of MC steps:  50
# Reduced temperature: 0.500
#=====================================================
# Run time (s):        7.757172
   00000    0.500000 -160879.6958  0.2535 
   00001    0.716256 -166939.2736  0.2535 
   00002    0.713719 -172695.0713  0.2539 
   00003    0.705069 -178486.1788  0.2539 
   00004    0.699369 -183821.9887  0.2538 
   00005    0.694100 -189098.4031  0.2535 
   00006    0.688256 -194209.0240  0.2534 
   00007    0.688631 -199439.1561  0.2538 
   00008    0.680837 -204187.0982  0.2537 
   00009    0.673581 -208914.6735  0.2534 
   00010    0.671856 -213471.7218  0.2537 
   00011    0.667794 -217961.8593  0.2539 
   00012    0.665162 -222236.5064  0.2543 
   00013    0.659606 -226309.8356  0.2546 
   00014    0.658312 -230247.2329  0.2545 
   00015    0.652244 -234283.3665  0.2542 
   00016    0.646613 -237997.2011  0.2544 
   00017    0.646600 -241914.8276  0.2546 
   00018    0.642463 -245596.3056  0.2551 
   00019    0.638663 -249120.2542  0.2552 
   00020    0.634906 -252721.2751  0.2558 
   00021    0.634275 -255956.3601  0.2562 
   00022    0.629513 -259348.1440  0.2563 
   00023    0.626306 -262530.5796  0.2567 
   00024    0.623062 -265647.8209  0.2564 
   00025    0.622450 -268590.0708  0.2561 
   00026    0.619681 -271880.2742  0.2562 
   00027    0.613788 -274856.6543  0.2560 
   00028    0.610444 -277531.5301  0.2562 
   00029    0.610475 -280386.0381  0.2562 
   00030    0.606706 -283076.5701  0.2560 
   00031    0.607550 -285885.4021  0.2556 
   00032    0.605244 -288562.7147  0.2554 
   00033    0.600869 -291390.7016  0.2556 
   00034    0.600938 -293883.5297  0.2558 
   00035    0.599081 -296204.4900  0.2557 
   00036    0.592375 -298698.6575  0.2555 
   00037    0.592094 -301105.3057  0.2557 
   00038    0.589987 -303514.3319  0.2557 
   00039    0.584937 -305883.0241  0.2555 
   00040    0.588363 -308190.0940  0.2557 
   00041    0.584087 -310363.3813  0.2556 
   00042    0.582063 -312530.5886  0.2556 
   00043    0.582350 -314585.4562  0.2554 
   00044    0.578150 -316590.5619  0.2556 
   00045    0.574475 -318581.8279  0.2560 
   00046    0.575762 -320620.1252  0.2563 
   00047    0.572781 -322477.5334  0.2562 
   00048    0.566612 -324441.3032  0.2561 
   00049    0.571319 -326524.8390  0.2558 
   00050    0.565087 -328525.5761  0.2562 
