Running tests
Before activation python =  /mnt/storage/software/languages/miniconda/miniconda3.11.3-CompressAI-Vision0.1.3/bin/python
After activation python = /user/home/ib20120/.conda/envs/LL_env/bin/python
Intel(R) Parallel Studio XE 2020 Update 4 for Linux*
Copyright 2009-2020 Intel Corporation.
1 rank
3 rank
4 rank
5 rank
6 rank
7 rank
9 rank
11 rank
12 rank
13 rank
14 rank
15 rank
2 rank
8 rank
10 rank
0 rank
MPI_Vec_LL.py: Size: 200, Steps: 50, T*: 0.500: Order: 0.252, Time: 36.480665 s
MPI_Vec_Jit_LL.py: Size: 200, Steps: 50, T*: 0.500: Order: 0.254, Time: 2.465407 s
#=====================================================
# MPI Monte Carlo
# Num Procs:           16
# File created:        Tue-07-Nov-2023-at-07-16-36PM
# Size of lattice:     200x200
# Number of MC steps:  50
# Reduced temperature: 0.500
#=====================================================
# Run time (s):        2.465407
   00000    0.500000  -39661.6919  0.2523 
   00001    0.717825  -41164.5054  0.2526 
   00002    0.711600  -42455.8201  0.2525 
   00003    0.704000  -43927.4363  0.2528 
   00004    0.695000  -45239.0062  0.2530 
   00005    0.691150  -46446.3517  0.2532 
   00006    0.692950  -47676.4504  0.2534 
   00007    0.680100  -48915.2729  0.2534 
   00008    0.681400  -50100.2807  0.2542 
   00009    0.673400  -51207.9620  0.2547 
   00010    0.670675  -52289.1099  0.2552 
   00011    0.663175  -53319.5391  0.2549 
   00012    0.663100  -54445.7258  0.2552 
   00013    0.657725  -55533.9952  0.2555 
   00014    0.658375  -56560.6629  0.2552 
   00015    0.650500  -57485.2541  0.2541 
   00016    0.646325  -58433.7291  0.2534 
   00017    0.647075  -59337.3513  0.2528 
   00018    0.645150  -60295.5766  0.2520 
   00019    0.638950  -61232.6491  0.2523 
   00020    0.635775  -62062.5683  0.2537 
   00021    0.631250  -62953.9357  0.2541 
   00022    0.630575  -63690.4683  0.2550 
   00023    0.625950  -64478.3546  0.2555 
   00024    0.622675  -65274.3189  0.2556 
   00025    0.617700  -65981.5318  0.2552 
   00026    0.617600  -66756.8051  0.2552 
   00027    0.611700  -67577.2388  0.2552 
   00028    0.611925  -68182.6329  0.2546 
   00029    0.607350  -68921.4686  0.2549 
   00030    0.611075  -69551.1881  0.2546 
   00031    0.604725  -70275.4747  0.2541 
   00032    0.601500  -70929.7806  0.2551 
   00033    0.598175  -71525.7780  0.2552 
   00034    0.602175  -72095.7664  0.2549 
   00035    0.591400  -72697.6204  0.2553 
   00036    0.594450  -73363.3385  0.2550 
   00037    0.592000  -73963.8367  0.2549 
   00038    0.586225  -74527.6308  0.2553 
   00039    0.584125  -75127.6969  0.2553 
   00040    0.584000  -75687.7342  0.2543 
   00041    0.578925  -76281.6892  0.2538 
   00042    0.582250  -76949.7982  0.2533 
   00043    0.576425  -77544.6826  0.2532 
   00044    0.577700  -78031.2738  0.2535 
   00045    0.578000  -78581.2651  0.2538 
   00046    0.572475  -79085.9037  0.2540 
   00047    0.570625  -79531.2198  0.2540 
   00048    0.569250  -80033.8891  0.2533 
   00049    0.566025  -80556.8953  0.2535 
   00050    0.563575  -80990.4486  0.2528 
