Running tests
Before activation python =  /mnt/storage/software/languages/miniconda/miniconda3.11.3-CompressAI-Vision0.1.3/bin/python
After activation python = /user/home/ib20120/.conda/envs/LL_env/bin/python
Intel(R) Parallel Studio XE 2020 Update 4 for Linux*
Copyright 2009-2020 Intel Corporation.
7 rank
11 rank
14 rank
15 rank
3 rank
16 rank
17 rank
18 rank
19 rank
1 rank
5 rank
9 rank
13 rank
12 rank
4 rank
6 rank
2 rank
10 rank
8 rank
0 rank
MPI_Vec_LL.py: Size: 600, Steps: 50, T*: 0.500: Order: 0.251, Time: 292.851421 s
MPI_Vec_Jit_LL.py: Size: 600, Steps: 50, T*: 0.500: Order: 0.253, Time: 10.866980 s
#=====================================================
# MPI Monte Carlo
# Num Procs:           20
# File created:        Tue-07-Nov-2023-at-07-51-12PM
# Size of lattice:     600x600
# Number of MC steps:  50
# Reduced temperature: 0.500
#=====================================================
# Run time (s):        10.866980
   00000    0.500000 -360198.6594  0.2516 
   00001    0.711603 -371267.9890  0.2517 
   00002    0.711419 -381792.8472  0.2516 
   00003    0.707989 -391975.1114  0.2514 
   00004    0.704797 -401937.3476  0.2512 
   00005    0.699078 -411738.8136  0.2510 
   00006    0.694731 -421445.0083  0.2510 
   00007    0.691647 -430547.0732  0.2512 
   00008    0.689161 -439843.0339  0.2514 
   00009    0.685494 -449062.9809  0.2515 
   00010    0.679092 -458085.0076  0.2516 
   00011    0.675256 -466618.0958  0.2516 
   00012    0.672917 -474808.2241  0.2515 
   00013    0.671281 -483170.8082  0.2515 
   00014    0.667775 -491294.2904  0.2514 
   00015    0.664258 -499107.2192  0.2513 
   00016    0.660958 -506652.5267  0.2513 
   00017    0.657067 -513917.6306  0.2514 
   00018    0.657322 -521119.5451  0.2513 
   00019    0.651947 -528247.2080  0.2515 
   00020    0.647858 -535347.3815  0.2517 
   00021    0.644831 -541993.8084  0.2515 
   00022    0.642797 -548684.1882  0.2516 
   00023    0.641092 -555274.0061  0.2519 
   00024    0.638972 -561520.5803  0.2516 
   00025    0.635833 -567664.2955  0.2517 
   00026    0.632044 -573762.7344  0.2520 
   00027    0.631186 -579984.6809  0.2519 
   00028    0.630733 -585718.2643  0.2519 
   00029    0.625481 -591246.2775  0.2523 
   00030    0.623294 -597194.7147  0.2522 
   00031    0.619872 -602747.5747  0.2523 
   00032    0.618864 -608389.2759  0.2523 
   00033    0.615819 -613858.5056  0.2523 
   00034    0.614536 -618984.3001  0.2525 
   00035    0.612922 -624263.6063  0.2527 
   00036    0.610933 -629346.7572  0.2529 
   00037    0.608858 -634440.2257  0.2530 
   00038    0.606925 -639441.3084  0.2529 
   00039    0.604808 -644231.7745  0.2529 
   00040    0.603939 -648997.3266  0.2532 
   00041    0.602081 -653622.9300  0.2531 
   00042    0.597583 -658451.7552  0.2531 
   00043    0.595744 -663139.9469  0.2529 
   00044    0.594986 -667635.8352  0.2530 
   00045    0.592725 -672122.5348  0.2531 
   00046    0.591725 -676572.8232  0.2531 
   00047    0.589778 -680895.1805  0.2531 
   00048    0.587197 -685208.8290  0.2530 
   00049    0.587753 -689392.5894  0.2529 
   00050    0.586372 -693454.3007  0.2531 
