Running tests
Before activation python =  /mnt/storage/software/languages/miniconda/miniconda3.11.3-CompressAI-Vision0.1.3/bin/python
After activation python = /user/home/ib20120/.conda/envs/LL_env/bin/python
Intel(R) Parallel Studio XE 2020 Update 4 for Linux*
Copyright 2009-2020 Intel Corporation.
5 rank
7 rank
4 rank
6 rank
1 rank
3 rank
9 rank
10 rank
11 rank
8 rank
2 rank
0 rank
MPI_Vec_LL.py: Size: 1000, Steps: 50, T*: 0.500: Order: 0.253, Time: 847.855095 s
MPI_Vec_Jit_LL.py: Size: 1000, Steps: 50, T*: 0.500: Order: 0.251, Time: 37.930524 s
#=====================================================
# MPI Monte Carlo
# Num Procs:           12
# File created:        Tue-07-Nov-2023-at-07-08-17PM
# Size of lattice:     1000x1000
# Number of MC steps:  50
# Reduced temperature: 0.500
#=====================================================
# Run time (s):        37.930524
   00000    0.500000 -1001526.5058  0.2507 
   00001    0.714346 -1052222.3467  0.2507 
   00002    0.707337 -1100466.2915  0.2509 
   00003    0.700629 -1146552.1746  0.2509 
   00004    0.694350 -1190503.4414  0.2510 
   00005    0.687500 -1233356.4294  0.2511 
   00006    0.680653 -1273473.1195  0.2510 
   00007    0.675568 -1312226.3325  0.2512 
   00008    0.670281 -1349584.0344  0.2511 
   00009    0.665798 -1386165.1840  0.2509 
   00010    0.658586 -1420928.3947  0.2509 
   00011    0.653671 -1454089.5882  0.2507 
   00012    0.649596 -1486753.9031  0.2506 
   00013    0.644271 -1517570.5151  0.2506 
   00014    0.641099 -1547899.7130  0.2506 
   00015    0.636573 -1576589.1829  0.2507 
   00016    0.630727 -1604371.1755  0.2506 
   00017    0.628539 -1631302.7614  0.2506 
   00018    0.624178 -1658127.9287  0.2508 
   00019    0.620251 -1683622.4447  0.2507 
   00020    0.616275 -1708292.1996  0.2506 
   00021    0.613154 -1732163.1826  0.2506 
   00022    0.609177 -1755993.1065  0.2506 
   00023    0.606089 -1778352.0018  0.2508 
   00024    0.602415 -1800558.5132  0.2508 
   00025    0.599856 -1822248.7474  0.2508 
   00026    0.597697 -1842916.0616  0.2510 
   00027    0.595334 -1863296.8617  0.2510 
   00028    0.590652 -1882643.2844  0.2510 
   00029    0.588786 -1902409.8235  0.2508 
   00030    0.586483 -1921027.7279  0.2507 
   00031    0.582583 -1939836.6307  0.2507 
   00032    0.580328 -1957981.9514  0.2506 
   00033    0.578406 -1975335.8577  0.2506 
   00034    0.575243 -1992148.7903  0.2506 
   00035    0.573585 -2009489.5449  0.2506 
   00036    0.570183 -2026471.3081  0.2507 
   00037    0.568624 -2042821.6299  0.2508 
   00038    0.566056 -2058707.5963  0.2507 
   00039    0.565490 -2074146.3143  0.2506 
   00040    0.562620 -2089139.0619  0.2506 
   00041    0.560947 -2103661.9773  0.2505 
   00042    0.557910 -2118056.4938  0.2507 
   00043    0.556136 -2132290.6473  0.2506 
   00044    0.555121 -2146350.1582  0.2508 
   00045    0.552642 -2159524.4042  0.2509 
   00046    0.549193 -2173112.7689  0.2508 
   00047    0.549047 -2186074.1190  0.2508 
   00048    0.548120 -2198766.1344  0.2507 
   00049    0.546112 -2211781.1567  0.2506 
   00050    0.544225 -2224040.2569  0.2505 
