Running tests
Before activation python =  /mnt/storage/software/languages/miniconda/miniconda3.11.3-CompressAI-Vision0.1.3/bin/python
After activation python = /user/home/ib20120/.conda/envs/LL_env/bin/python
Intel(R) Parallel Studio XE 2020 Update 4 for Linux*
Copyright 2009-2020 Intel Corporation.
4 rank
5 rank
1 rank
2 rank
3 rank
0 rank
MPI_Vec_LL.py: Size: 100, Steps: 50, T*: 0.500: Order: 0.283, Time: 8.942953 s
MPI_Vec_Jit_LL.py: Size: 100, Steps: 50, T*: 0.500: Order: 0.282, Time: 1.207011 s
#=====================================================
# MPI Monte Carlo
# Num Procs:           6
# File created:        Tue-07-Nov-2023-at-06-05-58PM
# Size of lattice:     100x100
# Number of MC steps:  50
# Reduced temperature: 0.500
#=====================================================
# Run time (s):        1.207011
   00000    0.500000  -10102.7129  0.2538 
   00001    0.711100  -11069.3480  0.2526 
   00002    0.702000  -11907.2780  0.2549 
   00003    0.685300  -12685.9621  0.2552 
   00004    0.664400  -13432.1243  0.2571 
   00005    0.666600  -14138.6918  0.2577 
   00006    0.643900  -14685.2394  0.2578 
   00007    0.640100  -15244.5661  0.2564 
   00008    0.634400  -15932.7845  0.2575 
   00009    0.630700  -16417.6667  0.2601 
   00010    0.618200  -16897.8917  0.2602 
   00011    0.606000  -17336.6085  0.2620 
   00012    0.596700  -17790.4694  0.2632 
   00013    0.599700  -18175.2729  0.2630 
   00014    0.579700  -18562.8145  0.2641 
   00015    0.590100  -18926.3380  0.2650 
   00016    0.574800  -19346.4975  0.2664 
   00017    0.577600  -19775.3564  0.2685 
   00018    0.577900  -20146.3245  0.2705 
   00019    0.559800  -20446.3237  0.2722 
   00020    0.561600  -20757.7018  0.2726 
   00021    0.562300  -21046.1904  0.2710 
   00022    0.560400  -21295.8259  0.2706 
   00023    0.547300  -21555.5360  0.2690 
   00024    0.544400  -21757.7991  0.2717 
   00025    0.541000  -22025.4443  0.2713 
   00026    0.528900  -22209.9591  0.2740 
   00027    0.529300  -22476.8463  0.2760 
   00028    0.533600  -22724.7406  0.2768 
   00029    0.531200  -22989.0197  0.2775 
   00030    0.541500  -23190.0071  0.2768 
   00031    0.515200  -23416.1929  0.2762 
   00032    0.517600  -23613.2037  0.2758 
   00033    0.516900  -23767.1165  0.2750 
   00034    0.516600  -23967.3622  0.2761 
   00035    0.527900  -24164.9611  0.2767 
   00036    0.528700  -24327.2632  0.2751 
   00037    0.514400  -24496.4061  0.2740 
   00038    0.509500  -24625.3773  0.2743 
   00039    0.519800  -24804.5064  0.2757 
   00040    0.503800  -24995.4047  0.2755 
   00041    0.506500  -25184.4618  0.2768 
   00042    0.494900  -25306.3494  0.2782 
   00043    0.495700  -25407.3447  0.2800 
   00044    0.494900  -25532.4708  0.2803 
   00045    0.502300  -25664.3047  0.2808 
   00046    0.494400  -25805.4102  0.2821 
   00047    0.500300  -25954.0970  0.2825 
   00048    0.491000  -26068.5182  0.2819 
   00049    0.483300  -26163.0449  0.2821 
   00050    0.499600  -26268.8360  0.2832 
