Running tests
Before activation python =  /mnt/storage/software/languages/miniconda/miniconda3.11.3-CompressAI-Vision0.1.3/bin/python
After activation python = /user/home/ib20120/.conda/envs/LL_env/bin/python
Intel(R) Parallel Studio XE 2020 Update 4 for Linux*
Copyright 2009-2020 Intel Corporation.
3 rank
5 rank
1 rank
4 rank
2 rank
0 rank
MPI_Vec_LL.py: Size: 800, Steps: 50, T*: 0.500: Order: 0.252, Time: 572.799604 s
MPI_Vec_Jit_LL.py: Size: 800, Steps: 50, T*: 0.500: Order: 0.252, Time: 40.704173 s
#=====================================================
# MPI Monte Carlo
# Num Procs:           6
# File created:        Tue-07-Nov-2023-at-06-17-40PM
# Size of lattice:     800x800
# Number of MC steps:  50
# Reduced temperature: 0.500
#=====================================================
# Run time (s):        40.704173
   00000    0.500000 -639500.9620  0.2504 
   00001    0.711770 -702834.8555  0.2505 
   00002    0.697509 -760891.6111  0.2506 
   00003    0.684875 -814120.1869  0.2509 
   00004    0.673162 -863434.6717  0.2512 
   00005    0.661705 -908452.8373  0.2516 
   00006    0.651939 -950462.7526  0.2518 
   00007    0.642433 -989859.8237  0.2517 
   00008    0.633136 -1027087.0197  0.2515 
   00009    0.626075 -1061502.9181  0.2515 
   00010    0.617925 -1093304.8877  0.2512 
   00011    0.609902 -1123405.1642  0.2514 
   00012    0.604662 -1151820.8215  0.2511 
   00013    0.598120 -1179153.3862  0.2511 
   00014    0.593748 -1205109.2892  0.2510 
   00015    0.586542 -1229389.6115  0.2509 
   00016    0.582322 -1252760.7617  0.2508 
   00017    0.577225 -1275331.5125  0.2509 
   00018    0.572830 -1295928.9791  0.2512 
   00019    0.568039 -1316394.1856  0.2512 
   00020    0.563013 -1335698.8764  0.2512 
   00021    0.560269 -1354326.0000  0.2513 
   00022    0.556848 -1372159.4915  0.2513 
   00023    0.551511 -1389801.9120  0.2514 
   00024    0.547469 -1406689.1648  0.2515 
   00025    0.544720 -1422818.3555  0.2511 
   00026    0.540703 -1437891.6432  0.2514 
   00027    0.539702 -1452528.2364  0.2515 
   00028    0.535527 -1466829.4203  0.2518 
   00029    0.533294 -1480048.0704  0.2517 
   00030    0.529975 -1493610.9850  0.2517 
   00031    0.527414 -1506833.6731  0.2520 
   00032    0.524677 -1519393.5099  0.2520 
   00033    0.520442 -1532087.7313  0.2522 
   00034    0.520388 -1543662.0109  0.2521 
   00035    0.517944 -1554961.7082  0.2520 
   00036    0.515184 -1565851.3494  0.2518 
   00037    0.513178 -1576133.9344  0.2518 
   00038    0.512350 -1586840.3997  0.2521 
   00039    0.508569 -1596948.1620  0.2522 
   00040    0.509816 -1606452.6441  0.2520 
   00041    0.505600 -1615718.1834  0.2523 
   00042    0.504166 -1624928.2525  0.2524 
   00043    0.501941 -1634020.4076  0.2521 
   00044    0.499920 -1642756.4476  0.2520 
   00045    0.499330 -1651301.9709  0.2521 
   00046    0.497655 -1659786.5062  0.2522 
   00047    0.496436 -1667150.1494  0.2521 
   00048    0.494373 -1674453.9116  0.2522 
   00049    0.494261 -1681508.9227  0.2522 
   00050    0.491647 -1688657.3562  0.2524 
