Running tests
Before activation python =  /mnt/storage/software/languages/miniconda/miniconda3.11.3-CompressAI-Vision0.1.3/bin/python
After activation python = /user/home/ib20120/.conda/envs/LL_env/bin/python
Intel(R) Parallel Studio XE 2020 Update 4 for Linux*
Copyright 2009-2020 Intel Corporation.
11 rank
6 rank
7 rank
10 rank
2 rank
3 rank
1 rank
4 rank
8 rank
13 rank
5 rank
9 rank
12 rank
0 rank
MPI_Vec_LL.py: Size: 400, Steps: 50, T*: 0.500: Order: 0.253, Time: 135.219717 s
MPI_Vec_Jit_LL.py: Size: 400, Steps: 50, T*: 0.500: Order: 0.255, Time: 6.036701 s
#=====================================================
# MPI Monte Carlo
# Num Procs:           14
# File created:        Tue-07-Nov-2023-at-07-03-17PM
# Size of lattice:     400x400
# Number of MC steps:  50
# Reduced temperature: 0.500
#=====================================================
# Run time (s):        6.036701
   00000    0.500000 -159611.2504  0.2519 
   00001    0.712925 -166516.8968  0.2518 
   00002    0.710788 -173238.0543  0.2521 
   00003    0.703369 -179240.5711  0.2523 
   00004    0.697531 -185516.9436  0.2521 
   00005    0.690606 -191542.6121  0.2522 
   00006    0.683931 -197334.2249  0.2521 
   00007    0.683169 -203077.6495  0.2518 
   00008    0.676288 -208316.8097  0.2517 
   00009    0.670644 -213603.8908  0.2521 
   00010    0.667331 -218536.5457  0.2522 
   00011    0.661906 -223478.3980  0.2520 
   00012    0.656987 -228012.0330  0.2526 
   00013    0.651963 -232499.5202  0.2524 
   00014    0.650112 -236799.9558  0.2528 
   00015    0.643975 -241029.2390  0.2529 
   00016    0.639700 -245057.8424  0.2527 
   00017    0.635006 -249055.6044  0.2527 
   00018    0.632969 -252990.4257  0.2529 
   00019    0.631506 -256634.5656  0.2526 
   00020    0.626950 -260295.7747  0.2527 
   00021    0.622138 -263927.7726  0.2528 
   00022    0.621613 -267302.1044  0.2526 
   00023    0.616062 -270885.3495  0.2528 
   00024    0.614862 -274300.6665  0.2530 
   00025    0.610363 -277628.3856  0.2531 
   00026    0.610019 -280851.9301  0.2531 
   00027    0.605688 -283806.5189  0.2535 
   00028    0.603931 -286890.3575  0.2536 
   00029    0.601794 -289715.8008  0.2539 
   00030    0.598988 -292598.3309  0.2539 
   00031    0.594056 -295497.5122  0.2538 
   00032    0.592869 -298195.4612  0.2540 
   00033    0.591569 -300828.8585  0.2539 
   00034    0.587081 -303399.4387  0.2542 
   00035    0.582694 -306085.7026  0.2547 
   00036    0.580350 -308667.1538  0.2550 
   00037    0.582675 -311108.1719  0.2552 
   00038    0.577244 -313409.6963  0.2554 
   00039    0.576956 -315730.5988  0.2555 
   00040    0.578875 -317935.8099  0.2556 
   00041    0.571875 -320299.5897  0.2553 
   00042    0.568275 -322601.5696  0.2557 
   00043    0.570394 -324685.4087  0.2554 
   00044    0.565575 -326784.6768  0.2553 
   00045    0.564031 -328909.4211  0.2553 
   00046    0.562950 -331024.0043  0.2549 
   00047    0.562106 -333092.5979  0.2551 
   00048    0.558656 -335186.7338  0.2550 
   00049    0.557113 -337062.1288  0.2552 
   00050    0.557444 -339158.1108  0.2552 
