Running tests
Before activation python =  /mnt/storage/software/languages/miniconda/miniconda3.11.3-CompressAI-Vision0.1.3/bin/python
After activation python = /user/home/ib20120/.conda/envs/LL_env/bin/python
Intel(R) Parallel Studio XE 2020 Update 4 for Linux*
Copyright 2009-2020 Intel Corporation.
5 rank
7 rank
1 rank
3 rank
2 rank
4 rank
6 rank
0 rank
MPI_Vec_LL.py: Size: 800, Steps: 50, T*: 0.500: Order: 0.251, Time: 552.668855 s
MPI_Vec_Jit_LL.py: Size: 800, Steps: 50, T*: 0.500: Order: 0.253, Time: 41.526451 s
#=====================================================
# MPI Monte Carlo
# Num Procs:           8
# File created:        Tue-07-Nov-2023-at-06-29-22PM
# Size of lattice:     800x800
# Number of MC steps:  50
# Reduced temperature: 0.500
#=====================================================
# Run time (s):        41.526451
   00000    0.500000 -639152.6098  0.2503 
   00001    0.713155 -687048.0607  0.2501 
   00002    0.701286 -732508.5393  0.2506 
   00003    0.692034 -775194.2726  0.2508 
   00004    0.683327 -814661.9296  0.2509 
   00005    0.672055 -851952.7120  0.2508 
   00006    0.665741 -886987.7632  0.2505 
   00007    0.657125 -919881.1967  0.2506 
   00008    0.651273 -951244.3174  0.2508 
   00009    0.643750 -981054.6956  0.2506 
   00010    0.636723 -1009086.5365  0.2509 
   00011    0.630341 -1036350.5986  0.2508 
   00012    0.625752 -1062327.6963  0.2511 
   00013    0.618134 -1086641.7804  0.2514 
   00014    0.614666 -1110184.5543  0.2515 
   00015    0.608794 -1132746.9585  0.2517 
   00016    0.603662 -1153969.8460  0.2516 
   00017    0.599425 -1174306.7847  0.2520 
   00018    0.594467 -1194504.5346  0.2520 
   00019    0.591320 -1213603.7637  0.2522 
   00020    0.586270 -1231965.7634  0.2523 
   00021    0.582844 -1249383.4099  0.2525 
   00022    0.578934 -1266177.9443  0.2524 
   00023    0.575623 -1282697.1056  0.2523 
   00024    0.570856 -1298429.1066  0.2524 
   00025    0.569159 -1313799.1692  0.2525 
   00026    0.564331 -1328553.5257  0.2525 
   00027    0.563252 -1343346.7552  0.2526 
   00028    0.557595 -1357560.4618  0.2524 
   00029    0.555123 -1371316.8774  0.2521 
   00030    0.554769 -1384438.6459  0.2519 
   00031    0.550312 -1397309.7850  0.2520 
   00032    0.547547 -1409913.7041  0.2520 
   00033    0.545325 -1422192.1955  0.2521 
   00034    0.542741 -1433957.7744  0.2521 
   00035    0.539362 -1445155.3616  0.2522 
   00036    0.538448 -1456158.7556  0.2524 
   00037    0.537145 -1467079.2053  0.2522 
   00038    0.533312 -1477343.3841  0.2523 
   00039    0.531281 -1487431.5676  0.2522 
   00040    0.530238 -1497573.7211  0.2523 
   00041    0.528258 -1507154.1706  0.2523 
   00042    0.526645 -1516790.4696  0.2523 
   00043    0.525664 -1526028.8535  0.2523 
   00044    0.521522 -1535458.5100  0.2523 
   00045    0.520444 -1544428.6956  0.2524 
   00046    0.518444 -1553215.1488  0.2524 
   00047    0.516791 -1561773.2834  0.2523 
   00048    0.515570 -1570150.4639  0.2524 
   00049    0.514422 -1577796.4487  0.2526 
   00050    0.512284 -1585727.9420  0.2527 
