Running tests
Before activation python =  /mnt/storage/software/languages/miniconda/miniconda3.11.3-CompressAI-Vision0.1.3/bin/python
After activation python = /user/home/ib20120/.conda/envs/LL_env/bin/python
Intel(R) Parallel Studio XE 2020 Update 4 for Linux*
Copyright 2009-2020 Intel Corporation.
1 rank
2 rank
3 rank
5 rank
6 rank
7 rank
4 rank
0 rank
MPI_Vec_LL.py: Size: 400, Steps: 50, T*: 0.500: Order: 0.251, Time: 136.240398 s
MPI_Vec_Jit_LL.py: Size: 400, Steps: 50, T*: 0.500: Order: 0.254, Time: 8.252985 s
#=====================================================
# MPI Monte Carlo
# Num Procs:           8
# File created:        Tue-07-Nov-2023-at-06-13-42PM
# Size of lattice:     400x400
# Number of MC steps:  50
# Reduced temperature: 0.500
#=====================================================
# Run time (s):        8.252985
   00000    0.500000 -160593.1314  0.2520 
   00001    0.713656 -172527.2056  0.2517 
   00002    0.700762 -183592.8070  0.2514 
   00003    0.690456 -193926.8932  0.2509 
   00004    0.683800 -203729.9400  0.2512 
   00005    0.676238 -212637.5473  0.2510 
   00006    0.667112 -221443.0010  0.2509 
   00007    0.656288 -229500.4310  0.2507 
   00008    0.648775 -237239.1106  0.2507 
   00009    0.643794 -244681.3212  0.2504 
   00010    0.636650 -251781.8577  0.2504 
   00011    0.626656 -258617.4143  0.2505 
   00012    0.626012 -264966.4850  0.2505 
   00013    0.619794 -271150.6721  0.2505 
   00014    0.617131 -277231.2300  0.2510 
   00015    0.608513 -282898.8725  0.2507 
   00016    0.602900 -288324.0121  0.2511 
   00017    0.599931 -293577.0703  0.2512 
   00018    0.595631 -298545.2795  0.2514 
   00019    0.592269 -303334.1189  0.2514 
   00020    0.585806 -307741.3515  0.2512 
   00021    0.582856 -312209.8967  0.2510 
   00022    0.578750 -316449.0464  0.2511 
   00023    0.574594 -320427.3114  0.2515 
   00024    0.571863 -324293.8997  0.2513 
   00025    0.568050 -327951.2002  0.2515 
   00026    0.565163 -331698.8161  0.2519 
   00027    0.563750 -335250.6668  0.2518 
   00028    0.558863 -338509.7540  0.2516 
   00029    0.556694 -341831.9155  0.2517 
   00030    0.550319 -345162.2077  0.2519 
   00031    0.549150 -348363.1101  0.2517 
   00032    0.549019 -351559.6285  0.2517 
   00033    0.545737 -354472.2463  0.2517 
   00034    0.545488 -357466.4315  0.2522 
   00035    0.538312 -360272.5214  0.2525 
   00036    0.540100 -363243.3211  0.2531 
   00037    0.535850 -365956.6370  0.2531 
   00038    0.534444 -368538.0759  0.2529 
   00039    0.533381 -371174.1059  0.2528 
   00040    0.526281 -373728.7355  0.2532 
   00041    0.527288 -376173.3023  0.2535 
   00042    0.525481 -378650.4316  0.2538 
   00043    0.524969 -380984.8683  0.2536 
   00044    0.521038 -383309.8786  0.2539 
   00045    0.522106 -385532.1768  0.2542 
   00046    0.518787 -387796.0414  0.2543 
   00047    0.517431 -389913.4583  0.2542 
   00048    0.516069 -392049.2829  0.2540 
   00049    0.514131 -393982.0200  0.2539 
   00050    0.515056 -395987.1416  0.2537 
