Running tests
Before activation python =  /mnt/storage/software/languages/miniconda/miniconda3.11.3-CompressAI-Vision0.1.3/bin/python
After activation python = /user/home/ib20120/.conda/envs/LL_env/bin/python
Intel(R) Parallel Studio XE 2020 Update 4 for Linux*
Copyright 2009-2020 Intel Corporation.
7 rank
6 rank
5 rank
4 rank
1 rank
2 rank
3 rank
8 rank
9 rank
10 rank
11 rank
0 rank
MPI_Vec_LL.py: Size: 800, Steps: 50, T*: 0.500: Order: 0.252, Time: 943.643867 s
MPI_Vec_Jit_LL.py: Size: 800, Steps: 50, T*: 0.500: Order: 0.251, Time: 43.980767 s
#=====================================================
# MPI Monte Carlo
# Num Procs:           12
# File created:        Tue-07-Nov-2023-at-07-08-06PM
# Size of lattice:     800x800
# Number of MC steps:  50
# Reduced temperature: 0.500
#=====================================================
# Run time (s):        43.980767
   00000    0.500000 -640201.1038  0.2505 
   00001    0.714319 -672499.3073  0.2505 
   00002    0.707269 -703178.2881  0.2504 
   00003    0.699122 -732693.4608  0.2505 
   00004    0.693755 -760807.5594  0.2505 
   00005    0.689139 -787890.6219  0.2507 
   00006    0.682502 -813499.6576  0.2506 
   00007    0.675717 -838020.6161  0.2510 
   00008    0.670281 -861651.2393  0.2508 
   00009    0.663798 -885030.6671  0.2510 
   00010    0.659758 -907059.1158  0.2509 
   00011    0.654542 -928656.1299  0.2510 
   00012    0.649353 -949400.2937  0.2511 
   00013    0.644664 -969559.7856  0.2511 
   00014    0.639548 -988748.7669  0.2512 
   00015    0.635391 -1007088.6151  0.2512 
   00016    0.631288 -1024689.3551  0.2512 
   00017    0.627339 -1042680.4453  0.2514 
   00018    0.625927 -1059189.4893  0.2514 
   00019    0.620213 -1075143.1639  0.2514 
   00020    0.616223 -1091300.4779  0.2513 
   00021    0.613067 -1106877.1059  0.2514 
   00022    0.609520 -1121658.9487  0.2514 
   00023    0.606236 -1136185.9164  0.2515 
   00024    0.603039 -1149942.6175  0.2513 
   00025    0.599828 -1163684.6417  0.2513 
   00026    0.596025 -1177272.1474  0.2513 
   00027    0.593359 -1190197.8069  0.2513 
   00028    0.592125 -1202793.7081  0.2515 
   00029    0.588945 -1215019.5207  0.2514 
   00030    0.585289 -1227088.1245  0.2513 
   00031    0.583978 -1238795.2131  0.2513 
   00032    0.579758 -1250106.6070  0.2512 
   00033    0.577980 -1261348.2410  0.2512 
   00034    0.575858 -1272204.8260  0.2510 
   00035    0.572717 -1282940.5455  0.2509 
   00036    0.571183 -1293225.4860  0.2508 
   00037    0.567845 -1303847.6083  0.2508 
   00038    0.567433 -1313901.3163  0.2511 
   00039    0.563147 -1323826.4298  0.2509 
   00040    0.561766 -1333643.9331  0.2509 
   00041    0.558989 -1343182.7753  0.2508 
   00042    0.558036 -1352861.0227  0.2510 
   00043    0.557103 -1362043.6991  0.2511 
   00044    0.553211 -1371002.6219  0.2509 
   00045    0.551773 -1380143.2243  0.2509 
   00046    0.549303 -1388576.8900  0.2509 
   00047    0.548223 -1396980.7365  0.2510 
   00048    0.546928 -1405224.1475  0.2510 
   00049    0.545033 -1413213.3979  0.2512 
   00050    0.543416 -1421410.7637  0.2512 
