Running tests
Before activation python =  /mnt/storage/software/languages/miniconda/miniconda3.11.3-CompressAI-Vision0.1.3/bin/python
After activation python = /user/home/ib20120/.conda/envs/LL_env/bin/python
Intel(R) Parallel Studio XE 2020 Update 4 for Linux*
Copyright 2009-2020 Intel Corporation.
11 rank
10 rank
7 rank
6 rank
2 rank
3 rank
1 rank
5 rank
8 rank
9 rank
12 rank
13 rank
4 rank
0 rank
MPI_Vec_LL.py: Size: 100, Steps: 50, T*: 0.500: Order: 0.263, Time: 9.585103 s
MPI_Vec_Jit_LL.py: Size: 100, Steps: 50, T*: 0.500: Order: 0.265, Time: 2.169590 s
#=====================================================
# MPI Monte Carlo
# Num Procs:           14
# File created:        Tue-07-Nov-2023-at-06-55-29PM
# Size of lattice:     100x100
# Number of MC steps:  50
# Reduced temperature: 0.500
#=====================================================
# Run time (s):        2.169590
   00000    0.500000  -10057.2431  0.2608 
   00001    0.714400  -10525.7118  0.2581 
   00002    0.697600  -10903.7193  0.2579 
   00003    0.692900  -11271.7797  0.2588 
   00004    0.696500  -11669.1784  0.2579 
   00005    0.693700  -12022.4967  0.2582 
   00006    0.690600  -12424.5034  0.2587 
   00007    0.679100  -12825.6613  0.2596 
   00008    0.672000  -13173.2398  0.2596 
   00009    0.673900  -13490.2097  0.2599 
   00010    0.664900  -13806.5890  0.2607 
   00011    0.663100  -14077.0715  0.2584 
   00012    0.663700  -14339.8984  0.2594 
   00013    0.644300  -14610.5852  0.2604 
   00014    0.647100  -14919.9960  0.2596 
   00015    0.635700  -15173.5116  0.2574 
   00016    0.644500  -15423.1483  0.2585 
   00017    0.643100  -15696.4990  0.2595 
   00018    0.633600  -15938.3635  0.2600 
   00019    0.622500  -16188.4528  0.2591 
   00020    0.634400  -16390.0770  0.2588 
   00021    0.627700  -16544.3137  0.2588 
   00022    0.630500  -16805.7374  0.2605 
   00023    0.615600  -16978.7362  0.2619 
   00024    0.603700  -17205.5875  0.2643 
   00025    0.597700  -17448.5197  0.2654 
   00026    0.612700  -17647.0182  0.2658 
   00027    0.607400  -17840.7782  0.2656 
   00028    0.604100  -18042.7537  0.2650 
   00029    0.606700  -18234.9416  0.2644 
   00030    0.592500  -18395.2575  0.2636 
   00031    0.594900  -18567.5743  0.2633 
   00032    0.601100  -18729.5609  0.2627 
   00033    0.590500  -18924.0291  0.2636 
   00034    0.586300  -19053.3568  0.2641 
   00035    0.588100  -19201.5877  0.2635 
   00036    0.584800  -19320.0687  0.2637 
   00037    0.572400  -19489.5517  0.2644 
   00038    0.585100  -19648.8113  0.2641 
   00039    0.578800  -19769.0586  0.2642 
   00040    0.577800  -19878.3476  0.2642 
   00041    0.570800  -19992.3355  0.2641 
   00042    0.567500  -20120.6337  0.2633 
   00043    0.561200  -20263.8440  0.2637 
   00044    0.563500  -20452.9885  0.2637 
   00045    0.572100  -20586.7928  0.2645 
   00046    0.560700  -20713.1391  0.2645 
   00047    0.565900  -20832.3173  0.2651 
   00048    0.561900  -20962.6016  0.2643 
   00049    0.564500  -21118.4200  0.2647 
   00050    0.554100  -21246.1499  0.2654 
