Running tests
Before activation python =  /mnt/storage/software/languages/miniconda/miniconda3.11.3-CompressAI-Vision0.1.3/bin/python
After activation python = /user/home/ib20120/.conda/envs/LL_env/bin/python
Intel(R) Parallel Studio XE 2020 Update 4 for Linux*
Copyright 2009-2020 Intel Corporation.
1 rank
2 rank
3 rank
4 rank
5 rank
6 rank
7 rank
8 rank
9 rank
10 rank
11 rank
12 rank
13 rank
14 rank
15 rank
0 rank
MPI_Vec_LL.py: Size: 100, Steps: 50, T*: 0.500: Order: 0.269, Time: 8.609988 s
MPI_Vec_Jit_LL.py: Size: 100, Steps: 50, T*: 0.500: Order: 0.274, Time: 1.797852 s
#=====================================================
# MPI Monte Carlo
# Num Procs:           16
# File created:        Tue-07-Nov-2023-at-07-15-27PM
# Size of lattice:     100x100
# Number of MC steps:  50
# Reduced temperature: 0.500
#=====================================================
# Run time (s):        1.797852
   00000    0.500000   -9866.3134  0.2613 
   00001    0.724700  -10225.9189  0.2597 
   00002    0.700300  -10624.0488  0.2590 
   00003    0.703400  -10978.8559  0.2583 
   00004    0.710400  -11323.3082  0.2612 
   00005    0.691600  -11671.3674  0.2615 
   00006    0.692500  -12030.7576  0.2609 
   00007    0.672600  -12342.7741  0.2628 
   00008    0.678300  -12612.8016  0.2647 
   00009    0.677600  -12883.5105  0.2643 
   00010    0.667100  -13135.6825  0.2654 
   00011    0.667200  -13419.4040  0.2652 
   00012    0.655100  -13691.6341  0.2653 
   00013    0.649200  -13929.7914  0.2658 
   00014    0.654400  -14188.0998  0.2667 
   00015    0.646300  -14436.6370  0.2671 
   00016    0.652300  -14627.4618  0.2666 
   00017    0.642900  -14832.7976  0.2673 
   00018    0.640100  -15029.1875  0.2661 
   00019    0.626400  -15254.5696  0.2668 
   00020    0.632500  -15513.5575  0.2669 
   00021    0.627700  -15700.9619  0.2672 
   00022    0.624300  -15930.2887  0.2667 
   00023    0.627700  -16128.5578  0.2667 
   00024    0.626800  -16353.1534  0.2683 
   00025    0.621000  -16523.7888  0.2682 
   00026    0.614000  -16739.4103  0.2686 
   00027    0.605800  -16910.1763  0.2670 
   00028    0.612000  -17114.4351  0.2653 
   00029    0.608000  -17300.5255  0.2658 
   00030    0.605600  -17534.9461  0.2668 
   00031    0.605000  -17668.0378  0.2672 
   00032    0.601800  -17811.0507  0.2678 
   00033    0.607600  -17956.5789  0.2688 
   00034    0.599300  -18098.2596  0.2693 
   00035    0.597800  -18230.5797  0.2689 
   00036    0.597100  -18419.3786  0.2698 
   00037    0.591200  -18555.2955  0.2708 
   00038    0.590700  -18685.6258  0.2714 
   00039    0.590900  -18856.6754  0.2711 
   00040    0.583900  -18954.0753  0.2721 
   00041    0.584100  -19078.2746  0.2714 
   00042    0.591700  -19226.7050  0.2715 
   00043    0.582800  -19327.5849  0.2718 
   00044    0.574400  -19492.0559  0.2704 
   00045    0.569600  -19631.8417  0.2701 
   00046    0.574100  -19792.1629  0.2715 
   00047    0.560200  -19934.8287  0.2725 
   00048    0.574200  -20052.8661  0.2743 
   00049    0.572400  -20188.7056  0.2739 
   00050    0.560400  -20292.0605  0.2737 
