Running tests
Before activation python =  /mnt/storage/software/languages/miniconda/miniconda3.11.3-CompressAI-Vision0.1.3/bin/python
After activation python = /user/home/ib20120/.conda/envs/LL_env/bin/python
Intel(R) Parallel Studio XE 2020 Update 4 for Linux*
Copyright 2009-2020 Intel Corporation.
7 rank
14 rank
15 rank
5 rank
12 rank
13 rank
6 rank
4 rank
1 rank
2 rank
8 rank
9 rank
10 rank
11 rank
3 rank
0 rank
MPI_Vec_LL.py: Size: 800, Steps: 50, T*: 0.500: Order: 0.251, Time: 521.869086 s
MPI_Vec_Jit_LL.py: Size: 800, Steps: 50, T*: 0.500: Order: 0.252, Time: 23.178885 s
#=====================================================
# MPI Monte Carlo
# Num Procs:           16
# File created:        Tue-07-Nov-2023-at-07-36-32PM
# Size of lattice:     800x800
# Number of MC steps:  50
# Reduced temperature: 0.500
#=====================================================
# Run time (s):        23.178885
   00000    0.500000 -639483.0773  0.2510 
   00001    0.715767 -663866.0356  0.2511 
   00002    0.709356 -687306.7338  0.2511 
   00003    0.703748 -709632.9025  0.2511 
   00004    0.700091 -731664.6611  0.2510 
   00005    0.695503 -752980.0529  0.2512 
   00006    0.689764 -773621.6229  0.2511 
   00007    0.685284 -793664.3946  0.2513 
   00008    0.681222 -813448.2713  0.2513 
   00009    0.675627 -832614.4839  0.2512 
   00010    0.671570 -851066.2594  0.2512 
   00011    0.668145 -868728.8563  0.2514 
   00012    0.663898 -885796.8801  0.2513 
   00013    0.658373 -902403.0070  0.2512 
   00014    0.655181 -918278.4649  0.2512 
   00015    0.651373 -934283.9794  0.2512 
   00016    0.648934 -949749.7198  0.2513 
   00017    0.645702 -965389.1945  0.2514 
   00018    0.642989 -980492.7832  0.2513 
   00019    0.638994 -994816.7232  0.2513 
   00020    0.636686 -1009115.1175  0.2513 
   00021    0.633717 -1022565.3830  0.2514 
   00022    0.628909 -1035738.9215  0.2514 
   00023    0.624878 -1048676.3893  0.2513 
   00024    0.622972 -1061144.0509  0.2516 
   00025    0.620862 -1073325.3368  0.2516 
   00026    0.616844 -1085593.1637  0.2516 
   00027    0.616794 -1097816.0185  0.2517 
   00028    0.611236 -1109460.8690  0.2515 
   00029    0.610103 -1120935.8655  0.2519 
   00030    0.606788 -1132016.0736  0.2520 
   00031    0.605720 -1142811.4858  0.2522 
   00032    0.603317 -1153598.3973  0.2522 
   00033    0.600198 -1163873.0057  0.2523 
   00034    0.597566 -1173915.1892  0.2523 
   00035    0.597064 -1184001.3310  0.2524 
   00036    0.592631 -1193597.4264  0.2523 
   00037    0.591553 -1203122.1929  0.2525 
   00038    0.590783 -1212402.7444  0.2525 
   00039    0.588464 -1221615.4719  0.2525 
   00040    0.586253 -1230589.6641  0.2525 
   00041    0.583202 -1239468.6120  0.2525 
   00042    0.580623 -1248002.6876  0.2526 
   00043    0.580598 -1256679.2592  0.2526 
   00044    0.578023 -1265093.0846  0.2525 
   00045    0.575189 -1273583.0074  0.2525 
   00046    0.573673 -1281493.6897  0.2524 
   00047    0.572900 -1289582.8336  0.2523 
   00048    0.569725 -1297596.2595  0.2522 
   00049    0.570253 -1305628.9784  0.2523 
   00050    0.565609 -1313055.8919  0.2524 
