Running tests
Before activation python =  /mnt/storage/software/languages/miniconda/miniconda3.11.3-CompressAI-Vision0.1.3/bin/python
After activation python = /user/home/ib20120/.conda/envs/LL_env/bin/python
Intel(R) Parallel Studio XE 2020 Update 4 for Linux*
Copyright 2009-2020 Intel Corporation.
5 rank
3 rank
4 rank
1 rank
2 rank
0 rank
MPI_Vec_LL.py: Size: 600, Steps: 50, T*: 0.500: Order: 0.252, Time: 312.611558 s
MPI_Vec_Jit_LL.py: Size: 600, Steps: 50, T*: 0.500: Order: 0.253, Time: 23.262299 s
#=====================================================
# MPI Monte Carlo
# Num Procs:           6
# File created:        Tue-07-Nov-2023-at-06-12-57PM
# Size of lattice:     600x600
# Number of MC steps:  50
# Reduced temperature: 0.500
#=====================================================
# Run time (s):        23.262299
   00000    0.500000 -360048.9470  0.2511 
   00001    0.709550 -396484.6791  0.2513 
   00002    0.697564 -429194.3738  0.2514 
   00003    0.684436 -459236.3022  0.2514 
   00004    0.672631 -486976.2489  0.2517 
   00005    0.660367 -512084.4393  0.2515 
   00006    0.651653 -535778.3722  0.2515 
   00007    0.643147 -558018.0286  0.2518 
   00008    0.634250 -578563.4338  0.2521 
   00009    0.625961 -597753.9085  0.2522 
   00010    0.618675 -616506.1431  0.2520 
   00011    0.611022 -633697.0236  0.2521 
   00012    0.604831 -650056.4710  0.2518 
   00013    0.597319 -665344.9539  0.2521 
   00014    0.593586 -679918.1048  0.2520 
   00015    0.587194 -693623.8840  0.2523 
   00016    0.579900 -706531.3414  0.2522 
   00017    0.576097 -718902.8845  0.2519 
   00018    0.570697 -730740.5602  0.2519 
   00019    0.568953 -742365.7531  0.2519 
   00020    0.563942 -752845.6464  0.2523 
   00021    0.560000 -763125.2642  0.2524 
   00022    0.553542 -773238.1929  0.2526 
   00023    0.551706 -782904.1731  0.2526 
   00024    0.545808 -792282.3911  0.2527 
   00025    0.543928 -801352.4002  0.2527 
   00026    0.540544 -810067.2055  0.2523 
   00027    0.539803 -818550.7054  0.2521 
   00028    0.533739 -826661.9657  0.2525 
   00029    0.531417 -834446.1700  0.2526 
   00030    0.530503 -841971.8104  0.2526 
   00031    0.525350 -848906.0587  0.2528 
   00032    0.524064 -855980.8913  0.2530 
   00033    0.522350 -862837.8965  0.2529 
   00034    0.519597 -869515.5152  0.2533 
   00035    0.517978 -875968.6637  0.2533 
   00036    0.516408 -881726.2095  0.2532 
   00037    0.512561 -887655.7745  0.2531 
   00038    0.510417 -893442.4491  0.2532 
   00039    0.510183 -899054.5156  0.2533 
   00040    0.508283 -904703.3222  0.2535 
   00041    0.506922 -910017.5719  0.2537 
   00042    0.504747 -914982.0698  0.2537 
   00043    0.502139 -919777.1097  0.2533 
   00044    0.502217 -924885.9862  0.2536 
   00045    0.500592 -929532.9308  0.2536 
   00046    0.497603 -934259.4225  0.2535 
   00047    0.495597 -938669.3882  0.2537 
   00048    0.494944 -943005.7637  0.2533 
   00049    0.493039 -946914.9632  0.2534 
   00050    0.491769 -950989.5232  0.2536 
