Running tests
Before activation python =  /mnt/storage/software/languages/miniconda/miniconda3.11.3-CompressAI-Vision0.1.3/bin/python
After activation python = /user/home/ib20120/.conda/envs/LL_env/bin/python
Intel(R) Parallel Studio XE 2020 Update 4 for Linux*
Copyright 2009-2020 Intel Corporation.
11 rank
10 rank
3 rank
6 rank
7 rank
2 rank
1 rank
4 rank
5 rank
8 rank
9 rank
12 rank
13 rank
0 rank
MPI_Vec_LL.py: Size: 500, Steps: 50, T*: 0.500: Order: 0.254, Time: 209.095341 s
MPI_Vec_Jit_LL.py: Size: 500, Steps: 50, T*: 0.500: Order: 0.256, Time: 9.090427 s
#=====================================================
# MPI Monte Carlo
# Num Procs:           14
# File created:        Tue-07-Nov-2023-at-07-08-59PM
# Size of lattice:     500x500
# Number of MC steps:  50
# Reduced temperature: 0.500
#=====================================================
# Run time (s):        9.090427
   00000    0.500000 -249516.5497  0.2513 
   00001    0.715848 -260007.2728  0.2513 
   00002    0.708716 -270375.1286  0.2516 
   00003    0.703012 -280196.1522  0.2519 
   00004    0.698228 -289736.0880  0.2520 
   00005    0.692404 -298754.9149  0.2521 
   00006    0.687264 -307736.4889  0.2522 
   00007    0.680464 -316444.6893  0.2522 
   00008    0.674280 -324856.9785  0.2524 
   00009    0.671824 -332728.5190  0.2524 
   00010    0.666780 -340733.0971  0.2525 
   00011    0.662112 -348086.5899  0.2524 
   00012    0.658364 -355149.2337  0.2525 
   00013    0.653156 -362228.7305  0.2527 
   00014    0.649796 -369390.3244  0.2529 
   00015    0.645576 -376183.2934  0.2529 
   00016    0.642756 -382827.6231  0.2528 
   00017    0.634844 -389163.8290  0.2530 
   00018    0.634436 -395336.3777  0.2531 
   00019    0.633512 -401443.7768  0.2531 
   00020    0.625916 -407279.1930  0.2531 
   00021    0.623740 -413003.3382  0.2532 
   00022    0.619240 -418374.4652  0.2533 
   00023    0.615660 -423626.8090  0.2535 
   00024    0.615196 -428829.1045  0.2536 
   00025    0.611332 -433804.9910  0.2535 
   00026    0.610160 -438674.2360  0.2534 
   00027    0.604448 -443444.4595  0.2532 
   00028    0.603048 -447959.3628  0.2534 
   00029    0.599672 -452267.2072  0.2533 
   00030    0.598700 -456822.3694  0.2533 
   00031    0.596152 -461114.8790  0.2537 
   00032    0.594044 -465231.0850  0.2540 
   00033    0.589996 -469475.7946  0.2541 
   00034    0.587636 -473636.8208  0.2543 
   00035    0.587100 -477756.0229  0.2542 
   00036    0.584256 -481583.7118  0.2543 
   00037    0.580192 -485442.4548  0.2546 
   00038    0.577816 -489363.9342  0.2544 
   00039    0.575032 -493180.8272  0.2545 
   00040    0.574168 -496980.1023  0.2547 
   00041    0.570484 -500633.9695  0.2550 
   00042    0.571148 -504077.9731  0.2554 
   00043    0.570192 -507470.1482  0.2554 
   00044    0.569172 -510903.1364  0.2557 
   00045    0.562976 -514408.6058  0.2555 
   00046    0.563704 -517756.6927  0.2553 
   00047    0.561204 -520924.6094  0.2553 
   00048    0.558488 -524087.2322  0.2553 
   00049    0.558584 -526989.2485  0.2555 
   00050    0.556024 -530263.4078  0.2554 
