Running tests
Before activation python =  /mnt/storage/software/languages/miniconda/miniconda3.11.3-CompressAI-Vision0.1.3/bin/python
After activation python = /user/home/ib20120/.conda/envs/LL_env/bin/python
Intel(R) Parallel Studio XE 2020 Update 4 for Linux*
Copyright 2009-2020 Intel Corporation.
1 rank
2 rank
3 rank
0 rank
MPI_Vec_LL.py: Size: 800, Steps: 50, T*: 0.500: Order: 0.253, Time: 592.490105 s
MPI_Vec_Jit_LL.py: Size: 800, Steps: 50, T*: 0.500: Order: 0.253, Time: 61.778615 s
#=====================================================
# MPI Monte Carlo
# Num Procs:           4
# File created:        Tue-07-Nov-2023-at-06-17-00PM
# Size of lattice:     800x800
# Number of MC steps:  50
# Reduced temperature: 0.500
#=====================================================
# Run time (s):        61.778615
   00000    0.500000 -638425.6428  0.2506 
   00001    0.708467 -731923.6237  0.2508 
   00002    0.688156 -813777.6488  0.2505 
   00003    0.669545 -885625.5556  0.2507 
   00004    0.653925 -950716.2714  0.2510 
   00005    0.640089 -1008124.2041  0.2513 
   00006    0.627997 -1060681.1707  0.2518 
   00007    0.616795 -1109237.2426  0.2515 
   00008    0.605906 -1152338.6158  0.2517 
   00009    0.597513 -1192973.6830  0.2519 
   00010    0.587908 -1229941.8533  0.2518 
   00011    0.580041 -1265383.3899  0.2519 
   00012    0.574514 -1297336.8808  0.2519 
   00013    0.567681 -1327885.0910  0.2519 
   00014    0.560809 -1355832.7666  0.2519 
   00015    0.554717 -1382718.9703  0.2519 
   00016    0.550188 -1407801.8485  0.2520 
   00017    0.543986 -1431575.2594  0.2521 
   00018    0.539381 -1454098.4439  0.2521 
   00019    0.535533 -1475340.1304  0.2523 
   00020    0.530214 -1495721.5872  0.2521 
   00021    0.526195 -1514907.5056  0.2524 
   00022    0.522644 -1533385.9598  0.2525 
   00023    0.520422 -1551160.7831  0.2525 
   00024    0.516158 -1567709.1821  0.2523 
   00025    0.513261 -1583687.2739  0.2525 
   00026    0.510511 -1599298.1548  0.2527 
   00027    0.507045 -1613632.9949  0.2527 
   00028    0.503042 -1626961.6064  0.2528 
   00029    0.501355 -1640349.9942  0.2528 
   00030    0.498473 -1653394.8766  0.2530 
   00031    0.498473 -1665909.7482  0.2529 
   00032    0.495402 -1677795.8862  0.2529 
   00033    0.492192 -1688889.7195  0.2527 
   00034    0.489844 -1699081.4305  0.2527 
   00035    0.488444 -1709641.8068  0.2528 
   00036    0.487664 -1719914.4603  0.2528 
   00037    0.484995 -1729576.5371  0.2527 
   00038    0.483859 -1738464.9422  0.2529 
   00039    0.482494 -1747041.0094  0.2529 
   00040    0.479773 -1755739.9562  0.2528 
   00041    0.478166 -1763681.1265  0.2529 
   00042    0.476875 -1771924.5933  0.2530 
   00043    0.475677 -1779855.4282  0.2529 
   00044    0.473906 -1787566.2684  0.2529 
   00045    0.473752 -1794868.6921  0.2530 
   00046    0.472363 -1802135.6345  0.2529 
   00047    0.471502 -1808775.6457  0.2527 
   00048    0.470319 -1815779.7945  0.2527 
   00049    0.468325 -1821673.4231  0.2528 
   00050    0.468170 -1827674.3862  0.2529 
