Running tests
Before activation python =  /mnt/storage/software/languages/miniconda/miniconda3.11.3-CompressAI-Vision0.1.3/bin/python
After activation python = /user/home/ib20120/.conda/envs/LL_env/bin/python
Intel(R) Parallel Studio XE 2020 Update 4 for Linux*
Copyright 2009-2020 Intel Corporation.
15 rank
23 rank
22 rank
21 rank
20 rank
14 rank
13 rank
12 rank
4 rank
5 rank
6 rank
7 rank
1 rank
2 rank
3 rank
8 rank
9 rank
10 rank
11 rank
16 rank
17 rank
18 rank
19 rank
24 rank
25 rank
26 rank
27 rank
0 rank
MPI_Vec_LL.py: Size: 300, Steps: 50, T*: 0.500: Order: 0.252, Time: 73.422072 s
MPI_Vec_Jit_LL.py: Size: 300, Steps: 50, T*: 0.500: Order: 0.254, Time: 3.383310 s
#=====================================================
# MPI Monte Carlo
# Num Procs:           28
# File created:        Tue-07-Nov-2023-at-08-18-36PM
# Size of lattice:     300x300
# Number of MC steps:  50
# Reduced temperature: 0.500
#=====================================================
# Run time (s):        3.383310
   00000    0.500000  -89931.4018  0.2505 
   00001    0.723111  -91705.1160  0.2508 
   00002    0.708722  -93526.8302  0.2506 
   00003    0.710633  -95335.4866  0.2502 
   00004    0.707067  -97009.3253  0.2508 
   00005    0.703967  -98847.2949  0.2505 
   00006    0.699267 -100373.1030  0.2506 
   00007    0.697667 -102021.0376  0.2506 
   00008    0.692344 -103497.2221  0.2504 
   00009    0.690244 -105099.6859  0.2501 
   00010    0.687444 -106644.4795  0.2501 
   00011    0.682722 -108225.8374  0.2502 
   00012    0.683056 -109686.7206  0.2502 
   00013    0.678856 -111410.2122  0.2503 
   00014    0.678156 -112752.5869  0.2507 
   00015    0.678822 -114027.7134  0.2507 
   00016    0.669967 -115377.6230  0.2508 
   00017    0.669322 -116723.2017  0.2510 
   00018    0.664311 -118243.0422  0.2512 
   00019    0.664467 -119489.6689  0.2515 
   00020    0.662144 -120797.9740  0.2518 
   00021    0.658244 -122135.4042  0.2521 
   00022    0.658367 -123503.0445  0.2521 
   00023    0.652811 -124937.9409  0.2528 
   00024    0.655344 -126288.6428  0.2528 
   00025    0.651811 -127538.3782  0.2529 
   00026    0.649067 -128678.9416  0.2528 
   00027    0.640789 -129897.0850  0.2528 
   00028    0.648622 -131260.4882  0.2528 
   00029    0.644700 -132471.5199  0.2524 
   00030    0.642844 -133765.1024  0.2526 
   00031    0.639278 -134876.6201  0.2528 
   00032    0.636067 -135979.8499  0.2530 
   00033    0.636289 -137175.0613  0.2528 
   00034    0.633900 -138274.8002  0.2529 
   00035    0.632878 -139321.6119  0.2528 
   00036    0.631211 -140353.9046  0.2529 
   00037    0.628156 -141399.1383  0.2531 
   00038    0.627722 -142327.8349  0.2528 
   00039    0.624889 -143362.9192  0.2530 
   00040    0.621056 -144327.6713  0.2533 
   00041    0.618511 -145281.3366  0.2534 
   00042    0.620711 -146211.2241  0.2539 
   00043    0.619400 -147179.6091  0.2540 
   00044    0.618667 -148148.3757  0.2542 
   00045    0.611233 -149038.9562  0.2539 
   00046    0.613856 -150000.5924  0.2539 
   00047    0.612389 -150907.5010  0.2536 
   00048    0.613456 -151780.0206  0.2536 
   00049    0.612844 -152690.1606  0.2537 
   00050    0.606067 -153533.8973  0.2539 
