Running tests
Before activation python =  /mnt/storage/software/languages/miniconda/miniconda3.11.3-CompressAI-Vision0.1.3/bin/python
After activation python = /user/home/ib20120/.conda/envs/LL_env/bin/python
Intel(R) Parallel Studio XE 2020 Update 4 for Linux*
Copyright 2009-2020 Intel Corporation.
8 rank
9 rank
10 rank
11 rank
12 rank
13 rank
14 rank
15 rank
3 rank
6 rank
7 rank
4 rank
5 rank
1 rank
2 rank
0 rank
MPI_Vec_LL.py: Size: 500, Steps: 50, T*: 0.500: Order: 0.252, Time: 203.564014 s
MPI_Vec_Jit_LL.py: Size: 500, Steps: 50, T*: 0.500: Order: 0.252, Time: 7.990542 s
#=====================================================
# MPI Monte Carlo
# Num Procs:           16
# File created:        Tue-07-Nov-2023-at-07-26-51PM
# Size of lattice:     500x500
# Number of MC steps:  50
# Reduced temperature: 0.500
#=====================================================
# Run time (s):        7.990542
   00000    0.500000 -250277.2861  0.2514 
   00001    0.717192 -259820.4776  0.2514 
   00002    0.709628 -268837.4727  0.2514 
   00003    0.706060 -277483.0997  0.2512 
   00004    0.701368 -285713.0187  0.2514 
   00005    0.695320 -293955.0407  0.2516 
   00006    0.690160 -301978.3263  0.2518 
   00007    0.683288 -309681.5769  0.2517 
   00008    0.681256 -317240.5078  0.2518 
   00009    0.676508 -324627.9949  0.2519 
   00010    0.671484 -331836.5560  0.2518 
   00011    0.667632 -338670.8207  0.2518 
   00012    0.662748 -345467.8781  0.2520 
   00013    0.661200 -352049.3184  0.2520 
   00014    0.657420 -358309.2985  0.2523 
   00015    0.655016 -364492.7547  0.2521 
   00016    0.648616 -370645.5738  0.2521 
   00017    0.647480 -376422.3481  0.2525 
   00018    0.642720 -382225.1974  0.2523 
   00019    0.638540 -387963.8754  0.2524 
   00020    0.634728 -393465.7451  0.2523 
   00021    0.631504 -398759.4427  0.2522 
   00022    0.629972 -403859.0456  0.2519 
   00023    0.625592 -408767.6845  0.2516 
   00024    0.621132 -413699.2824  0.2517 
   00025    0.620560 -418488.9456  0.2519 
   00026    0.618384 -423021.2663  0.2518 
   00027    0.615112 -427601.2007  0.2517 
   00028    0.612020 -432189.5636  0.2515 
   00029    0.608044 -436673.5534  0.2513 
   00030    0.605440 -441211.3117  0.2512 
   00031    0.605620 -445365.4141  0.2511 
   00032    0.603172 -449415.9123  0.2512 
   00033    0.597504 -453412.1144  0.2512 
   00034    0.599708 -457249.7423  0.2513 
   00035    0.595312 -461136.9817  0.2513 
   00036    0.594868 -465150.5898  0.2514 
   00037    0.591768 -468739.4874  0.2513 
   00038    0.588888 -472537.2317  0.2513 
   00039    0.589348 -476115.7778  0.2516 
   00040    0.585160 -479569.0098  0.2514 
   00041    0.583232 -483093.7609  0.2514 
   00042    0.582212 -486537.5294  0.2518 
   00043    0.580072 -489670.5798  0.2518 
   00044    0.576568 -493134.7689  0.2518 
   00045    0.576052 -496317.1708  0.2519 
   00046    0.573228 -499411.6151  0.2518 
   00047    0.572824 -502521.3861  0.2520 
   00048    0.571140 -505611.1232  0.2521 
   00049    0.568976 -508492.9462  0.2521 
   00050    0.568100 -511686.6409  0.2519 
