Running tests
Before activation python =  /mnt/storage/software/languages/miniconda/miniconda3.11.3-CompressAI-Vision0.1.3/bin/python
After activation python = /user/home/ib20120/.conda/envs/LL_env/bin/python
Intel(R) Parallel Studio XE 2020 Update 4 for Linux*
Copyright 2009-2020 Intel Corporation.
15 rank
14 rank
22 rank
23 rank
6 rank
7 rank
21 rank
20 rank
13 rank
12 rank
5 rank
4 rank
1 rank
2 rank
3 rank
8 rank
9 rank
10 rank
11 rank
16 rank
17 rank
18 rank
19 rank
24 rank
25 rank
26 rank
27 rank
0 rank
MPI_Vec_LL.py: Size: 100, Steps: 50, T*: 0.500: Order: 0.258, Time: 8.311568 s
MPI_Vec_Jit_LL.py: Size: 100, Steps: 50, T*: 0.500: Order: 0.263, Time: 0.854661 s
#=====================================================
# MPI Monte Carlo
# Num Procs:           28
# File created:        Tue-07-Nov-2023-at-08-15-27PM
# Size of lattice:     100x100
# Number of MC steps:  50
# Reduced temperature: 0.500
#=====================================================
# Run time (s):        0.854661
   00000    0.500000   -9951.7529  0.2550 
   00001    0.718500  -10163.8532  0.2547 
   00002    0.708200  -10368.2846  0.2550 
   00003    0.702700  -10529.1918  0.2541 
   00004    0.697200  -10736.2364  0.2540 
   00005    0.696900  -10913.5410  0.2538 
   00006    0.695200  -11092.1274  0.2533 
   00007    0.682300  -11238.0479  0.2532 
   00008    0.685300  -11384.4458  0.2528 
   00009    0.684000  -11568.7088  0.2527 
   00010    0.672900  -11759.0725  0.2556 
   00011    0.685100  -11900.6115  0.2561 
   00012    0.660900  -12063.7627  0.2550 
   00013    0.672300  -12244.7843  0.2554 
   00014    0.668900  -12387.7626  0.2555 
   00015    0.662000  -12549.5033  0.2559 
   00016    0.657000  -12682.9997  0.2558 
   00017    0.656500  -12826.2227  0.2564 
   00018    0.657700  -12975.8758  0.2569 
   00019    0.650800  -13120.6235  0.2565 
   00020    0.646300  -13253.0354  0.2564 
   00021    0.648000  -13371.5342  0.2559 
   00022    0.645000  -13530.4239  0.2551 
   00023    0.637700  -13670.2695  0.2556 
   00024    0.638900  -13804.7971  0.2554 
   00025    0.639000  -13931.2038  0.2554 
   00026    0.641900  -14075.3644  0.2557 
   00027    0.634800  -14225.3569  0.2566 
   00028    0.628400  -14366.8757  0.2572 
   00029    0.630700  -14508.6434  0.2573 
   00030    0.631100  -14594.7948  0.2580 
   00031    0.617000  -14708.1777  0.2571 
   00032    0.615000  -14809.2886  0.2569 
   00033    0.621700  -14933.5981  0.2561 
   00034    0.621700  -15052.2003  0.2562 
   00035    0.620200  -15152.7620  0.2567 
   00036    0.614200  -15268.3077  0.2581 
   00037    0.622800  -15377.9619  0.2595 
   00038    0.614800  -15481.9848  0.2595 
   00039    0.623500  -15613.4357  0.2592 
   00040    0.613000  -15717.0270  0.2591 
   00041    0.613500  -15834.7017  0.2591 
   00042    0.606300  -15908.0092  0.2590 
   00043    0.605400  -16037.4846  0.2591 
   00044    0.604700  -16132.8693  0.2607 
   00045    0.599000  -16222.5843  0.2598 
   00046    0.600600  -16322.9986  0.2605 
   00047    0.596700  -16423.6403  0.2612 
   00048    0.598200  -16522.8294  0.2615 
   00049    0.598900  -16636.7157  0.2625 
   00050    0.591000  -16724.0846  0.2624 
