Running tests
Before activation python =  /mnt/storage/software/languages/miniconda/miniconda3.11.3-CompressAI-Vision0.1.3/bin/python
After activation python = /user/home/ib20120/.conda/envs/LL_env/bin/python
Intel(R) Parallel Studio XE 2020 Update 4 for Linux*
Copyright 2009-2020 Intel Corporation.
7 rank
5 rank
9 rank
8 rank
4 rank
6 rank
2 rank
3 rank
1 rank
0 rank
MPI_Vec_LL.py: Size: 900, Steps: 50, T*: 0.500: Order: 0.251, Time: 668.322685 s
MPI_Vec_Jit_LL.py: Size: 900, Steps: 50, T*: 0.500: Order: 0.254, Time: 38.693017 s
#=====================================================
# MPI Monte Carlo
# Num Procs:           10
# File created:        Tue-07-Nov-2023-at-06-47-50PM
# Size of lattice:     900x900
# Number of MC steps:  50
# Reduced temperature: 0.500
#=====================================================
# Run time (s):        38.693017
   00000    0.500000 -810992.4828  0.2507 
   00001    0.713672 -859948.5555  0.2509 
   00002    0.705652 -906511.8335  0.2512 
   00003    0.697870 -950558.9833  0.2513 
   00004    0.689377 -992232.6412  0.2517 
   00005    0.681495 -1031731.8491  0.2517 
   00006    0.675352 -1070143.3109  0.2515 
   00007    0.669264 -1105624.8075  0.2516 
   00008    0.662865 -1140576.8886  0.2516 
   00009    0.656486 -1173557.4352  0.2518 
   00010    0.649341 -1205206.7564  0.2521 
   00011    0.644790 -1235975.4704  0.2521 
   00012    0.638041 -1265154.5134  0.2523 
   00013    0.634277 -1292523.8703  0.2523 
   00014    0.629536 -1319335.4293  0.2524 
   00015    0.626226 -1345358.3107  0.2523 
   00016    0.620921 -1370220.1099  0.2523 
   00017    0.614267 -1394016.1862  0.2524 
   00018    0.609646 -1417414.1301  0.2525 
   00019    0.606768 -1439352.4395  0.2527 
   00020    0.604046 -1461050.8412  0.2529 
   00021    0.599689 -1482005.6560  0.2532 
   00022    0.595612 -1502764.8937  0.2532 
   00023    0.592373 -1522467.7574  0.2534 
   00024    0.589964 -1541031.2914  0.2534 
   00025    0.586768 -1559250.7397  0.2536 
   00026    0.582125 -1577355.0068  0.2538 
   00027    0.578438 -1594835.2962  0.2538 
   00028    0.575148 -1611494.7019  0.2539 
   00029    0.574438 -1627815.3284  0.2540 
   00030    0.570209 -1644518.6007  0.2540 
   00031    0.567931 -1659850.2078  0.2538 
   00032    0.566007 -1675432.7320  0.2538 
   00033    0.563147 -1690470.4759  0.2537 
   00034    0.561178 -1705094.4742  0.2539 
   00035    0.558633 -1719166.3768  0.2540 
   00036    0.555833 -1733186.1398  0.2541 
   00037    0.553822 -1746369.7204  0.2540 
   00038    0.553458 -1759357.3221  0.2540 
   00039    0.549875 -1772280.7649  0.2540 
   00040    0.547344 -1784526.4352  0.2540 
   00041    0.545059 -1796685.7680  0.2540 
   00042    0.543417 -1808812.5768  0.2541 
   00043    0.541443 -1820552.5881  0.2542 
   00044    0.539735 -1831667.5667  0.2542 
   00045    0.538074 -1842772.6837  0.2544 
   00046    0.536348 -1853398.4406  0.2542 
   00047    0.534038 -1863982.6740  0.2541 
   00048    0.530243 -1874668.6328  0.2541 
   00049    0.532691 -1885142.7918  0.2543 
   00050    0.528273 -1895704.8722  0.2543 
