Running tests
Before activation python =  /mnt/storage/software/languages/miniconda/miniconda3.11.3-CompressAI-Vision0.1.3/bin/python
After activation python = /user/home/ib20120/.conda/envs/LL_env/bin/python
Intel(R) Parallel Studio XE 2020 Update 4 for Linux*
Copyright 2009-2020 Intel Corporation.
1 rank
0 rank
MPI_Vec_LL.py: Size: 1000, Steps: 50, T*: 0.500: Order: 0.254, Time: 1087.960207 s
MPI_Vec_Jit_LL.py: Size: 1000, Steps: 50, T*: 0.500: Order: 0.253, Time: 166.573844 s
#=====================================================
# MPI Monte Carlo
# Num Procs:           2
# File created:        Tue-07-Nov-2023-at-06-26-29PM
# Size of lattice:     1000x1000
# Number of MC steps:  50
# Reduced temperature: 0.500
#=====================================================
# Run time (s):        166.573844
   00000    0.500000 -999581.3334  0.2510 
   00001    0.697006 -1273966.0346  0.2512 
   00002    0.662334 -1486174.2755  0.2512 
   00003    0.634435 -1658016.0123  0.2515 
   00004    0.611871 -1800913.1689  0.2518 
   00005    0.592065 -1921852.9237  0.2518 
   00006    0.577224 -2026183.3322  0.2519 
   00007    0.564025 -2117064.7843  0.2523 
   00008    0.551596 -2199422.6265  0.2522 
   00009    0.540786 -2272084.8660  0.2527 
   00010    0.533260 -2337113.0835  0.2526 
   00011    0.525300 -2395736.8060  0.2526 
   00012    0.517506 -2448845.9243  0.2525 
   00013    0.511432 -2497235.3009  0.2521 
   00014    0.505935 -2541534.7291  0.2520 
   00015    0.500660 -2581091.2453  0.2522 
   00016    0.496032 -2617700.0683  0.2525 
   00017    0.492241 -2652487.1506  0.2526 
   00018    0.488467 -2683930.2848  0.2529 
   00019    0.483918 -2713200.0326  0.2526 
   00020    0.481311 -2740860.0214  0.2525 
   00021    0.478680 -2767267.9659  0.2525 
   00022    0.475960 -2789763.3747  0.2525 
   00023    0.472936 -2811501.0641  0.2528 
   00024    0.471363 -2831871.2411  0.2526 
   00025    0.468447 -2852198.4857  0.2524 
   00026    0.466587 -2870305.1886  0.2524 
   00027    0.464195 -2887568.5538  0.2525 
   00028    0.462495 -2904284.0553  0.2524 
   00029    0.460582 -2920062.7834  0.2526 
   00030    0.459732 -2933941.2612  0.2528 
   00031    0.458015 -2947667.9676  0.2524 
   00032    0.456418 -2961140.2917  0.2524 
   00033    0.455203 -2972837.3995  0.2526 
   00034    0.453966 -2985300.5484  0.2530 
   00035    0.452309 -2996303.8548  0.2531 
   00036    0.451716 -3006461.4700  0.2531 
   00037    0.449865 -3016234.0574  0.2527 
   00038    0.449279 -3025742.5671  0.2529 
   00039    0.447821 -3035269.0700  0.2529 
   00040    0.447511 -3043048.3397  0.2532 
   00041    0.445877 -3050923.0787  0.2534 
   00042    0.445506 -3058038.2379  0.2534 
   00043    0.444303 -3065313.0089  0.2537 
   00044    0.443759 -3072443.8584  0.2534 
   00045    0.442410 -3079082.2902  0.2532 
   00046    0.443307 -3085532.3480  0.2534 
   00047    0.442009 -3091667.4900  0.2535 
   00048    0.441417 -3097234.4112  0.2535 
   00049    0.440609 -3103113.5581  0.2535 
   00050    0.439790 -3109580.3524  0.2533 
