Running tests
Before activation python =  /mnt/storage/software/languages/miniconda/miniconda3.11.3-CompressAI-Vision0.1.3/bin/python
After activation python = /user/home/ib20120/.conda/envs/LL_env/bin/python
Intel(R) Parallel Studio XE 2020 Update 4 for Linux*
Copyright 2009-2020 Intel Corporation.
3 rank
1 rank
2 rank
0 rank
MPI_Vec_LL.py: Size: 900, Steps: 50, T*: 0.500: Order: 0.252, Time: 785.647043 s
MPI_Vec_Jit_LL.py: Size: 900, Steps: 50, T*: 0.500: Order: 0.253, Time: 75.518040 s
#=====================================================
# MPI Monte Carlo
# Num Procs:           4
# File created:        Tue-07-Nov-2023-at-06-20-30PM
# Size of lattice:     900x900
# Number of MC steps:  50
# Reduced temperature: 0.500
#=====================================================
# Run time (s):        75.518040
   00000    0.500000 -810377.5725  0.2509 
   00001    0.708423 -927532.8211  0.2510 
   00002    0.688221 -1031380.9504  0.2512 
   00003    0.669674 -1121627.8400  0.2513 
   00004    0.654146 -1203675.2772  0.2514 
   00005    0.640749 -1277869.1785  0.2518 
   00006    0.627842 -1344897.0429  0.2515 
   00007    0.615984 -1405471.3979  0.2517 
   00008    0.605409 -1461152.7879  0.2516 
   00009    0.597742 -1512744.9382  0.2516 
   00010    0.588412 -1560091.4079  0.2518 
   00011    0.580821 -1604100.3266  0.2517 
   00012    0.572988 -1644427.6429  0.2517 
   00013    0.567628 -1682985.2081  0.2522 
   00014    0.560451 -1719039.3132  0.2522 
   00015    0.554862 -1753261.6770  0.2522 
   00016    0.549112 -1785301.1504  0.2525 
   00017    0.543970 -1814913.9194  0.2524 
   00018    0.540326 -1843752.5114  0.2523 
   00019    0.533884 -1870883.7731  0.2524 
   00020    0.530790 -1896141.3332  0.2523 
   00021    0.526591 -1920203.7072  0.2520 
   00022    0.523083 -1943111.4574  0.2521 
   00023    0.519593 -1965078.7484  0.2520 
   00024    0.515925 -1985584.0177  0.2518 
   00025    0.512591 -2005919.9268  0.2518 
   00026    0.509648 -2025071.3066  0.2519 
   00027    0.507074 -2043698.0942  0.2519 
   00028    0.503768 -2061364.9132  0.2520 
   00029    0.503421 -2077824.6600  0.2521 
   00030    0.500816 -2093590.6672  0.2521 
   00031    0.497053 -2108592.3125  0.2522 
   00032    0.494641 -2123568.6802  0.2521 
   00033    0.492854 -2137828.5780  0.2522 
   00034    0.491809 -2151655.8996  0.2526 
   00035    0.489775 -2164984.2454  0.2526 
   00036    0.486595 -2177708.1736  0.2528 
   00037    0.486072 -2189875.2603  0.2528 
   00038    0.482748 -2201704.2667  0.2529 
   00039    0.482199 -2212038.5702  0.2531 
   00040    0.479800 -2222391.0102  0.2531 
   00041    0.479002 -2232366.6356  0.2530 
   00042    0.475751 -2242208.1719  0.2530 
   00043    0.476402 -2251713.9211  0.2531 
   00044    0.475123 -2260858.7180  0.2529 
   00045    0.474558 -2269778.2136  0.2530 
   00046    0.470914 -2279057.1595  0.2530 
   00047    0.469612 -2287168.0964  0.2531 
   00048    0.469200 -2295249.6155  0.2533 
   00049    0.469184 -2303411.9330  0.2534 
   00050    0.467573 -2310897.6705  0.2535 
