Running tests
Before activation python =  /mnt/storage/software/languages/miniconda/miniconda3.11.3-CompressAI-Vision0.1.3/bin/python
After activation python = /user/home/ib20120/.conda/envs/LL_env/bin/python
Intel(R) Parallel Studio XE 2020 Update 4 for Linux*
Copyright 2009-2020 Intel Corporation.
1 rank
3 rank
2 rank
0 rank
MPI_Vec_LL.py: Size: 500, Steps: 50, T*: 0.500: Order: 0.253, Time: 236.805396 s
MPI_Vec_Jit_LL.py: Size: 500, Steps: 50, T*: 0.500: Order: 0.262, Time: 23.596296 s
#=====================================================
# MPI Monte Carlo
# Num Procs:           4
# File created:        Tue-07-Nov-2023-at-06-10-20PM
# Size of lattice:     500x500
# Number of MC steps:  50
# Reduced temperature: 0.500
#=====================================================
# Run time (s):        23.596296
   00000    0.500000 -248635.2019  0.2530 
   00001    0.706680 -284917.0067  0.2535 
   00002    0.688000 -316519.6051  0.2537 
   00003    0.670324 -344756.2844  0.2537 
   00004    0.653204 -370087.4298  0.2537 
   00005    0.641016 -393093.8193  0.2542 
   00006    0.629068 -413881.5476  0.2552 
   00007    0.617204 -432872.3242  0.2552 
   00008    0.606520 -449935.0806  0.2558 
   00009    0.596720 -465704.5918  0.2563 
   00010    0.587648 -479978.3782  0.2567 
   00011    0.579904 -493550.0094  0.2573 
   00012    0.571908 -506260.9602  0.2571 
   00013    0.567140 -517911.2142  0.2575 
   00014    0.559804 -529462.9307  0.2578 
   00015    0.555968 -539649.9707  0.2586 
   00016    0.549652 -549644.4845  0.2587 
   00017    0.543932 -559101.8029  0.2586 
   00018    0.538600 -567795.8321  0.2587 
   00019    0.534932 -575798.4131  0.2588 
   00020    0.530164 -583687.6871  0.2589 
   00021    0.526480 -591369.3147  0.2592 
   00022    0.521656 -598101.5505  0.2592 
   00023    0.521852 -605049.2901  0.2591 
   00024    0.515500 -611549.2923  0.2597 
   00025    0.515408 -617457.8240  0.2594 
   00026    0.510180 -623346.2160  0.2594 
   00027    0.508628 -629006.6096  0.2598 
   00028    0.504588 -634525.1515  0.2603 
   00029    0.504036 -639554.1374  0.2602 
   00030    0.500700 -644527.3215  0.2601 
   00031    0.499168 -649561.6119  0.2601 
   00032    0.496060 -654206.3214  0.2601 
   00033    0.493544 -658475.8751  0.2606 
   00034    0.491304 -662388.1677  0.2607 
   00035    0.487176 -666424.1412  0.2607 
   00036    0.488068 -670130.6878  0.2608 
   00037    0.485312 -673945.8881  0.2610 
   00038    0.484224 -677868.4992  0.2614 
   00039    0.481940 -681838.0673  0.2613 
   00040    0.481232 -685140.5290  0.2615 
   00041    0.479716 -688206.6265  0.2613 
   00042    0.476632 -691066.8994  0.2614 
   00043    0.476028 -694296.5895  0.2609 
   00044    0.477368 -697205.2506  0.2612 
   00045    0.472312 -700077.0979  0.2612 
   00046    0.474468 -702886.7365  0.2616 
   00047    0.470236 -705612.9857  0.2618 
   00048    0.471604 -708091.9905  0.2621 
   00049    0.470740 -710428.4433  0.2620 
   00050    0.469020 -712754.8927  0.2621 
