Running tests
Before activation python =  /mnt/storage/software/languages/miniconda/miniconda3.11.3-CompressAI-Vision0.1.3/bin/python
After activation python = /user/home/ib20120/.conda/envs/LL_env/bin/python
Intel(R) Parallel Studio XE 2020 Update 4 for Linux*
Copyright 2009-2020 Intel Corporation.
14 rank
15 rank
13 rank
20 rank
21 rank
22 rank
23 rank
12 rank
6 rank
7 rank
5 rank
4 rank
2 rank
3 rank
9 rank
10 rank
11 rank
18 rank
19 rank
24 rank
25 rank
27 rank
1 rank
8 rank
16 rank
17 rank
26 rank
0 rank
MPI_Vec_LL.py: Size: 500, Steps: 50, T*: 0.500: Order: 0.252, Time: 207.625724 s
MPI_Vec_Jit_LL.py: Size: 500, Steps: 50, T*: 0.500: Order: 0.252, Time: 6.879641 s
#=====================================================
# MPI Monte Carlo
# Num Procs:           28
# File created:        Tue-07-Nov-2023-at-09-19-56PM
# Size of lattice:     500x500
# Number of MC steps:  50
# Reduced temperature: 0.500
#=====================================================
# Run time (s):        6.879641
   00000    0.500000 -249902.3343  0.2514 
   00001    0.718172 -255090.4978  0.2515 
   00002    0.708828 -260223.0392  0.2515 
   00003    0.708092 -265345.4898  0.2516 
   00004    0.706716 -270324.8447  0.2516 
   00005    0.702864 -274972.8083  0.2515 
   00006    0.703176 -279735.3772  0.2513 
   00007    0.697132 -284393.4829  0.2513 
   00008    0.692452 -289067.4391  0.2514 
   00009    0.691252 -293530.0840  0.2512 
   00010    0.688204 -298170.0151  0.2513 
   00011    0.683832 -302538.8998  0.2513 
   00012    0.686776 -307046.6311  0.2512 
   00013    0.681244 -311177.0984  0.2510 
   00014    0.680008 -315185.5608  0.2512 
   00015    0.679324 -319479.3335  0.2512 
   00016    0.672380 -323408.9540  0.2512 
   00017    0.669688 -327345.2470  0.2513 
   00018    0.667404 -331114.5706  0.2512 
   00019    0.667240 -334833.1142  0.2514 
   00020    0.665580 -338526.9727  0.2514 
   00021    0.661752 -342341.6494  0.2515 
   00022    0.658008 -346004.2917  0.2515 
   00023    0.657572 -349412.3925  0.2517 
   00024    0.654572 -352907.8259  0.2521 
   00025    0.651852 -356170.9692  0.2521 
   00026    0.650932 -359546.5364  0.2520 
   00027    0.647388 -363115.0025  0.2521 
   00028    0.645296 -366518.3305  0.2522 
   00029    0.642216 -369818.7855  0.2520 
   00030    0.642752 -373116.8004  0.2521 
   00031    0.641716 -376009.7959  0.2519 
   00032    0.639028 -379038.0981  0.2518 
   00033    0.637084 -382177.7032  0.2520 
   00034    0.634548 -385302.4615  0.2518 
   00035    0.633412 -388277.7642  0.2519 
   00036    0.630140 -391282.0688  0.2515 
   00037    0.626344 -394098.2557  0.2517 
   00038    0.627724 -397018.3755  0.2515 
   00039    0.626404 -399950.6284  0.2516 
   00040    0.623816 -402773.7544  0.2517 
   00041    0.621900 -405510.5774  0.2515 
   00042    0.618580 -408131.9536  0.2515 
   00043    0.621520 -410815.8163  0.2517 
   00044    0.618520 -413757.3165  0.2519 
   00045    0.618036 -416297.8058  0.2520 
   00046    0.614704 -418852.1256  0.2520 
   00047    0.614228 -421522.1851  0.2521 
   00048    0.611868 -424240.4811  0.2521 
   00049    0.609724 -426882.4131  0.2521 
   00050    0.609260 -429375.3248  0.2521 
