Running tests
Before activation python =  /mnt/storage/software/languages/miniconda/miniconda3.11.3-CompressAI-Vision0.1.3/bin/python
After activation python = /user/home/ib20120/.conda/envs/LL_env/bin/python
Intel(R) Parallel Studio XE 2020 Update 4 for Linux*
Copyright 2009-2020 Intel Corporation.
3 rank
4 rank
5 rank
2 rank
1 rank
0 rank
MPI_Vec_LL.py: Size: 500, Steps: 50, T*: 0.500: Order: 0.253, Time: 217.952663 s
MPI_Vec_Jit_LL.py: Size: 500, Steps: 50, T*: 0.500: Order: 0.255, Time: 15.746031 s
#=====================================================
# MPI Monte Carlo
# Num Procs:           6
# File created:        Tue-07-Nov-2023-at-06-11-13PM
# Size of lattice:     500x500
# Number of MC steps:  50
# Reduced temperature: 0.500
#=====================================================
# Run time (s):        15.746031
   00000    0.500000 -249518.8861  0.2508 
   00001    0.710924 -274279.2535  0.2509 
   00002    0.698184 -297252.1252  0.2513 
   00003    0.684712 -317710.7579  0.2509 
   00004    0.672236 -336670.7735  0.2512 
   00005    0.660848 -354490.4501  0.2508 
   00006    0.652200 -371147.0154  0.2512 
   00007    0.641580 -386710.9941  0.2516 
   00008    0.635344 -400911.1532  0.2521 
   00009    0.626072 -414649.2947  0.2528 
   00010    0.620904 -426790.6917  0.2528 
   00011    0.611660 -438568.8721  0.2529 
   00012    0.603112 -450013.0668  0.2529 
   00013    0.600380 -460581.8145  0.2528 
   00014    0.592732 -470594.5629  0.2532 
   00015    0.588384 -480380.2780  0.2530 
   00016    0.580188 -489402.6297  0.2527 
   00017    0.576020 -498234.1531  0.2529 
   00018    0.571568 -506559.1386  0.2524 
   00019    0.568696 -514531.2635  0.2526 
   00020    0.561244 -522027.4179  0.2525 
   00021    0.559200 -529332.8127  0.2524 
   00022    0.555980 -536567.8171  0.2525 
   00023    0.550968 -543478.8149  0.2523 
   00024    0.547676 -549674.3265  0.2526 
   00025    0.544048 -555777.9348  0.2527 
   00026    0.544116 -562064.7232  0.2531 
   00027    0.538488 -567647.8910  0.2533 
   00028    0.535100 -573046.0266  0.2533 
   00029    0.531820 -578350.5052  0.2533 
   00030    0.530488 -583507.7092  0.2536 
   00031    0.526296 -588561.2701  0.2538 
   00032    0.523856 -593484.1520  0.2537 
   00033    0.520956 -598159.1011  0.2539 
   00034    0.518104 -603133.9899  0.2540 
   00035    0.519084 -607771.7363  0.2538 
   00036    0.515800 -612042.3753  0.2540 
   00037    0.513468 -616694.9302  0.2540 
   00038    0.508672 -620974.8411  0.2543 
   00039    0.509484 -625084.1130  0.2546 
   00040    0.505580 -628792.2371  0.2545 
   00041    0.504812 -632211.0982  0.2550 
   00042    0.505712 -635792.4646  0.2550 
   00043    0.501948 -639291.0568  0.2548 
   00044    0.500140 -642667.0813  0.2550 
   00045    0.500300 -646311.7163  0.2547 
   00046    0.497284 -649578.6962  0.2550 
   00047    0.497428 -652713.6874  0.2551 
   00048    0.494108 -655691.8639  0.2554 
   00049    0.492344 -658513.0386  0.2553 
   00050    0.491892 -661206.1238  0.2558 
