Running tests
Before activation python =  /mnt/storage/software/languages/miniconda/miniconda3.11.3-CompressAI-Vision0.1.3/bin/python
After activation python = /user/home/ib20120/.conda/envs/LL_env/bin/python
Intel(R) Parallel Studio XE 2020 Update 4 for Linux*
Copyright 2009-2020 Intel Corporation.
4 rank
5 rank
6 rank
8 rank
9 rank
10 rank
11 rank
12 rank
13 rank
14 rank
15 rank
7 rank
1 rank
2 rank
3 rank
0 rank
MPI_Vec_LL.py: Size: 700, Steps: 50, T*: 0.500: Order: 0.253, Time: 397.993035 s
MPI_Vec_Jit_LL.py: Size: 700, Steps: 50, T*: 0.500: Order: 0.251, Time: 16.655110 s
#=====================================================
# MPI Monte Carlo
# Num Procs:           16
# File created:        Tue-07-Nov-2023-at-07-34-18PM
# Size of lattice:     700x700
# Number of MC steps:  50
# Reduced temperature: 0.500
#=====================================================
# Run time (s):        16.655110
   00000    0.500000 -489661.7660  0.2506 
   00001    0.715345 -508106.6059  0.2507 
   00002    0.711096 -525744.1138  0.2506 
   00003    0.705573 -542929.7460  0.2507 
   00004    0.698769 -559372.6420  0.2508 
   00005    0.696361 -575455.4498  0.2508 
   00006    0.690076 -590746.4392  0.2506 
   00007    0.685541 -605756.2660  0.2505 
   00008    0.681657 -620008.1472  0.2506 
   00009    0.676037 -634581.2483  0.2507 
   00010    0.670398 -648306.1229  0.2510 
   00011    0.668284 -661829.7541  0.2509 
   00012    0.663531 -674944.4373  0.2508 
   00013    0.658714 -687964.2474  0.2505 
   00014    0.657676 -700379.4823  0.2506 
   00015    0.652329 -712554.0613  0.2506 
   00016    0.649243 -724263.9849  0.2506 
   00017    0.646422 -735859.5254  0.2504 
   00018    0.643482 -747086.6581  0.2504 
   00019    0.637414 -758086.3343  0.2504 
   00020    0.637245 -768212.4117  0.2505 
   00021    0.632904 -778458.4810  0.2507 
   00022    0.629737 -788518.0068  0.2506 
   00023    0.626737 -798233.6365  0.2506 
   00024    0.622920 -807953.1150  0.2505 
   00025    0.619861 -817308.1379  0.2505 
   00026    0.618802 -826518.3502  0.2506 
   00027    0.615186 -835813.0711  0.2506 
   00028    0.611684 -844603.3110  0.2506 
   00029    0.609182 -853050.9446  0.2507 
   00030    0.609698 -861549.5421  0.2507 
   00031    0.603755 -869999.9419  0.2505 
   00032    0.603778 -877846.2896  0.2505 
   00033    0.601241 -885682.2701  0.2503 
   00034    0.598288 -893011.8496  0.2504 
   00035    0.596000 -900798.4338  0.2505 
   00036    0.593616 -908149.8787  0.2507 
   00037    0.591051 -915548.3774  0.2508 
   00038    0.588753 -922816.4477  0.2509 
   00039    0.587304 -929702.1151  0.2508 
   00040    0.584663 -936612.8707  0.2506 
   00041    0.585116 -943360.7181  0.2505 
   00042    0.582118 -949981.5935  0.2505 
   00043    0.579376 -956437.2287  0.2505 
   00044    0.577414 -962719.9480  0.2506 
   00045    0.575002 -969005.0138  0.2508 
   00046    0.575794 -975117.1697  0.2510 
   00047    0.573535 -981134.2723  0.2510 
   00048    0.569722 -987064.2034  0.2510 
   00049    0.569688 -992815.9676  0.2511 
   00050    0.566884 -998513.5775  0.2512 
