Running tests
Before activation python =  /mnt/storage/software/languages/miniconda/miniconda3.11.3-CompressAI-Vision0.1.3/bin/python
After activation python = /user/home/ib20120/.conda/envs/LL_env/bin/python
Intel(R) Parallel Studio XE 2020 Update 4 for Linux*
Copyright 2009-2020 Intel Corporation.
17 rank
19 rank
18 rank
16 rank
4 rank
5 rank
7 rank
11 rank
12 rank
13 rank
14 rank
15 rank
10 rank
6 rank
3 rank
8 rank
9 rank
2 rank
1 rank
0 rank
MPI_Vec_LL.py: Size: 400, Steps: 50, T*: 0.500: Order: 0.252, Time: 131.310604 s
MPI_Vec_Jit_LL.py: Size: 400, Steps: 50, T*: 0.500: Order: 0.252, Time: 5.070027 s
#=====================================================
# MPI Monte Carlo
# Num Procs:           20
# File created:        Tue-07-Nov-2023-at-07-45-38PM
# Size of lattice:     400x400
# Number of MC steps:  50
# Reduced temperature: 0.500
#=====================================================
# Run time (s):        5.070027
   00000    0.500000 -159861.0953  0.2520 
   00001    0.713688 -164830.8449  0.2522 
   00002    0.714669 -169533.0553  0.2519 
   00003    0.708912 -173808.0786  0.2519 
   00004    0.701619 -178241.1373  0.2516 
   00005    0.702100 -182777.9415  0.2516 
   00006    0.693500 -186944.5854  0.2517 
   00007    0.687475 -191017.7319  0.2516 
   00008    0.687444 -195099.3667  0.2518 
   00009    0.684744 -198929.8068  0.2520 
   00010    0.680775 -202684.6243  0.2520 
   00011    0.677756 -206658.9161  0.2520 
   00012    0.673969 -210355.6334  0.2521 
   00013    0.669500 -213985.1648  0.2520 
   00014    0.666169 -217660.8662  0.2517 
   00015    0.662244 -221175.9097  0.2519 
   00016    0.661450 -224477.8767  0.2519 
   00017    0.658750 -227672.3592  0.2517 
   00018    0.651900 -230975.7103  0.2524 
   00019    0.649856 -234116.9098  0.2523 
   00020    0.647763 -237169.2411  0.2527 
   00021    0.645031 -240047.1632  0.2530 
   00022    0.643756 -242965.7484  0.2530 
   00023    0.637944 -245799.6828  0.2530 
   00024    0.637556 -248579.5437  0.2530 
   00025    0.636650 -251261.1871  0.2526 
   00026    0.635112 -254185.2978  0.2522 
   00027    0.630563 -256852.8934  0.2522 
   00028    0.628675 -259589.4642  0.2525 
   00029    0.624906 -261981.2695  0.2522 
   00030    0.623806 -264405.0333  0.2523 
   00031    0.620706 -266733.9629  0.2525 
   00032    0.616663 -268984.8616  0.2525 
   00033    0.615762 -271377.3320  0.2524 
   00034    0.616750 -273596.6449  0.2525 
   00035    0.612819 -275968.7002  0.2526 
   00036    0.609831 -278539.3784  0.2524 
   00037    0.609263 -280943.4172  0.2523 
   00038    0.604131 -283083.1655  0.2525 
   00039    0.602163 -285311.7912  0.2523 
   00040    0.602019 -287495.7069  0.2521 
   00041    0.600850 -289435.9846  0.2523 
   00042    0.595669 -291416.9496  0.2523 
   00043    0.597531 -293456.7855  0.2520 
   00044    0.595187 -295473.6363  0.2518 
   00045    0.594469 -297517.7133  0.2517 
   00046    0.588731 -299417.6081  0.2519 
   00047    0.590175 -301466.9954  0.2517 
   00048    0.587806 -303189.9785  0.2517 
   00049    0.584050 -305008.9043  0.2516 
   00050    0.583375 -306785.9758  0.2517 
