Running tests
Before activation python =  /mnt/storage/software/languages/miniconda/miniconda3.11.3-CompressAI-Vision0.1.3/bin/python
After activation python = /user/home/ib20120/.conda/envs/LL_env/bin/python
Intel(R) Parallel Studio XE 2020 Update 4 for Linux*
Copyright 2009-2020 Intel Corporation.
6 rank
7 rank
3 rank
10 rank
11 rank
1 rank
4 rank
5 rank
8 rank
9 rank
12 rank
13 rank
2 rank
0 rank
MPI_Vec_LL.py: Size: 300, Steps: 50, T*: 0.500: Order: 0.255, Time: 74.228591 s
MPI_Vec_Jit_LL.py: Size: 300, Steps: 50, T*: 0.500: Order: 0.257, Time: 3.397383 s
#=====================================================
# MPI Monte Carlo
# Num Procs:           14
# File created:        Tue-07-Nov-2023-at-07-00-36PM
# Size of lattice:     300x300
# Number of MC steps:  50
# Reduced temperature: 0.500
#=====================================================
# Run time (s):        3.397383
   00000    0.500000  -89566.0319  0.2524 
   00001    0.716622  -93448.0656  0.2525 
   00002    0.707244  -97298.1780  0.2526 
   00003    0.706800 -100884.9861  0.2532 
   00004    0.700856 -104275.3754  0.2529 
   00005    0.687378 -107623.1921  0.2529 
   00006    0.687056 -110771.4420  0.2526 
   00007    0.680800 -113932.4484  0.2531 
   00008    0.675644 -117096.9731  0.2532 
   00009    0.673467 -119966.4766  0.2534 
   00010    0.666400 -122753.3453  0.2532 
   00011    0.659878 -125479.4099  0.2531 
   00012    0.657911 -128072.8518  0.2525 
   00013    0.654900 -130659.3775  0.2528 
   00014    0.644489 -133241.9006  0.2529 
   00015    0.646367 -135861.5070  0.2533 
   00016    0.637544 -138121.2001  0.2537 
   00017    0.641211 -140446.0823  0.2536 
   00018    0.634267 -142797.4172  0.2539 
   00019    0.627378 -144939.3916  0.2540 
   00020    0.625167 -147068.8266  0.2542 
   00021    0.623633 -149153.8328  0.2540 
   00022    0.621078 -151087.4456  0.2536 
   00023    0.616633 -152877.8365  0.2540 
   00024    0.615467 -154601.6632  0.2542 
   00025    0.610922 -156604.3258  0.2541 
   00026    0.606833 -158317.1843  0.2540 
   00027    0.604022 -160122.6148  0.2545 
   00028    0.605222 -161696.4759  0.2550 
   00029    0.600300 -163461.9810  0.2549 
   00030    0.598211 -165218.0339  0.2552 
   00031    0.596511 -166866.0293  0.2552 
   00032    0.591544 -168377.4334  0.2555 
   00033    0.590178 -169873.5892  0.2553 
   00034    0.586933 -171294.8055  0.2553 
   00035    0.583500 -172767.4281  0.2554 
   00036    0.581433 -174071.6062  0.2552 
   00037    0.576667 -175478.7881  0.2557 
   00038    0.579189 -176884.3421  0.2556 
   00039    0.577422 -178329.4817  0.2555 
   00040    0.572944 -179625.3979  0.2555 
   00041    0.572900 -181044.1534  0.2557 
   00042    0.568744 -182294.0672  0.2561 
   00043    0.567122 -183628.8158  0.2564 
   00044    0.569422 -184893.8223  0.2563 
   00045    0.564178 -186053.8530  0.2563 
   00046    0.563422 -187342.2660  0.2569 
   00047    0.558022 -188383.8258  0.2571 
   00048    0.555844 -189529.8104  0.2570 
   00049    0.557011 -190607.8485  0.2570 
   00050    0.556656 -191671.6999  0.2570 
