Running tests
Before activation python =  /mnt/storage/software/languages/miniconda/miniconda3.11.3-CompressAI-Vision0.1.3/bin/python
After activation python = /user/home/ib20120/.conda/envs/LL_env/bin/python
Intel(R) Parallel Studio XE 2020 Update 4 for Linux*
Copyright 2009-2020 Intel Corporation.
7 rank
6 rank
4 rank
5 rank
1 rank
2 rank
3 rank
8 rank
9 rank
10 rank
11 rank
0 rank
MPI_Vec_LL.py: Size: 100, Steps: 50, T*: 0.500: Order: 0.277, Time: 14.880646 s
MPI_Vec_Jit_LL.py: Size: 100, Steps: 50, T*: 0.500: Order: 0.256, Time: 1.146154 s
#=====================================================
# MPI Monte Carlo
# Num Procs:           12
# File created:        Tue-07-Nov-2023-at-06-39-35PM
# Size of lattice:     100x100
# Number of MC steps:  50
# Reduced temperature: 0.500
#=====================================================
# Run time (s):        1.146154
   00000    0.500000   -9918.3976  0.2569 
   00001    0.717400  -10410.5070  0.2565 
   00002    0.704300  -10911.2957  0.2568 
   00003    0.698100  -11363.3867  0.2553 
   00004    0.705000  -11809.0466  0.2565 
   00005    0.682900  -12186.4757  0.2561 
   00006    0.682200  -12571.3364  0.2551 
   00007    0.677100  -12951.3529  0.2544 
   00008    0.661000  -13311.4008  0.2541 
   00009    0.661900  -13625.3885  0.2526 
   00010    0.653000  -13990.3732  0.2522 
   00011    0.659600  -14380.7503  0.2534 
   00012    0.652500  -14716.7478  0.2514 
   00013    0.648800  -15055.4569  0.2534 
   00014    0.632400  -15348.3822  0.2526 
   00015    0.622600  -15601.7530  0.2526 
   00016    0.638600  -15871.0036  0.2534 
   00017    0.626500  -16147.0247  0.2543 
   00018    0.617500  -16409.4473  0.2539 
   00019    0.615400  -16667.4931  0.2524 
   00020    0.612600  -16963.0171  0.2508 
   00021    0.613400  -17229.8569  0.2521 
   00022    0.605900  -17455.2773  0.2531 
   00023    0.598700  -17683.9778  0.2507 
   00024    0.605000  -17881.1237  0.2507 
   00025    0.601200  -18061.5660  0.2515 
   00026    0.593100  -18228.2466  0.2507 
   00027    0.586700  -18446.8442  0.2520 
   00028    0.587100  -18653.5219  0.2529 
   00029    0.586000  -18849.2695  0.2515 
   00030    0.585600  -18999.2400  0.2514 
   00031    0.581400  -19171.1086  0.2520 
   00032    0.586500  -19336.1842  0.2510 
   00033    0.571900  -19545.8583  0.2525 
   00034    0.574200  -19709.1977  0.2528 
   00035    0.570700  -19874.3943  0.2523 
   00036    0.570800  -20032.4532  0.2519 
   00037    0.571600  -20195.7690  0.2526 
   00038    0.561700  -20369.4896  0.2548 
   00039    0.556000  -20552.1457  0.2534 
   00040    0.565100  -20709.5815  0.2543 
   00041    0.563500  -20847.1008  0.2549 
   00042    0.560100  -20945.2159  0.2545 
   00043    0.552400  -21038.7555  0.2546 
   00044    0.554300  -21152.9073  0.2541 
   00045    0.540800  -21324.5966  0.2550 
   00046    0.546000  -21456.6076  0.2536 
   00047    0.553200  -21568.7606  0.2535 
   00048    0.552300  -21686.8017  0.2550 
   00049    0.540100  -21858.3688  0.2562 
   00050    0.549000  -21985.8849  0.2543 
