Running tests
Before activation python =  /mnt/storage/software/languages/miniconda/miniconda3.11.3-CompressAI-Vision0.1.3/bin/python
After activation python = /user/home/ib20120/.conda/envs/LL_env/bin/python
Intel(R) Parallel Studio XE 2020 Update 4 for Linux*
Copyright 2009-2020 Intel Corporation.
2 rank
3 rank
1 rank
0 rank
MPI_Vec_LL.py: Size: 300, Steps: 50, T*: 0.500: Order: 0.260, Time: 95.866166 s
MPI_Vec_Jit_LL.py: Size: 300, Steps: 50, T*: 0.500: Order: 0.264, Time: 17.228061 s
#=====================================================
# MPI Monte Carlo
# Num Procs:           4
# File created:        Tue-07-Nov-2023-at-06-07-55PM
# Size of lattice:     300x300
# Number of MC steps:  50
# Reduced temperature: 0.500
#=====================================================
# Run time (s):        17.228061
   00000    0.500000  -89886.5076  0.2506 
   00001    0.708789 -102762.5719  0.2515 
   00002    0.690222 -113868.9281  0.2523 
   00003    0.670111 -124311.7770  0.2523 
   00004    0.654678 -133453.5941  0.2531 
   00005    0.644444 -141608.2488  0.2529 
   00006    0.628967 -149150.4493  0.2525 
   00007    0.618767 -155767.8066  0.2523 
   00008    0.605933 -161886.0004  0.2535 
   00009    0.597133 -167519.1394  0.2531 
   00010    0.588767 -172970.8374  0.2533 
   00011    0.582600 -177686.1694  0.2535 
   00012    0.575089 -182401.0463  0.2539 
   00013    0.567000 -186486.7553  0.2544 
   00014    0.562878 -190643.8036  0.2550 
   00015    0.558756 -194403.4776  0.2554 
   00016    0.551111 -198114.3569  0.2560 
   00017    0.541711 -201526.9980  0.2560 
   00018    0.541078 -204995.9593  0.2558 
   00019    0.534044 -207823.9768  0.2561 
   00020    0.531344 -210499.9646  0.2564 
   00021    0.526000 -213285.1312  0.2563 
   00022    0.520956 -215959.3607  0.2564 
   00023    0.521100 -218409.5728  0.2573 
   00024    0.518156 -220701.9402  0.2580 
   00025    0.511556 -222902.3538  0.2581 
   00026    0.508478 -224968.0331  0.2580 
   00027    0.508522 -227160.4941  0.2584 
   00028    0.502056 -228981.5416  0.2584 
   00029    0.505133 -230803.4075  0.2588 
   00030    0.499833 -232417.6344  0.2591 
   00031    0.497900 -234118.3139  0.2589 
   00032    0.495111 -235766.4957  0.2594 
   00033    0.492100 -237410.9986  0.2602 
   00034    0.488889 -238894.3784  0.2604 
   00035    0.491178 -240412.4034  0.2610 
   00036    0.487600 -241973.5149  0.2610 
   00037    0.482656 -243291.7449  0.2615 
   00038    0.484489 -244564.6192  0.2610 
   00039    0.484689 -245830.2270  0.2606 
   00040    0.478356 -247026.1438  0.2609 
   00041    0.479433 -247938.3945  0.2610 
   00042    0.476533 -249099.6484  0.2615 
   00043    0.477667 -250232.9959  0.2617 
   00044    0.474289 -251179.9253  0.2618 
   00045    0.474222 -252101.6958  0.2624 
   00046    0.472744 -253065.6694  0.2626 
   00047    0.467967 -254020.4834  0.2634 
   00048    0.470578 -255028.2643  0.2638 
   00049    0.469156 -255808.7661  0.2642 
   00050    0.469633 -256708.9112  0.2645 
