Running tests
Before activation python =  /mnt/storage/software/languages/miniconda/miniconda3.11.3-CompressAI-Vision0.1.3/bin/python
After activation python = /user/home/ib20120/.conda/envs/LL_env/bin/python
Intel(R) Parallel Studio XE 2020 Update 4 for Linux*
Copyright 2009-2020 Intel Corporation.
3 rank
2 rank
1 rank
4 rank
5 rank
0 rank
MPI_Vec_LL.py: Size: 200, Steps: 50, T*: 0.500: Order: 0.266, Time: 34.499255 s
MPI_Vec_Jit_LL.py: Size: 200, Steps: 50, T*: 0.500: Order: 0.263, Time: 2.857533 s
#=====================================================
# MPI Monte Carlo
# Num Procs:           6
# File created:        Tue-07-Nov-2023-at-06-06-25PM
# Size of lattice:     200x200
# Number of MC steps:  50
# Reduced temperature: 0.500
#=====================================================
# Run time (s):        2.857533
   00000    0.500000  -40158.7098  0.2547 
   00001    0.707200  -44030.6035  0.2548 
   00002    0.691250  -47504.1524  0.2558 
   00003    0.686200  -50790.3148  0.2541 
   00004    0.671300  -53754.9692  0.2531 
   00005    0.660550  -56727.4752  0.2521 
   00006    0.652425  -59416.3566  0.2527 
   00007    0.645725  -61815.7185  0.2540 
   00008    0.634500  -64007.4061  0.2547 
   00009    0.624625  -66066.8013  0.2537 
   00010    0.616400  -68085.3090  0.2537 
   00011    0.604425  -69904.5710  0.2535 
   00012    0.607825  -71686.4642  0.2532 
   00013    0.595800  -73298.3727  0.2536 
   00014    0.596675  -74807.1681  0.2539 
   00015    0.588275  -76298.6008  0.2552 
   00016    0.584475  -77826.2557  0.2547 
   00017    0.576575  -79252.7314  0.2549 
   00018    0.572175  -80592.4561  0.2563 
   00019    0.567800  -81973.8082  0.2553 
   00020    0.566450  -83091.2480  0.2557 
   00021    0.559100  -84310.5346  0.2557 
   00022    0.554650  -85391.2519  0.2563 
   00023    0.557675  -86522.3853  0.2555 
   00024    0.549575  -87403.0862  0.2552 
   00025    0.545625  -88336.2885  0.2564 
   00026    0.542050  -89338.5901  0.2569 
   00027    0.538850  -90306.7974  0.2577 
   00028    0.535125  -91209.5897  0.2592 
   00029    0.531250  -92096.2885  0.2604 
   00030    0.529250  -92999.8531  0.2613 
   00031    0.528675  -93635.4686  0.2604 
   00032    0.522000  -94540.3483  0.2609 
   00033    0.524175  -95297.9217  0.2609 
   00034    0.521700  -96052.7526  0.2604 
   00035    0.517825  -96871.7591  0.2603 
   00036    0.515000  -97590.1341  0.2606 
   00037    0.511600  -98281.7786  0.2596 
   00038    0.514075  -98884.4208  0.2589 
   00039    0.514775  -99474.5985  0.2593 
   00040    0.509750  -99962.5618  0.2599 
   00041    0.506225 -100576.4394  0.2607 
   00042    0.499150 -101087.7468  0.2608 
   00043    0.506575 -101607.2681  0.2596 
   00044    0.496700 -102236.0772  0.2596 
   00045    0.499625 -102737.6669  0.2600 
   00046    0.497725 -103281.6231  0.2600 
   00047    0.498025 -103798.0843  0.2611 
   00048    0.491625 -104327.8001  0.2619 
   00049    0.492875 -104778.9579  0.2625 
   00050    0.490525 -105285.2013  0.2627 
