Running tests
Before activation python =  /mnt/storage/software/languages/miniconda/miniconda3.11.3-CompressAI-Vision0.1.3/bin/python
After activation python = /user/home/ib20120/.conda/envs/LL_env/bin/python
Intel(R) Parallel Studio XE 2020 Update 4 for Linux*
Copyright 2009-2020 Intel Corporation.
9 rank
3 rank
7 rank
6 rank
1 rank
4 rank
5 rank
2 rank
8 rank
0 rank
MPI_Vec_LL.py: Size: 200, Steps: 50, T*: 0.500: Order: 0.263, Time: 34.636229 s
MPI_Vec_Jit_LL.py: Size: 200, Steps: 50, T*: 0.500: Order: 0.257, Time: 2.598960 s
#=====================================================
# MPI Monte Carlo
# Num Procs:           10
# File created:        Tue-07-Nov-2023-at-06-29-59PM
# Size of lattice:     200x200
# Number of MC steps:  50
# Reduced temperature: 0.500
#=====================================================
# Run time (s):        2.598960
   00000    0.500000  -40081.6449  0.2548 
   00001    0.715475  -42456.8290  0.2549 
   00002    0.699450  -44702.0117  0.2550 
   00003    0.698900  -46970.5499  0.2543 
   00004    0.687925  -48834.7651  0.2552 
   00005    0.688225  -50755.7526  0.2554 
   00006    0.677175  -52668.6193  0.2541 
   00007    0.671900  -54428.3957  0.2529 
   00008    0.660750  -56300.6241  0.2539 
   00009    0.657700  -57839.6623  0.2546 
   00010    0.650975  -59322.8798  0.2544 
   00011    0.644600  -60818.4675  0.2551 
   00012    0.641600  -62226.7461  0.2557 
   00013    0.631400  -63594.4722  0.2546 
   00014    0.630750  -64983.7184  0.2549 
   00015    0.626275  -66302.6828  0.2554 
   00016    0.621150  -67534.7114  0.2557 
   00017    0.618225  -68696.3632  0.2553 
   00018    0.611900  -69822.3717  0.2546 
   00019    0.602975  -71000.0717  0.2553 
   00020    0.604050  -72044.7747  0.2562 
   00021    0.601875  -73053.5762  0.2570 
   00022    0.600300  -74108.0309  0.2574 
   00023    0.598425  -75076.8254  0.2568 
   00024    0.589250  -76154.0547  0.2564 
   00025    0.588200  -77132.6646  0.2569 
   00026    0.580275  -77989.3068  0.2573 
   00027    0.577650  -78925.5257  0.2568 
   00028    0.576825  -79753.1507  0.2574 
   00029    0.576125  -80537.0910  0.2566 
   00030    0.566900  -81335.2391  0.2574 
   00031    0.569800  -82218.6305  0.2576 
   00032    0.562675  -82973.5891  0.2569 
   00033    0.565600  -83646.2414  0.2578 
   00034    0.560825  -84408.0909  0.2574 
   00035    0.560400  -85090.6292  0.2573 
   00036    0.551850  -85745.3527  0.2572 
   00037    0.556075  -86373.9051  0.2561 
   00038    0.553200  -87033.6406  0.2562 
   00039    0.548975  -87624.8051  0.2559 
   00040    0.546125  -88296.1878  0.2557 
   00041    0.540675  -88883.8264  0.2559 
   00042    0.547025  -89522.0526  0.2565 
   00043    0.539775  -90136.1446  0.2564 
   00044    0.536025  -90697.2290  0.2564 
   00045    0.539475  -91230.6213  0.2572 
   00046    0.541175  -91764.5334  0.2574 
   00047    0.533125  -92266.1437  0.2570 
   00048    0.535150  -92832.5550  0.2571 
   00049    0.533125  -93307.2326  0.2573 
   00050    0.535175  -93778.2692  0.2567 
