Running tests
Before activation python =  /mnt/storage/software/languages/miniconda/miniconda3.11.3-CompressAI-Vision0.1.3/bin/python
After activation python = /user/home/ib20120/.conda/envs/LL_env/bin/python
Intel(R) Parallel Studio XE 2020 Update 4 for Linux*
Copyright 2009-2020 Intel Corporation.
2 rank
3 rank
4 rank
5 rank
6 rank
7 rank
1 rank
0 rank
MPI_Vec_LL.py: Size: 100, Steps: 50, T*: 0.500: Order: 0.274, Time: 9.624556 s
MPI_Vec_Jit_LL.py: Size: 100, Steps: 50, T*: 0.500: Order: 0.261, Time: 0.749671 s
#=====================================================
# MPI Monte Carlo
# Num Procs:           8
# File created:        Tue-07-Nov-2023-at-06-10-58PM
# Size of lattice:     100x100
# Number of MC steps:  50
# Reduced temperature: 0.500
#=====================================================
# Run time (s):        0.749671
   00000    0.500000  -10007.0650  0.2566 
   00001    0.711000  -10770.7815  0.2555 
   00002    0.702700  -11392.9648  0.2532 
   00003    0.688400  -12013.9236  0.2538 
   00004    0.672300  -12633.7282  0.2527 
   00005    0.676300  -13155.1842  0.2514 
   00006    0.664000  -13665.5845  0.2526 
   00007    0.657300  -14109.9505  0.2502 
   00008    0.650800  -14617.9960  0.2509 
   00009    0.644600  -15053.8829  0.2540 
   00010    0.627500  -15471.9435  0.2550 
   00011    0.629400  -15869.1425  0.2543 
   00012    0.629700  -16261.2143  0.2563 
   00013    0.617800  -16623.9017  0.2554 
   00014    0.605500  -16948.8614  0.2585 
   00015    0.604600  -17374.5972  0.2593 
   00016    0.606000  -17650.7982  0.2614 
   00017    0.586300  -17936.6080  0.2593 
   00018    0.596800  -18315.9964  0.2579 
   00019    0.592300  -18590.0989  0.2573 
   00020    0.583900  -18838.3844  0.2585 
   00021    0.579700  -19109.1024  0.2592 
   00022    0.578800  -19349.6330  0.2596 
   00023    0.586700  -19608.0951  0.2595 
   00024    0.571000  -19864.8882  0.2619 
   00025    0.568900  -20088.4868  0.2597 
   00026    0.564900  -20297.6751  0.2618 
   00027    0.563300  -20518.6229  0.2604 
   00028    0.561500  -20707.2502  0.2597 
   00029    0.560500  -20872.3214  0.2604 
   00030    0.544600  -21068.3212  0.2607 
   00031    0.540100  -21274.9412  0.2611 
   00032    0.538600  -21457.1597  0.2623 
   00033    0.548000  -21626.0777  0.2629 
   00034    0.534900  -21840.0761  0.2624 
   00035    0.545000  -22042.2790  0.2610 
   00036    0.537500  -22228.4124  0.2590 
   00037    0.535600  -22410.9727  0.2609 
   00038    0.533600  -22574.8680  0.2608 
   00039    0.523600  -22714.2639  0.2605 
   00040    0.534600  -22910.0124  0.2598 
   00041    0.532800  -23088.4146  0.2602 
   00042    0.519700  -23270.7373  0.2604 
   00043    0.521000  -23440.3362  0.2619 
   00044    0.514700  -23591.7279  0.2602 
   00045    0.516100  -23720.5967  0.2602 
   00046    0.521600  -23860.4233  0.2603 
   00047    0.526800  -23985.0352  0.2609 
   00048    0.515800  -24103.4587  0.2606 
   00049    0.522500  -24211.2633  0.2608 
   00050    0.518400  -24391.6533  0.2592 
