Running tests
Before activation python =  /mnt/storage/software/languages/miniconda/miniconda3.11.3-CompressAI-Vision0.1.3/bin/python
After activation python = /user/home/ib20120/.conda/envs/LL_env/bin/python
Intel(R) Parallel Studio XE 2020 Update 4 for Linux*
Copyright 2009-2020 Intel Corporation.
4 rank
5 rank
6 rank
7 rank
1 rank
2 rank
3 rank
0 rank
MPI_Vec_LL.py: Size: 900, Steps: 50, T*: 0.500: Order: 0.251, Time: 699.515418 s
MPI_Vec_Jit_LL.py: Size: 900, Steps: 50, T*: 0.500: Order: 0.253, Time: 43.485281 s
#=====================================================
# MPI Monte Carlo
# Num Procs:           8
# File created:        Tue-07-Nov-2023-at-06-33-54PM
# Size of lattice:     900x900
# Number of MC steps:  50
# Reduced temperature: 0.500
#=====================================================
# Run time (s):        43.485281
   00000    0.500000 -810898.4745  0.2505 
   00001    0.711927 -871764.0851  0.2506 
   00002    0.702238 -928373.4807  0.2509 
   00003    0.693393 -981392.6160  0.2512 
   00004    0.683322 -1031155.8645  0.2514 
   00005    0.674553 -1078220.5758  0.2512 
   00006    0.666142 -1122275.0522  0.2515 
   00007    0.658968 -1164465.0296  0.2514 
   00008    0.649667 -1204008.0674  0.2515 
   00009    0.642867 -1241467.0325  0.2515 
   00010    0.637447 -1277260.3539  0.2513 
   00011    0.630793 -1311093.1748  0.2514 
   00012    0.624372 -1343398.3850  0.2513 
   00013    0.619602 -1374175.8187  0.2512 
   00014    0.613996 -1403904.1482  0.2513 
   00015    0.609052 -1431877.5948  0.2511 
   00016    0.603246 -1459037.9579  0.2512 
   00017    0.599358 -1484740.6084  0.2513 
   00018    0.594423 -1510025.2512  0.2513 
   00019    0.590733 -1533608.3055  0.2515 
   00020    0.584881 -1556909.7978  0.2516 
   00021    0.582689 -1579126.5581  0.2515 
   00022    0.578154 -1600235.8883  0.2515 
   00023    0.575426 -1620442.6334  0.2515 
   00024    0.571623 -1640342.2320  0.2516 
   00025    0.568109 -1659774.3234  0.2516 
   00026    0.565628 -1678292.2021  0.2517 
   00027    0.561425 -1696187.6460  0.2517 
   00028    0.560105 -1714063.1648  0.2518 
   00029    0.555890 -1731203.4106  0.2517 
   00030    0.553351 -1747632.4745  0.2517 
   00031    0.550221 -1763787.4824  0.2518 
   00032    0.547649 -1779620.4335  0.2520 
   00033    0.545777 -1794936.4899  0.2520 
   00034    0.542778 -1809443.4619  0.2519 
   00035    0.540030 -1824049.0789  0.2517 
   00036    0.537647 -1838037.7921  0.2520 
   00037    0.535995 -1851573.3557  0.2520 
   00038    0.533880 -1864727.5187  0.2521 
   00039    0.532441 -1877748.1012  0.2524 
   00040    0.530747 -1890203.8302  0.2526 
   00041    0.526565 -1902449.1530  0.2525 
   00042    0.524941 -1914311.2503  0.2526 
   00043    0.523296 -1925482.0107  0.2528 
   00044    0.522760 -1936811.6795  0.2527 
   00045    0.521044 -1948059.0069  0.2529 
   00046    0.519353 -1958747.0820  0.2528 
   00047    0.516848 -1969390.7990  0.2528 
   00048    0.514962 -1980038.3321  0.2529 
   00049    0.514928 -1990185.7529  0.2531 
   00050    0.511077 -2000347.8205  0.2534 
