Running tests
Before activation python =  /mnt/storage/software/languages/miniconda/miniconda3.11.3-CompressAI-Vision0.1.3/bin/python
After activation python = /user/home/ib20120/.conda/envs/LL_env/bin/python
Intel(R) Parallel Studio XE 2020 Update 4 for Linux*
Copyright 2009-2020 Intel Corporation.
11 rank
10 rank
8 rank
9 rank
13 rank
12 rank
1 rank
3 rank
5 rank
7 rank
6 rank
4 rank
2 rank
0 rank
MPI_Vec_LL.py: Size: 600, Steps: 50, T*: 0.500: Order: 0.253, Time: 311.999141 s
MPI_Vec_Jit_LL.py: Size: 600, Steps: 50, T*: 0.500: Order: 0.251, Time: 15.329571 s
#=====================================================
# MPI Monte Carlo
# Num Procs:           14
# File created:        Tue-07-Nov-2023-at-07-10-52PM
# Size of lattice:     600x600
# Number of MC steps:  50
# Reduced temperature: 0.500
#=====================================================
# Run time (s):        15.329571
   00000    0.500000 -360107.0526  0.2507 
   00001    0.712236 -375371.0938  0.2511 
   00002    0.708481 -390218.7983  0.2509 
   00003    0.701686 -404578.8611  0.2508 
   00004    0.696083 -418114.9184  0.2509 
   00005    0.691025 -431370.7292  0.2508 
   00006    0.686150 -444056.5289  0.2507 
   00007    0.680886 -456037.3220  0.2506 
   00008    0.677150 -468173.2164  0.2506 
   00009    0.670894 -479566.9941  0.2507 
   00010    0.667333 -490869.9885  0.2506 
   00011    0.660603 -501805.1252  0.2505 
   00012    0.657331 -512242.0146  0.2505 
   00013    0.654294 -522493.2978  0.2503 
   00014    0.648781 -532245.6664  0.2506 
   00015    0.643611 -541569.3064  0.2506 
   00016    0.641358 -551127.4791  0.2506 
   00017    0.637831 -560158.3716  0.2508 
   00018    0.635256 -569081.0726  0.2508 
   00019    0.630097 -577523.4349  0.2509 
   00020    0.626906 -585775.5294  0.2507 
   00021    0.622586 -593871.9649  0.2510 
   00022    0.620931 -601973.4274  0.2509 
   00023    0.617025 -609838.7300  0.2510 
   00024    0.612592 -617531.9588  0.2510 
   00025    0.611469 -624756.1436  0.2509 
   00026    0.609739 -631896.5958  0.2510 
   00027    0.603903 -638686.7254  0.2508 
   00028    0.602669 -645672.7925  0.2507 
   00029    0.598878 -652565.3300  0.2509 
   00030    0.598358 -658849.1571  0.2510 
   00031    0.595494 -665008.6566  0.2510 
   00032    0.593458 -671250.5707  0.2508 
   00033    0.588678 -677188.2271  0.2508 
   00034    0.589389 -683304.5847  0.2509 
   00035    0.584953 -689002.8694  0.2509 
   00036    0.583922 -694755.2438  0.2508 
   00037    0.579844 -700271.9363  0.2507 
   00038    0.578572 -705897.2108  0.2508 
   00039    0.576206 -711046.3024  0.2508 
   00040    0.575692 -716233.5374  0.2508 
   00041    0.572450 -721449.7932  0.2509 
   00042    0.569550 -726609.7602  0.2509 
   00043    0.566550 -731460.4659  0.2510 
   00044    0.566519 -736416.1248  0.2510 
   00045    0.564842 -741120.5675  0.2509 
   00046    0.564725 -745800.1689  0.2508 
   00047    0.562778 -750194.9025  0.2510 
   00048    0.559372 -754391.5312  0.2510 
   00049    0.557964 -759152.5249  0.2507 
   00050    0.556272 -763192.9930  0.2508 
