Running tests
Before activation python =  /mnt/storage/software/languages/miniconda/miniconda3.11.3-CompressAI-Vision0.1.3/bin/python
After activation python = /user/home/ib20120/.conda/envs/LL_env/bin/python
Intel(R) Parallel Studio XE 2020 Update 4 for Linux*
Copyright 2009-2020 Intel Corporation.
6 rank
7 rank
4 rank
5 rank
3 rank
11 rank
10 rank
1 rank
8 rank
9 rank
2 rank
0 rank
MPI_Vec_LL.py: Size: 900, Steps: 50, T*: 0.500: Order: 0.252, Time: 678.399340 s
MPI_Vec_Jit_LL.py: Size: 900, Steps: 50, T*: 0.500: Order: 0.252, Time: 32.604403 s
#=====================================================
# MPI Monte Carlo
# Num Procs:           12
# File created:        Tue-07-Nov-2023-at-07-03-18PM
# Size of lattice:     900x900
# Number of MC steps:  50
# Reduced temperature: 0.500
#=====================================================
# Run time (s):        32.604403
   00000    0.500000 -808974.8465  0.2503 
   00001    0.714340 -849978.9996  0.2504 
   00002    0.708543 -889428.6993  0.2505 
   00003    0.701115 -927079.9812  0.2506 
   00004    0.694193 -962572.7015  0.2504 
   00005    0.687386 -996357.9680  0.2502 
   00006    0.680773 -1029666.8109  0.2503 
   00007    0.675472 -1060880.0661  0.2506 
   00008    0.669577 -1091264.7564  0.2509 
   00009    0.664230 -1120214.2595  0.2511 
   00010    0.659701 -1148286.7028  0.2509 
   00011    0.654499 -1175602.9608  0.2510 
   00012    0.649520 -1201712.6983  0.2509 
   00013    0.644226 -1226748.7334  0.2511 
   00014    0.640564 -1251655.7313  0.2512 
   00015    0.636202 -1275753.4660  0.2511 
   00016    0.631800 -1298824.2637  0.2511 
   00017    0.627838 -1321126.4107  0.2513 
   00018    0.623159 -1342439.4775  0.2513 
   00019    0.621272 -1363524.4566  0.2513 
   00020    0.617453 -1384108.9896  0.2512 
   00021    0.613665 -1403460.5694  0.2511 
   00022    0.609938 -1422215.8882  0.2512 
   00023    0.605069 -1440589.3125  0.2512 
   00024    0.602620 -1458494.3926  0.2513 
   00025    0.599472 -1475915.3656  0.2515 
   00026    0.598254 -1493062.5217  0.2514 
   00027    0.594781 -1509527.3542  0.2513 
   00028    0.591121 -1525308.1459  0.2516 
   00029    0.589559 -1540998.9410  0.2517 
   00030    0.585490 -1556514.5177  0.2518 
   00031    0.582586 -1571514.3912  0.2518 
   00032    0.581046 -1586366.6768  0.2518 
   00033    0.578259 -1600565.0907  0.2518 
   00034    0.575449 -1614828.9172  0.2519 
   00035    0.572995 -1628262.0115  0.2519 
   00036    0.570263 -1641196.7587  0.2518 
   00037    0.569040 -1654435.1900  0.2519 
   00038    0.567080 -1667395.5868  0.2520 
   00039    0.565658 -1679938.1170  0.2521 
   00040    0.562510 -1692511.5841  0.2522 
   00041    0.561089 -1704623.5047  0.2522 
   00042    0.559484 -1716469.0066  0.2523 
   00043    0.556872 -1727924.9173  0.2525 
   00044    0.555046 -1739355.7840  0.2524 
   00045    0.552781 -1751053.4007  0.2523 
   00046    0.550898 -1761959.6029  0.2523 
   00047    0.549102 -1772678.4381  0.2523 
   00048    0.547730 -1782639.9241  0.2524 
   00049    0.545528 -1793050.8189  0.2522 
   00050    0.543885 -1802854.4033  0.2524 
