Running tests
Before activation python =  /mnt/storage/software/languages/miniconda/miniconda3.11.3-CompressAI-Vision0.1.3/bin/python
After activation python = /user/home/ib20120/.conda/envs/LL_env/bin/python
Intel(R) Parallel Studio XE 2020 Update 4 for Linux*
Copyright 2009-2020 Intel Corporation.
6 rank
7 rank
10 rank
11 rank
3 rank
1 rank
4 rank
5 rank
8 rank
9 rank
12 rank
13 rank
2 rank
0 rank
MPI_Vec_LL.py: Size: 900, Steps: 50, T*: 0.500: Order: 0.252, Time: 668.615342 s
MPI_Vec_Jit_LL.py: Size: 900, Steps: 50, T*: 0.500: Order: 0.251, Time: 28.682747 s
#=====================================================
# MPI Monte Carlo
# Num Procs:           14
# File created:        Tue-07-Nov-2023-at-07-21-06PM
# Size of lattice:     900x900
# Number of MC steps:  50
# Reduced temperature: 0.500
#=====================================================
# Run time (s):        28.682747
   00000    0.500000 -809004.6438  0.2506 
   00001    0.714564 -844397.2343  0.2505 
   00002    0.710156 -878305.4055  0.2506 
   00003    0.702169 -910733.0977  0.2506 
   00004    0.697535 -942051.2287  0.2504 
   00005    0.692877 -972255.0995  0.2503 
   00006    0.687989 -1001069.4400  0.2502 
   00007    0.681098 -1029822.0567  0.2503 
   00008    0.675290 -1056853.7866  0.2504 
   00009    0.670831 -1083313.6580  0.2503 
   00010    0.663738 -1108947.7021  0.2501 
   00011    0.661896 -1133230.6075  0.2501 
   00012    0.657336 -1156809.5514  0.2501 
   00013    0.653160 -1179857.1213  0.2501 
   00014    0.648723 -1202646.4315  0.2501 
   00015    0.646563 -1224025.8610  0.2502 
   00016    0.640786 -1244823.7794  0.2502 
   00017    0.637641 -1264672.7500  0.2500 
   00018    0.634606 -1284708.1005  0.2500 
   00019    0.630248 -1304034.8473  0.2501 
   00020    0.628026 -1322733.5715  0.2501 
   00021    0.624656 -1341248.8018  0.2501 
   00022    0.620365 -1359347.0813  0.2501 
   00023    0.618394 -1376754.9412  0.2500 
   00024    0.614844 -1393019.3860  0.2501 
   00025    0.611742 -1409489.2548  0.2501 
   00026    0.608284 -1425664.9584  0.2502 
   00027    0.605270 -1441031.5506  0.2504 
   00028    0.601521 -1456633.9457  0.2504 
   00029    0.600702 -1471826.6830  0.2505 
   00030    0.596906 -1486783.0950  0.2507 
   00031    0.594690 -1501151.0290  0.2509 
   00032    0.592852 -1515227.3317  0.2508 
   00033    0.588170 -1528971.8517  0.2507 
   00034    0.587357 -1542554.2100  0.2508 
   00035    0.586148 -1555593.3850  0.2507 
   00036    0.584025 -1568489.1904  0.2506 
   00037    0.580914 -1581457.4885  0.2506 
   00038    0.578616 -1594029.6648  0.2506 
   00039    0.576951 -1605711.4901  0.2506 
   00040    0.575236 -1617528.4865  0.2506 
   00041    0.572337 -1628945.8914  0.2505 
   00042    0.571778 -1640238.4346  0.2504 
   00043    0.568142 -1651538.8231  0.2505 
   00044    0.566593 -1662300.2874  0.2505 
   00045    0.563374 -1673227.9659  0.2505 
   00046    0.563825 -1683354.1639  0.2505 
   00047    0.561427 -1693867.9542  0.2507 
   00048    0.560148 -1704543.6976  0.2506 
   00049    0.558280 -1714638.3266  0.2507 
   00050    0.555994 -1724393.3703  0.2507 
