Running tests
Before activation python =  /mnt/storage/software/languages/miniconda/miniconda3.11.3-CompressAI-Vision0.1.3/bin/python
After activation python = /user/home/ib20120/.conda/envs/LL_env/bin/python
Intel(R) Parallel Studio XE 2020 Update 4 for Linux*
Copyright 2009-2020 Intel Corporation.
15 rank
13 rank
12 rank
14 rank
8 rank
9 rank
10 rank
11 rank
1 rank
2 rank
3 rank
4 rank
5 rank
6 rank
7 rank
16 rank
17 rank
18 rank
19 rank
20 rank
21 rank
22 rank
23 rank
0 rank
MPI_Vec_LL.py: Size: 200, Steps: 50, T*: 0.500: Order: 0.256, Time: 32.567116 s
MPI_Vec_Jit_LL.py: Size: 200, Steps: 50, T*: 0.500: Order: 0.256, Time: 1.427208 s
#=====================================================
# MPI Monte Carlo
# Num Procs:           24
# File created:        Tue-07-Nov-2023-at-08-03-52PM
# Size of lattice:     200x200
# Number of MC steps:  50
# Reduced temperature: 0.500
#=====================================================
# Run time (s):        1.427208
   00000    0.500000  -40253.1973  0.2513 
   00001    0.712250  -41265.0573  0.2519 
   00002    0.715875  -42197.9512  0.2527 
   00003    0.699275  -43130.8850  0.2535 
   00004    0.698925  -44050.8002  0.2527 
   00005    0.702600  -44895.3364  0.2528 
   00006    0.701375  -45776.8102  0.2531 
   00007    0.698125  -46651.6634  0.2530 
   00008    0.699250  -47616.4612  0.2538 
   00009    0.688950  -48441.3732  0.2541 
   00010    0.684650  -49231.1906  0.2548 
   00011    0.682425  -50092.3798  0.2549 
   00012    0.679350  -50782.0192  0.2547 
   00013    0.671650  -51488.2887  0.2550 
   00014    0.679300  -52330.3133  0.2543 
   00015    0.667150  -53066.1299  0.2550 
   00016    0.661925  -53844.9182  0.2554 
   00017    0.663425  -54492.1437  0.2552 
   00018    0.659175  -55157.3250  0.2547 
   00019    0.655150  -55898.8813  0.2547 
   00020    0.657900  -56646.5957  0.2550 
   00021    0.651650  -57307.3016  0.2544 
   00022    0.653625  -57851.3125  0.2546 
   00023    0.649175  -58491.2076  0.2544 
   00024    0.644275  -59122.6358  0.2545 
   00025    0.644450  -59800.4458  0.2553 
   00026    0.645025  -60392.6102  0.2557 
   00027    0.640900  -60974.3892  0.2556 
   00028    0.633400  -61550.1729  0.2554 
   00029    0.634125  -62135.3122  0.2554 
   00030    0.634900  -62707.9572  0.2555 
   00031    0.630600  -63186.0359  0.2555 
   00032    0.625725  -63634.3998  0.2557 
   00033    0.625950  -64222.8825  0.2555 
   00034    0.626725  -64703.9059  0.2553 
   00035    0.617900  -65257.8369  0.2554 
   00036    0.624500  -65792.0577  0.2556 
   00037    0.622625  -66243.4764  0.2553 
   00038    0.616750  -66742.2404  0.2556 
   00039    0.615900  -67220.4086  0.2552 
   00040    0.613725  -67729.7832  0.2551 
   00041    0.613625  -68196.8095  0.2557 
   00042    0.611475  -68693.5942  0.2554 
   00043    0.606650  -69214.6290  0.2560 
   00044    0.607000  -69609.9178  0.2563 
   00045    0.604300  -70038.4786  0.2559 
   00046    0.605525  -70497.8258  0.2559 
   00047    0.602700  -70978.3303  0.2559 
   00048    0.595500  -71449.4934  0.2554 
   00049    0.601825  -71776.4859  0.2555 
   00050    0.599875  -72127.6306  0.2554 
