Running tests
Before activation python =  /mnt/storage/software/languages/miniconda/miniconda3.11.3-CompressAI-Vision0.1.3/bin/python
After activation python = /user/home/ib20120/.conda/envs/LL_env/bin/python
Intel(R) Parallel Studio XE 2020 Update 4 for Linux*
Copyright 2009-2020 Intel Corporation.
11 rank
9 rank
13 rank
15 rank
10 rank
14 rank
19 rank
16 rank
18 rank
17 rank
8 rank
12 rank
4 rank
5 rank
6 rank
7 rank
1 rank
3 rank
2 rank
0 rank
MPI_Vec_LL.py: Size: 200, Steps: 50, T*: 0.500: Order: 0.255, Time: 33.058390 s
MPI_Vec_Jit_LL.py: Size: 200, Steps: 50, T*: 0.500: Order: 0.256, Time: 1.883685 s
#=====================================================
# MPI Monte Carlo
# Num Procs:           20
# File created:        Tue-07-Nov-2023-at-07-39-54PM
# Size of lattice:     200x200
# Number of MC steps:  50
# Reduced temperature: 0.500
#=====================================================
# Run time (s):        1.883685
   00000    0.500000  -40479.4202  0.2560 
   00001    0.712275  -41712.0656  0.2560 
   00002    0.714750  -42806.7923  0.2562 
   00003    0.706075  -44052.2370  0.2562 
   00004    0.700100  -45137.0116  0.2562 
   00005    0.690250  -46286.9044  0.2564 
   00006    0.693100  -47428.8774  0.2565 
   00007    0.691675  -48479.9109  0.2573 
   00008    0.695125  -49569.4675  0.2572 
   00009    0.689000  -50456.9688  0.2565 
   00010    0.682150  -51404.7934  0.2568 
   00011    0.668200  -52361.1815  0.2566 
   00012    0.675125  -53191.1107  0.2568 
   00013    0.670375  -54037.5396  0.2571 
   00014    0.667775  -54927.8323  0.2571 
   00015    0.661925  -55744.1919  0.2577 
   00016    0.658700  -56659.7492  0.2575 
   00017    0.653250  -57467.9715  0.2577 
   00018    0.658025  -58262.9612  0.2580 
   00019    0.651200  -59079.7134  0.2573 
   00020    0.648775  -59938.5538  0.2571 
   00021    0.649000  -60629.3475  0.2569 
   00022    0.645725  -61365.1019  0.2564 
   00023    0.635125  -62022.8233  0.2563 
   00024    0.638200  -62690.9833  0.2559 
   00025    0.637150  -63390.1273  0.2553 
   00026    0.636300  -64004.6881  0.2554 
   00027    0.626775  -64683.6036  0.2560 
   00028    0.623450  -65381.1298  0.2557 
   00029    0.629250  -66018.2427  0.2551 
   00030    0.621275  -66625.1564  0.2555 
   00031    0.622725  -67248.6006  0.2561 
   00032    0.618200  -67802.6817  0.2563 
   00033    0.609200  -68373.0664  0.2561 
   00034    0.614400  -68976.0615  0.2557 
   00035    0.610800  -69491.5022  0.2555 
   00036    0.609400  -70100.4528  0.2554 
   00037    0.605925  -70627.8671  0.2557 
   00038    0.604525  -71137.3260  0.2559 
   00039    0.605475  -71683.2957  0.2551 
   00040    0.599350  -72162.5068  0.2555 
   00041    0.602575  -72647.8187  0.2559 
   00042    0.599625  -73152.4909  0.2565 
   00043    0.598925  -73676.3194  0.2558 
   00044    0.592825  -74150.7284  0.2555 
   00045    0.597325  -74693.1053  0.2553 
   00046    0.585450  -75223.9089  0.2558 
   00047    0.585550  -75638.7026  0.2555 
   00048    0.588150  -76061.7669  0.2560 
   00049    0.591225  -76584.3344  0.2563 
   00050    0.585600  -77059.8330  0.2565 
