Running tests
Before activation python =  /mnt/storage/software/languages/miniconda/miniconda3.11.3-CompressAI-Vision0.1.3/bin/python
After activation python = /user/home/ib20120/.conda/envs/LL_env/bin/python
Intel(R) Parallel Studio XE 2020 Update 4 for Linux*
Copyright 2009-2020 Intel Corporation.
8 rank
9 rank
1 rank
3 rank
4 rank
5 rank
6 rank
7 rank
2 rank
0 rank
MPI_Vec_LL.py: Size: 600, Steps: 50, T*: 0.500: Order: 0.253, Time: 296.312332 s
MPI_Vec_Jit_LL.py: Size: 600, Steps: 50, T*: 0.500: Order: 0.253, Time: 16.368623 s
#=====================================================
# MPI Monte Carlo
# Num Procs:           10
# File created:        Tue-07-Nov-2023-at-06-38-35PM
# Size of lattice:     600x600
# Number of MC steps:  50
# Reduced temperature: 0.500
#=====================================================
# Run time (s):        16.368623
   00000    0.500000 -358918.3264  0.2502 
   00001    0.711917 -381108.0088  0.2502 
   00002    0.704419 -401521.9242  0.2501 
   00003    0.697525 -420996.9802  0.2504 
   00004    0.689036 -439598.1689  0.2505 
   00005    0.682439 -457655.3466  0.2507 
   00006    0.675506 -474359.8111  0.2505 
   00007    0.667967 -490700.8213  0.2507 
   00008    0.661442 -506220.0420  0.2509 
   00009    0.656283 -520436.4034  0.2508 
   00010    0.649967 -534768.4062  0.2511 
   00011    0.643406 -548033.8792  0.2511 
   00012    0.639108 -560942.0164  0.2511 
   00013    0.636353 -573651.2054  0.2512 
   00014    0.629506 -585890.7708  0.2516 
   00015    0.625419 -597343.1421  0.2514 
   00016    0.618586 -608010.5095  0.2517 
   00017    0.616897 -618701.1944  0.2514 
   00018    0.613592 -628742.8724  0.2513 
   00019    0.606522 -638641.9801  0.2513 
   00020    0.604719 -648380.5178  0.2513 
   00021    0.599200 -657602.5992  0.2515 
   00022    0.596514 -666665.8050  0.2513 
   00023    0.594478 -675630.1853  0.2512 
   00024    0.588386 -683728.2155  0.2515 
   00025    0.585653 -691837.8531  0.2518 
   00026    0.583108 -699784.8330  0.2517 
   00027    0.580772 -707542.4920  0.2519 
   00028    0.575019 -715155.8685  0.2520 
   00029    0.574300 -722695.2082  0.2518 
   00030    0.569486 -729980.4985  0.2516 
   00031    0.567747 -736771.7661  0.2517 
   00032    0.564500 -743743.7444  0.2519 
   00033    0.562281 -750265.2144  0.2520 
   00034    0.559850 -757143.8163  0.2518 
   00035    0.559039 -763306.5065  0.2518 
   00036    0.556336 -769598.8417  0.2521 
   00037    0.554494 -775716.6340  0.2523 
   00038    0.552672 -781480.1743  0.2525 
   00039    0.549064 -787208.0471  0.2524 
   00040    0.548597 -792792.3411  0.2524 
   00041    0.544789 -798179.0997  0.2525 
   00042    0.544836 -803646.5508  0.2526 
   00043    0.542961 -809075.1746  0.2527 
   00044    0.540656 -814401.0287  0.2529 
   00045    0.538675 -819172.0354  0.2527 
   00046    0.534969 -823714.0233  0.2526 
   00047    0.534519 -828411.3842  0.2531 
   00048    0.534675 -832859.9473  0.2530 
   00049    0.532981 -837511.0096  0.2532 
   00050    0.530192 -841676.5841  0.2532 
