Running tests
Before activation python =  /mnt/storage/software/languages/miniconda/miniconda3.11.3-CompressAI-Vision0.1.3/bin/python
After activation python = /user/home/ib20120/.conda/envs/LL_env/bin/python
Intel(R) Parallel Studio XE 2020 Update 4 for Linux*
Copyright 2009-2020 Intel Corporation.
12 rank
13 rank
14 rank
15 rank
4 rank
5 rank
6 rank
7 rank
20 rank
21 rank
22 rank
23 rank
1 rank
2 rank
3 rank
8 rank
9 rank
10 rank
11 rank
16 rank
17 rank
18 rank
19 rank
24 rank
25 rank
26 rank
27 rank
0 rank
MPI_Vec_LL.py: Size: 400, Steps: 50, T*: 0.500: Order: 0.254, Time: 131.370339 s
MPI_Vec_Jit_LL.py: Size: 400, Steps: 50, T*: 0.500: Order: 0.251, Time: 4.196745 s
#=====================================================
# MPI Monte Carlo
# Num Procs:           28
# File created:        Tue-07-Nov-2023-at-08-27-36PM
# Size of lattice:     400x400
# Number of MC steps:  50
# Reduced temperature: 0.500
#=====================================================
# Run time (s):        4.196745
   00000    0.500000 -159855.0453  0.2516 
   00001    0.716237 -163124.0441  0.2514 
   00002    0.712675 -166452.8507  0.2515 
   00003    0.711981 -169648.0319  0.2516 
   00004    0.711100 -172932.2570  0.2515 
   00005    0.704881 -176230.3872  0.2515 
   00006    0.697925 -179486.4070  0.2515 
   00007    0.697963 -182741.9233  0.2513 
   00008    0.697338 -185803.7233  0.2515 
   00009    0.690769 -188689.3471  0.2518 
   00010    0.690006 -191624.7359  0.2516 
   00011    0.688225 -194418.8092  0.2517 
   00012    0.683975 -197230.5788  0.2517 
   00013    0.683900 -199849.4910  0.2517 
   00014    0.677575 -202491.3143  0.2515 
   00015    0.676569 -205066.6294  0.2517 
   00016    0.672288 -207693.3013  0.2516 
   00017    0.673481 -210291.0856  0.2516 
   00018    0.670025 -212921.1859  0.2513 
   00019    0.664806 -215414.4637  0.2511 
   00020    0.665831 -217839.7178  0.2508 
   00021    0.664000 -220267.7148  0.2508 
   00022    0.663069 -222759.7427  0.2507 
   00023    0.659350 -225040.7861  0.2509 
   00024    0.653288 -227406.8582  0.2508 
   00025    0.653300 -229756.9348  0.2507 
   00026    0.652669 -231988.3800  0.2504 
   00027    0.649475 -234120.5323  0.2506 
   00028    0.645925 -236217.2191  0.2508 
   00029    0.644831 -238451.0844  0.2505 
   00030    0.645731 -240430.5306  0.2506 
   00031    0.639444 -242389.7513  0.2504 
   00032    0.641131 -244430.1507  0.2504 
   00033    0.639938 -246584.4910  0.2505 
   00034    0.635119 -248693.3641  0.2505 
   00035    0.636294 -250538.3757  0.2504 
   00036    0.631831 -252431.9226  0.2503 
   00037    0.629238 -254195.3147  0.2504 
   00038    0.628894 -256129.2041  0.2505 
   00039    0.626900 -257962.3686  0.2507 
   00040    0.624069 -259757.7051  0.2505 
   00041    0.626194 -261528.1973  0.2504 
   00042    0.622425 -263235.0243  0.2504 
   00043    0.618556 -264978.2248  0.2505 
   00044    0.619519 -266602.9963  0.2507 
   00045    0.618062 -268392.5476  0.2503 
   00046    0.614631 -270000.6252  0.2503 
   00047    0.613225 -271542.9742  0.2505 
   00048    0.612756 -273163.0233  0.2508 
   00049    0.612506 -274676.7875  0.2508 
   00050    0.611656 -276268.3053  0.2508 
