Running tests
Before activation python =  /mnt/storage/software/languages/miniconda/miniconda3.11.3-CompressAI-Vision0.1.3/bin/python
After activation python = /user/home/ib20120/.conda/envs/LL_env/bin/python
Intel(R) Parallel Studio XE 2020 Update 4 for Linux*
Copyright 2009-2020 Intel Corporation.
15 rank
13 rank
5 rank
7 rank
12 rank
14 rank
17 rank
18 rank
19 rank
1 rank
3 rank
9 rank
11 rank
16 rank
8 rank
10 rank
2 rank
6 rank
4 rank
0 rank
MPI_Vec_LL.py: Size: 800, Steps: 50, T*: 0.500: Order: 0.251, Time: 535.264445 s
MPI_Vec_Jit_LL.py: Size: 800, Steps: 50, T*: 0.500: Order: 0.251, Time: 19.087491 s
#=====================================================
# MPI Monte Carlo
# Num Procs:           20
# File created:        Tue-07-Nov-2023-at-08-00-25PM
# Size of lattice:     800x800
# Number of MC steps:  50
# Reduced temperature: 0.500
#=====================================================
# Run time (s):        19.087491
   00000    0.500000 -639220.6431  0.2506 
   00001    0.716486 -658902.8907  0.2505 
   00002    0.712817 -677655.5140  0.2504 
   00003    0.705844 -696025.4607  0.2504 
   00004    0.702998 -713998.6488  0.2503 
   00005    0.697994 -732145.7842  0.2505 
   00006    0.697548 -749032.4194  0.2505 
   00007    0.692137 -766156.7079  0.2506 
   00008    0.687472 -782125.9267  0.2506 
   00009    0.684213 -797952.9678  0.2508 
   00010    0.680541 -813396.0459  0.2509 
   00011    0.676722 -828539.3838  0.2511 
   00012    0.673242 -843690.1239  0.2510 
   00013    0.669128 -858298.5872  0.2511 
   00014    0.667173 -872440.9856  0.2511 
   00015    0.663445 -886372.3839  0.2510 
   00016    0.659834 -899842.7839  0.2512 
   00017    0.658277 -913260.8205  0.2513 
   00018    0.653266 -926057.1094  0.2509 
   00019    0.650397 -938566.5488  0.2508 
   00020    0.647467 -951095.2275  0.2508 
   00021    0.644689 -963209.5952  0.2511 
   00022    0.643763 -974736.3681  0.2512 
   00023    0.640761 -986407.3743  0.2512 
   00024    0.637348 -997786.8499  0.2511 
   00025    0.636255 -1008868.3704  0.2510 
   00026    0.633736 -1019515.8088  0.2510 
   00027    0.630595 -1030200.7831  0.2509 
   00028    0.628645 -1040459.4084  0.2510 
   00029    0.625012 -1050746.7301  0.2510 
   00030    0.622222 -1061100.6719  0.2510 
   00031    0.621403 -1071120.6629  0.2511 
   00032    0.618989 -1080953.0103  0.2508 
   00033    0.616389 -1090562.8029  0.2509 
   00034    0.614516 -1100022.1627  0.2510 
   00035    0.611505 -1109593.6349  0.2511 
   00036    0.609366 -1118814.0074  0.2511 
   00037    0.608994 -1127950.9653  0.2512 
   00038    0.607469 -1136748.4353  0.2512 
   00039    0.605820 -1145290.6479  0.2513 
   00040    0.601339 -1153468.1707  0.2515 
   00041    0.600092 -1161458.6965  0.2513 
   00042    0.599711 -1169616.2475  0.2513 
   00043    0.596402 -1177459.4804  0.2513 
   00044    0.595319 -1185457.4976  0.2514 
   00045    0.594127 -1193288.8761  0.2514 
   00046    0.590366 -1201134.9176  0.2513 
   00047    0.590322 -1208740.1866  0.2514 
   00048    0.588573 -1216255.7341  0.2515 
   00049    0.586978 -1223665.1714  0.2514 
   00050    0.583991 -1230776.3534  0.2514 
