Running tests
Before activation python =  /mnt/storage/software/languages/miniconda/miniconda3.11.3-CompressAI-Vision0.1.3/bin/python
After activation python = /user/home/ib20120/.conda/envs/LL_env/bin/python
Intel(R) Parallel Studio XE 2020 Update 4 for Linux*
Copyright 2009-2020 Intel Corporation.
1 rank
2 rank
3 rank
4 rank
5 rank
6 rank
7 rank
0 rank
MPI_Vec_LL.py: Size: 300, Steps: 50, T*: 0.500: Order: 0.252, Time: 77.357490 s
MPI_Vec_Jit_LL.py: Size: 300, Steps: 50, T*: 0.500: Order: 0.252, Time: 5.031890 s
#=====================================================
# MPI Monte Carlo
# Num Procs:           8
# File created:        Tue-07-Nov-2023-at-06-12-40PM
# Size of lattice:     300x300
# Number of MC steps:  50
# Reduced temperature: 0.500
#=====================================================
# Run time (s):        5.031890
   00000    0.500000  -90293.0845  0.2534 
   00001    0.713689  -97074.8325  0.2530 
   00002    0.701889 -103258.7087  0.2528 
   00003    0.692011 -109163.5421  0.2525 
   00004    0.683422 -114847.0127  0.2525 
   00005    0.673289 -120016.7818  0.2517 
   00006    0.667111 -124861.7474  0.2516 
   00007    0.660167 -129539.7905  0.2523 
   00008    0.654056 -133760.5826  0.2526 
   00009    0.644344 -137987.6624  0.2527 
   00010    0.641022 -141806.7666  0.2526 
   00011    0.630822 -145656.5042  0.2525 
   00012    0.624922 -149165.5250  0.2529 
   00013    0.619956 -152459.2572  0.2534 
   00014    0.609167 -155518.4732  0.2532 
   00015    0.608222 -158776.0339  0.2538 
   00016    0.602144 -161968.6042  0.2534 
   00017    0.598789 -164865.7573  0.2529 
   00018    0.589689 -167566.9923  0.2532 
   00019    0.589267 -170215.8126  0.2533 
   00020    0.584578 -172773.5103  0.2532 
   00021    0.581611 -175308.0816  0.2535 
   00022    0.580078 -177610.9373  0.2534 
   00023    0.579167 -180017.5187  0.2534 
   00024    0.569411 -182370.7374  0.2535 
   00025    0.569622 -184506.4148  0.2533 
   00026    0.567789 -186704.2526  0.2533 
   00027    0.559222 -188675.9595  0.2536 
   00028    0.560444 -190612.1457  0.2533 
   00029    0.555733 -192519.0409  0.2538 
   00030    0.550911 -194571.3348  0.2540 
   00031    0.549811 -196331.9929  0.2534 
   00032    0.545600 -197991.3597  0.2530 
   00033    0.545822 -199505.4883  0.2536 
   00034    0.540256 -201094.4819  0.2534 
   00035    0.542122 -202682.7816  0.2534 
   00036    0.538356 -204215.7823  0.2539 
   00037    0.539467 -205757.5783  0.2539 
   00038    0.535011 -207175.7084  0.2532 
   00039    0.532500 -208530.2310  0.2530 
   00040    0.532411 -209919.2991  0.2531 
   00041    0.528189 -211357.3492  0.2530 
   00042    0.522622 -212806.9031  0.2524 
   00043    0.524878 -214062.7580  0.2521 
   00044    0.519111 -215303.6672  0.2525 
   00045    0.520511 -216465.7469  0.2526 
   00046    0.516789 -217612.5463  0.2525 
   00047    0.516711 -218814.1562  0.2525 
   00048    0.516100 -219865.6405  0.2525 
   00049    0.510544 -221046.0750  0.2524 
   00050    0.513278 -222182.8248  0.2524 
