Running tests
Before activation python =  /mnt/storage/software/languages/miniconda/miniconda3.11.3-CompressAI-Vision0.1.3/bin/python
After activation python = /user/home/ib20120/.conda/envs/LL_env/bin/python
Intel(R) Parallel Studio XE 2020 Update 4 for Linux*
Copyright 2009-2020 Intel Corporation.
7 rank
11 rank
3 rank
6 rank
2 rank
10 rank
8 rank
9 rank
12 rank
13 rank
1 rank
4 rank
5 rank
0 rank
MPI_Vec_LL.py: Size: 200, Steps: 50, T*: 0.500: Order: 0.252, Time: 32.521478 s
MPI_Vec_Jit_LL.py: Size: 200, Steps: 50, T*: 0.500: Order: 0.259, Time: 1.830850 s
#=====================================================
# MPI Monte Carlo
# Num Procs:           14
# File created:        Tue-07-Nov-2023-at-06-56-27PM
# Size of lattice:     200x200
# Number of MC steps:  50
# Reduced temperature: 0.500
#=====================================================
# Run time (s):        1.830850
   00000    0.500000  -39347.3668  0.2558 
   00001    0.720150  -41090.3943  0.2558 
   00002    0.716050  -42722.2489  0.2565 
   00003    0.699450  -44317.8904  0.2566 
   00004    0.694800  -45701.8063  0.2574 
   00005    0.688600  -47156.7864  0.2572 
   00006    0.690050  -48710.8183  0.2563 
   00007    0.674850  -50096.7455  0.2566 
   00008    0.673925  -51518.9444  0.2573 
   00009    0.667300  -52831.2895  0.2574 
   00010    0.665975  -54131.5227  0.2576 
   00011    0.664025  -55420.3721  0.2572 
   00012    0.660975  -56605.5592  0.2566 
   00013    0.649725  -57632.2115  0.2568 
   00014    0.648050  -58603.6396  0.2571 
   00015    0.646325  -59623.8987  0.2579 
   00016    0.643200  -60680.0830  0.2583 
   00017    0.637225  -61728.5599  0.2584 
   00018    0.637525  -62637.4703  0.2584 
   00019    0.627275  -63549.9844  0.2582 
   00020    0.627950  -64515.7149  0.2582 
   00021    0.622100  -65455.8440  0.2581 
   00022    0.621700  -66404.2987  0.2568 
   00023    0.614800  -67312.4791  0.2567 
   00024    0.612550  -68211.6271  0.2562 
   00025    0.610850  -69009.4591  0.2564 
   00026    0.605300  -69780.1585  0.2567 
   00027    0.608725  -70527.4288  0.2558 
   00028    0.601675  -71269.9625  0.2558 
   00029    0.603550  -71980.9975  0.2559 
   00030    0.595950  -72714.8028  0.2567 
   00031    0.596600  -73428.6357  0.2568 
   00032    0.594125  -74095.4302  0.2573 
   00033    0.592475  -74765.5347  0.2574 
   00034    0.590575  -75575.4846  0.2571 
   00035    0.588800  -76238.8084  0.2572 
   00036    0.577600  -76966.0115  0.2574 
   00037    0.578950  -77590.3843  0.2578 
   00038    0.578750  -78167.2393  0.2575 
   00039    0.578050  -78788.3524  0.2577 
   00040    0.577150  -79339.5689  0.2580 
   00041    0.574475  -80056.9960  0.2580 
   00042    0.576125  -80618.0561  0.2583 
   00043    0.563625  -81146.2213  0.2586 
   00044    0.566925  -81682.0028  0.2576 
   00045    0.561275  -82219.8419  0.2582 
   00046    0.558925  -82776.1932  0.2593 
   00047    0.559975  -83338.2155  0.2589 
   00048    0.558500  -83911.9952  0.2592 
   00049    0.558175  -84416.1847  0.2587 
   00050    0.555675  -84917.7854  0.2589 
