Running tests
Before activation python =  /mnt/storage/software/languages/miniconda/miniconda3.11.3-CompressAI-Vision0.1.3/bin/python
After activation python = /user/home/ib20120/.conda/envs/LL_env/bin/python
Intel(R) Parallel Studio XE 2020 Update 4 for Linux*
Copyright 2009-2020 Intel Corporation.
13 rank
15 rank
14 rank
12 rank
9 rank
11 rank
8 rank
10 rank
1 rank
2 rank
3 rank
4 rank
5 rank
6 rank
7 rank
16 rank
17 rank
18 rank
19 rank
20 rank
21 rank
22 rank
23 rank
0 rank
MPI_Vec_LL.py: Size: 500, Steps: 50, T*: 0.500: Order: 0.250, Time: 211.449812 s
MPI_Vec_Jit_LL.py: Size: 500, Steps: 50, T*: 0.500: Order: 0.251, Time: 6.732728 s
#=====================================================
# MPI Monte Carlo
# Num Procs:           24
# File created:        Tue-07-Nov-2023-at-08-14-46PM
# Size of lattice:     500x500
# Number of MC steps:  50
# Reduced temperature: 0.500
#=====================================================
# Run time (s):        6.732728
   00000    0.500000 -250628.9055  0.2508 
   00001    0.718840 -256876.7798  0.2510 
   00002    0.710924 -262851.7343  0.2509 
   00003    0.708356 -268527.5636  0.2511 
   00004    0.703564 -274367.1282  0.2511 
   00005    0.705664 -280135.9376  0.2509 
   00006    0.699092 -285720.5614  0.2508 
   00007    0.696532 -291117.6746  0.2506 
   00008    0.691656 -296378.0001  0.2505 
   00009    0.687956 -301451.4117  0.2506 
   00010    0.686064 -306393.5008  0.2506 
   00011    0.683080 -311426.3973  0.2504 
   00012    0.680184 -316130.9235  0.2507 
   00013    0.674832 -320637.6515  0.2504 
   00014    0.674144 -325280.1011  0.2505 
   00015    0.670848 -329863.8008  0.2502 
   00016    0.667116 -334494.3943  0.2502 
   00017    0.663704 -338933.8780  0.2501 
   00018    0.662884 -343307.8866  0.2501 
   00019    0.657776 -347590.8412  0.2502 
   00020    0.654988 -351710.0894  0.2503 
   00021    0.653856 -355876.8464  0.2501 
   00022    0.650844 -359924.5919  0.2503 
   00023    0.648152 -363885.5650  0.2505 
   00024    0.647048 -367737.3061  0.2506 
   00025    0.646100 -371494.0083  0.2506 
   00026    0.644136 -375405.8792  0.2506 
   00027    0.640588 -379160.9041  0.2504 
   00028    0.639096 -382808.5029  0.2505 
   00029    0.633484 -386431.4554  0.2507 
   00030    0.633436 -389986.4746  0.2508 
   00031    0.634188 -393551.4952  0.2509 
   00032    0.632848 -396953.4594  0.2510 
   00033    0.628900 -400324.1796  0.2511 
   00034    0.623996 -403630.5645  0.2512 
   00035    0.625132 -406788.3655  0.2515 
   00036    0.618564 -410069.8135  0.2516 
   00037    0.619680 -413040.1697  0.2515 
   00038    0.617656 -416048.6356  0.2514 
   00039    0.615180 -419203.7259  0.2516 
   00040    0.611928 -422260.1819  0.2518 
   00041    0.612296 -425389.4066  0.2518 
   00042    0.610184 -428148.2235  0.2517 
   00043    0.608044 -430941.7405  0.2515 
   00044    0.604524 -433857.6875  0.2514 
   00045    0.603232 -436778.2359  0.2513 
   00046    0.603204 -439700.6025  0.2509 
   00047    0.601392 -442379.6449  0.2509 
   00048    0.601868 -445148.9742  0.2509 
   00049    0.601076 -447844.9279  0.2509 
   00050    0.599116 -450436.1454  0.2508 
