Running tests
Before activation python =  /mnt/storage/software/languages/miniconda/miniconda3.11.3-CompressAI-Vision0.1.3/bin/python
After activation python = /user/home/ib20120/.conda/envs/LL_env/bin/python
Intel(R) Parallel Studio XE 2020 Update 4 for Linux*
Copyright 2009-2020 Intel Corporation.
11 rank
10 rank
3 rank
4 rank
5 rank
6 rank
7 rank
1 rank
8 rank
9 rank
2 rank
0 rank
MPI_Vec_LL.py: Size: 300, Steps: 50, T*: 0.500: Order: 0.254, Time: 77.337196 s
MPI_Vec_Jit_LL.py: Size: 300, Steps: 50, T*: 0.500: Order: 0.258, Time: 10.136602 s
#=====================================================
# MPI Monte Carlo
# Num Procs:           12
# File created:        Tue-07-Nov-2023-at-06-47-22PM
# Size of lattice:     300x300
# Number of MC steps:  50
# Reduced temperature: 0.500
#=====================================================
# Run time (s):        10.136602
   00000    0.500000  -89895.5833  0.2522 
   00001    0.716833  -94480.8153  0.2516 
   00002    0.705978  -98765.0936  0.2516 
   00003    0.701389 -102780.5832  0.2513 
   00004    0.697978 -106729.9848  0.2516 
   00005    0.684656 -110614.7255  0.2513 
   00006    0.682078 -114115.6801  0.2513 
   00007    0.677344 -117643.3763  0.2513 
   00008    0.673033 -121097.4814  0.2518 
   00009    0.663444 -124389.7143  0.2517 
   00010    0.659644 -127497.8772  0.2509 
   00011    0.651889 -130546.8993  0.2508 
   00012    0.650567 -133474.1441  0.2506 
   00013    0.644211 -136330.8747  0.2508 
   00014    0.642011 -139021.3493  0.2513 
   00015    0.639756 -141542.5685  0.2516 
   00016    0.629978 -144139.5918  0.2516 
   00017    0.625222 -146798.9124  0.2518 
   00018    0.626689 -149221.2637  0.2518 
   00019    0.619511 -151658.7835  0.2519 
   00020    0.618056 -153861.6571  0.2519 
   00021    0.611922 -156067.5036  0.2525 
   00022    0.611789 -158207.4194  0.2531 
   00023    0.608244 -160202.8820  0.2533 
   00024    0.605111 -162181.4381  0.2534 
   00025    0.599233 -164021.0744  0.2537 
   00026    0.594044 -165908.0637  0.2541 
   00027    0.591522 -167663.3782  0.2537 
   00028    0.587667 -169516.5011  0.2540 
   00029    0.587833 -171268.2116  0.2541 
   00030    0.583889 -172964.9914  0.2540 
   00031    0.582133 -174656.6666  0.2545 
   00032    0.577344 -176286.2680  0.2553 
   00033    0.580089 -177783.0657  0.2558 
   00034    0.572556 -179242.9434  0.2559 
   00035    0.570989 -180757.9966  0.2557 
   00036    0.569011 -182186.2884  0.2559 
   00037    0.572478 -183684.6900  0.2560 
   00038    0.565878 -185135.8478  0.2561 
   00039    0.564156 -186525.9711  0.2566 
   00040    0.561189 -187941.6894  0.2570 
   00041    0.558933 -189316.2595  0.2570 
   00042    0.558533 -190501.8545  0.2567 
   00043    0.554556 -191720.7618  0.2569 
   00044    0.551833 -193153.7308  0.2573 
   00045    0.553367 -194431.0588  0.2571 
   00046    0.548856 -195540.7471  0.2572 
   00047    0.548567 -196759.7272  0.2576 
   00048    0.544933 -198015.5626  0.2576 
   00049    0.545911 -199107.0821  0.2576 
   00050    0.543733 -200252.5000  0.2575 
