Running tests
Before activation python =  /mnt/storage/software/languages/miniconda/miniconda3.11.3-CompressAI-Vision0.1.3/bin/python
After activation python = /user/home/ib20120/.conda/envs/LL_env/bin/python
Intel(R) Parallel Studio XE 2020 Update 4 for Linux*
Copyright 2009-2020 Intel Corporation.
13 rank
5 rank
7 rank
12 rank
6 rank
4 rank
11 rank
9 rank
3 rank
1 rank
2 rank
10 rank
8 rank
0 rank
MPI_Vec_LL.py: Size: 700, Steps: 50, T*: 0.500: Order: 0.252, Time: 416.756547 s
MPI_Vec_Jit_LL.py: Size: 700, Steps: 50, T*: 0.500: Order: 0.254, Time: 18.382481 s
#=====================================================
# MPI Monte Carlo
# Num Procs:           14
# File created:        Tue-07-Nov-2023-at-07-14-41PM
# Size of lattice:     700x700
# Number of MC steps:  50
# Reduced temperature: 0.500
#=====================================================
# Run time (s):        18.382481
   00000    0.500000 -488789.5806  0.2517 
   00001    0.714076 -510053.6010  0.2521 
   00002    0.709635 -530634.3111  0.2521 
   00003    0.702020 -550360.7276  0.2523 
   00004    0.697573 -569519.0038  0.2524 
   00005    0.691498 -588041.5199  0.2524 
   00006    0.685420 -605714.1940  0.2526 
   00007    0.681586 -622852.3496  0.2525 
   00008    0.676141 -639450.8365  0.2527 
   00009    0.671016 -655335.5672  0.2526 
   00010    0.665263 -670809.7988  0.2526 
   00011    0.661463 -685839.6374  0.2527 
   00012    0.656161 -700534.0876  0.2527 
   00013    0.652498 -714395.8251  0.2527 
   00014    0.650639 -727846.8230  0.2529 
   00015    0.643959 -740964.4440  0.2531 
   00016    0.641616 -753972.9799  0.2530 
   00017    0.637065 -766404.6343  0.2532 
   00018    0.635078 -778266.7405  0.2533 
   00019    0.630343 -789705.1351  0.2534 
   00020    0.626410 -801255.5742  0.2535 
   00021    0.624051 -811976.6615  0.2534 
   00022    0.620961 -822539.6085  0.2533 
   00023    0.619516 -832592.3918  0.2534 
   00024    0.615755 -843157.4448  0.2537 
   00025    0.610904 -853036.5450  0.2538 
   00026    0.608912 -862312.5893  0.2538 
   00027    0.607851 -871931.6294  0.2540 
   00028    0.601780 -881084.1451  0.2538 
   00029    0.599969 -890241.7413  0.2539 
   00030    0.598300 -898896.7922  0.2540 
   00031    0.594057 -907421.4443  0.2543 
   00032    0.591512 -915961.6046  0.2544 
   00033    0.590239 -924277.5431  0.2544 
   00034    0.587386 -932388.7034  0.2546 
   00035    0.585033 -940731.6504  0.2546 
   00036    0.584008 -949046.6149  0.2546 
   00037    0.580565 -956397.6127  0.2544 
   00038    0.579400 -963966.4596  0.2544 
   00039    0.577269 -971302.9041  0.2544 
   00040    0.574463 -978415.9010  0.2546 
   00041    0.572163 -985344.7123  0.2545 
   00042    0.571269 -992595.3654  0.2543 
   00043    0.570288 -999583.2887  0.2542 
   00044    0.566484 -1006142.4375  0.2542 
   00045    0.563496 -1012722.5403  0.2542 
   00046    0.564649 -1019042.7205  0.2540 
   00047    0.561769 -1025492.9978  0.2541 
   00048    0.558524 -1031434.3524  0.2542 
   00049    0.557108 -1037576.5248  0.2542 
   00050    0.556855 -1043429.6552  0.2541 
