Running tests
Before activation python =  /mnt/storage/software/languages/miniconda/miniconda3.11.3-CompressAI-Vision0.1.3/bin/python
After activation python = /user/home/ib20120/.conda/envs/LL_env/bin/python
Intel(R) Parallel Studio XE 2020 Update 4 for Linux*
Copyright 2009-2020 Intel Corporation.
9 rank
11 rank
13 rank
15 rank
14 rank
10 rank
8 rank
12 rank
1 rank
2 rank
3 rank
5 rank
6 rank
7 rank
16 rank
17 rank
18 rank
19 rank
20 rank
21 rank
22 rank
23 rank
4 rank
0 rank
MPI_Vec_LL.py: Size: 300, Steps: 50, T*: 0.500: Order: 0.252, Time: 71.362958 s
MPI_Vec_Jit_LL.py: Size: 300, Steps: 50, T*: 0.500: Order: 0.253, Time: 2.883042 s
#=====================================================
# MPI Monte Carlo
# Num Procs:           24
# File created:        Tue-07-Nov-2023-at-08-06-32PM
# Size of lattice:     300x300
# Number of MC steps:  50
# Reduced temperature: 0.500
#=====================================================
# Run time (s):        2.883042
   00000    0.500000  -90221.1798  0.2537 
   00001    0.721144  -92464.8800  0.2538 
   00002    0.710322  -94708.9903  0.2541 
   00003    0.708167  -96756.8418  0.2543 
   00004    0.703478  -98726.9239  0.2544 
   00005    0.703478 -100709.1276  0.2545 
   00006    0.693767 -102747.9941  0.2541 
   00007    0.694344 -104825.5308  0.2548 
   00008    0.688244 -106668.7317  0.2549 
   00009    0.690656 -108621.4429  0.2547 
   00010    0.686922 -110453.6265  0.2547 
   00011    0.682489 -112213.3935  0.2548 
   00012    0.682878 -113996.0658  0.2547 
   00013    0.680644 -115828.5012  0.2549 
   00014    0.672889 -117657.4984  0.2547 
   00015    0.670811 -119383.0439  0.2546 
   00016    0.668222 -120966.1417  0.2545 
   00017    0.664444 -122564.5689  0.2544 
   00018    0.661011 -124041.5115  0.2547 
   00019    0.663078 -125482.9737  0.2547 
   00020    0.655233 -126954.1998  0.2546 
   00021    0.651933 -128513.7344  0.2546 
   00022    0.652822 -129886.3309  0.2547 
   00023    0.652500 -131291.3376  0.2544 
   00024    0.651022 -132657.9464  0.2542 
   00025    0.642611 -133920.4529  0.2540 
   00026    0.641689 -135438.7036  0.2539 
   00027    0.640633 -136617.1199  0.2542 
   00028    0.636922 -137923.1785  0.2538 
   00029    0.635900 -139274.7668  0.2537 
   00030    0.636867 -140504.6576  0.2539 
   00031    0.635400 -141682.2838  0.2538 
   00032    0.631100 -142898.8437  0.2541 
   00033    0.629767 -144139.4902  0.2542 
   00034    0.627244 -145323.5226  0.2545 
   00035    0.623189 -146441.4024  0.2540 
   00036    0.622278 -147582.0871  0.2541 
   00037    0.622522 -148717.5381  0.2543 
   00038    0.620533 -149818.4828  0.2543 
   00039    0.613578 -150905.4840  0.2545 
   00040    0.612556 -152014.4416  0.2542 
   00041    0.610356 -153157.6268  0.2543 
   00042    0.608011 -154132.6193  0.2548 
   00043    0.609378 -155125.9691  0.2545 
   00044    0.609000 -156240.6575  0.2543 
   00045    0.604133 -157371.1336  0.2545 
   00046    0.604611 -158443.6220  0.2542 
   00047    0.603289 -159395.0433  0.2542 
   00048    0.600700 -160316.0575  0.2539 
   00049    0.602778 -161295.1964  0.2535 
   00050    0.598011 -162278.8886  0.2536 
