Running tests
Before activation python =  /mnt/storage/software/languages/miniconda/miniconda3.11.3-CompressAI-Vision0.1.3/bin/python
After activation python = /user/home/ib20120/.conda/envs/LL_env/bin/python
Intel(R) Parallel Studio XE 2020 Update 4 for Linux*
Copyright 2009-2020 Intel Corporation.
7 rank
5 rank
1 rank
3 rank
2 rank
4 rank
6 rank
0 rank
MPI_Vec_LL.py: Size: 600, Steps: 50, T*: 0.500: Order: 0.252, Time: 310.460472 s
MPI_Vec_Jit_LL.py: Size: 600, Steps: 50, T*: 0.500: Order: 0.255, Time: 21.080169 s
#=====================================================
# MPI Monte Carlo
# Num Procs:           8
# File created:        Tue-07-Nov-2023-at-06-20-53PM
# Size of lattice:     600x600
# Number of MC steps:  50
# Reduced temperature: 0.500
#=====================================================
# Run time (s):        21.080169
   00000    0.500000 -360968.0300  0.2508 
   00001    0.712283 -388306.4512  0.2511 
   00002    0.701861 -413199.2349  0.2511 
   00003    0.691736 -436747.2605  0.2508 
   00004    0.682872 -459029.8422  0.2507 
   00005    0.674319 -479950.2876  0.2505 
   00006    0.665728 -499347.8419  0.2507 
   00007    0.658083 -517792.2462  0.2509 
   00008    0.650014 -535884.4885  0.2514 
   00009    0.643228 -552346.8246  0.2517 
   00010    0.637225 -568241.7200  0.2513 
   00011    0.631781 -583686.4291  0.2514 
   00012    0.625672 -597741.0002  0.2514 
   00013    0.619544 -611418.0815  0.2514 
   00014    0.615050 -624238.3925  0.2515 
   00015    0.607114 -636666.1952  0.2515 
   00016    0.604178 -648857.0118  0.2515 
   00017    0.599269 -660575.0741  0.2517 
   00018    0.594492 -671801.1164  0.2513 
   00019    0.590431 -682489.9454  0.2515 
   00020    0.585742 -692630.0007  0.2517 
   00021    0.581431 -702263.2597  0.2519 
   00022    0.578642 -711743.7867  0.2520 
   00023    0.575886 -720925.5558  0.2520 
   00024    0.572258 -730003.5855  0.2521 
   00025    0.567956 -738686.3216  0.2525 
   00026    0.566931 -746802.7512  0.2525 
   00027    0.561733 -755202.9721  0.2527 
   00028    0.559764 -763129.4061  0.2531 
   00029    0.556114 -770650.4286  0.2530 
   00030    0.552469 -778047.2072  0.2532 
   00031    0.549567 -785280.4236  0.2533 
   00032    0.548439 -792303.1061  0.2537 
   00033    0.544508 -798906.7241  0.2536 
   00034    0.544158 -805618.8869  0.2540 
   00035    0.539336 -812130.2210  0.2539 
   00036    0.538258 -818622.8260  0.2539 
   00037    0.537564 -824391.4985  0.2541 
   00038    0.534742 -830461.3666  0.2544 
   00039    0.532889 -835984.5705  0.2544 
   00040    0.530397 -841435.0853  0.2545 
   00041    0.526997 -847055.3390  0.2546 
   00042    0.527306 -852492.8452  0.2545 
   00043    0.525383 -857851.4153  0.2547 
   00044    0.521369 -863139.1238  0.2548 
   00045    0.522247 -868108.4419  0.2546 
   00046    0.521272 -872930.3243  0.2547 
   00047    0.517983 -877492.7862  0.2548 
   00048    0.514458 -882074.1266  0.2547 
   00049    0.513822 -886634.2017  0.2548 
   00050    0.511033 -890985.4004  0.2550 
