Running tests
Before activation python =  /mnt/storage/software/languages/miniconda/miniconda3.11.3-CompressAI-Vision0.1.3/bin/python
After activation python = /user/home/ib20120/.conda/envs/LL_env/bin/python
Intel(R) Parallel Studio XE 2020 Update 4 for Linux*
Copyright 2009-2020 Intel Corporation.
4 rank
5 rank
6 rank
7 rank
9 rank
1 rank
2 rank
3 rank
8 rank
0 rank
MPI_Vec_LL.py: Size: 300, Steps: 50, T*: 0.500: Order: 0.253, Time: 88.210163 s
MPI_Vec_Jit_LL.py: Size: 300, Steps: 50, T*: 0.500: Order: 0.253, Time: 4.341125 s
#=====================================================
# MPI Monte Carlo
# Num Procs:           10
# File created:        Tue-07-Nov-2023-at-06-32-25PM
# Size of lattice:     300x300
# Number of MC steps:  50
# Reduced temperature: 0.500
#=====================================================
# Run time (s):        4.341125
   00000    0.500000  -89834.5830  0.2508 
   00001    0.717078  -95177.9953  0.2509 
   00002    0.701256 -100318.4111  0.2503 
   00003    0.696767 -105356.3461  0.2511 
   00004    0.691733 -110257.5657  0.2512 
   00005    0.680933 -114639.5510  0.2509 
   00006    0.674044 -118671.1941  0.2508 
   00007    0.666200 -122523.1620  0.2508 
   00008    0.662378 -126347.0093  0.2503 
   00009    0.654356 -129787.4579  0.2501 
   00010    0.648900 -133410.4431  0.2504 
   00011    0.646278 -136993.4009  0.2504 
   00012    0.638189 -140127.0882  0.2506 
   00013    0.635722 -143114.4033  0.2501 
   00014    0.631556 -146138.7662  0.2504 
   00015    0.623267 -148918.0485  0.2507 
   00016    0.619633 -151753.7548  0.2508 
   00017    0.616767 -154275.9153  0.2512 
   00018    0.614267 -156825.3393  0.2515 
   00019    0.607322 -159494.2687  0.2523 
   00020    0.605300 -161909.9716  0.2523 
   00021    0.599189 -164278.7011  0.2519 
   00022    0.595600 -166456.7044  0.2516 
   00023    0.594700 -168643.2137  0.2523 
   00024    0.592600 -170543.9612  0.2519 
   00025    0.587078 -172693.1217  0.2517 
   00026    0.582200 -174650.7130  0.2518 
   00027    0.581556 -176834.0355  0.2517 
   00028    0.575967 -178667.5707  0.2516 
   00029    0.574122 -180411.5558  0.2515 
   00030    0.571111 -182340.6469  0.2516 
   00031    0.570644 -184059.5672  0.2519 
   00032    0.564133 -185662.3070  0.2519 
   00033    0.562933 -187281.6398  0.2519 
   00034    0.559656 -188835.8887  0.2517 
   00035    0.557944 -190387.6487  0.2524 
   00036    0.555578 -191834.2127  0.2522 
   00037    0.554300 -193355.7851  0.2519 
   00038    0.551467 -194921.5781  0.2520 
   00039    0.554078 -196285.0695  0.2523 
   00040    0.547411 -197709.4058  0.2524 
   00041    0.543433 -199127.2283  0.2528 
   00042    0.543967 -200427.6112  0.2523 
   00043    0.541367 -201673.6316  0.2521 
   00044    0.539778 -203029.5412  0.2519 
   00045    0.541533 -204313.6351  0.2523 
   00046    0.535489 -205547.0526  0.2525 
   00047    0.533967 -206703.1670  0.2529 
   00048    0.530411 -207899.5412  0.2530 
   00049    0.529700 -208986.3155  0.2530 
   00050    0.533167 -210125.5485  0.2534 
