Running tests
Before activation python =  /mnt/storage/software/languages/miniconda/miniconda3.11.3-CompressAI-Vision0.1.3/bin/python
After activation python = /user/home/ib20120/.conda/envs/LL_env/bin/python
Intel(R) Parallel Studio XE 2020 Update 4 for Linux*
Copyright 2009-2020 Intel Corporation.
3 rank
7 rank
5 rank
2 rank
6 rank
4 rank
1 rank
0 rank
MPI_Vec_LL.py: Size: 500, Steps: 50, T*: 0.500: Order: 0.254, Time: 222.681986 s
MPI_Vec_Jit_LL.py: Size: 500, Steps: 50, T*: 0.500: Order: 0.251, Time: 12.469031 s
#=====================================================
# MPI Monte Carlo
# Num Procs:           8
# File created:        Tue-07-Nov-2023-at-06-17-14PM
# Size of lattice:     500x500
# Number of MC steps:  50
# Reduced temperature: 0.500
#=====================================================
# Run time (s):        12.469031
   00000    0.500000 -250600.2082  0.2505 
   00001    0.713732 -269190.7752  0.2507 
   00002    0.703316 -286591.4152  0.2506 
   00003    0.692400 -302639.6051  0.2512 
   00004    0.682576 -318247.0914  0.2508 
   00005    0.673904 -332880.7443  0.2509 
   00006    0.666352 -346349.6573  0.2513 
   00007    0.659584 -359657.4914  0.2510 
   00008    0.649952 -371683.4087  0.2511 
   00009    0.643580 -383554.5848  0.2512 
   00010    0.636912 -394539.9730  0.2512 
   00011    0.630876 -405080.3674  0.2514 
   00012    0.623452 -414733.0127  0.2514 
   00013    0.620084 -424530.7789  0.2516 
   00014    0.614908 -433741.3951  0.2515 
   00015    0.608336 -442586.9593  0.2516 
   00016    0.605044 -451164.4992  0.2515 
   00017    0.598536 -458935.5101  0.2515 
   00018    0.595480 -466717.3602  0.2511 
   00019    0.589664 -474455.7850  0.2512 
   00020    0.585612 -481886.9441  0.2514 
   00021    0.581420 -488351.8030  0.2513 
   00022    0.579124 -494825.7590  0.2511 
   00023    0.574152 -501058.8688  0.2510 
   00024    0.573144 -507320.7348  0.2510 
   00025    0.567416 -513452.4449  0.2508 
   00026    0.566576 -519458.3599  0.2512 
   00027    0.563600 -525275.6457  0.2515 
   00028    0.560168 -530737.2314  0.2515 
   00029    0.555064 -535954.2328  0.2513 
   00030    0.551104 -541118.6414  0.2517 
   00031    0.548968 -546157.7856  0.2518 
   00032    0.547248 -551126.8955  0.2515 
   00033    0.545412 -555878.1310  0.2515 
   00034    0.543452 -560298.8337  0.2512 
   00035    0.540376 -564756.6638  0.2512 
   00036    0.537832 -568731.8268  0.2515 
   00037    0.533480 -572736.9582  0.2514 
   00038    0.533592 -577082.9879  0.2515 
   00039    0.531280 -581089.8171  0.2515 
   00040    0.527552 -585090.1362  0.2517 
   00041    0.527696 -588702.9538  0.2516 
   00042    0.526076 -592565.6636  0.2516 
   00043    0.523064 -596304.2710  0.2514 
   00044    0.521672 -599933.2637  0.2516 
   00045    0.520728 -603354.3835  0.2516 
   00046    0.518304 -606698.1817  0.2517 
   00047    0.517272 -610073.1240  0.2516 
   00048    0.516232 -613425.8009  0.2517 
   00049    0.514212 -616524.6071  0.2514 
   00050    0.511140 -619503.9334  0.2513 
