Running tests
Before activation python =  /mnt/storage/software/languages/miniconda/miniconda3.11.3-CompressAI-Vision0.1.3/bin/python
After activation python = /user/home/ib20120/.conda/envs/LL_env/bin/python
Intel(R) Parallel Studio XE 2020 Update 4 for Linux*
Copyright 2009-2020 Intel Corporation.
12 rank
13 rank
14 rank
15 rank
6 rank
7 rank
5 rank
4 rank
16 rank
17 rank
18 rank
19 rank
1 rank
2 rank
3 rank
9 rank
10 rank
11 rank
8 rank
0 rank
MPI_Vec_LL.py: Size: 700, Steps: 50, T*: 0.500: Order: 0.252, Time: 431.321168 s
MPI_Vec_Jit_LL.py: Size: 700, Steps: 50, T*: 0.500: Order: 0.251, Time: 15.251249 s
#=====================================================
# MPI Monte Carlo
# Num Procs:           20
# File created:        Tue-07-Nov-2023-at-07-54-52PM
# Size of lattice:     700x700
# Number of MC steps:  50
# Reduced temperature: 0.500
#=====================================================
# Run time (s):        15.251249
   00000    0.500000 -490670.7367  0.2504 
   00001    0.714580 -505732.7013  0.2505 
   00002    0.712567 -520906.3164  0.2503 
   00003    0.707855 -535508.9418  0.2502 
   00004    0.703294 -549240.3895  0.2503 
   00005    0.698908 -562504.8019  0.2502 
   00006    0.694406 -575590.0950  0.2503 
   00007    0.690810 -588466.7558  0.2502 
   00008    0.686516 -600836.3328  0.2502 
   00009    0.682114 -612895.3350  0.2502 
   00010    0.679767 -624574.5963  0.2502 
   00011    0.675402 -636106.6606  0.2501 
   00012    0.673631 -647347.8743  0.2500 
   00013    0.669239 -658549.0257  0.2501 
   00014    0.666784 -669398.2841  0.2501 
   00015    0.664398 -680078.1464  0.2502 
   00016    0.661265 -690055.2413  0.2501 
   00017    0.657996 -700234.5537  0.2502 
   00018    0.654547 -710062.1760  0.2501 
   00019    0.650280 -719949.3251  0.2501 
   00020    0.648620 -729331.6551  0.2501 
   00021    0.645655 -738640.7119  0.2503 
   00022    0.642153 -747777.8836  0.2505 
   00023    0.640084 -756466.5658  0.2508 
   00024    0.638794 -765048.2203  0.2508 
   00025    0.634080 -773927.2366  0.2507 
   00026    0.633367 -782166.4187  0.2507 
   00027    0.629822 -790151.9400  0.2506 
   00028    0.628698 -798145.4185  0.2506 
   00029    0.626410 -806361.0749  0.2505 
   00030    0.624802 -814052.3023  0.2506 
   00031    0.619980 -821558.4101  0.2508 
   00032    0.619637 -828903.2832  0.2507 
   00033    0.616414 -836330.8986  0.2508 
   00034    0.615545 -843682.7299  0.2508 
   00035    0.612441 -850599.9384  0.2509 
   00036    0.610739 -857470.7379  0.2507 
   00037    0.607569 -864154.3260  0.2507 
   00038    0.607371 -870771.3864  0.2506 
   00039    0.604231 -877170.6639  0.2506 
   00040    0.603563 -883696.0912  0.2506 
   00041    0.601510 -890101.3254  0.2507 
   00042    0.597188 -896304.7666  0.2509 
   00043    0.596651 -902535.7410  0.2508 
   00044    0.595733 -908613.9756  0.2510 
   00045    0.592761 -914839.9888  0.2508 
   00046    0.590688 -920941.4683  0.2509 
   00047    0.590212 -926563.5375  0.2507 
   00048    0.587880 -932288.3260  0.2506 
   00049    0.585580 -937913.3495  0.2507 
   00050    0.586047 -943421.4893  0.2508 
