Running tests
Before activation python =  /mnt/storage/software/languages/miniconda/miniconda3.11.3-CompressAI-Vision0.1.3/bin/python
After activation python = /user/home/ib20120/.conda/envs/LL_env/bin/python
Intel(R) Parallel Studio XE 2020 Update 4 for Linux*
Copyright 2009-2020 Intel Corporation.
4 rank
5 rank
6 rank
7 rank
9 rank
11 rank
12 rank
13 rank
14 rank
15 rank
3 rank
1 rank
8 rank
10 rank
2 rank
0 rank
MPI_Vec_LL.py: Size: 900, Steps: 50, T*: 0.500: Order: 0.251, Time: 692.552408 s
MPI_Vec_Jit_LL.py: Size: 900, Steps: 50, T*: 0.500: Order: 0.251, Time: 28.739784 s
#=====================================================
# MPI Monte Carlo
# Num Procs:           16
# File created:        Tue-07-Nov-2023-at-07-41-33PM
# Size of lattice:     900x900
# Number of MC steps:  50
# Reduced temperature: 0.500
#=====================================================
# Run time (s):        28.739784
   00000    0.500000 -809507.9676  0.2503 
   00001    0.715453 -840591.8441  0.2502 
   00002    0.711127 -871081.9335  0.2504 
   00003    0.704905 -899962.7824  0.2503 
   00004    0.699662 -927682.0916  0.2503 
   00005    0.696523 -955070.7262  0.2504 
   00006    0.690547 -980732.8414  0.2505 
   00007    0.684370 -1005479.3010  0.2504 
   00008    0.679716 -1029745.7389  0.2504 
   00009    0.676905 -1053801.6030  0.2505 
   00010    0.671564 -1077034.5414  0.2504 
   00011    0.668502 -1099328.4281  0.2505 
   00012    0.663141 -1121648.2670  0.2505 
   00013    0.660372 -1142760.1058  0.2507 
   00014    0.656410 -1163065.2442  0.2507 
   00015    0.652811 -1182719.4158  0.2506 
   00016    0.649007 -1202384.8781  0.2504 
   00017    0.644765 -1221164.8623  0.2504 
   00018    0.642817 -1239905.1439  0.2505 
   00019    0.637314 -1258469.2831  0.2505 
   00020    0.634832 -1276235.1800  0.2506 
   00021    0.633115 -1293103.2394  0.2507 
   00022    0.629836 -1309607.2875  0.2508 
   00023    0.627437 -1325933.2991  0.2506 
   00024    0.623796 -1341789.4892  0.2506 
   00025    0.621083 -1357197.7949  0.2508 
   00026    0.618515 -1372292.6250  0.2507 
   00027    0.615146 -1387289.3440  0.2507 
   00028    0.612854 -1401775.0932  0.2506 
   00029    0.612217 -1415722.7706  0.2507 
   00030    0.607700 -1429668.1972  0.2509 
   00031    0.605144 -1443227.9555  0.2509 
   00032    0.603277 -1456224.9842  0.2511 
   00033    0.601436 -1469590.1789  0.2511 
   00034    0.597117 -1482385.5456  0.2510 
   00035    0.596212 -1494842.0098  0.2512 
   00036    0.592888 -1507056.8176  0.2511 
   00037    0.590907 -1519114.6093  0.2510 
   00038    0.589236 -1531390.6168  0.2510 
   00039    0.586812 -1543215.2968  0.2509 
   00040    0.584628 -1554767.4092  0.2509 
   00041    0.582822 -1565901.5885  0.2510 
   00042    0.581681 -1576677.5350  0.2510 
   00043    0.579246 -1587677.2110  0.2509 
   00044    0.578374 -1598402.7607  0.2508 
   00045    0.575725 -1608884.1350  0.2507 
   00046    0.575893 -1618955.3519  0.2507 
   00047    0.572480 -1629039.4242  0.2508 
   00048    0.570146 -1638957.0708  0.2506 
   00049    0.568596 -1649156.0512  0.2506 
   00050    0.566494 -1658682.1060  0.2506 
