Running tests
Before activation python =  /mnt/storage/software/languages/miniconda/miniconda3.11.3-CompressAI-Vision0.1.3/bin/python
After activation python = /user/home/ib20120/.conda/envs/LL_env/bin/python
Intel(R) Parallel Studio XE 2020 Update 4 for Linux*
Copyright 2009-2020 Intel Corporation.
4 rank
5 rank
6 rank
7 rank
1 rank
2 rank
3 rank
8 rank
9 rank
10 rank
11 rank
0 rank
MPI_Vec_LL.py: Size: 200, Steps: 50, T*: 0.500: Order: 0.259, Time: 58.528732 s
MPI_Vec_Jit_LL.py: Size: 200, Steps: 50, T*: 0.500: Order: 0.255, Time: 3.215254 s
#=====================================================
# MPI Monte Carlo
# Num Procs:           12
# File created:        Tue-07-Nov-2023-at-06-41-57PM
# Size of lattice:     200x200
# Number of MC steps:  50
# Reduced temperature: 0.500
#=====================================================
# Run time (s):        3.215254
   00000    0.500000  -39931.8953  0.2531 
   00001    0.715450  -41970.6612  0.2531 
   00002    0.713650  -43744.7113  0.2536 
   00003    0.701375  -45567.5626  0.2532 
   00004    0.692100  -47303.1754  0.2530 
   00005    0.687475  -48980.8876  0.2528 
   00006    0.682000  -50718.4978  0.2528 
   00007    0.675200  -52384.4512  0.2519 
   00008    0.667700  -53983.4500  0.2526 
   00009    0.657850  -55304.2041  0.2530 
   00010    0.658525  -56674.7041  0.2528 
   00011    0.658975  -58089.9700  0.2533 
   00012    0.643000  -59405.2755  0.2534 
   00013    0.641675  -60723.7902  0.2540 
   00014    0.641750  -61973.6768  0.2547 
   00015    0.634925  -63074.8532  0.2551 
   00016    0.625300  -64287.3028  0.2554 
   00017    0.626900  -65249.7157  0.2544 
   00018    0.623625  -66281.5090  0.2535 
   00019    0.621875  -67266.0985  0.2538 
   00020    0.615075  -68271.0118  0.2539 
   00021    0.607475  -69161.8205  0.2542 
   00022    0.608200  -70197.7480  0.2543 
   00023    0.603425  -71030.6388  0.2533 
   00024    0.601100  -71936.2823  0.2540 
   00025    0.593025  -72811.7912  0.2539 
   00026    0.597825  -73529.9623  0.2539 
   00027    0.591375  -74267.1766  0.2532 
   00028    0.591200  -75122.8466  0.2532 
   00029    0.587775  -75793.1258  0.2533 
   00030    0.584925  -76447.5308  0.2536 
   00031    0.584525  -77112.9334  0.2535 
   00032    0.575375  -77772.8143  0.2542 
   00033    0.581725  -78459.0780  0.2542 
   00034    0.575550  -79086.7629  0.2542 
   00035    0.575900  -79787.9156  0.2544 
   00036    0.569975  -80433.2530  0.2553 
   00037    0.563475  -81113.8419  0.2555 
   00038    0.563400  -81788.8334  0.2552 
   00039    0.566550  -82403.1970  0.2549 
   00040    0.562325  -83016.0509  0.2554 
   00041    0.554800  -83643.4061  0.2554 
   00042    0.555625  -84140.1749  0.2550 
   00043    0.554925  -84787.9803  0.2549 
   00044    0.556675  -85348.8194  0.2552 
   00045    0.547650  -85872.4727  0.2550 
   00046    0.544175  -86355.8279  0.2556 
   00047    0.553675  -86883.9278  0.2556 
   00048    0.549300  -87395.0584  0.2555 
   00049    0.542900  -87875.5458  0.2550 
   00050    0.537325  -88258.3965  0.2552 
