Running tests
Before activation python =  /mnt/storage/software/languages/miniconda/miniconda3.11.3-CompressAI-Vision0.1.3/bin/python
After activation python = /user/home/ib20120/.conda/envs/LL_env/bin/python
Intel(R) Parallel Studio XE 2020 Update 4 for Linux*
Copyright 2009-2020 Intel Corporation.
3 rank
2 rank
1 rank
0 rank
MPI_Vec_LL.py: Size: 100, Steps: 50, T*: 0.500: Order: 0.277, Time: 9.309906 s
MPI_Vec_Jit_LL.py: Size: 100, Steps: 50, T*: 0.500: Order: 0.265, Time: 2.751828 s
#=====================================================
# MPI Monte Carlo
# Num Procs:           4
# File created:        Tue-07-Nov-2023-at-06-06-01PM
# Size of lattice:     100x100
# Number of MC steps:  50
# Reduced temperature: 0.500
#=====================================================
# Run time (s):        2.751828
   00000    0.500000   -9919.0729  0.2630 
   00001    0.712200  -11477.4179  0.2639 
   00002    0.680700  -12697.5200  0.2688 
   00003    0.669100  -13806.4999  0.2706 
   00004    0.650300  -14756.2383  0.2695 
   00005    0.641000  -15688.9067  0.2708 
   00006    0.634300  -16549.4350  0.2707 
   00007    0.615500  -17312.7869  0.2705 
   00008    0.603900  -17985.0390  0.2682 
   00009    0.607000  -18554.2657  0.2677 
   00010    0.583000  -19153.4950  0.2665 
   00011    0.574500  -19677.0267  0.2677 
   00012    0.581900  -20129.1702  0.2697 
   00013    0.573100  -20573.7094  0.2691 
   00014    0.567000  -21004.1198  0.2658 
   00015    0.554600  -21540.0760  0.2685 
   00016    0.546600  -21919.3931  0.2670 
   00017    0.521800  -22365.1642  0.2662 
   00018    0.542000  -22631.4879  0.2684 
   00019    0.533400  -22920.4827  0.2693 
   00020    0.525400  -23214.3479  0.2687 
   00021    0.530500  -23511.8855  0.2674 
   00022    0.512900  -23814.2641  0.2698 
   00023    0.517600  -24075.0340  0.2691 
   00024    0.516500  -24288.2791  0.2673 
   00025    0.512300  -24536.9728  0.2674 
   00026    0.507100  -24773.9375  0.2672 
   00027    0.511900  -25041.2820  0.2657 
   00028    0.505100  -25271.6172  0.2658 
   00029    0.501500  -25521.5373  0.2632 
   00030    0.488500  -25735.1232  0.2618 
   00031    0.494200  -25863.6161  0.2622 
   00032    0.484400  -26034.1799  0.2599 
   00033    0.497100  -26237.1471  0.2602 
   00034    0.491000  -26446.5797  0.2591 
   00035    0.486900  -26629.8347  0.2611 
   00036    0.491100  -26792.6386  0.2619 
   00037    0.482700  -26999.8407  0.2615 
   00038    0.493500  -27155.3903  0.2616 
   00039    0.482100  -27328.3895  0.2604 
   00040    0.483000  -27447.0434  0.2598 
   00041    0.469800  -27615.0204  0.2614 
   00042    0.476700  -27714.1006  0.2602 
   00043    0.463900  -27833.5453  0.2617 
   00044    0.467100  -27966.4664  0.2623 
   00045    0.470200  -28014.5170  0.2631 
   00046    0.464700  -28096.6961  0.2635 
   00047    0.478200  -28201.7529  0.2633 
   00048    0.477500  -28274.4466  0.2656 
   00049    0.471700  -28390.0281  0.2652 
   00050    0.467700  -28473.7002  0.2664 
