Running tests
Before activation python =  /mnt/storage/software/languages/miniconda/miniconda3.11.3-CompressAI-Vision0.1.3/bin/python
After activation python = /user/home/ib20120/.conda/envs/LL_env/bin/python
Intel(R) Parallel Studio XE 2020 Update 4 for Linux*
Copyright 2009-2020 Intel Corporation.
8 rank
9 rank
10 rank
11 rank
12 rank
13 rank
14 rank
15 rank
4 rank
6 rank
16 rank
18 rank
19 rank
22 rank
23 rank
2 rank
7 rank
20 rank
21 rank
3 rank
5 rank
1 rank
17 rank
0 rank
MPI_Vec_LL.py: Size: 900, Steps: 50, T*: 0.500: Order: 0.251, Time: 655.187879 s
MPI_Vec_Jit_LL.py: Size: 900, Steps: 50, T*: 0.500: Order: 0.251, Time: 21.460361 s
#=====================================================
# MPI Monte Carlo
# Num Procs:           24
# File created:        Tue-07-Nov-2023-at-09-00-46PM
# Size of lattice:     900x900
# Number of MC steps:  50
# Reduced temperature: 0.500
#=====================================================
# Run time (s):        21.460361
   00000    0.500000 -810992.9069  0.2505 
   00001    0.715306 -831712.8647  0.2506 
   00002    0.712696 -851853.8423  0.2506 
   00003    0.708438 -871333.5587  0.2507 
   00004    0.705951 -890638.7529  0.2508 
   00005    0.701943 -909043.6349  0.2507 
   00006    0.697978 -927474.7930  0.2507 
   00007    0.695384 -945436.2399  0.2507 
   00008    0.693036 -962786.1825  0.2507 
   00009    0.688279 -979779.5396  0.2507 
   00010    0.686205 -996655.4573  0.2508 
   00011    0.683442 -1013259.7257  0.2509 
   00012    0.680847 -1029082.4819  0.2511 
   00013    0.677023 -1044558.4832  0.2510 
   00014    0.673833 -1059900.9918  0.2510 
   00015    0.671773 -1075915.4239  0.2509 
   00016    0.666385 -1090542.9570  0.2509 
   00017    0.666157 -1104966.6661  0.2509 
   00018    0.663006 -1119409.7201  0.2509 
   00019    0.659196 -1133324.8789  0.2509 
   00020    0.657314 -1146919.6646  0.2509 
   00021    0.654775 -1160715.4553  0.2510 
   00022    0.653517 -1174362.4567  0.2509 
   00023    0.649219 -1187460.4322  0.2509 
   00024    0.650070 -1200327.0706  0.2508 
   00025    0.644704 -1212775.9692  0.2509 
   00026    0.644205 -1225068.7824  0.2509 
   00027    0.641474 -1237778.9488  0.2509 
   00028    0.639583 -1249957.3770  0.2509 
   00029    0.637702 -1261970.6497  0.2509 
   00030    0.634941 -1273751.2852  0.2511 
   00031    0.632681 -1285488.7462  0.2511 
   00032    0.632375 -1296730.3155  0.2510 
   00033    0.630536 -1307886.0404  0.2509 
   00034    0.626584 -1318830.5755  0.2508 
   00035    0.624569 -1329618.2826  0.2508 
   00036    0.623333 -1340052.0769  0.2508 
   00037    0.621786 -1350785.1028  0.2508 
   00038    0.618668 -1361196.1061  0.2508 
   00039    0.618283 -1371273.0267  0.2508 
   00040    0.614727 -1381286.0749  0.2508 
   00041    0.613574 -1391268.3814  0.2509 
   00042    0.613052 -1401027.0991  0.2509 
   00043    0.610578 -1410462.4335  0.2509 
   00044    0.608523 -1420137.1107  0.2510 
   00045    0.606989 -1429268.7783  0.2510 
   00046    0.604307 -1438259.6985  0.2511 
   00047    0.603481 -1447187.8251  0.2511 
   00048    0.603843 -1455780.4017  0.2512 
   00049    0.599712 -1464555.1005  0.2512 
   00050    0.599220 -1473412.1265  0.2512 
