Running tests
Before activation python =  /mnt/storage/software/languages/miniconda/miniconda3.11.3-CompressAI-Vision0.1.3/bin/python
After activation python = /user/home/ib20120/.conda/envs/LL_env/bin/python
Intel(R) Parallel Studio XE 2020 Update 4 for Linux*
Copyright 2009-2020 Intel Corporation.
7 rank
13 rank
14 rank
15 rank
6 rank
12 rank
4 rank
5 rank
18 rank
19 rank
17 rank
16 rank
1 rank
2 rank
3 rank
9 rank
10 rank
11 rank
8 rank
0 rank
MPI_Vec_LL.py: Size: 1000, Steps: 50, T*: 0.500: Order: 0.252, Time: 822.650549 s
MPI_Vec_Jit_LL.py: Size: 1000, Steps: 50, T*: 0.500: Order: 0.251, Time: 30.226351 s
#=====================================================
# MPI Monte Carlo
# Num Procs:           20
# File created:        Tue-07-Nov-2023-at-08-09-46PM
# Size of lattice:     1000x1000
# Number of MC steps:  50
# Reduced temperature: 0.500
#=====================================================
# Run time (s):        30.226351
   00000    0.500000 -1000325.6641  0.2503 
   00001    0.715897 -1030977.2095  0.2503 
   00002    0.711654 -1061226.4889  0.2505 
   00003    0.707207 -1090374.2063  0.2504 
   00004    0.704130 -1118751.7012  0.2505 
   00005    0.699313 -1146738.2748  0.2504 
   00006    0.694567 -1173897.8809  0.2504 
   00007    0.692022 -1200177.9723  0.2503 
   00008    0.688152 -1226090.4820  0.2503 
   00009    0.682271 -1251466.1721  0.2505 
   00010    0.679715 -1275862.7173  0.2506 
   00011    0.676169 -1299357.4169  0.2506 
   00012    0.673262 -1322501.5716  0.2505 
   00013    0.669182 -1344311.9867  0.2505 
   00014    0.667985 -1366340.9446  0.2505 
   00015    0.663331 -1388424.4933  0.2505 
   00016    0.660563 -1409368.4848  0.2504 
   00017    0.657259 -1429528.9609  0.2503 
   00018    0.654330 -1449999.1112  0.2503 
   00019    0.651294 -1469925.1967  0.2502 
   00020    0.648471 -1489106.0327  0.2504 
   00021    0.644771 -1508313.9637  0.2505 
   00022    0.643512 -1526485.6974  0.2507 
   00023    0.640976 -1544461.6980  0.2507 
   00024    0.639216 -1562687.1622  0.2508 
   00025    0.635341 -1580191.2779  0.2508 
   00026    0.634225 -1597098.8454  0.2509 
   00027    0.630945 -1613457.8963  0.2509 
   00028    0.627478 -1630331.7560  0.2509 
   00029    0.625779 -1646535.9425  0.2510 
   00030    0.623380 -1662536.9484  0.2509 
   00031    0.619487 -1678185.2179  0.2509 
   00032    0.618916 -1693440.1550  0.2509 
   00033    0.616293 -1708380.6613  0.2508 
   00034    0.615598 -1722655.0348  0.2508 
   00035    0.612932 -1736931.4282  0.2509 
   00036    0.611091 -1750868.5852  0.2508 
   00037    0.609313 -1764670.8501  0.2509 
   00038    0.606151 -1778709.5888  0.2510 
   00039    0.603122 -1792425.1406  0.2510 
   00040    0.603339 -1805270.5413  0.2511 
   00041    0.600554 -1818133.6150  0.2511 
   00042    0.598950 -1831154.2754  0.2511 
   00043    0.597353 -1844009.0997  0.2510 
   00044    0.596379 -1856503.6498  0.2510 
   00045    0.593013 -1868521.4409  0.2512 
   00046    0.592447 -1880578.3643  0.2511 
   00047    0.589336 -1892470.8337  0.2510 
   00048    0.587870 -1904348.8569  0.2510 
   00049    0.587254 -1915710.0871  0.2510 
   00050    0.585315 -1926989.2826  0.2510 
