Running tests
Before activation python =  /mnt/storage/software/languages/miniconda/miniconda3.11.3-CompressAI-Vision0.1.3/bin/python
After activation python = /user/home/ib20120/.conda/envs/LL_env/bin/python
Intel(R) Parallel Studio XE 2020 Update 4 for Linux*
Copyright 2009-2020 Intel Corporation.
8 rank
9 rank
1 rank
2 rank
3 rank
4 rank
5 rank
6 rank
7 rank
0 rank
MPI_Vec_LL.py: Size: 100, Steps: 50, T*: 0.500: Order: 0.261, Time: 8.998150 s
MPI_Vec_Jit_LL.py: Size: 100, Steps: 50, T*: 0.500: Order: 0.262, Time: 0.711623 s
#=====================================================
# MPI Monte Carlo
# Num Procs:           10
# File created:        Tue-07-Nov-2023-at-06-27-26PM
# Size of lattice:     100x100
# Number of MC steps:  50
# Reduced temperature: 0.500
#=====================================================
# Run time (s):        0.711623
   00000    0.500000   -9841.9385  0.2594 
   00001    0.709300  -10442.0129  0.2611 
   00002    0.702800  -10995.8063  0.2615 
   00003    0.690600  -11508.7380  0.2612 
   00004    0.682800  -11993.6531  0.2607 
   00005    0.687900  -12536.6434  0.2593 
   00006    0.676500  -13026.9960  0.2603 
   00007    0.666100  -13469.3467  0.2606 
   00008    0.670700  -13911.5631  0.2596 
   00009    0.653700  -14341.4988  0.2579 
   00010    0.654900  -14738.7903  0.2587 
   00011    0.642500  -15113.8602  0.2576 
   00012    0.642100  -15458.8734  0.2559 
   00013    0.640500  -15761.8169  0.2561 
   00014    0.621100  -16125.4247  0.2553 
   00015    0.623300  -16421.1673  0.2537 
   00016    0.624900  -16682.7029  0.2544 
   00017    0.615300  -17001.9270  0.2548 
   00018    0.604100  -17260.7820  0.2552 
   00019    0.613400  -17527.1162  0.2548 
   00020    0.600700  -17790.3241  0.2554 
   00021    0.592000  -18024.3681  0.2546 
   00022    0.600500  -18300.1357  0.2559 
   00023    0.586900  -18557.1576  0.2560 
   00024    0.587400  -18799.9859  0.2554 
   00025    0.595000  -19053.4932  0.2551 
   00026    0.568800  -19273.3659  0.2559 
   00027    0.582600  -19522.2067  0.2563 
   00028    0.573000  -19735.9667  0.2577 
   00029    0.582100  -19956.1050  0.2579 
   00030    0.583100  -20192.6656  0.2567 
   00031    0.563000  -20354.5127  0.2583 
   00032    0.565600  -20526.8030  0.2574 
   00033    0.563400  -20693.7204  0.2571 
   00034    0.555500  -20936.3013  0.2572 
   00035    0.570100  -21090.6381  0.2564 
   00036    0.550700  -21293.9691  0.2558 
   00037    0.552400  -21471.5556  0.2565 
   00038    0.557500  -21627.2691  0.2568 
   00039    0.549900  -21786.3552  0.2583 
   00040    0.553600  -21914.4365  0.2600 
   00041    0.547000  -22043.9694  0.2606 
   00042    0.537200  -22195.2540  0.2621 
   00043    0.535600  -22359.2873  0.2618 
   00044    0.539100  -22575.5629  0.2616 
   00045    0.534500  -22665.9303  0.2618 
   00046    0.533900  -22823.6123  0.2631 
   00047    0.542300  -22922.0855  0.2639 
   00048    0.532300  -23017.7368  0.2638 
   00049    0.531600  -23148.5709  0.2623 
   00050    0.537700  -23307.4413  0.2628 
