Running tests
Before activation python =  /mnt/storage/software/languages/miniconda/miniconda3.11.3-CompressAI-Vision0.1.3/bin/python
After activation python = /user/home/ib20120/.conda/envs/LL_env/bin/python
Intel(R) Parallel Studio XE 2020 Update 4 for Linux*
Copyright 2009-2020 Intel Corporation.
6 rank
7 rank
3 rank
2 rank
1 rank
4 rank
5 rank
0 rank
MPI_Vec_LL.py: Size: 700, Steps: 50, T*: 0.500: Order: 0.253, Time: 425.652671 s
MPI_Vec_Jit_LL.py: Size: 700, Steps: 50, T*: 0.500: Order: 0.252, Time: 28.518466 s
#=====================================================
# MPI Monte Carlo
# Num Procs:           8
# File created:        Tue-07-Nov-2023-at-06-23-32PM
# Size of lattice:     700x700
# Number of MC steps:  50
# Reduced temperature: 0.500
#=====================================================
# Run time (s):        28.518466
   00000    0.500000 -491403.8811  0.2510 
   00001    0.712212 -527342.9674  0.2506 
   00002    0.702443 -561796.6788  0.2507 
   00003    0.692161 -593454.9572  0.2503 
   00004    0.683863 -623620.4396  0.2501 
   00005    0.673476 -651817.1095  0.2500 
   00006    0.665612 -678136.4949  0.2501 
   00007    0.659778 -703651.2753  0.2501 
   00008    0.651451 -727958.2767  0.2502 
   00009    0.643667 -750510.1408  0.2505 
   00010    0.637161 -772038.5604  0.2505 
   00011    0.630904 -792551.7472  0.2504 
   00012    0.624810 -811973.3100  0.2505 
   00013    0.619500 -830856.6808  0.2504 
   00014    0.613447 -848663.0182  0.2504 
   00015    0.609916 -865372.0899  0.2502 
   00016    0.603531 -881701.4714  0.2504 
   00017    0.599035 -897327.7057  0.2506 
   00018    0.595114 -912716.2565  0.2510 
   00019    0.590865 -927051.8952  0.2511 
   00020    0.586047 -941201.9239  0.2514 
   00021    0.583361 -954699.0611  0.2513 
   00022    0.579551 -967763.5401  0.2516 
   00023    0.574408 -980215.5450  0.2513 
   00024    0.569388 -992529.4668  0.2512 
   00025    0.569865 -1004564.0844  0.2511 
   00026    0.565918 -1015795.7694  0.2512 
   00027    0.562233 -1026447.1857  0.2512 
   00028    0.557341 -1037411.7220  0.2513 
   00029    0.556112 -1047685.7789  0.2513 
   00030    0.553280 -1057480.6203  0.2512 
   00031    0.550382 -1067279.7099  0.2515 
   00032    0.547778 -1076661.6215  0.2514 
   00033    0.546784 -1085855.0189  0.2516 
   00034    0.542320 -1094604.5752  0.2513 
   00035    0.541467 -1103031.3257  0.2514 
   00036    0.538188 -1111724.6920  0.2513 
   00037    0.536841 -1120137.8104  0.2513 
   00038    0.533796 -1128362.3638  0.2512 
   00039    0.531710 -1136283.4072  0.2511 
   00040    0.530533 -1144133.6025  0.2514 
   00041    0.528067 -1151404.8386  0.2512 
   00042    0.525096 -1159237.3441  0.2514 
   00043    0.525729 -1166219.5417  0.2515 
   00044    0.522451 -1173102.5657  0.2516 
   00045    0.520512 -1179844.3862  0.2515 
   00046    0.520082 -1186402.5662  0.2514 
   00047    0.515792 -1192530.5350  0.2514 
   00048    0.514345 -1198509.7863  0.2515 
   00049    0.515680 -1204768.8774  0.2517 
   00050    0.513763 -1210679.6436  0.2516 
