Running tests
Before activation python =  /mnt/storage/software/languages/miniconda/miniconda3.11.3-CompressAI-Vision0.1.3/bin/python
After activation python = /user/home/ib20120/.conda/envs/LL_env/bin/python
Intel(R) Parallel Studio XE 2020 Update 4 for Linux*
Copyright 2009-2020 Intel Corporation.
7 rank
6 rank
3 rank
2 rank
9 rank
8 rank
1 rank
4 rank
5 rank
0 rank
MPI_Vec_LL.py: Size: 800, Steps: 50, T*: 0.500: Order: 0.252, Time: 552.595488 s
MPI_Vec_Jit_LL.py: Size: 800, Steps: 50, T*: 0.500: Order: 0.252, Time: 36.329091 s
#=====================================================
# MPI Monte Carlo
# Num Procs:           10
# File created:        Tue-07-Nov-2023-at-06-45-19PM
# Size of lattice:     800x800
# Number of MC steps:  50
# Reduced temperature: 0.500
#=====================================================
# Run time (s):        36.329091
   00000    0.500000 -640562.5588  0.2504 
   00001    0.714619 -679775.2895  0.2503 
   00002    0.705273 -716744.3865  0.2506 
   00003    0.695402 -751331.8660  0.2507 
   00004    0.688167 -784941.8642  0.2507 
   00005    0.682134 -815559.8918  0.2508 
   00006    0.674972 -845950.8759  0.2508 
   00007    0.668258 -874603.3006  0.2508 
   00008    0.660972 -901968.2711  0.2507 
   00009    0.654825 -927893.1075  0.2511 
   00010    0.649684 -952869.5978  0.2507 
   00011    0.643480 -976684.7284  0.2507 
   00012    0.638452 -999586.3406  0.2507 
   00013    0.632628 -1021396.7721  0.2504 
   00014    0.629850 -1042593.8185  0.2507 
   00015    0.625339 -1062714.7465  0.2507 
   00016    0.620434 -1082501.3856  0.2506 
   00017    0.615534 -1101703.0938  0.2507 
   00018    0.611409 -1120365.6744  0.2508 
   00019    0.607533 -1137607.9840  0.2509 
   00020    0.604563 -1154329.4498  0.2509 
   00021    0.600153 -1170757.9438  0.2511 
   00022    0.596191 -1186717.8566  0.2512 
   00023    0.592131 -1202025.1121  0.2514 
   00024    0.589117 -1216996.7202  0.2514 
   00025    0.585013 -1231682.7447  0.2513 
   00026    0.582559 -1245904.9349  0.2512 
   00027    0.579681 -1259590.3986  0.2514 
   00028    0.576259 -1272914.7833  0.2512 
   00029    0.575047 -1286076.3664  0.2513 
   00030    0.570508 -1299228.2066  0.2515 
   00031    0.567145 -1311517.0115  0.2513 
   00032    0.566484 -1323500.9263  0.2513 
   00033    0.563233 -1335488.3519  0.2513 
   00034    0.561202 -1346868.7361  0.2514 
   00035    0.558625 -1357713.2786  0.2516 
   00036    0.555308 -1368319.5335  0.2516 
   00037    0.553867 -1379161.4918  0.2517 
   00038    0.551045 -1389319.2002  0.2519 
   00039    0.549030 -1399723.0833  0.2519 
   00040    0.547216 -1409165.0906  0.2519 
   00041    0.546120 -1418684.3779  0.2519 
   00042    0.543420 -1427796.0046  0.2519 
   00043    0.540158 -1437185.5424  0.2519 
   00044    0.538889 -1446415.1243  0.2519 
   00045    0.537006 -1455374.9252  0.2521 
   00046    0.535648 -1463716.0730  0.2523 
   00047    0.533419 -1472404.1303  0.2522 
   00048    0.533906 -1480681.2445  0.2522 
   00049    0.531631 -1488558.4815  0.2523 
   00050    0.529172 -1496274.9341  0.2521 
