Running tests
Before activation python =  /mnt/storage/software/languages/miniconda/miniconda3.11.3-CompressAI-Vision0.1.3/bin/python
After activation python = /user/home/ib20120/.conda/envs/LL_env/bin/python
Intel(R) Parallel Studio XE 2020 Update 4 for Linux*
Copyright 2009-2020 Intel Corporation.
1 rank
2 rank
3 rank
4 rank
5 rank
6 rank
7 rank
0 rank
MPI_Vec_LL.py: Size: 200, Steps: 50, T*: 0.500: Order: 0.257, Time: 34.058246 s
MPI_Vec_Jit_LL.py: Size: 200, Steps: 50, T*: 0.500: Order: 0.251, Time: 2.419097 s
#=====================================================
# MPI Monte Carlo
# Num Procs:           8
# File created:        Tue-07-Nov-2023-at-06-11-51PM
# Size of lattice:     200x200
# Number of MC steps:  50
# Reduced temperature: 0.500
#=====================================================
# Run time (s):        2.419097
   00000    0.500000  -39717.3593  0.2555 
   00001    0.709725  -42590.2210  0.2560 
   00002    0.701175  -45360.6712  0.2555 
   00003    0.692275  -47988.3197  0.2545 
   00004    0.683425  -50354.0922  0.2535 
   00005    0.670475  -52808.3864  0.2532 
   00006    0.669550  -55081.6957  0.2530 
   00007    0.659050  -57117.4152  0.2529 
   00008    0.649925  -59044.1546  0.2527 
   00009    0.642400  -60901.8193  0.2524 
   00010    0.635925  -62588.1617  0.2525 
   00011    0.625650  -64202.3380  0.2529 
   00012    0.625000  -65771.2920  0.2530 
   00013    0.619150  -67308.5650  0.2527 
   00014    0.617175  -68699.7993  0.2519 
   00015    0.608875  -70195.9650  0.2521 
   00016    0.608850  -71453.8031  0.2522 
   00017    0.599475  -72795.8852  0.2516 
   00018    0.591750  -74024.0180  0.2519 
   00019    0.584000  -75363.1711  0.2514 
   00020    0.586150  -76600.3804  0.2513 
   00021    0.581125  -77715.5893  0.2510 
   00022    0.575075  -78852.3365  0.2516 
   00023    0.573450  -79775.0648  0.2522 
   00024    0.566450  -80853.0650  0.2524 
   00025    0.571750  -81871.5299  0.2529 
   00026    0.564425  -82782.9515  0.2528 
   00027    0.561700  -83757.1654  0.2533 
   00028    0.558750  -84631.5636  0.2527 
   00029    0.559450  -85463.1574  0.2533 
   00030    0.551525  -86225.3291  0.2532 
   00031    0.552300  -86969.2912  0.2535 
   00032    0.547925  -87769.3634  0.2535 
   00033    0.547825  -88557.9507  0.2535 
   00034    0.542475  -89316.9950  0.2532 
   00035    0.540250  -90093.6818  0.2535 
   00036    0.537150  -90824.0878  0.2532 
   00037    0.534425  -91464.1582  0.2538 
   00038    0.530050  -92205.4296  0.2535 
   00039    0.533875  -92805.8500  0.2529 
   00040    0.531050  -93420.8858  0.2533 
   00041    0.530525  -94093.6951  0.2527 
   00042    0.523850  -94686.9909  0.2521 
   00043    0.517200  -95262.1008  0.2517 
   00044    0.524625  -95774.2233  0.2521 
   00045    0.524675  -96284.1883  0.2520 
   00046    0.516100  -96832.8195  0.2516 
   00047    0.518925  -97398.3738  0.2511 
   00048    0.515950  -97894.7436  0.2509 
   00049    0.509800  -98468.1332  0.2509 
   00050    0.510600  -98941.4268  0.2506 
