Running tests
Before activation python =  /mnt/storage/software/languages/miniconda/miniconda3.11.3-CompressAI-Vision0.1.3/bin/python
After activation python = /user/home/ib20120/.conda/envs/LL_env/bin/python
Intel(R) Parallel Studio XE 2020 Update 4 for Linux*
Copyright 2009-2020 Intel Corporation.
1 rank
2 rank
3 rank
4 rank
5 rank
6 rank
7 rank
8 rank
9 rank
10 rank
11 rank
12 rank
13 rank
14 rank
15 rank
0 rank
MPI_Vec_LL.py: Size: 300, Steps: 50, T*: 0.500: Order: 0.253, Time: 73.945295 s
MPI_Vec_Jit_LL.py: Size: 300, Steps: 50, T*: 0.500: Order: 0.256, Time: 5.316052 s
#=====================================================
# MPI Monte Carlo
# Num Procs:           16
# File created:        Tue-07-Nov-2023-at-07-18-41PM
# Size of lattice:     300x300
# Number of MC steps:  50
# Reduced temperature: 0.500
#=====================================================
# Run time (s):        5.316052
   00000    0.500000  -89772.2736  0.2549 
   00001    0.718500  -92940.7660  0.2555 
   00002    0.707122  -96132.6069  0.2555 
   00003    0.704489  -99203.3517  0.2554 
   00004    0.696978 -102190.4635  0.2561 
   00005    0.690822 -105211.5019  0.2562 
   00006    0.689822 -107951.2522  0.2560 
   00007    0.685011 -110514.1295  0.2563 
   00008    0.676867 -113330.8896  0.2565 
   00009    0.678433 -115942.2534  0.2564 
   00010    0.674844 -118403.0938  0.2570 
   00011    0.666744 -120851.7631  0.2570 
   00012    0.662433 -123295.1375  0.2569 
   00013    0.660322 -125437.6933  0.2569 
   00014    0.656033 -127505.8538  0.2569 
   00015    0.649622 -129654.0720  0.2572 
   00016    0.646567 -131703.6125  0.2574 
   00017    0.645511 -133661.4329  0.2573 
   00018    0.642567 -135755.9187  0.2572 
   00019    0.636556 -137805.0095  0.2567 
   00020    0.636356 -139797.0042  0.2567 
   00021    0.632967 -141601.1875  0.2567 
   00022    0.625044 -143441.7443  0.2569 
   00023    0.627311 -145265.8333  0.2571 
   00024    0.626544 -147061.3754  0.2574 
   00025    0.620989 -148751.7856  0.2570 
   00026    0.619256 -150570.9912  0.2573 
   00027    0.614156 -152102.5087  0.2572 
   00028    0.614444 -153696.3026  0.2574 
   00029    0.608989 -155244.1735  0.2569 
   00030    0.607367 -156836.9380  0.2563 
   00031    0.604900 -158164.6830  0.2569 
   00032    0.603222 -159730.8902  0.2572 
   00033    0.601289 -161165.9113  0.2573 
   00034    0.597733 -162656.0318  0.2575 
   00035    0.593967 -164043.5033  0.2575 
   00036    0.593356 -165305.9517  0.2569 
   00037    0.591156 -166573.1384  0.2570 
   00038    0.586356 -167901.7780  0.2568 
   00039    0.587011 -169223.7332  0.2569 
   00040    0.584700 -170564.0024  0.2565 
   00041    0.582222 -171784.0926  0.2567 
   00042    0.577733 -172971.3051  0.2564 
   00043    0.577133 -174269.2195  0.2564 
   00044    0.576900 -175483.8424  0.2562 
   00045    0.572789 -176613.7489  0.2565 
   00046    0.568078 -177892.8064  0.2566 
   00047    0.570011 -178939.5702  0.2567 
   00048    0.571056 -180135.9651  0.2563 
   00049    0.569744 -181193.6374  0.2560 
   00050    0.567311 -182237.3026  0.2562 
