Running tests
Before activation python =  /mnt/storage/software/languages/miniconda/miniconda3.11.3-CompressAI-Vision0.1.3/bin/python
After activation python = /user/home/ib20120/.conda/envs/LL_env/bin/python
Intel(R) Parallel Studio XE 2020 Update 4 for Linux*
Copyright 2009-2020 Intel Corporation.
23 rank
22 rank
6 rank
7 rank
14 rank
15 rank
12 rank
13 rank
5 rank
20 rank
21 rank
4 rank
1 rank
2 rank
3 rank
8 rank
9 rank
10 rank
11 rank
16 rank
17 rank
18 rank
19 rank
24 rank
25 rank
26 rank
27 rank
0 rank
MPI_Vec_LL.py: Size: 800, Steps: 50, T*: 0.500: Order: 0.250, Time: 511.640731 s
MPI_Vec_Jit_LL.py: Size: 800, Steps: 50, T*: 0.500: Order: 0.251, Time: 16.091326 s
#=====================================================
# MPI Monte Carlo
# Num Procs:           28
# File created:        Tue-07-Nov-2023-at-09-44-16PM
# Size of lattice:     800x800
# Number of MC steps:  50
# Reduced temperature: 0.500
#=====================================================
# Run time (s):        16.091326
   00000    0.500000 -638960.9437  0.2503 
   00001    0.718470 -652982.4316  0.2504 
   00002    0.713325 -666496.0747  0.2503 
   00003    0.710108 -679625.2659  0.2503 
   00004    0.707389 -692958.1657  0.2503 
   00005    0.703784 -705634.1999  0.2504 
   00006    0.700219 -718203.5659  0.2505 
   00007    0.698297 -730571.8860  0.2505 
   00008    0.695611 -742231.7606  0.2506 
   00009    0.692103 -754353.8092  0.2504 
   00010    0.690187 -765976.4062  0.2506 
   00011    0.685964 -777881.8520  0.2506 
   00012    0.683648 -789294.3072  0.2505 
   00013    0.680166 -800402.3110  0.2504 
   00014    0.680394 -811140.2512  0.2505 
   00015    0.675508 -821842.6399  0.2504 
   00016    0.672789 -832226.6563  0.2504 
   00017    0.671755 -842541.0614  0.2506 
   00018    0.669830 -852848.0080  0.2507 
   00019    0.666253 -862792.9440  0.2508 
   00020    0.666664 -872582.9623  0.2507 
   00021    0.663391 -882078.5263  0.2506 
   00022    0.660889 -891426.3894  0.2506 
   00023    0.658689 -901126.5535  0.2505 
   00024    0.657025 -910353.5968  0.2505 
   00025    0.655252 -919375.5905  0.2505 
   00026    0.652359 -928668.6750  0.2506 
   00027    0.648767 -937430.7800  0.2506 
   00028    0.646502 -945921.7688  0.2506 
   00029    0.646053 -954193.8221  0.2508 
   00030    0.643350 -962711.5251  0.2509 
   00031    0.643025 -971078.9007  0.2510 
   00032    0.638922 -978932.0175  0.2510 
   00033    0.638528 -987010.1121  0.2508 
   00034    0.635823 -995135.1183  0.2508 
   00035    0.633434 -1002981.6989  0.2509 
   00036    0.632134 -1010901.6356  0.2509 
   00037    0.630467 -1018346.0668  0.2508 
   00038    0.628439 -1025790.3657  0.2508 
   00039    0.627800 -1033437.8960  0.2508 
   00040    0.625964 -1041036.4693  0.2508 
   00041    0.625178 -1048177.5279  0.2507 
   00042    0.621477 -1055127.5112  0.2507 
   00043    0.619105 -1062249.9092  0.2508 
   00044    0.619028 -1069382.9614  0.2509 
   00045    0.617081 -1076105.1197  0.2510 
   00046    0.616216 -1082983.8100  0.2511 
   00047    0.615152 -1089536.0034  0.2510 
   00048    0.613811 -1096314.6566  0.2510 
   00049    0.612698 -1102809.2895  0.2510 
   00050    0.610542 -1109293.0526  0.2510 
