Running tests
Before activation python =  /mnt/storage/software/languages/miniconda/miniconda3.11.3-CompressAI-Vision0.1.3/bin/python
After activation python = /user/home/ib20120/.conda/envs/LL_env/bin/python
Intel(R) Parallel Studio XE 2020 Update 4 for Linux*
Copyright 2009-2020 Intel Corporation.
5 rank
7 rank
3 rank
6 rank
9 rank
1 rank
2 rank
4 rank
8 rank
0 rank
MPI_Vec_LL.py: Size: 1000, Steps: 50, T*: 0.500: Order: 0.253, Time: 849.163078 s
MPI_Vec_Jit_LL.py: Size: 1000, Steps: 50, T*: 0.500: Order: 0.251, Time: 45.104373 s
#=====================================================
# MPI Monte Carlo
# Num Procs:           10
# File created:        Tue-07-Nov-2023-at-06-51-01PM
# Size of lattice:     1000x1000
# Number of MC steps:  50
# Reduced temperature: 0.500
#=====================================================
# Run time (s):        45.104373
   00000    0.500000 -999164.5565  0.2517 
   00001    0.714116 -1059239.7873  0.2516 
   00002    0.705600 -1116816.8150  0.2517 
   00003    0.698253 -1170854.0349  0.2518 
   00004    0.689820 -1222790.6852  0.2517 
   00005    0.681570 -1272514.9901  0.2515 
   00006    0.675327 -1319292.3883  0.2515 
   00007    0.667925 -1363877.1757  0.2516 
   00008    0.661665 -1406766.0747  0.2514 
   00009    0.655822 -1447353.8048  0.2516 
   00010    0.650483 -1486605.0707  0.2517 
   00011    0.644209 -1524786.3532  0.2516 
   00012    0.639483 -1560835.3124  0.2515 
   00013    0.634396 -1595179.9945  0.2514 
   00014    0.630237 -1628292.7202  0.2514 
   00015    0.625167 -1660162.2902  0.2516 
   00016    0.619782 -1690916.5687  0.2516 
   00017    0.615538 -1720456.0662  0.2514 
   00018    0.611525 -1748692.0896  0.2513 
   00019    0.606940 -1775858.8029  0.2513 
   00020    0.602837 -1802990.0971  0.2511 
   00021    0.600589 -1828882.3500  0.2512 
   00022    0.596637 -1853602.9696  0.2514 
   00023    0.593508 -1877094.2936  0.2513 
   00024    0.588513 -1900288.6442  0.2512 
   00025    0.585502 -1923464.3660  0.2511 
   00026    0.582948 -1945458.6777  0.2511 
   00027    0.579787 -1966633.0828  0.2511 
   00028    0.576365 -1987530.9410  0.2510 
   00029    0.574404 -2008565.2793  0.2511 
   00030    0.571556 -2028484.6800  0.2512 
   00031    0.568363 -2047349.8137  0.2512 
   00032    0.565198 -2066057.4428  0.2512 
   00033    0.563630 -2084361.6961  0.2513 
   00034    0.560914 -2101840.5947  0.2513 
   00035    0.559536 -2119429.0099  0.2514 
   00036    0.555251 -2136259.7581  0.2511 
   00037    0.554004 -2152757.7340  0.2512 
   00038    0.551154 -2169162.0730  0.2512 
   00039    0.550864 -2184827.2687  0.2513 
   00040    0.547556 -2200598.4010  0.2512 
   00041    0.545302 -2215255.9494  0.2512 
   00042    0.544162 -2229877.9464  0.2513 
   00043    0.541754 -2243941.2964  0.2513 
   00044    0.539350 -2258376.2346  0.2513 
   00045    0.537587 -2272702.1008  0.2513 
   00046    0.536214 -2285872.2053  0.2515 
   00047    0.533322 -2298987.1227  0.2514 
   00048    0.532663 -2311853.3478  0.2515 
   00049    0.531603 -2324460.9710  0.2514 
   00050    0.530168 -2336880.7344  0.2514 
