Running tests
Before activation python =  /mnt/storage/software/languages/miniconda/miniconda3.11.3-CompressAI-Vision0.1.3/bin/python
After activation python = /user/home/ib20120/.conda/envs/LL_env/bin/python
Intel(R) Parallel Studio XE 2020 Update 4 for Linux*
Copyright 2009-2020 Intel Corporation.
14 rank
15 rank
7 rank
21 rank
22 rank
23 rank
20 rank
18 rank
19 rank
27 rank
6 rank
26 rank
4 rank
5 rank
12 rank
13 rank
2 rank
3 rank
10 rank
11 rank
1 rank
8 rank
9 rank
17 rank
24 rank
25 rank
16 rank
0 rank
MPI_Vec_LL.py: Size: 700, Steps: 50, T*: 0.500: Order: 0.251, Time: 401.469341 s
MPI_Vec_Jit_LL.py: Size: 700, Steps: 50, T*: 0.500: Order: 0.252, Time: 12.454518 s
#=====================================================
# MPI Monte Carlo
# Num Procs:           28
# File created:        Tue-07-Nov-2023-at-09-34-19PM
# Size of lattice:     700x700
# Number of MC steps:  50
# Reduced temperature: 0.500
#=====================================================
# Run time (s):        12.454518
   00000    0.500000 -491051.6661  0.2516 
   00001    0.715943 -502078.4063  0.2517 
   00002    0.713037 -512408.4561  0.2518 
   00003    0.713896 -522685.8332  0.2518 
   00004    0.707218 -532903.7701  0.2520 
   00005    0.705216 -543265.5746  0.2519 
   00006    0.701386 -552985.4843  0.2517 
   00007    0.698492 -562206.3662  0.2518 
   00008    0.694273 -571353.0323  0.2517 
   00009    0.691427 -580690.6054  0.2517 
   00010    0.690890 -589784.7418  0.2517 
   00011    0.687720 -598761.2396  0.2517 
   00012    0.686231 -607564.7543  0.2516 
   00013    0.682055 -616144.5899  0.2516 
   00014    0.680845 -624620.4349  0.2515 
   00015    0.674686 -633002.6827  0.2518 
   00016    0.674037 -641094.2216  0.2517 
   00017    0.671535 -649162.5796  0.2519 
   00018    0.671247 -656963.8106  0.2517 
   00019    0.668061 -664472.4997  0.2518 
   00020    0.666288 -672263.0923  0.2519 
   00021    0.662282 -679784.5084  0.2520 
   00022    0.661041 -686912.6804  0.2521 
   00023    0.657306 -694218.8725  0.2521 
   00024    0.656316 -701669.2960  0.2521 
   00025    0.653320 -708485.6338  0.2523 
   00026    0.652133 -715402.1480  0.2522 
   00027    0.649451 -721946.8396  0.2523 
   00028    0.648508 -728535.4121  0.2524 
   00029    0.645990 -734981.0048  0.2524 
   00030    0.644429 -741622.2736  0.2524 
   00031    0.642857 -747999.5549  0.2526 
   00032    0.640588 -754236.6618  0.2524 
   00033    0.639194 -760598.7734  0.2525 
   00034    0.637206 -766858.9211  0.2526 
   00035    0.634431 -772812.9883  0.2524 
   00036    0.634069 -778670.7216  0.2524 
   00037    0.630296 -784591.1669  0.2524 
   00038    0.630031 -790349.1823  0.2525 
   00039    0.627922 -796206.7357  0.2524 
   00040    0.626943 -801872.4305  0.2524 
   00041    0.624684 -807430.8150  0.2523 
   00042    0.623820 -813009.0229  0.2525 
   00043    0.623449 -818617.7784  0.2525 
   00044    0.618565 -823998.8899  0.2525 
   00045    0.618522 -829292.2117  0.2524 
   00046    0.615433 -834769.3883  0.2524 
   00047    0.616843 -840003.9369  0.2525 
   00048    0.612451 -845184.5020  0.2523 
   00049    0.612694 -850285.7461  0.2524 
   00050    0.610912 -855206.5884  0.2525 
