Running tests
Before activation python =  /mnt/storage/software/languages/miniconda/miniconda3.11.3-CompressAI-Vision0.1.3/bin/python
After activation python = /user/home/ib20120/.conda/envs/LL_env/bin/python
Intel(R) Parallel Studio XE 2020 Update 4 for Linux*
Copyright 2009-2020 Intel Corporation.
7 rank
6 rank
2 rank
3 rank
9 rank
1 rank
4 rank
5 rank
8 rank
0 rank
MPI_Vec_LL.py: Size: 500, Steps: 50, T*: 0.500: Order: 0.253, Time: 356.767272 s
MPI_Vec_Jit_LL.py: Size: 500, Steps: 50, T*: 0.500: Order: 0.254, Time: 19.203826 s
#=====================================================
# MPI Monte Carlo
# Num Procs:           10
# File created:        Tue-07-Nov-2023-at-06-37-42PM
# Size of lattice:     500x500
# Number of MC steps:  50
# Reduced temperature: 0.500
#=====================================================
# Run time (s):        19.203826
   00000    0.500000 -249929.0425  0.2512 
   00001    0.715580 -265273.0174  0.2518 
   00002    0.706240 -279426.0910  0.2522 
   00003    0.695232 -292711.8220  0.2521 
   00004    0.689988 -305547.5736  0.2521 
   00005    0.681448 -317737.6903  0.2524 
   00006    0.674772 -329286.2636  0.2528 
   00007    0.669500 -340279.6223  0.2527 
   00008    0.660708 -351021.1974  0.2528 
   00009    0.655120 -360943.9114  0.2529 
   00010    0.651732 -370518.1478  0.2525 
   00011    0.645052 -379895.2259  0.2523 
   00012    0.636668 -388741.5339  0.2523 
   00013    0.635488 -397199.8735  0.2522 
   00014    0.630280 -405554.8658  0.2519 
   00015    0.624156 -413755.7334  0.2525 
   00016    0.619916 -421398.4240  0.2527 
   00017    0.616272 -428733.1567  0.2527 
   00018    0.611316 -435756.2473  0.2527 
   00019    0.607908 -442602.5751  0.2529 
   00020    0.605084 -449299.6625  0.2528 
   00021    0.598832 -455816.2617  0.2525 
   00022    0.597456 -462008.3841  0.2528 
   00023    0.592552 -468403.5781  0.2527 
   00024    0.591456 -474405.6325  0.2528 
   00025    0.584424 -480069.9771  0.2532 
   00026    0.585632 -485750.5852  0.2534 
   00027    0.578488 -491233.0110  0.2534 
   00028    0.575568 -496215.4522  0.2531 
   00029    0.573144 -501370.3051  0.2530 
   00030    0.569208 -506063.3003  0.2532 
   00031    0.569500 -510789.5888  0.2535 
   00032    0.563492 -515597.8628  0.2539 
   00033    0.563884 -520261.3452  0.2539 
   00034    0.562784 -524736.1931  0.2538 
   00035    0.558940 -529361.6096  0.2538 
   00036    0.555568 -533797.9891  0.2536 
   00037    0.553880 -537887.9698  0.2536 
   00038    0.552072 -542030.2578  0.2538 
   00039    0.550208 -545890.4713  0.2538 
   00040    0.547816 -549615.2920  0.2539 
   00041    0.544448 -553211.7491  0.2538 
   00042    0.543628 -557055.9534  0.2536 
   00043    0.542208 -560530.7120  0.2536 
   00044    0.538096 -563924.7294  0.2536 
   00045    0.537288 -567372.7394  0.2539 
   00046    0.536204 -570850.1723  0.2539 
   00047    0.534820 -574320.6810  0.2539 
   00048    0.532360 -577458.3466  0.2537 
   00049    0.532348 -580718.9599  0.2538 
   00050    0.529912 -583834.4764  0.2540 
