Running tests
Before activation python =  /mnt/storage/software/languages/miniconda/miniconda3.11.3-CompressAI-Vision0.1.3/bin/python
After activation python = /user/home/ib20120/.conda/envs/LL_env/bin/python
Intel(R) Parallel Studio XE 2020 Update 4 for Linux*
Copyright 2009-2020 Intel Corporation.
1 rank
0 rank
MPI_Vec_LL.py: Size: 600, Steps: 50, T*: 0.500: Order: 0.253, Time: 382.110682 s
MPI_Vec_Jit_LL.py: Size: 600, Steps: 50, T*: 0.500: Order: 0.254, Time: 62.795986 s
#=====================================================
# MPI Monte Carlo
# Num Procs:           2
# File created:        Tue-07-Nov-2023-at-06-12-45PM
# Size of lattice:     600x600
# Number of MC steps:  50
# Reduced temperature: 0.500
#=====================================================
# Run time (s):        62.795986
   00000    0.500000 -360075.1772  0.2521 
   00001    0.697397 -458605.4402  0.2514 
   00002    0.662683 -536073.3683  0.2512 
   00003    0.634908 -597254.5177  0.2518 
   00004    0.611153 -648747.1030  0.2520 
   00005    0.592558 -692009.9645  0.2523 
   00006    0.576869 -729978.4872  0.2517 
   00007    0.563578 -762734.1944  0.2518 
   00008    0.551694 -791707.2054  0.2522 
   00009    0.541756 -818540.1725  0.2522 
   00010    0.531194 -841530.3244  0.2527 
   00011    0.525428 -862373.0560  0.2534 
   00012    0.520486 -881711.3226  0.2538 
   00013    0.512394 -899320.4243  0.2540 
   00014    0.505117 -914962.7836  0.2538 
   00015    0.499378 -929234.4131  0.2536 
   00016    0.497125 -942530.4447  0.2528 
   00017    0.491236 -954892.7520  0.2531 
   00018    0.488872 -966480.9701  0.2536 
   00019    0.483853 -977010.2059  0.2534 
   00020    0.480228 -987067.8949  0.2532 
   00021    0.480200 -996274.7634  0.2539 
   00022    0.473856 -1005113.3191  0.2543 
   00023    0.473189 -1013152.8790  0.2545 
   00024    0.470814 -1020521.8895  0.2544 
   00025    0.466767 -1027636.3235  0.2546 
   00026    0.465389 -1033459.4050  0.2542 
   00027    0.464164 -1039480.5732  0.2544 
   00028    0.462344 -1045595.5582  0.2544 
   00029    0.460042 -1051177.4776  0.2542 
   00030    0.457711 -1056111.8917  0.2543 
   00031    0.457194 -1061042.5542  0.2545 
   00032    0.457331 -1065747.9618  0.2543 
   00033    0.454172 -1070454.9214  0.2542 
   00034    0.453319 -1074911.0283  0.2540 
   00035    0.453178 -1078186.7728  0.2541 
   00036    0.451800 -1081533.0293  0.2540 
   00037    0.448875 -1085159.6838  0.2542 
   00038    0.450353 -1088488.9464  0.2540 
   00039    0.446556 -1092013.7248  0.2540 
   00040    0.447986 -1094670.3807  0.2542 
   00041    0.445911 -1097085.3070  0.2544 
   00042    0.445025 -1099886.5622  0.2538 
   00043    0.443881 -1102449.6296  0.2540 
   00044    0.443872 -1105034.7616  0.2539 
   00045    0.441592 -1107647.2716  0.2538 
   00046    0.443756 -1109717.0795  0.2538 
   00047    0.443222 -1111577.6085  0.2539 
   00048    0.441297 -1113969.7471  0.2541 
   00049    0.440803 -1116481.4425  0.2537 
   00050    0.440500 -1118597.4511  0.2537 
