Running tests
Before activation python =  /mnt/storage/software/languages/miniconda/miniconda3.11.3-CompressAI-Vision0.1.3/bin/python
After activation python = /user/home/ib20120/.conda/envs/LL_env/bin/python
Intel(R) Parallel Studio XE 2020 Update 4 for Linux*
Copyright 2009-2020 Intel Corporation.
1 rank
0 rank
MPI_Vec_LL.py: Size: 400, Steps: 50, T*: 0.500: Order: 0.260, Time: 283.194035 s
MPI_Vec_Jit_LL.py: Size: 400, Steps: 50, T*: 0.500: Order: 0.257, Time: 48.152486 s
#=====================================================
# MPI Monte Carlo
# Num Procs:           2
# File created:        Tue-07-Nov-2023-at-06-10-56PM
# Size of lattice:     400x400
# Number of MC steps:  50
# Reduced temperature: 0.500
#=====================================================
# Run time (s):        48.152486
   00000    0.500000 -160285.3780  0.2509 
   00001    0.697662 -203753.3365  0.2501 
   00002    0.661044 -237670.7231  0.2511 
   00003    0.634981 -266339.6035  0.2504 
   00004    0.610756 -288434.2114  0.2509 
   00005    0.593831 -307755.7577  0.2507 
   00006    0.574738 -324519.9707  0.2504 
   00007    0.561206 -339176.0749  0.2505 
   00008    0.551488 -352173.8883  0.2513 
   00009    0.541231 -363586.5316  0.2512 
   00010    0.531388 -373924.5209  0.2504 
   00011    0.524269 -383362.2256  0.2507 
   00012    0.519181 -392165.0121  0.2514 
   00013    0.513244 -399904.7228  0.2516 
   00014    0.507025 -406968.5075  0.2527 
   00015    0.501513 -413467.5333  0.2523 
   00016    0.496544 -419387.8963  0.2527 
   00017    0.490894 -424896.0805  0.2526 
   00018    0.488925 -430003.5745  0.2527 
   00019    0.483038 -435182.7196  0.2526 
   00020    0.481300 -439522.9761  0.2537 
   00021    0.477369 -443361.5227  0.2544 
   00022    0.475488 -446984.4380  0.2534 
   00023    0.471612 -450880.6905  0.2532 
   00024    0.468725 -454169.7230  0.2528 
   00025    0.467381 -457157.4591  0.2534 
   00026    0.466531 -459865.7646  0.2537 
   00027    0.462144 -462375.6391  0.2534 
   00028    0.462894 -464819.7668  0.2536 
   00029    0.462788 -467412.3335  0.2536 
   00030    0.458831 -469796.1432  0.2538 
   00031    0.458050 -471729.7209  0.2540 
   00032    0.455600 -474019.6920  0.2544 
   00033    0.453656 -475888.9271  0.2543 
   00034    0.454056 -477549.5873  0.2544 
   00035    0.453625 -479194.1141  0.2544 
   00036    0.451238 -480999.4207  0.2545 
   00037    0.451075 -482713.0607  0.2554 
   00038    0.446994 -484173.9178  0.2553 
   00039    0.450350 -485521.7994  0.2554 
   00040    0.448156 -486859.2967  0.2560 
   00041    0.446138 -488281.4726  0.2557 
   00042    0.445981 -489362.2108  0.2557 
   00043    0.444987 -490159.0458  0.2559 
   00044    0.445169 -490944.3858  0.2559 
   00045    0.443950 -492409.5795  0.2559 
   00046    0.442150 -493795.8264  0.2555 
   00047    0.441331 -494610.7422  0.2555 
   00048    0.440994 -495525.3855  0.2566 
   00049    0.440581 -496721.6194  0.2568 
   00050    0.440281 -497498.2272  0.2562 
