Running tests
Before activation python =  /mnt/storage/software/languages/miniconda/miniconda3.11.3-CompressAI-Vision0.1.3/bin/python
After activation python = /user/home/ib20120/.conda/envs/LL_env/bin/python
Intel(R) Parallel Studio XE 2020 Update 4 for Linux*
Copyright 2009-2020 Intel Corporation.
15 rank
18 rank
19 rank
7 rank
13 rank
14 rank
3 rank
9 rank
11 rank
10 rank
17 rank
16 rank
2 rank
6 rank
8 rank
12 rank
4 rank
5 rank
1 rank
0 rank
MPI_Vec_LL.py: Size: 900, Steps: 50, T*: 0.500: Order: 0.251, Time: 668.815801 s
MPI_Vec_Jit_LL.py: Size: 900, Steps: 50, T*: 0.500: Order: 0.251, Time: 23.192801 s
#=====================================================
# MPI Monte Carlo
# Num Procs:           20
# File created:        Tue-07-Nov-2023-at-08-05-02PM
# Size of lattice:     900x900
# Number of MC steps:  50
# Reduced temperature: 0.500
#=====================================================
# Run time (s):        23.192801
   00000    0.500000 -808198.6085  0.2505 
   00001    0.715291 -832498.4914  0.2507 
   00002    0.711938 -857203.1415  0.2508 
   00003    0.707626 -880854.9539  0.2509 
   00004    0.704009 -903608.1600  0.2509 
   00005    0.698669 -926102.2424  0.2508 
   00006    0.695784 -947720.8347  0.2509 
   00007    0.690894 -968944.0551  0.2510 
   00008    0.687184 -989345.3993  0.2510 
   00009    0.683664 -1009566.8716  0.2508 
   00010    0.680723 -1029448.5706  0.2508 
   00011    0.675963 -1049295.3969  0.2507 
   00012    0.674754 -1067673.1150  0.2507 
   00013    0.670495 -1086253.0210  0.2507 
   00014    0.665674 -1104107.3942  0.2507 
   00015    0.663785 -1122328.6023  0.2505 
   00016    0.659768 -1139127.3866  0.2505 
   00017    0.656763 -1156121.7109  0.2504 
   00018    0.654480 -1172966.7222  0.2505 
   00019    0.651893 -1188730.0583  0.2504 
   00020    0.647693 -1204549.7004  0.2503 
   00021    0.645460 -1219208.3143  0.2501 
   00022    0.644258 -1233947.8082  0.2501 
   00023    0.641428 -1248543.6247  0.2503 
   00024    0.638146 -1263133.4060  0.2503 
   00025    0.636549 -1277050.4966  0.2505 
   00026    0.632748 -1291125.3153  0.2505 
   00027    0.629730 -1304179.3488  0.2506 
   00028    0.628289 -1317177.9922  0.2507 
   00029    0.625273 -1330386.3934  0.2510 
   00030    0.621701 -1343411.8687  0.2510 
   00031    0.621635 -1356070.9982  0.2510 
   00032    0.617436 -1368366.1070  0.2510 
   00033    0.616563 -1380624.4974  0.2512 
   00034    0.614884 -1392348.1103  0.2511 
   00035    0.612122 -1404235.8363  0.2510 
   00036    0.612242 -1415787.7786  0.2510 
   00037    0.608453 -1427110.9205  0.2511 
   00038    0.607069 -1437957.6266  0.2511 
   00039    0.604235 -1448868.7988  0.2511 
   00040    0.604259 -1459550.5861  0.2509 
   00041    0.600683 -1469896.4111  0.2508 
   00042    0.599526 -1480068.8239  0.2509 
   00043    0.596537 -1490259.5138  0.2508 
   00044    0.594905 -1500631.3893  0.2508 
   00045    0.592972 -1510632.9170  0.2508 
   00046    0.592256 -1520559.3162  0.2509 
   00047    0.589706 -1529862.8753  0.2509 
   00048    0.588275 -1539367.7679  0.2509 
   00049    0.585704 -1548648.6941  0.2509 
   00050    0.583715 -1557879.1397  0.2509 
