Running tests
Before activation python =  /mnt/storage/software/languages/miniconda/miniconda3.11.3-CompressAI-Vision0.1.3/bin/python
After activation python = /user/home/ib20120/.conda/envs/LL_env/bin/python
Intel(R) Parallel Studio XE 2020 Update 4 for Linux*
Copyright 2009-2020 Intel Corporation.
23 rank
13 rank
14 rank
15 rank
12 rank
22 rank
6 rank
7 rank
4 rank
5 rank
20 rank
21 rank
26 rank
3 rank
8 rank
11 rank
25 rank
1 rank
9 rank
18 rank
19 rank
24 rank
27 rank
10 rank
17 rank
2 rank
16 rank
0 rank
MPI_Vec_LL.py: Size: 200, Steps: 50, T*: 0.500: Order: 0.254, Time: 32.530503 s
MPI_Vec_Jit_LL.py: Size: 200, Steps: 50, T*: 0.500: Order: 0.256, Time: 1.269037 s
#=====================================================
# MPI Monte Carlo
# Num Procs:           28
# File created:        Tue-07-Nov-2023-at-08-16-40PM
# Size of lattice:     200x200
# Number of MC steps:  50
# Reduced temperature: 0.500
#=====================================================
# Run time (s):        1.269037
   00000    0.500000  -39941.3920  0.2518 
   00001    0.710975  -40739.0980  0.2523 
   00002    0.708200  -41599.2357  0.2531 
   00003    0.707150  -42473.1606  0.2534 
   00004    0.703400  -43244.1880  0.2533 
   00005    0.707350  -44013.4025  0.2534 
   00006    0.696550  -44762.9394  0.2541 
   00007    0.701925  -45486.8211  0.2538 
   00008    0.694475  -46285.7485  0.2536 
   00009    0.698975  -47087.3009  0.2534 
   00010    0.692050  -47793.2281  0.2537 
   00011    0.687625  -48448.1142  0.2538 
   00012    0.686500  -49127.7928  0.2546 
   00013    0.681850  -49866.5703  0.2544 
   00014    0.683200  -50547.5036  0.2547 
   00015    0.677825  -51206.7850  0.2548 
   00016    0.677300  -51827.1630  0.2546 
   00017    0.668450  -52469.3392  0.2540 
   00018    0.672000  -53052.9096  0.2541 
   00019    0.667850  -53693.6979  0.2546 
   00020    0.668350  -54298.2986  0.2543 
   00021    0.660375  -54884.0917  0.2546 
   00022    0.657850  -55569.9081  0.2545 
   00023    0.655175  -56157.5511  0.2543 
   00024    0.656025  -56786.9106  0.2543 
   00025    0.650800  -57434.5479  0.2543 
   00026    0.656275  -57919.8030  0.2540 
   00027    0.649100  -58478.9806  0.2537 
   00028    0.647650  -58982.4995  0.2541 
   00029    0.643300  -59580.7734  0.2538 
   00030    0.647350  -60100.8114  0.2537 
   00031    0.645400  -60578.9070  0.2530 
   00032    0.636125  -61056.6776  0.2525 
   00033    0.643150  -61592.6568  0.2527 
   00034    0.633925  -62118.4972  0.2526 
   00035    0.635325  -62623.1167  0.2526 
   00036    0.632850  -63112.2245  0.2526 
   00037    0.631175  -63618.0348  0.2522 
   00038    0.627175  -64068.9331  0.2530 
   00039    0.625625  -64528.4736  0.2529 
   00040    0.625850  -64992.0692  0.2531 
   00041    0.620875  -65371.6577  0.2537 
   00042    0.622050  -65869.9836  0.2539 
   00043    0.620850  -66312.9938  0.2538 
   00044    0.620350  -66731.5510  0.2542 
   00045    0.611900  -67190.4748  0.2550 
   00046    0.622350  -67678.6125  0.2548 
   00047    0.614775  -68053.0491  0.2546 
   00048    0.614150  -68495.8609  0.2548 
   00049    0.611750  -68919.1259  0.2556 
   00050    0.607675  -69300.6576  0.2556 
