Running tests
Before activation python =  /mnt/storage/software/languages/miniconda/miniconda3.11.3-CompressAI-Vision0.1.3/bin/python
After activation python = /user/home/ib20120/.conda/envs/LL_env/bin/python
Intel(R) Parallel Studio XE 2020 Update 4 for Linux*
Copyright 2009-2020 Intel Corporation.
5 rank
4 rank
3 rank
2 rank
1 rank
0 rank
MPI_Vec_LL.py: Size: 700, Steps: 50, T*: 0.500: Order: 0.252, Time: 430.495482 s
MPI_Vec_Jit_LL.py: Size: 700, Steps: 50, T*: 0.500: Order: 0.252, Time: 32.799252 s
#=====================================================
# MPI Monte Carlo
# Num Procs:           6
# File created:        Tue-07-Nov-2023-at-06-15-07PM
# Size of lattice:     700x700
# Number of MC steps:  50
# Reduced temperature: 0.500
#=====================================================
# Run time (s):        32.799252
   00000    0.500000 -490369.4443  0.2507 
   00001    0.711498 -538536.6246  0.2504 
   00002    0.698494 -583044.1390  0.2505 
   00003    0.683714 -623591.2792  0.2503 
   00004    0.672292 -661324.2441  0.2503 
   00005    0.663631 -695484.0531  0.2501 
   00006    0.652329 -727602.0587  0.2502 
   00007    0.642541 -757057.7083  0.2504 
   00008    0.635080 -785641.5523  0.2506 
   00009    0.626800 -812085.3987  0.2506 
   00010    0.619910 -836915.7599  0.2506 
   00011    0.612598 -860328.7396  0.2508 
   00012    0.605116 -882663.2125  0.2508 
   00013    0.599739 -903153.3456  0.2510 
   00014    0.592576 -923358.3393  0.2510 
   00015    0.586824 -942215.9587  0.2510 
   00016    0.580247 -959977.7578  0.2510 
   00017    0.577282 -976944.7174  0.2512 
   00018    0.572004 -993155.5297  0.2514 
   00019    0.568102 -1008837.5605  0.2514 
   00020    0.563288 -1023373.9908  0.2512 
   00021    0.558596 -1037598.3899  0.2510 
   00022    0.556143 -1050811.3686  0.2510 
   00023    0.553273 -1064273.2130  0.2511 
   00024    0.549096 -1077199.5875  0.2514 
   00025    0.545153 -1089345.6608  0.2518 
   00026    0.542255 -1100842.3070  0.2519 
   00027    0.537963 -1112094.1250  0.2519 
   00028    0.535927 -1122810.3196  0.2518 
   00029    0.532624 -1133346.2333  0.2522 
   00030    0.530163 -1143578.8957  0.2525 
   00031    0.528263 -1153550.7797  0.2524 
   00032    0.525288 -1163013.9049  0.2526 
   00033    0.522869 -1171947.7444  0.2526 
   00034    0.520018 -1180637.8315  0.2526 
   00035    0.518688 -1189468.0272  0.2525 
   00036    0.516645 -1198073.1509  0.2529 
   00037    0.513659 -1206171.7424  0.2531 
   00038    0.512733 -1213992.7190  0.2529 
   00039    0.508796 -1221712.0667  0.2525 
   00040    0.508978 -1228915.1029  0.2525 
   00041    0.507349 -1236030.3728  0.2523 
   00042    0.504371 -1243495.8109  0.2523 
   00043    0.502686 -1250216.2784  0.2524 
   00044    0.501537 -1256837.4357  0.2525 
   00045    0.499041 -1263100.8579  0.2524 
   00046    0.499914 -1269199.5726  0.2527 
   00047    0.495720 -1275619.4243  0.2527 
   00048    0.494418 -1281248.7206  0.2525 
   00049    0.493037 -1287225.5937  0.2525 
   00050    0.492098 -1292880.8089  0.2523 
