Running tests
Before activation python =  /mnt/storage/software/languages/miniconda/miniconda3.11.3-CompressAI-Vision0.1.3/bin/python
After activation python = /user/home/ib20120/.conda/envs/LL_env/bin/python
Intel(R) Parallel Studio XE 2020 Update 4 for Linux*
Copyright 2009-2020 Intel Corporation.
3 rank
2 rank
4 rank
5 rank
1 rank
0 rank
MPI_Vec_LL.py: Size: 400, Steps: 50, T*: 0.500: Order: 0.253, Time: 143.650208 s
MPI_Vec_Jit_LL.py: Size: 400, Steps: 50, T*: 0.500: Order: 0.252, Time: 10.407186 s
#=====================================================
# MPI Monte Carlo
# Num Procs:           6
# File created:        Tue-07-Nov-2023-at-06-09-53PM
# Size of lattice:     400x400
# Number of MC steps:  50
# Reduced temperature: 0.500
#=====================================================
# Run time (s):        10.407186
   00000    0.500000 -160327.4469  0.2520 
   00001    0.710131 -176092.9801  0.2521 
   00002    0.696694 -190727.8828  0.2522 
   00003    0.684937 -203769.7999  0.2522 
   00004    0.673731 -215931.9533  0.2519 
   00005    0.660488 -227313.4275  0.2515 
   00006    0.652863 -237977.6688  0.2527 
   00007    0.641494 -247814.9061  0.2523 
   00008    0.634400 -256829.0353  0.2523 
   00009    0.625869 -265351.6196  0.2522 
   00010    0.619275 -273485.4052  0.2516 
   00011    0.612550 -281048.7762  0.2508 
   00012    0.606425 -288125.6724  0.2506 
   00013    0.598738 -294561.3104  0.2505 
   00014    0.594275 -301107.7057  0.2507 
   00015    0.588475 -306993.2949  0.2508 
   00016    0.583812 -312979.0180  0.2507 
   00017    0.576800 -318492.6696  0.2509 
   00018    0.575206 -323848.4258  0.2509 
   00019    0.569725 -329049.6564  0.2506 
   00020    0.565300 -333986.9629  0.2502 
   00021    0.559394 -338763.9379  0.2502 
   00022    0.555288 -343320.4219  0.2501 
   00023    0.552050 -347709.5127  0.2506 
   00024    0.548531 -352092.5106  0.2513 
   00025    0.542512 -355967.7604  0.2510 
   00026    0.538931 -359860.2125  0.2517 
   00027    0.540088 -363737.0647  0.2521 
   00028    0.533737 -367057.3676  0.2519 
   00029    0.531950 -370390.5549  0.2517 
   00030    0.529913 -373770.6654  0.2521 
   00031    0.527150 -376937.7057  0.2522 
   00032    0.523256 -380045.4918  0.2526 
   00033    0.521837 -383188.0420  0.2524 
   00034    0.519837 -385978.3788  0.2522 
   00035    0.516806 -388710.9392  0.2522 
   00036    0.517744 -391358.7516  0.2522 
   00037    0.514025 -394182.2146  0.2523 
   00038    0.511831 -396893.5649  0.2526 
   00039    0.509450 -399332.9441  0.2523 
   00040    0.505938 -401709.5761  0.2524 
   00041    0.504787 -404160.8400  0.2525 
   00042    0.502962 -406462.7523  0.2522 
   00043    0.502962 -408633.9900  0.2518 
   00044    0.500225 -410609.4302  0.2514 
   00045    0.497225 -412837.0558  0.2518 
   00046    0.496156 -414554.2288  0.2518 
   00047    0.493362 -416485.1272  0.2521 
   00048    0.493369 -418447.2830  0.2522 
   00049    0.489775 -420293.7969  0.2524 
   00050    0.492406 -422103.7136  0.2525 
