Running tests
Before activation python =  /mnt/storage/software/languages/miniconda/miniconda3.11.3-CompressAI-Vision0.1.3/bin/python
After activation python = /user/home/ib20120/.conda/envs/LL_env/bin/python
Intel(R) Parallel Studio XE 2020 Update 4 for Linux*
Copyright 2009-2020 Intel Corporation.
4 rank
5 rank
6 rank
7 rank
12 rank
13 rank
14 rank
15 rank
8 rank
9 rank
10 rank
11 rank
1 rank
2 rank
3 rank
0 rank
MPI_Vec_LL.py: Size: 1000, Steps: 50, T*: 0.500: Order: 0.252, Time: 808.702617 s
MPI_Vec_Jit_LL.py: Size: 1000, Steps: 50, T*: 0.500: Order: 0.251, Time: 31.949404 s
#=====================================================
# MPI Monte Carlo
# Num Procs:           16
# File created:        Tue-07-Nov-2023-at-07-49-32PM
# Size of lattice:     1000x1000
# Number of MC steps:  50
# Reduced temperature: 0.500
#=====================================================
# Run time (s):        31.949404
   00000    0.500000 -998316.7251  0.2503 
   00001    0.715216 -1035837.9582  0.2505 
   00002    0.711172 -1072362.9271  0.2506 
   00003    0.704037 -1107690.6869  0.2508 
   00004    0.698951 -1141863.0157  0.2506 
   00005    0.694721 -1174997.9171  0.2508 
   00006    0.690057 -1207228.6882  0.2507 
   00007    0.684420 -1238302.6222  0.2505 
   00008    0.678908 -1268651.7201  0.2505 
   00009    0.676470 -1297908.0108  0.2504 
   00010    0.672680 -1326303.1392  0.2506 
   00011    0.668564 -1354487.6167  0.2506 
   00012    0.663217 -1381725.0041  0.2507 
   00013    0.660474 -1408154.5886  0.2507 
   00014    0.656547 -1433802.2123  0.2507 
   00015    0.653007 -1458296.6133  0.2507 
   00016    0.650243 -1482278.8535  0.2508 
   00017    0.645625 -1505541.0681  0.2508 
   00018    0.642039 -1528322.6181  0.2509 
   00019    0.639207 -1550101.0105  0.2508 
   00020    0.636144 -1571987.9281  0.2510 
   00021    0.632739 -1593271.9727  0.2509 
   00022    0.629322 -1613743.2968  0.2507 
   00023    0.626067 -1633994.2800  0.2507 
   00024    0.623549 -1654104.6455  0.2507 
   00025    0.621638 -1673532.7205  0.2507 
   00026    0.617647 -1692608.6894  0.2509 
   00027    0.614950 -1711016.2256  0.2510 
   00028    0.613003 -1729426.1457  0.2509 
   00029    0.609175 -1747072.1498  0.2510 
   00030    0.606806 -1764424.7475  0.2510 
   00031    0.603600 -1781287.4241  0.2510 
   00032    0.602087 -1798340.2454  0.2509 
   00033    0.600374 -1814359.5522  0.2508 
   00034    0.596702 -1829643.3470  0.2509 
   00035    0.595395 -1845413.9342  0.2508 
   00036    0.593700 -1860406.0525  0.2508 
   00037    0.590732 -1875025.2421  0.2507 
   00038    0.589319 -1889830.7141  0.2507 
   00039    0.587165 -1904326.5167  0.2507 
   00040    0.584682 -1918559.2615  0.2507 
   00041    0.583900 -1932648.3377  0.2507 
   00042    0.581624 -1946826.7960  0.2508 
   00043    0.580799 -1960040.7551  0.2508 
   00044    0.579386 -1972848.8377  0.2507 
   00045    0.576260 -1985548.4391  0.2509 
   00046    0.573642 -1998456.1898  0.2509 
   00047    0.571836 -2011243.8109  0.2508 
   00048    0.571085 -2023371.2621  0.2507 
   00049    0.568482 -2035596.3749  0.2506 
   00050    0.566121 -2047394.4771  0.2506 
