Running tests
Before activation python =  /mnt/storage/software/languages/miniconda/miniconda3.11.3-CompressAI-Vision0.1.3/bin/python
After activation python = /user/home/ib20120/.conda/envs/LL_env/bin/python
Intel(R) Parallel Studio XE 2020 Update 4 for Linux*
Copyright 2009-2020 Intel Corporation.
1 rank
0 rank
MPI_Vec_LL.py: Size: 800, Steps: 50, T*: 0.500: Order: 0.253, Time: 684.897310 s
MPI_Vec_Jit_LL.py: Size: 800, Steps: 50, T*: 0.500: Order: 0.256, Time: 108.098113 s
#=====================================================
# MPI Monte Carlo
# Num Procs:           2
# File created:        Tue-07-Nov-2023-at-06-18-38PM
# Size of lattice:     800x800
# Number of MC steps:  50
# Reduced temperature: 0.500
#=====================================================
# Run time (s):        108.098113
   00000    0.500000 -640184.7099  0.2507 
   00001    0.699197 -815002.4967  0.2511 
   00002    0.662592 -950875.9334  0.2511 
   00003    0.633605 -1061860.4325  0.2520 
   00004    0.611494 -1152855.7412  0.2522 
   00005    0.593145 -1230187.8246  0.2522 
   00006    0.577316 -1296466.4630  0.2525 
   00007    0.564372 -1355020.5880  0.2526 
   00008    0.552113 -1407728.2379  0.2523 
   00009    0.541366 -1454091.1406  0.2523 
   00010    0.532577 -1495584.1099  0.2528 
   00011    0.524558 -1533634.5571  0.2532 
   00012    0.517880 -1567132.9415  0.2533 
   00013    0.510666 -1597453.8945  0.2540 
   00014    0.505698 -1625818.6005  0.2542 
   00015    0.499700 -1652726.0441  0.2543 
   00016    0.496916 -1675986.8856  0.2545 
   00017    0.491220 -1698408.9222  0.2546 
   00018    0.488344 -1719079.7948  0.2545 
   00019    0.483631 -1738664.0113  0.2545 
   00020    0.481378 -1756123.2279  0.2541 
   00021    0.477762 -1772294.8930  0.2540 
   00022    0.474598 -1786986.3574  0.2539 
   00023    0.472659 -1800708.2849  0.2541 
   00024    0.471122 -1814035.5770  0.2544 
   00025    0.469703 -1826248.4050  0.2546 
   00026    0.467048 -1837964.0975  0.2549 
   00027    0.464675 -1848645.1644  0.2552 
   00028    0.463178 -1858997.2756  0.2552 
   00029    0.460533 -1868945.7530  0.2551 
   00030    0.458688 -1878177.0809  0.2548 
   00031    0.458281 -1886530.1451  0.2550 
   00032    0.456808 -1894649.0418  0.2556 
   00033    0.454670 -1902851.5332  0.2557 
   00034    0.454523 -1909890.2966  0.2557 
   00035    0.451470 -1916594.0507  0.2562 
   00036    0.450855 -1923440.4252  0.2562 
   00037    0.450175 -1929330.4189  0.2563 
   00038    0.448991 -1935046.6021  0.2563 
   00039    0.447469 -1940627.3389  0.2564 
   00040    0.447006 -1946092.0754  0.2565 
   00041    0.446813 -1951510.8860  0.2563 
   00042    0.447173 -1956212.3454  0.2562 
   00043    0.444566 -1960801.3794  0.2561 
   00044    0.443453 -1966001.7438  0.2559 
   00045    0.443866 -1970188.5194  0.2563 
   00046    0.443100 -1974308.9552  0.2559 
   00047    0.442070 -1978699.6827  0.2558 
   00048    0.441316 -1982390.5350  0.2561 
   00049    0.440100 -1986352.6463  0.2562 
   00050    0.438042 -1989784.0460  0.2561 
