Running tests
Before activation python =  /mnt/storage/software/languages/miniconda/miniconda3.11.3-CompressAI-Vision0.1.3/bin/python
After activation python = /user/home/ib20120/.conda/envs/LL_env/bin/python
Intel(R) Parallel Studio XE 2020 Update 4 for Linux*
Copyright 2009-2020 Intel Corporation.
6 rank
7 rank
11 rank
5 rank
9 rank
13 rank
3 rank
12 rank
4 rank
2 rank
10 rank
8 rank
1 rank
0 rank
MPI_Vec_LL.py: Size: 1000, Steps: 50, T*: 0.500: Order: 0.253, Time: 870.808201 s
MPI_Vec_Jit_LL.py: Size: 1000, Steps: 50, T*: 0.500: Order: 0.251, Time: 35.614226 s
#=====================================================
# MPI Monte Carlo
# Num Procs:           14
# File created:        Tue-07-Nov-2023-at-07-26-48PM
# Size of lattice:     1000x1000
# Number of MC steps:  50
# Reduced temperature: 0.500
#=====================================================
# Run time (s):        35.614226
   00000    0.500000 -999500.7987  0.2504 
   00001    0.715104 -1041606.4669  0.2502 
   00002    0.708923 -1083062.5988  0.2504 
   00003    0.702493 -1123105.9078  0.2503 
   00004    0.697961 -1161479.1036  0.2503 
   00005    0.690829 -1198460.1512  0.2506 
   00006    0.684717 -1234211.7561  0.2506 
   00007    0.680561 -1268920.8996  0.2506 
   00008    0.676909 -1302519.8728  0.2508 
   00009    0.671549 -1335175.1750  0.2510 
   00010    0.666841 -1366051.6351  0.2510 
   00011    0.661798 -1396085.0936  0.2508 
   00012    0.657213 -1425689.2612  0.2509 
   00013    0.654134 -1454148.6284  0.2509 
   00014    0.650151 -1481537.5676  0.2510 
   00015    0.644496 -1508340.9899  0.2510 
   00016    0.640906 -1534123.4501  0.2510 
   00017    0.637960 -1559493.1776  0.2509 
   00018    0.634752 -1584410.6692  0.2508 
   00019    0.629446 -1607686.7604  0.2507 
   00020    0.627255 -1630730.7976  0.2507 
   00021    0.623794 -1653439.4142  0.2506 
   00022    0.620657 -1675598.3973  0.2505 
   00023    0.617581 -1697408.6810  0.2503 
   00024    0.613752 -1718099.4556  0.2503 
   00025    0.612099 -1739032.9581  0.2503 
   00026    0.608019 -1758823.5716  0.2503 
   00027    0.604955 -1778171.3905  0.2505 
   00028    0.602986 -1796709.4986  0.2505 
   00029    0.600211 -1814786.6842  0.2506 
   00030    0.597538 -1832866.3408  0.2507 
   00031    0.594964 -1850571.8244  0.2506 
   00032    0.592206 -1868166.9670  0.2505 
   00033    0.589394 -1885228.8962  0.2504 
   00034    0.587850 -1901888.8339  0.2504 
   00035    0.584304 -1918233.4447  0.2503 
   00036    0.582543 -1934194.0714  0.2503 
   00037    0.581020 -1949818.8054  0.2503 
   00038    0.579121 -1965026.3525  0.2504 
   00039    0.577479 -1979734.3618  0.2504 
   00040    0.574423 -1994535.2390  0.2504 
   00041    0.572452 -2009098.6768  0.2504 
   00042    0.570647 -2023147.6606  0.2505 
   00043    0.568483 -2037200.8729  0.2504 
   00044    0.567105 -2050930.2765  0.2504 
   00045    0.564721 -2064147.1939  0.2505 
   00046    0.563511 -2077035.2744  0.2507 
   00047    0.561815 -2089454.0195  0.2507 
   00048    0.559498 -2102222.6224  0.2507 
   00049    0.558429 -2114821.4899  0.2508 
   00050    0.558054 -2126877.9963  0.2506 
