Running tests
Before activation python =  /mnt/storage/software/languages/miniconda/miniconda3.11.3-CompressAI-Vision0.1.3/bin/python
After activation python = /user/home/ib20120/.conda/envs/LL_env/bin/python
Intel(R) Parallel Studio XE 2020 Update 4 for Linux*
Copyright 2009-2020 Intel Corporation.
1 rank
2 rank
3 rank
0 rank
MPI_Vec_LL.py: Size: 600, Steps: 50, T*: 0.500: Order: 0.258, Time: 335.121392 s
MPI_Vec_Jit_LL.py: Size: 600, Steps: 50, T*: 0.500: Order: 0.251, Time: 33.246729 s
#=====================================================
# MPI Monte Carlo
# Num Procs:           4
# File created:        Tue-07-Nov-2023-at-06-12-10PM
# Size of lattice:     600x600
# Number of MC steps:  50
# Reduced temperature: 0.500
#=====================================================
# Run time (s):        33.246729
   00000    0.500000 -358724.9635  0.2501 
   00001    0.705531 -411414.7480  0.2502 
   00002    0.690008 -457010.7420  0.2503 
   00003    0.669481 -497393.6180  0.2504 
   00004    0.655233 -534351.1492  0.2504 
   00005    0.640306 -567432.8189  0.2502 
   00006    0.626464 -597231.5143  0.2501 
   00007    0.615958 -624517.6167  0.2501 
   00008    0.608686 -649740.9002  0.2506 
   00009    0.596497 -672471.2590  0.2505 
   00010    0.588808 -693019.4126  0.2505 
   00011    0.581628 -712813.4693  0.2503 
   00012    0.574169 -731011.4133  0.2506 
   00013    0.567328 -748057.6997  0.2506 
   00014    0.560394 -764096.4501  0.2507 
   00015    0.554022 -778656.9141  0.2507 
   00016    0.550400 -793062.0515  0.2507 
   00017    0.543056 -806483.4055  0.2508 
   00018    0.539419 -819354.0525  0.2507 
   00019    0.533875 -831521.6950  0.2507 
   00020    0.531722 -842786.8329  0.2508 
   00021    0.525711 -853484.5197  0.2505 
   00022    0.522756 -863335.1434  0.2508 
   00023    0.518581 -872997.8151  0.2505 
   00024    0.516261 -882557.4483  0.2507 
   00025    0.512519 -891070.9728  0.2501 
   00026    0.511589 -899737.6339  0.2503 
   00027    0.507153 -907956.9344  0.2503 
   00028    0.506244 -915644.9586  0.2503 
   00029    0.502206 -922801.1224  0.2505 
   00030    0.499175 -930120.0341  0.2505 
   00031    0.497228 -937006.2117  0.2506 
   00032    0.494647 -943697.5670  0.2506 
   00033    0.492300 -949902.0601  0.2506 
   00034    0.489911 -955946.4902  0.2509 
   00035    0.489050 -961450.2740  0.2510 
   00036    0.487328 -966898.4610  0.2510 
   00037    0.485453 -972257.7248  0.2514 
   00038    0.483203 -977492.9612  0.2512 
   00039    0.482231 -982443.6954  0.2513 
   00040    0.481800 -987208.2134  0.2513 
   00041    0.479256 -992096.8389  0.2518 
   00042    0.478033 -996569.5342  0.2519 
   00043    0.475914 -1000638.4905  0.2517 
   00044    0.474978 -1005129.2608  0.2514 
   00045    0.474025 -1008882.2886  0.2515 
   00046    0.471744 -1012753.7371  0.2515 
   00047    0.470811 -1016824.0268  0.2511 
   00048    0.469719 -1020853.8471  0.2513 
   00049    0.467936 -1024434.3839  0.2513 
   00050    0.467319 -1027983.9840  0.2512 
