Running tests
Before activation python =  /mnt/storage/software/languages/miniconda/miniconda3.11.3-CompressAI-Vision0.1.3/bin/python
After activation python = /user/home/ib20120/.conda/envs/LL_env/bin/python
Intel(R) Parallel Studio XE 2020 Update 4 for Linux*
Copyright 2009-2020 Intel Corporation.
1 rank
0 rank
MPI_Vec_LL.py: Size: 100, Steps: 50, T*: 0.500: Order: 0.285, Time: 18.774230 s
MPI_Vec_Jit_LL.py: Size: 100, Steps: 50, T*: 0.500: Order: 0.286, Time: 3.421675 s
#=====================================================
# MPI Monte Carlo
# Num Procs:           2
# File created:        Tue-07-Nov-2023-at-06-05-43PM
# Size of lattice:     100x100
# Number of MC steps:  50
# Reduced temperature: 0.500
#=====================================================
# Run time (s):        3.421675
   00000    0.500000   -9763.8859  0.2564 
   00001    0.698400  -12532.5995  0.2580 
   00002    0.654600  -14760.4289  0.2573 
   00003    0.636200  -16589.3987  0.2635 
   00004    0.613700  -17959.5787  0.2614 
   00005    0.592300  -19073.7328  0.2645 
   00006    0.571100  -20109.7934  0.2668 
   00007    0.564200  -21171.3882  0.2685 
   00008    0.558100  -22041.0397  0.2740 
   00009    0.537500  -22749.4327  0.2763 
   00010    0.533000  -23413.3259  0.2771 
   00011    0.527200  -24003.5552  0.2804 
   00012    0.519100  -24472.0593  0.2797 
   00013    0.514600  -24978.5117  0.2803 
   00014    0.508300  -25439.2606  0.2806 
   00015    0.499400  -25846.9103  0.2851 
   00016    0.483600  -26196.3519  0.2868 
   00017    0.487700  -26559.0338  0.2837 
   00018    0.482300  -26881.7778  0.2871 
   00019    0.476700  -27175.9446  0.2867 
   00020    0.485200  -27453.6375  0.2852 
   00021    0.475600  -27729.4440  0.2856 
   00022    0.470600  -27904.4272  0.2863 
   00023    0.472800  -28103.5765  0.2871 
   00024    0.462400  -28286.1628  0.2852 
   00025    0.463200  -28522.5637  0.2847 
   00026    0.464600  -28640.0374  0.2845 
   00027    0.462300  -28840.0345  0.2876 
   00028    0.461900  -28986.4780  0.2874 
   00029    0.463300  -29145.1412  0.2877 
   00030    0.452600  -29284.1162  0.2892 
   00031    0.457700  -29364.9297  0.2903 
   00032    0.462000  -29408.9310  0.2889 
   00033    0.457700  -29483.7895  0.2902 
   00034    0.443000  -29652.8863  0.2874 
   00035    0.453200  -29792.5614  0.2875 
   00036    0.457700  -29893.2176  0.2901 
   00037    0.451100  -29901.0433  0.2917 
   00038    0.438500  -30004.7668  0.2907 
   00039    0.447400  -30174.3427  0.2912 
   00040    0.444400  -30260.2535  0.2896 
   00041    0.451300  -30318.7440  0.2881 
   00042    0.451100  -30455.3795  0.2890 
   00043    0.437300  -30508.1084  0.2862 
   00044    0.441000  -30559.2308  0.2858 
   00045    0.447200  -30710.7056  0.2852 
   00046    0.450400  -30800.7548  0.2861 
   00047    0.427600  -30913.1142  0.2848 
   00048    0.438300  -30912.7850  0.2862 
   00049    0.447600  -30939.7084  0.2856 
   00050    0.438600  -30977.5921  0.2842 
