Running tests
Before activation python =  /mnt/storage/software/languages/miniconda/miniconda3.11.3-CompressAI-Vision0.1.3/bin/python
After activation python = /user/home/ib20120/.conda/envs/LL_env/bin/python
Intel(R) Parallel Studio XE 2020 Update 4 for Linux*
Copyright 2009-2020 Intel Corporation.
1 rank
0 rank
MPI_Vec_LL.py: Size: 500, Steps: 50, T*: 0.500: Order: 0.255, Time: 263.411400 s
MPI_Vec_Jit_LL.py: Size: 500, Steps: 50, T*: 0.500: Order: 0.253, Time: 42.458402 s
#=====================================================
# MPI Monte Carlo
# Num Procs:           2
# File created:        Tue-07-Nov-2023-at-06-10-24PM
# Size of lattice:     500x500
# Number of MC steps:  50
# Reduced temperature: 0.500
#=====================================================
# Run time (s):        42.458402
   00000    0.500000 -251317.0046  0.2504 
   00001    0.696740 -318864.4150  0.2503 
   00002    0.662092 -371856.7989  0.2503 
   00003    0.634400 -414983.0472  0.2508 
   00004    0.611040 -450767.2831  0.2502 
   00005    0.593540 -481361.8995  0.2510 
   00006    0.577636 -507198.6996  0.2514 
   00007    0.563772 -530570.3120  0.2520 
   00008    0.552028 -551035.7835  0.2522 
   00009    0.542152 -568307.8681  0.2515 
   00010    0.532940 -584061.0383  0.2516 
   00011    0.524084 -598955.4287  0.2521 
   00012    0.519316 -611960.8240  0.2519 
   00013    0.511432 -624235.7433  0.2519 
   00014    0.507320 -634942.2831  0.2519 
   00015    0.500388 -645095.1982  0.2518 
   00016    0.497516 -654554.5876  0.2513 
   00017    0.493444 -663327.2972  0.2511 
   00018    0.489692 -670941.6767  0.2515 
   00019    0.483608 -678754.4501  0.2516 
   00020    0.481256 -685912.6475  0.2517 
   00021    0.477968 -692716.6780  0.2518 
   00022    0.475584 -698659.7554  0.2518 
   00023    0.470580 -704216.1165  0.2515 
   00024    0.468168 -709628.9061  0.2516 
   00025    0.465680 -714318.3969  0.2511 
   00026    0.463792 -718558.2087  0.2506 
   00027    0.465288 -722842.2289  0.2512 
   00028    0.462524 -727239.4998  0.2512 
   00029    0.461220 -731156.1042  0.2514 
   00030    0.457416 -734434.8738  0.2512 
   00031    0.456400 -737493.2592  0.2518 
   00032    0.456252 -740534.2100  0.2510 
   00033    0.454748 -743669.0144  0.2515 
   00034    0.452280 -746162.8562  0.2516 
   00035    0.453436 -748988.1498  0.2516 
   00036    0.450492 -751402.1302  0.2515 
   00037    0.449408 -753777.2987  0.2515 
   00038    0.450364 -756448.1100  0.2522 
   00039    0.447820 -758800.3812  0.2523 
   00040    0.445752 -761114.6065  0.2523 
   00041    0.447616 -763320.0910  0.2519 
   00042    0.445296 -764832.9425  0.2522 
   00043    0.444632 -766792.4088  0.2522 
   00044    0.445076 -768414.2896  0.2522 
   00045    0.442784 -770317.3284  0.2517 
   00046    0.442576 -771741.5025  0.2519 
   00047    0.439568 -773249.1602  0.2525 
   00048    0.439136 -774528.3710  0.2527 
   00049    0.441460 -775745.7695  0.2535 
   00050    0.439520 -776835.3481  0.2527 
