Running tests
Before activation python =  /mnt/storage/software/languages/miniconda/miniconda3.11.3-CompressAI-Vision0.1.3/bin/python
After activation python = /user/home/ib20120/.conda/envs/LL_env/bin/python
Intel(R) Parallel Studio XE 2020 Update 4 for Linux*
Copyright 2009-2020 Intel Corporation.
5 rank
6 rank
7 rank
10 rank
11 rank
9 rank
8 rank
1 rank
3 rank
2 rank
4 rank
0 rank
MPI_Vec_LL.py: Size: 700, Steps: 50, T*: 0.500: Order: 0.252, Time: 410.250596 s
MPI_Vec_Jit_LL.py: Size: 700, Steps: 50, T*: 0.500: Order: 0.251, Time: 20.979721 s
#=====================================================
# MPI Monte Carlo
# Num Procs:           12
# File created:        Tue-07-Nov-2023-at-06-58-15PM
# Size of lattice:     700x700
# Number of MC steps:  50
# Reduced temperature: 0.500
#=====================================================
# Run time (s):        20.979721
   00000    0.500000 -491303.3444  0.2508 
   00001    0.714531 -515953.2714  0.2509 
   00002    0.708086 -539213.2300  0.2508 
   00003    0.700833 -561453.4658  0.2505 
   00004    0.693459 -583281.0831  0.2505 
   00005    0.686710 -604261.2854  0.2508 
   00006    0.680208 -624069.3015  0.2506 
   00007    0.675327 -643129.7796  0.2507 
   00008    0.669200 -661853.9233  0.2504 
   00009    0.664463 -679320.9791  0.2506 
   00010    0.659453 -696009.9587  0.2506 
   00011    0.654716 -712296.5734  0.2506 
   00012    0.649335 -727879.8291  0.2506 
   00013    0.645282 -743032.5942  0.2505 
   00014    0.640157 -757963.3165  0.2504 
   00015    0.635065 -772223.1159  0.2507 
   00016    0.631790 -785728.1162  0.2506 
   00017    0.626976 -799369.0654  0.2508 
   00018    0.624780 -812231.5358  0.2507 
   00019    0.620596 -825137.3202  0.2506 
   00020    0.616649 -836929.8985  0.2505 
   00021    0.612759 -848633.7320  0.2504 
   00022    0.609590 -859794.0808  0.2505 
   00023    0.605753 -871185.1886  0.2504 
   00024    0.603388 -882019.7646  0.2506 
   00025    0.599861 -892566.9150  0.2505 
   00026    0.596804 -902680.2768  0.2505 
   00027    0.593786 -912945.9371  0.2506 
   00028    0.591824 -922318.8245  0.2508 
   00029    0.588280 -931928.9537  0.2509 
   00030    0.587106 -941129.5699  0.2509 
   00031    0.583380 -950264.4550  0.2510 
   00032    0.580522 -959212.3804  0.2510 
   00033    0.578263 -968059.8568  0.2509 
   00034    0.575439 -976433.7420  0.2508 
   00035    0.572763 -984661.2430  0.2510 
   00036    0.569851 -992824.2000  0.2510 
   00037    0.570945 -1000530.1753  0.2509 
   00038    0.567024 -1008594.6138  0.2510 
   00039    0.565014 -1015891.4310  0.2509 
   00040    0.563249 -1023057.9401  0.2508 
   00041    0.559076 -1030024.8483  0.2510 
   00042    0.558451 -1037331.1271  0.2511 
   00043    0.557237 -1044148.6789  0.2512 
   00044    0.553453 -1050611.0492  0.2512 
   00045    0.552265 -1057192.7525  0.2509 
   00046    0.550792 -1063970.4631  0.2508 
   00047    0.549373 -1070258.6185  0.2508 
   00048    0.544402 -1076537.3954  0.2509 
   00049    0.545549 -1082515.7773  0.2508 
   00050    0.543541 -1088470.5992  0.2510 
