Running tests
Before activation python =  /mnt/storage/software/languages/miniconda/miniconda3.11.3-CompressAI-Vision0.1.3/bin/python
After activation python = /user/home/ib20120/.conda/envs/LL_env/bin/python
Intel(R) Parallel Studio XE 2020 Update 4 for Linux*
Copyright 2009-2020 Intel Corporation.
15 rank
13 rank
11 rank
14 rank
10 rank
9 rank
5 rank
6 rank
7 rank
19 rank
20 rank
21 rank
22 rank
23 rank
3 rank
8 rank
12 rank
4 rank
18 rank
2 rank
1 rank
17 rank
16 rank
0 rank
MPI_Vec_LL.py: Size: 600, Steps: 50, T*: 0.500: Order: 0.250, Time: 294.012096 s
MPI_Vec_Jit_LL.py: Size: 600, Steps: 50, T*: 0.500: Order: 0.251, Time: 10.184871 s
#=====================================================
# MPI Monte Carlo
# Num Procs:           24
# File created:        Tue-07-Nov-2023-at-08-24-27PM
# Size of lattice:     600x600
# Number of MC steps:  50
# Reduced temperature: 0.500
#=====================================================
# Run time (s):        10.184871
   00000    0.500000 -361461.8098  0.2501 
   00001    0.712936 -370937.4064  0.2502 
   00002    0.711297 -379824.2689  0.2502 
   00003    0.710794 -388530.0348  0.2504 
   00004    0.705842 -396929.4230  0.2503 
   00005    0.700950 -405205.5051  0.2508 
   00006    0.701253 -413477.3300  0.2508 
   00007    0.692853 -421221.1723  0.2508 
   00008    0.690397 -429037.8572  0.2510 
   00009    0.689747 -436763.1833  0.2510 
   00010    0.686417 -444238.7642  0.2510 
   00011    0.683344 -451791.1627  0.2508 
   00012    0.679864 -459025.4979  0.2507 
   00013    0.674489 -466057.8672  0.2508 
   00014    0.674944 -472947.6336  0.2508 
   00015    0.668922 -479875.7632  0.2508 
   00016    0.668106 -486771.1264  0.2511 
   00017    0.665914 -493483.8541  0.2512 
   00018    0.663297 -499828.3779  0.2511 
   00019    0.658372 -506087.6710  0.2510 
   00020    0.658939 -512125.8614  0.2508 
   00021    0.657078 -517944.9993  0.2512 
   00022    0.653481 -523950.3012  0.2511 
   00023    0.652031 -529699.3049  0.2511 
   00024    0.647725 -535532.9497  0.2509 
   00025    0.645578 -541167.6669  0.2508 
   00026    0.644556 -546638.6557  0.2508 
   00027    0.643733 -551992.4213  0.2510 
   00028    0.640750 -557389.9925  0.2510 
   00029    0.636983 -562633.4115  0.2512 
   00030    0.634472 -567542.1094  0.2511 
   00031    0.633319 -572594.9703  0.2513 
   00032    0.628817 -577583.6132  0.2514 
   00033    0.628753 -582457.7945  0.2513 
   00034    0.627856 -587531.7581  0.2512 
   00035    0.624308 -592583.6236  0.2511 
   00036    0.623769 -597316.7590  0.2511 
   00037    0.621583 -602254.7228  0.2511 
   00038    0.619333 -607060.1739  0.2510 
   00039    0.615664 -611481.5250  0.2512 
   00040    0.614836 -615982.1292  0.2510 
   00041    0.615025 -620302.2036  0.2509 
   00042    0.611558 -624685.6657  0.2508 
   00043    0.611664 -629034.9473  0.2510 
   00044    0.610581 -633168.8768  0.2511 
   00045    0.609861 -637309.7284  0.2512 
   00046    0.606608 -641230.3839  0.2512 
   00047    0.603589 -645291.4888  0.2512 
   00048    0.601292 -649160.0404  0.2511 
   00049    0.600353 -652921.8218  0.2511 
   00050    0.597478 -656974.0926  0.2512 
