Running tests
Before activation python =  /mnt/storage/software/languages/miniconda/miniconda3.11.3-CompressAI-Vision0.1.3/bin/python
After activation python = /user/home/ib20120/.conda/envs/LL_env/bin/python
Intel(R) Parallel Studio XE 2020 Update 4 for Linux*
Copyright 2009-2020 Intel Corporation.
20 rank
21 rank
22 rank
23 rank
7 rank
13 rank
15 rank
5 rank
4 rank
6 rank
12 rank
14 rank
1 rank
2 rank
3 rank
8 rank
9 rank
10 rank
11 rank
16 rank
17 rank
18 rank
19 rank
24 rank
25 rank
26 rank
27 rank
0 rank
MPI_Vec_LL.py: Size: 1000, Steps: 50, T*: 0.500: Order: 0.252, Time: 800.866497 s
MPI_Vec_Jit_LL.py: Size: 1000, Steps: 50, T*: 0.500: Order: 0.251, Time: 24.458291 s
#=====================================================
# MPI Monte Carlo
# Num Procs:           28
# File created:        Tue-07-Nov-2023-at-10-11-18PM
# Size of lattice:     1000x1000
# Number of MC steps:  50
# Reduced temperature: 0.500
#=====================================================
# Run time (s):        24.458291
   00000    0.500000 -1002411.4595  0.2513 
   00001    0.716329 -1023716.8753  0.2514 
   00002    0.713549 -1045065.6417  0.2514 
   00003    0.709894 -1066381.5924  0.2514 
   00004    0.708135 -1086472.4259  0.2514 
   00005    0.704096 -1106583.4229  0.2514 
   00006    0.700443 -1126557.3434  0.2514 
   00007    0.698697 -1145541.3851  0.2514 
   00008    0.695519 -1164384.7771  0.2515 
   00009    0.693599 -1182859.4567  0.2514 
   00010    0.689179 -1200942.5631  0.2514 
   00011    0.686926 -1218800.6664  0.2513 
   00012    0.683067 -1236472.6998  0.2513 
   00013    0.682497 -1253743.6545  0.2513 
   00014    0.679791 -1270538.1187  0.2513 
   00015    0.675881 -1287363.6645  0.2512 
   00016    0.674332 -1303529.1517  0.2511 
   00017    0.672146 -1319555.2205  0.2510 
   00018    0.670448 -1335444.7186  0.2510 
   00019    0.666434 -1351125.9112  0.2511 
   00020    0.665679 -1366502.6924  0.2511 
   00021    0.661932 -1381147.0848  0.2512 
   00022    0.659350 -1395734.1459  0.2510 
   00023    0.657017 -1410730.5229  0.2510 
   00024    0.656852 -1425016.4788  0.2511 
   00025    0.653794 -1439550.3223  0.2511 
   00026    0.651701 -1453769.4394  0.2510 
   00027    0.649457 -1467522.2544  0.2510 
   00028    0.647108 -1481208.7991  0.2509 
   00029    0.646010 -1494516.9110  0.2509 
   00030    0.643091 -1507779.8804  0.2511 
   00031    0.642077 -1520773.5840  0.2511 
   00032    0.638848 -1533420.9120  0.2511 
   00033    0.637683 -1546159.9237  0.2511 
   00034    0.637606 -1558971.0616  0.2511 
   00035    0.635514 -1571466.4537  0.2510 
   00036    0.634747 -1583318.8042  0.2509 
   00037    0.629501 -1595165.4492  0.2509 
   00038    0.629020 -1606986.8656  0.2509 
   00039    0.627693 -1618735.8217  0.2509 
   00040    0.625721 -1630318.3712  0.2509 
   00041    0.625907 -1641651.9644  0.2509 
   00042    0.622897 -1652794.9329  0.2509 
   00043    0.621255 -1664010.5115  0.2508 
   00044    0.618170 -1674851.6490  0.2509 
   00045    0.617914 -1685167.3955  0.2509 
   00046    0.614819 -1695918.6986  0.2508 
   00047    0.615105 -1706267.0342  0.2507 
   00048    0.612361 -1716561.1075  0.2507 
   00049    0.612254 -1726719.0223  0.2508 
   00050    0.610213 -1736573.0211  0.2508 
