Running tests
Before activation python =  /mnt/storage/software/languages/miniconda/miniconda3.11.3-CompressAI-Vision0.1.3/bin/python
After activation python = /user/home/ib20120/.conda/envs/LL_env/bin/python
Intel(R) Parallel Studio XE 2020 Update 4 for Linux*
Copyright 2009-2020 Intel Corporation.
23 rank
7 rank
15 rank
22 rank
14 rank
20 rank
21 rank
6 rank
2 rank
3 rank
10 rank
11 rank
16 rank
17 rank
18 rank
19 rank
24 rank
25 rank
26 rank
27 rank
9 rank
13 rank
8 rank
12 rank
1 rank
5 rank
4 rank
0 rank
MPI_Vec_LL.py: Size: 900, Steps: 50, T*: 0.500: Order: 0.252, Time: 657.878977 s
MPI_Vec_Jit_LL.py: Size: 900, Steps: 50, T*: 0.500: Order: 0.250, Time: 20.669233 s
#=====================================================
# MPI Monte Carlo
# Num Procs:           28
# File created:        Tue-07-Nov-2023-at-09-56-49PM
# Size of lattice:     900x900
# Number of MC steps:  50
# Reduced temperature: 0.500
#=====================================================
# Run time (s):        20.669233
   00000    0.500000 -811161.0766  0.2503 
   00001    0.716880 -829065.5979  0.2504 
   00002    0.711956 -847330.0820  0.2502 
   00003    0.710059 -864573.8773  0.2502 
   00004    0.708320 -880980.7340  0.2502 
   00005    0.704853 -897506.1610  0.2502 
   00006    0.702306 -913956.4734  0.2502 
   00007    0.698190 -930526.6573  0.2502 
   00008    0.696898 -945933.2812  0.2503 
   00009    0.692207 -961126.4434  0.2503 
   00010    0.692652 -976073.7540  0.2503 
   00011    0.687079 -991158.5639  0.2504 
   00012    0.684970 -1005887.2739  0.2504 
   00013    0.682463 -1019714.2435  0.2504 
   00014    0.679791 -1033675.7800  0.2504 
   00015    0.677583 -1047647.9534  0.2504 
   00016    0.674662 -1060914.9054  0.2505 
   00017    0.672440 -1074213.8139  0.2503 
   00018    0.669721 -1087207.6498  0.2503 
   00019    0.668521 -1100094.0884  0.2504 
   00020    0.665484 -1112707.0415  0.2504 
   00021    0.663125 -1125243.2107  0.2504 
   00022    0.660067 -1137396.8376  0.2504 
   00023    0.658879 -1149395.6328  0.2504 
   00024    0.657016 -1160911.9151  0.2502 
   00025    0.655799 -1172518.6769  0.2503 
   00026    0.651806 -1184247.0123  0.2503 
   00027    0.650858 -1195557.2242  0.2504 
   00028    0.648432 -1206703.7614  0.2505 
   00029    0.647078 -1217511.4228  0.2505 
   00030    0.645186 -1228193.2418  0.2504 
   00031    0.643051 -1238942.9179  0.2504 
   00032    0.639885 -1249420.9545  0.2504 
   00033    0.638652 -1259981.9626  0.2505 
   00034    0.636979 -1269828.8071  0.2505 
   00035    0.635053 -1279728.2729  0.2504 
   00036    0.634396 -1289571.1926  0.2505 
   00037    0.632751 -1299047.2052  0.2505 
   00038    0.629541 -1308768.5480  0.2504 
   00039    0.628388 -1318146.2197  0.2506 
   00040    0.627610 -1327578.4893  0.2505 
   00041    0.625598 -1336725.0863  0.2505 
   00042    0.622978 -1345918.2658  0.2505 
   00043    0.621683 -1354998.0660  0.2504 
   00044    0.618522 -1363821.7084  0.2504 
   00045    0.618300 -1372636.1829  0.2503 
   00046    0.616484 -1381080.7841  0.2502 
   00047    0.614920 -1389413.4799  0.2502 
   00048    0.613748 -1398148.8037  0.2503 
   00049    0.612375 -1406468.1119  0.2503 
   00050    0.609685 -1414931.1009  0.2505 
