Running tests
Before activation python =  /mnt/storage/software/languages/miniconda/miniconda3.11.3-CompressAI-Vision0.1.3/bin/python
After activation python = /user/home/ib20120/.conda/envs/LL_env/bin/python
Intel(R) Parallel Studio XE 2020 Update 4 for Linux*
Copyright 2009-2020 Intel Corporation.
1 rank
0 rank
MPI_Vec_LL.py: Size: 900, Steps: 50, T*: 0.500: Order: 0.255, Time: 843.857183 s
MPI_Vec_Jit_LL.py: Size: 900, Steps: 50, T*: 0.500: Order: 0.252, Time: 136.226282 s
#=====================================================
# MPI Monte Carlo
# Num Procs:           2
# File created:        Tue-07-Nov-2023-at-06-21-47PM
# Size of lattice:     900x900
# Number of MC steps:  50
# Reduced temperature: 0.500
#=====================================================
# Run time (s):        136.226282
   00000    0.500000 -809306.6925  0.2507 
   00001    0.697309 -1030034.1690  0.2506 
   00002    0.662512 -1202838.2485  0.2504 
   00003    0.634158 -1342935.6673  0.2505 
   00004    0.611680 -1460066.5795  0.2507 
   00005    0.593033 -1558998.9606  0.2510 
   00006    0.576105 -1643988.9111  0.2510 
   00007    0.562680 -1717474.2755  0.2511 
   00008    0.550847 -1782727.6407  0.2513 
   00009    0.542433 -1840871.2094  0.2514 
   00010    0.532574 -1894021.3138  0.2516 
   00011    0.525258 -1942129.7237  0.2518 
   00012    0.517651 -1985531.0682  0.2519 
   00013    0.511730 -2023558.1040  0.2519 
   00014    0.505747 -2059572.0181  0.2521 
   00015    0.500994 -2092778.4382  0.2523 
   00016    0.496774 -2123020.1797  0.2525 
   00017    0.492551 -2150948.2368  0.2521 
   00018    0.488190 -2176448.8621  0.2517 
   00019    0.485025 -2200517.3129  0.2518 
   00020    0.482075 -2222017.0305  0.2517 
   00021    0.478217 -2243177.1980  0.2518 
   00022    0.474558 -2261905.4276  0.2516 
   00023    0.472859 -2280252.3068  0.2516 
   00024    0.471238 -2297572.5008  0.2519 
   00025    0.468058 -2312872.6052  0.2519 
   00026    0.466728 -2327314.0882  0.2521 
   00027    0.462660 -2341973.2793  0.2521 
   00028    0.462865 -2354553.3395  0.2520 
   00029    0.459793 -2366499.7410  0.2520 
   00030    0.458490 -2377560.0783  0.2521 
   00031    0.457281 -2389048.7821  0.2520 
   00032    0.455686 -2398641.9471  0.2521 
   00033    0.455151 -2408806.1600  0.2522 
   00034    0.454232 -2417410.1260  0.2522 
   00035    0.452001 -2425868.5064  0.2523 
   00036    0.451996 -2433694.8633  0.2522 
   00037    0.451791 -2441173.9810  0.2523 
   00038    0.448786 -2449057.6497  0.2525 
   00039    0.448402 -2456658.5039  0.2528 
   00040    0.447021 -2463460.0932  0.2526 
   00041    0.446515 -2470026.4660  0.2526 
   00042    0.446732 -2475815.9094  0.2526 
   00043    0.443310 -2482511.6636  0.2525 
   00044    0.443462 -2487882.4048  0.2526 
   00045    0.442691 -2493347.7112  0.2525 
   00046    0.442367 -2498650.7116  0.2523 
   00047    0.442278 -2503063.9895  0.2522 
   00048    0.441883 -2508324.5448  0.2524 
   00049    0.440802 -2512742.9482  0.2522 
   00050    0.439867 -2516949.3787  0.2520 
