Running tests
Before activation python =  /mnt/storage/software/languages/miniconda/miniconda3.11.3-CompressAI-Vision0.1.3/bin/python
After activation python = /user/home/ib20120/.conda/envs/LL_env/bin/python
Intel(R) Parallel Studio XE 2020 Update 4 for Linux*
Copyright 2009-2020 Intel Corporation.
15 rank
14 rank
22 rank
23 rank
20 rank
21 rank
13 rank
5 rank
7 rank
12 rank
4 rank
6 rank
1 rank
2 rank
3 rank
8 rank
9 rank
10 rank
11 rank
16 rank
17 rank
18 rank
19 rank
24 rank
25 rank
26 rank
27 rank
0 rank
MPI_Vec_LL.py: Size: 600, Steps: 50, T*: 0.500: Order: 0.251, Time: 296.198450 s
MPI_Vec_Jit_LL.py: Size: 600, Steps: 50, T*: 0.500: Order: 0.253, Time: 9.449475 s
#=====================================================
# MPI Monte Carlo
# Num Procs:           28
# File created:        Tue-07-Nov-2023-at-09-26-28PM
# Size of lattice:     600x600
# Number of MC steps:  50
# Reduced temperature: 0.500
#=====================================================
# Run time (s):        9.449475
   00000    0.500000 -359842.7413  0.2525 
   00001    0.711922 -367620.9467  0.2526 
   00002    0.712711 -375201.7628  0.2527 
   00003    0.710736 -382703.4837  0.2529 
   00004    0.706403 -390219.8679  0.2532 
   00005    0.702878 -397730.7558  0.2533 
   00006    0.700822 -404613.9582  0.2531 
   00007    0.700486 -411612.4000  0.2530 
   00008    0.694475 -418501.7926  0.2530 
   00009    0.694078 -425071.6515  0.2533 
   00010    0.690028 -431408.4620  0.2535 
   00011    0.690564 -437720.5558  0.2535 
   00012    0.686444 -444126.5682  0.2534 
   00013    0.683306 -450222.0777  0.2533 
   00014    0.678947 -456350.1870  0.2534 
   00015    0.676494 -462442.0065  0.2533 
   00016    0.673194 -468377.9685  0.2531 
   00017    0.670136 -474225.9515  0.2533 
   00018    0.670881 -479712.8883  0.2533 
   00019    0.667311 -485181.9127  0.2534 
   00020    0.665142 -490456.9619  0.2535 
   00021    0.661947 -495939.4999  0.2535 
   00022    0.659886 -501377.7207  0.2533 
   00023    0.658767 -506776.9471  0.2533 
   00024    0.656406 -512018.8573  0.2531 
   00025    0.652917 -517310.4510  0.2532 
   00026    0.652028 -522452.2792  0.2531 
   00027    0.647733 -527474.0653  0.2532 
   00028    0.649864 -532271.5262  0.2530 
   00029    0.645133 -537182.3440  0.2528 
   00030    0.643297 -541912.9358  0.2531 
   00031    0.640736 -546619.9553  0.2530 
   00032    0.638978 -550875.3284  0.2532 
   00033    0.638253 -555780.2894  0.2531 
   00034    0.634814 -560498.4934  0.2530 
   00035    0.635733 -564930.0239  0.2531 
   00036    0.630022 -569183.6518  0.2532 
   00037    0.632689 -573416.7498  0.2532 
   00038    0.626867 -577504.0189  0.2531 
   00039    0.627192 -581595.9973  0.2532 
   00040    0.626625 -585836.8228  0.2529 
   00041    0.625167 -589907.0739  0.2528 
   00042    0.623453 -594016.9078  0.2528 
   00043    0.620981 -597817.5700  0.2529 
   00044    0.618692 -601664.6856  0.2531 
   00045    0.617750 -605682.8034  0.2532 
   00046    0.617308 -609404.9881  0.2533 
   00047    0.613947 -613316.7745  0.2533 
   00048    0.612219 -616935.1776  0.2534 
   00049    0.612631 -620569.4471  0.2535 
   00050    0.608319 -623991.9777  0.2536 
