Running tests
Before activation python =  /mnt/storage/software/languages/miniconda/miniconda3.11.3-CompressAI-Vision0.1.3/bin/python
After activation python = /user/home/ib20120/.conda/envs/LL_env/bin/python
after setup
[-5796.344701603589 -11431.153212079405 -17139.19428803055
 -22788.76455976868 -28336.153688693503 -34188.95261456702
 -39923.612595771934 -45624.30073082745 -51233.08316963959
 -56733.933080404626 -62354.20413600322 -68003.87301959751
 -73478.58697896138 -79020.56960638385 -84675.1598665825
 -90350.30399239053 -96066.0081142188 -101898.91067130824
 -107649.0088105445 -113325.40453766062 -118842.25264482405
 -124342.74023837144 -129977.83746211867 -135642.3825104426
 -141243.4007441537 -146926.80800580225 -152475.27032887284
 -158092.19030486394 -163816.13433910825 -169547.10235910947
 -175279.48690176298 -181125.3901681448 -186956.04362320257
 -192664.16657934018 -198530.63075288094 -204201.38035287475
 -209921.8468590521 -215369.31682636982 -220972.83767249822
 -226726.61255818122 -232576.81707055468 -238288.35008692916
 -243975.4626416898 -249642.52973321007 -255449.17594031247
 -261206.39336677766 -266797.1803635616 -272584.03266743035
 -278296.77528210514 -284076.2820959022 -289896.7887442034]
Vectorized_LebwohlLasher.py: Size: 75, Steps: 50, T*: 0.500: Order: 0.255, Time: 3.205473 s
