Running tests
Before activation python =  /mnt/storage/software/languages/miniconda/miniconda3.11.3-CompressAI-Vision0.1.3/bin/python
After activation python = /user/home/ib20120/.conda/envs/LL_env/bin/python
after setup
[-687.2877887030926 -1313.7086054684976 -1997.477612599371
 -2607.9919028695217 -3236.011515460127 -3913.79489748254
 -4570.057142306249 -5203.4142096893265 -5872.014764535231
 -6454.943942773086 -7049.187241302646 -7661.247841980898
 -8257.882872420465 -8855.991941955805 -9418.790046074448
 -10060.17918005903 -10695.343551833577 -11308.599365807331
 -11885.750579392174 -12430.07339066614 -12997.126890514792
 -13578.388862735655 -14203.916195716476 -14792.704351740209
 -15311.465024019766 -15894.918538018217 -16476.08093490808
 -17068.99726721268 -17709.642607265047 -18306.58689114092
 -18880.79378853494 -19479.212086689284 -20084.296946309692
 -20721.422972374414 -21367.60382534257 -21967.88133314682
 -22481.657820135122 -23061.275748378248 -23706.257859495377
 -24371.69755868857 -25031.12273338889 -25677.210271483666
 -26324.841704771105 -26968.02729100525 -27586.27360209304
 -28140.642107658623 -28710.42397770951 -29295.39861118113
 -29909.052117494954 -30547.061402252442 -31060.030718459126]
Vectorized_LebwohlLasher.py: Size: 25, Steps: 50, T*: 0.500: Order: 0.281, Time: 0.595598 s
