Running tests
Before activation python =  /mnt/storage/software/languages/miniconda/miniconda3.11.3-CompressAI-Vision0.1.3/bin/python
After activation python = /user/home/ib20120/.conda/envs/LL_env/bin/python
after setup
[-51108.6817061858 -101838.9698931925 -152728.84902837392
 -203401.16017206493 -253878.91105262248 -304173.19825303636
 -354984.01345826196 -405926.08477972046 -456975.1460699263
 -507625.55468806083 -558125.8727022395 -608563.5276561463
 -658993.2845526556 -709558.65700349 -759762.8906419597 -810521.6094366222
 -861482.5830952205 -912428.2523170963 -963313.023777028
 -1013721.6491440822 -1063887.809998843 -1114451.6785671602
 -1164512.9863278414 -1215203.6514968334 -1266263.5551627683
 -1317266.5400833923 -1368065.583400111 -1418790.104483392
 -1469276.141684862 -1519825.4631295523 -1570073.8135380337
 -1620852.7681472716 -1671411.849432142 -1722289.555344192
 -1772846.0179251884 -1823279.4054126285 -1873257.9881928035
 -1923309.0677397184 -1974150.2240420945 -2024947.8625937977
 -2076116.0392903844 -2127029.4621501043 -2177595.062456648
 -2228310.2797092022 -2279180.1478136578 -2330169.3121848674
 -2380922.9230386713 -2431513.3866248024 -2482232.6437640996
 -2532607.2295749867 -2583419.5924534947]
Vectorized_LebwohlLasher.py: Size: 225, Steps: 50, T*: 0.500: Order: 0.254, Time: 27.477107 s
