Running tests
Before activation python =  /mnt/storage/software/languages/miniconda/miniconda3.11.3-CompressAI-Vision0.1.3/bin/python
After activation python = /user/home/ib20120/.conda/envs/LL_env/bin/python
after setup
[-22641.220343897196 -45307.42320084706 -67848.42507248993
 -90335.48988880716 -112308.65731352617 -134360.28723926703
 -156900.7884366334 -179478.01938523824 -201828.95498861704
 -224128.05550043078 -246503.9305626295 -269052.84500785323
 -291432.78226973006 -313776.75120487664 -336280.7067386244
 -359370.2765861546 -382143.3629292297 -404353.64222994354
 -426733.0009675287 -448970.1127457971 -471226.3553133471
 -493712.1049107556 -516098.38989340607 -538562.3750143345
 -560980.5807072322 -583545.4813282337 -606257.8020111423
 -629033.895089995 -651346.7608213581 -673830.4803665243
 -696411.7271785022 -718792.2580665051 -741536.7514196553
 -763800.8909005305 -786439.9048422246 -808771.1540183054
 -831405.740395999 -854056.6557846342 -876499.0380032869
 -899240.0916971939 -921685.9117854312 -944092.7881177735
 -966289.5135141085 -988865.6534340432 -1011270.2052687729
 -1034055.8367844648 -1056719.2670333188 -1079525.2138441312
 -1101716.3289038735 -1124215.6018842512 -1146659.1066488766]
Vectorized_LebwohlLasher.py: Size: 150, Steps: 50, T*: 0.500: Order: 0.260, Time: 12.007420 s
