Running tests
Before activation python =  /mnt/storage/software/languages/miniconda/miniconda3.11.3-CompressAI-Vision0.1.3/bin/python
After activation python = /user/home/ib20120/.conda/envs/LL_env/bin/python
after setup
[-10115.309014786271 -20386.615591836653 -30468.59204890491
 -40366.24076490757 -50246.34941822341 -60262.86461359386
 -70099.78386033658 -80000.874344477 -89989.82658131552 -100078.8775745684
 -110280.3818736763 -120584.0185824524 -130646.51404321578
 -141005.34480588176 -151034.6830831146 -161125.04918733126
 -171091.20271272815 -181019.72425476427 -190951.94775393483
 -201020.15791443418 -210972.20112198242 -221065.27766721332
 -230809.3244160277 -240640.69047268486 -250656.8267648686
 -260418.26439045655 -270126.97719111154 -279805.17021266173
 -289868.82705321984 -300009.3872200417 -310098.945869096
 -320408.37527350907 -330243.06241224677 -340201.41073815536
 -350329.15169489617 -360511.58029272495 -370623.26321936736
 -380720.6134911009 -390626.8416257136 -400604.66398222966
 -410487.24813994195 -420630.35166415304 -430751.2682969268
 -440811.1591250716 -450659.0677793433 -460440.88031870016
 -470532.81221050594 -480321.337149832 -490353.3066365935
 -500424.57906162366 -510404.98218479514]
Vectorized_LebwohlLasher.py: Size: 100, Steps: 50, T*: 0.500: Order: 0.260, Time: 5.591710 s
