Running tests
Before activation python =  /mnt/storage/software/languages/miniconda/miniconda3.11.3-CompressAI-Vision0.1.3/bin/python
After activation python = /user/home/ib20120/.conda/envs/LL_env/bin/python
after setup
[-2480.7797988680213 -5132.047243321039 -7695.952160846922
 -10226.930934314178 -12824.687412017724 -15371.88892571588
 -17903.377032356675 -20445.304896503454 -22981.867166535692
 -25450.208967656796 -27922.493343980383 -30338.74439667665
 -33032.43653914322 -35533.564269182294 -38022.83218413431
 -40319.742415527166 -42589.3780444229 -45056.20044387735
 -47486.775533269174 -49985.04647600156 -52570.71523875038
 -55125.59045650523 -57686.98533071295 -60200.44050208021
 -62655.492141936775 -65007.3387070989 -67286.2805134617
 -69761.76633510964 -72358.25876382759 -74964.28360188026
 -77535.66276245625 -80145.17002143979 -82638.00781868823
 -85052.59610694977 -87504.03838575284 -89993.06605124894
 -92522.60017884025 -94948.60101666211 -97510.79536276904
 -100044.43763463561 -102657.74931026835 -105199.7629242219
 -107734.08460205515 -110188.61972888964 -112615.70447937034
 -115094.14378963817 -117596.28881160037 -120108.16953291657
 -122629.76625744437 -125087.73538886756 -127626.29554502243]
Vectorized_LebwohlLasher.py: Size: 50, Steps: 50, T*: 0.500: Order: 0.261, Time: 1.567207 s
