Running tests
Before activation python =  /mnt/storage/software/languages/miniconda/miniconda3.11.3-CompressAI-Vision0.1.3/bin/python
After activation python = /user/home/ib20120/.conda/envs/LL_env/bin/python
after setup
[-15632.029382308281 -31293.919085757523 -47167.19798911505
 -62887.678771276354 -78104.97074570454 -93342.44082495301
 -108739.80635410843 -124319.81718107365 -139970.0357488602
 -155605.16985520237 -171205.8464552707 -187033.60255092906
 -202695.6086557487 -218293.31992185526 -234048.84935718554
 -249762.82375882982 -265436.2881599453 -281082.1379488715
 -296500.472957336 -312136.24618067837 -327725.9320651157
 -343416.5587697162 -359394.7724298504 -375282.942266028
 -391036.03347852617 -407112.77809456334 -422988.5879982424
 -438731.2521616408 -454294.55853992415 -469819.17042034236
 -485610.05769604247 -501586.52115383785 -517535.95480270026
 -533040.6497382154 -548713.8662119182 -564617.3559935746
 -580259.7082556342 -595901.8243805416 -611467.7026988182
 -627082.4150004225 -642715.9631108865 -658180.2348096988
 -673778.2883784157 -689267.7090530446 -704977.9136910281
 -720351.2436224746 -735925.5989931296 -751585.1789594779
 -766931.6209591163 -782435.3676316969 -798241.4517344162]
Vectorized_LebwohlLasher.py: Size: 125, Steps: 50, T*: 0.500: Order: 0.253, Time: 8.388257 s
