Running tests
Before activation python =  /mnt/storage/software/languages/miniconda/miniconda3.11.3-CompressAI-Vision0.1.3/bin/python
After activation python = /user/home/ib20120/.conda/envs/LL_env/bin/python
after setup
[-40215.854992092085 -80026.23843146025 -120088.75058088318
 -160084.1475412575 -200010.4932186132 -239799.0643832478
 -279915.66958160436 -320264.8376591273 -360680.62571594457
 -400442.4998706245 -440338.9147139323 -480469.53095563804
 -520634.4133439685 -560801.1782457604 -600753.1209457 -640647.1797898747
 -680466.736294382 -719977.6856456368 -760137.6676642376
 -799991.6523710053 -839481.8013121497 -879236.3215528503
 -919527.4065735217 -959276.3170362982 -999204.7097231564
 -1039459.1009823924 -1079657.0608728975 -1119833.07691845
 -1159772.7313859933 -1199748.6978574598 -1239537.4022318171
 -1279573.4121344914 -1319956.7110219307 -1359975.7160491
 -1400190.2468556718 -1440458.11732085 -1480551.0875319538
 -1520596.958865827 -1560318.2122430035 -1600544.9407869454
 -1640154.6408007576 -1680186.9014808924 -1720234.2227015533
 -1760632.2743326528 -1800970.9931440938 -1841174.7359268523
 -1880886.5922398148 -1920829.6233567502 -1960834.108420172
 -2000409.663161374 -2039962.0171831192]
Vectorized_LebwohlLasher.py: Size: 200, Steps: 50, T*: 0.500: Order: 0.254, Time: 21.197324 s
