Running tests
Before activation python =  /mnt/storage/software/languages/miniconda/miniconda3.11.3-CompressAI-Vision0.1.3/bin/python
After activation python = /user/home/ib20120/.conda/envs/LL_env/bin/python
after setup
[-62203.94627657035 -124649.49951468332 -186471.3850417025
 -248894.06588334547 -311368.8389174971 -374060.81550402736
 -436584.8593487989 -499262.450099325 -562031.7267570064
 -624285.1399103799 -686924.5417513128 -749979.9247695308
 -812394.8329435274 -874576.7881757398 -937069.7484003528
 -999908.1587593663 -1062926.372585623 -1126217.9280681924
 -1189284.72416167 -1251902.5848981573 -1314042.1371739376
 -1376338.7376831986 -1439228.7161337975 -1501818.5136089625
 -1564051.1846644755 -1626490.778158852 -1688993.0682514454
 -1751671.5680068082 -1814407.647366691 -1876638.8100408851
 -1939520.0128208576 -2002119.3049405012 -2064433.7742692758
 -2127825.6862005964 -2191145.62676229 -2253917.879807239
 -2317268.2711524507 -2379917.3892991496 -2442511.7960394085
 -2504805.6588696963 -2567481.7210895754 -2630099.081246127
 -2692163.5301597374 -2754578.6358802738 -2817114.935709433
 -2879734.162203915 -2942154.2557761273 -3004517.874657982
 -3067626.7523940867 -3130235.502414171 -3192460.251507647]
Vectorized_LebwohlLasher.py: Size: 250, Steps: 50, T*: 0.500: Order: 0.253, Time: 33.397413 s
