Running tests
Before activation python =  /mnt/storage/software/languages/miniconda/miniconda3.11.3-CompressAI-Vision0.1.3/bin/python
After activation python = /user/home/ib20120/.conda/envs/LL_env/bin/python
after setup
[-30840.12000300479 -61471.054827027096 -91779.71123114407
 -122208.75343736005 -153251.74216749705 -184047.6240887837
 -214698.86313248446 -244897.51044323892 -274866.498025633
 -305259.54619695956 -335683.5305118458 -366043.1185497188
 -397101.7865478744 -428221.8340944825 -459163.4128631799
 -490096.964013725 -520787.1399618698 -551377.0211065722
 -581940.0757509846 -612617.2903059892 -643048.2657846126
 -673699.1721716671 -704341.5416419667 -735207.1543330784
 -765915.1175200978 -796328.4433510173 -827302.1551324666
 -858409.903863265 -889112.4974306469 -920177.0771436129
 -951309.2282394966 -981822.3585359042 -1012077.4419660601
 -1042380.169910248 -1073239.0007696038 -1104116.5411574128
 -1134632.2220500272 -1165155.1160159456 -1195330.7192470077
 -1225923.018865169 -1256570.3809605765 -1287020.6806119096
 -1317894.118612258 -1348643.581939097 -1378965.5624787943
 -1409282.4342365481 -1439805.3202206707 -1470272.2705394877
 -1500899.7457725022 -1531444.9363391583 -1562403.0814256042]
Vectorized_LebwohlLasher.py: Size: 175, Steps: 50, T*: 0.500: Order: 0.255, Time: 16.404175 s
